1782562877308|state=Missing|
1782562877434|state=Missing|
1782562877547|state=Missing|
1782562877659|state=Missing|
1782562877771|state=Missing|
1782562877885|state=Missing|
1782562878005|state=Missing|
1782562878155|state=Missing|
1782562878304|state=Missing|
1782562878440|state=Missing|
1782562878567|state=Missing|
1782562878703|state=Missing|
1782562878844|state=Missing|
1782562878979|state=Missing|
1782562879106|state=Missing|
1782562879223|state=Missing|
1782562879371|state=Missing|
1782562879487|state=Missing|
1782562879596|state=Missing|
1782562879705|state=Missing|
1782562879824|state=Missing|
1782562879957|state=Missing|
1782562880070|state=Missing|
1782562880176|state=Missing|
1782562880297|state=Missing|
1782562880406|state=Missing|
1782562880518|state=Missing|
1782562880629|state=Missing|
1782562880731|state=Missing|
1782562880841|state=Missing|
1782562880950|state=Missing|
1782562881056|state=Missing|
1782562881167|state=Missing|
1782562881276|state=Missing|
1782562881387|state=Missing|
1782562881518|state=Missing|
1782562881633|state=Missing|
1782562881743|state=Missing|
1782562881855|state=Missing|
1782562881964|state=Missing|
1782562882069|state=Missing|
1782562882174|state=Missing|
1782562882291|state=Missing|
1782562882402|state=Missing|
1782562882512|state=Missing|
1782562882622|state=Missing|
1782562882737|state=Missing|
1782562882844|state=Missing|
1782562882947|state=Missing|
1782562883060|state=Missing|
1782562883170|state=Missing|
1782562883278|state=Missing|
1782562883385|state=Missing|
1782562883490|state=Missing|
1782562883602|state=Missing|
1782562883714|state=Missing|
1782562883828|state=Missing|
1782562883937|state=Missing|
1782562884046|state=Missing|
1782562884155|state=Missing|
1782562884264|state=Missing|
1782562884377|state=Missing|
1782562884486|state=Missing|
1782562884611|state=Missing|
1782562884727|state=Missing|
1782562884856|state=Missing|
1782562884983|state=Missing|
1782562885088|state=Missing|
1782562885196|state=Missing|
1782562885307|state=Missing|
1782562885422|state=Missing|
1782562885534|state=Missing|
1782562885645|state=Missing|
1782562885760|state=Missing|
1782562885872|state=Missing|
1782562885980|state=Missing|
1782562886095|state=Missing|
1782562886206|state=Missing|
1782562886313|state=Missing|
1782562886425|state=Missing|
1782562886535|state=Missing|
1782562886650|state=Missing|
1782562886758|state=Missing|
1782562886865|state=Missing|
1782562886974|state=Missing|
1782562887085|state=Missing|
1782562887194|state=Missing|
1782562887307|state=Missing|
1782562887421|state=Missing|
1782562887533|state=Missing|
1782562887645|state=Missing|
1782562887759|state=Missing|
1782562887865|state=Missing|
1782562887973|state=Missing|
1782562888113|state=Missing|
1782562888221|state=Missing|
1782562888329|state=Missing|
1782562888435|state=Missing|
1782562888546|state=Missing|
1782562888657|state=Missing|
1782562888766|state=Missing|
1782562888873|state=Missing|
1782562888982|state=Missing|
1782562889092|state=Missing|
1782562889200|state=Missing|
1782562889311|state=Missing|
1782562889421|state=Missing|
1782562889530|state=Missing|
1782562889641|state=Missing|
1782562889750|state=Missing|
1782562889865|state=Missing|
1782562889973|state=Missing|
1782562890083|state=Missing|
1782562890188|state=Missing|
1782562890303|state=Missing|
1782562890414|state=Missing|
1782562890522|state=Missing|
1782562890639|state=Missing|
1782562890743|state=Missing|
1782562890863|state=Missing|
1782562890973|state=Missing|
1782562891094|state=Missing|
1782562891230|state=Missing|
1782562891345|state=Missing|
1782562891456|state=Missing|
1782562891564|state=Missing|
1782562891673|state=Missing|
1782562891783|state=Missing|
1782562891894|state=Missing|
1782562892001|state=Missing|
1782562892112|state=Missing|
1782562892230|state=Missing|
1782562892339|state=Missing|
1782562892453|state=Missing|
1782562892561|state=Missing|
1782562892673|state=Missing|
1782562892789|state=Missing|
1782562892920|state=Missing|
1782562893027|state=Missing|
1782562893134|state=Missing|
1782562893242|state=Missing|
1782562893354|state=Missing|
1782562893463|state=Missing|
1782562893575|state=Missing|
