1782329444491|state=Established|BIRD 2.0.8 ready. Name Proto Table State Since Info r9 BGP --- up 19:29:56.480 Established 
1782329444654|state=Established|BIRD 2.0.8 ready. Name Proto Table State Since Info r9 BGP --- up 19:29:56.480 Established 
1782329444794|state=Established|BIRD 2.0.8 ready. Name Proto Table State Since Info r9 BGP --- up 19:29:56.480 Established 
1782329444936|state=Established|BIRD 2.0.8 ready. Name Proto Table State Since Info r9 BGP --- up 19:29:56.480 Established 
1782329445083|state=Established|BIRD 2.0.8 ready. Name Proto Table State Since Info r9 BGP --- up 19:29:56.480 Established 
1782329445224|state=Established|BIRD 2.0.8 ready. Name Proto Table State Since Info r9 BGP --- up 19:29:56.480 Established 
1782329445360|state=Established|BIRD 2.0.8 ready. Name Proto Table State Since Info r9 BGP --- up 19:29:56.480 Established 
1782329445498|state=Established|BIRD 2.0.8 ready. Name Proto Table State Since Info r9 BGP --- up 19:29:56.480 Established 
1782329445640|state=Established|BIRD 2.0.8 ready. Name Proto Table State Since Info r9 BGP --- up 19:29:56.480 Established 
1782329445784|state=Established|BIRD 2.0.8 ready. Name Proto Table State Since Info r9 BGP --- up 19:29:56.480 Established 
1782329445926|state=Established|BIRD 2.0.8 ready. Name Proto Table State Since Info r9 BGP --- up 19:29:56.480 Established 
1782329446061|state=Established|BIRD 2.0.8 ready. Name Proto Table State Since Info r9 BGP --- up 19:29:56.480 Established 
1782329446198|state=Established|BIRD 2.0.8 ready. Name Proto Table State Since Info r9 BGP --- up 19:29:56.480 Established 
1782329446335|state=Established|BIRD 2.0.8 ready. Name Proto Table State Since Info r9 BGP --- up 19:29:56.480 Established 
1782329446456|state=Established|BIRD 2.0.8 ready. Name Proto Table State Since Info r9 BGP --- up 19:29:56.480 Established 
1782329446602|state=Established|BIRD 2.0.8 ready. Name Proto Table State Since Info r9 BGP --- up 19:29:56.480 Established 
1782329446748|state=NotEstablished|BIRD 2.0.8 ready. Name Proto Table State Since Info r9 BGP --- start 19:30:46.686 Idle Error: Neighbor lost 
1782329446888|state=NotEstablished|BIRD 2.0.8 ready. Name Proto Table State Since Info r9 BGP --- start 19:30:46.686 Idle Error: Neighbor lost 
1782329447029|state=NotEstablished|BIRD 2.0.8 ready. Name Proto Table State Since Info r9 BGP --- start 19:30:46.686 Idle Error: Neighbor lost 
1782329447167|state=NotEstablished|BIRD 2.0.8 ready. Name Proto Table State Since Info r9 BGP --- start 19:30:46.686 Idle Error: Neighbor lost 
1782329447324|state=NotEstablished|BIRD 2.0.8 ready. Name Proto Table State Since Info r9 BGP --- start 19:30:46.686 Idle Error: Neighbor lost 
1782329447476|state=NotEstablished|BIRD 2.0.8 ready. Name Proto Table State Since Info r9 BGP --- start 19:30:46.686 Idle Error: Neighbor lost 
1782329447614|state=NotEstablished|BIRD 2.0.8 ready. Name Proto Table State Since Info r9 BGP --- start 19:30:46.686 Idle Error: Neighbor lost 
1782329447756|state=NotEstablished|BIRD 2.0.8 ready. Name Proto Table State Since Info r9 BGP --- start 19:30:46.686 Idle Error: Neighbor lost 
1782329447900|state=NotEstablished|BIRD 2.0.8 ready. Name Proto Table State Since Info r9 BGP --- start 19:30:46.686 Idle Error: Neighbor lost 
1782329448040|state=NotEstablished|BIRD 2.0.8 ready. Name Proto Table State Since Info r9 BGP --- start 19:30:46.686 Idle Error: Neighbor lost 
1782329448181|state=NotEstablished|BIRD 2.0.8 ready. Name Proto Table State Since Info r9 BGP --- start 19:30:46.686 Idle Error: Neighbor lost 
1782329448319|state=NotEstablished|BIRD 2.0.8 ready. Name Proto Table State Since Info r9 BGP --- start 19:30:46.686 Idle Error: Neighbor lost 
1782329448456|state=NotEstablished|BIRD 2.0.8 ready. Name Proto Table State Since Info r9 BGP --- start 19:30:46.686 Idle Error: Neighbor lost 
1782329448593|state=NotEstablished|BIRD 2.0.8 ready. Name Proto Table State Since Info r9 BGP --- start 19:30:46.686 Idle Error: Neighbor lost 
1782329448731|state=NotEstablished|BIRD 2.0.8 ready. Name Proto Table State Since Info r9 BGP --- start 19:30:46.686 Idle Error: Neighbor lost 
1782329448870|state=NotEstablished|BIRD 2.0.8 ready. Name Proto Table State Since Info r9 BGP --- start 19:30:46.686 Idle Error: Neighbor lost 
1782329449009|state=NotEstablished|BIRD 2.0.8 ready. Name Proto Table State Since Info r9 BGP --- start 19:30:46.686 Idle Error: Neighbor lost 
1782329449152|state=NotEstablished|BIRD 2.0.8 ready. Name Proto Table State Since Info r9 BGP --- start 19:30:46.686 Idle Error: Neighbor lost 
1782329449282|state=NotEstablished|BIRD 2.0.8 ready. Name Proto Table State Since Info r9 BGP --- start 19:30:46.686 Idle Error: Neighbor lost 
1782329449417|state=NotEstablished|BIRD 2.0.8 ready. Name Proto Table State Since Info r9 BGP --- start 19:30:46.686 Idle Error: Neighbor lost 
1782329449555|state=NotEstablished|BIRD 2.0.8 ready. Name Proto Table State Since Info r9 BGP --- start 19:30:46.686 Idle Error: Neighbor lost 
1782329449697|state=NotEstablished|BIRD 2.0.8 ready. Name Proto Table State Since Info r9 BGP --- start 19:30:46.686 Idle Error: Neighbor lost 
1782329449834|state=NotEstablished|BIRD 2.0.8 ready. Name Proto Table State Since Info r9 BGP --- start 19:30:46.686 Idle Error: Neighbor lost 
1782329449967|state=NotEstablished|BIRD 2.0.8 ready. Name Proto Table State Since Info r9 BGP --- start 19:30:46.686 Idle Error: Neighbor lost 
1782329450095|state=NotEstablished|BIRD 2.0.8 ready. Name Proto Table State Since Info r9 BGP --- start 19:30:46.686 Idle Error: Neighbor lost 
1782329450229|state=NotEstablished|BIRD 2.0.8 ready. Name Proto Table State Since Info r9 BGP --- start 19:30:46.686 Idle Error: Neighbor lost 
1782329450359|state=NotEstablished|BIRD 2.0.8 ready. Name Proto Table State Since Info r9 BGP --- start 19:30:46.686 Idle Error: Neighbor lost 
1782329450485|state=NotEstablished|BIRD 2.0.8 ready. Name Proto Table State Since Info r9 BGP --- start 19:30:46.686 Idle Error: Neighbor lost 
1782329450622|state=NotEstablished|BIRD 2.0.8 ready. Name Proto Table State Since Info r9 BGP --- start 19:30:46.686 Idle Error: Neighbor lost 
1782329450755|state=NotEstablished|BIRD 2.0.8 ready. Name Proto Table State Since Info r9 BGP --- start 19:30:46.686 Idle Error: Neighbor lost 
1782329450893|state=NotEstablished|BIRD 2.0.8 ready. Name Proto Table State Since Info r9 BGP --- start 19:30:46.686 Idle Error: Neighbor lost 
1782329451022|state=NotEstablished|BIRD 2.0.8 ready. Name Proto Table State Since Info r9 BGP --- start 19:30:46.686 Idle Error: Neighbor lost 
1782329451158|state=NotEstablished|BIRD 2.0.8 ready. Name Proto Table State Since Info r9 BGP --- start 19:30:46.686 Idle Error: Neighbor lost 
1782329451296|state=NotEstablished|BIRD 2.0.8 ready. Name Proto Table State Since Info r9 BGP --- start 19:30:46.686 Idle Error: Neighbor lost 
1782329451430|state=NotEstablished|BIRD 2.0.8 ready. Name Proto Table State Since Info r9 BGP --- start 19:30:46.686 Idle Error: Neighbor lost 
1782329451554|state=NotEstablished|BIRD 2.0.8 ready. Name Proto Table State Since Info r9 BGP --- start 19:30:46.686 Idle Error: Neighbor lost 
1782329451683|state=NotEstablished|BIRD 2.0.8 ready. Name Proto Table State Since Info r9 BGP --- start 19:30:46.686 Idle Error: Neighbor lost 
1782329451809|state=NotEstablished|BIRD 2.0.8 ready. Name Proto Table State Since Info r9 BGP --- start 19:30:46.686 Idle Error: Neighbor lost 
1782329451936|state=NotEstablished|BIRD 2.0.8 ready. Name Proto Table State Since Info r9 BGP --- start 19:30:46.686 Idle Error: Neighbor lost 
1782329452068|state=NotEstablished|BIRD 2.0.8 ready. Name Proto Table State Since Info r9 BGP --- start 19:30:46.686 Idle Error: Neighbor lost 
1782329452192|state=NotEstablished|BIRD 2.0.8 ready. Name Proto Table State Since Info r9 BGP --- start 19:30:46.686 Idle Error: Neighbor lost 
1782329452321|state=NotEstablished|BIRD 2.0.8 ready. Name Proto Table State Since Info r9 BGP --- start 19:30:46.686 Idle Error: Neighbor lost 
1782329452443|state=NotEstablished|BIRD 2.0.8 ready. Name Proto Table State Since Info r9 BGP --- start 19:30:46.686 Idle Error: Neighbor lost 
1782329452576|state=NotEstablished|BIRD 2.0.8 ready. Name Proto Table State Since Info r9 BGP --- start 19:30:46.686 Idle Error: Neighbor lost 
1782329452705|state=NotEstablished|BIRD 2.0.8 ready. Name Proto Table State Since Info r9 BGP --- start 19:30:46.686 Idle Error: Neighbor lost 
1782329452843|state=NotEstablished|BIRD 2.0.8 ready. Name Proto Table State Since Info r9 BGP --- start 19:30:46.686 Idle Error: Neighbor lost 
1782329452979|state=NotEstablished|BIRD 2.0.8 ready. Name Proto Table State Since Info r9 BGP --- start 19:30:46.686 Idle Error: Neighbor lost 
1782329453101|state=NotEstablished|BIRD 2.0.8 ready. Name Proto Table State Since Info r9 BGP --- start 19:30:46.686 Idle Error: Neighbor lost 
1782329453225|state=NotEstablished|BIRD 2.0.8 ready. Name Proto Table State Since Info r9 BGP --- start 19:30:46.686 Idle Error: Neighbor lost 
1782329453343|state=NotEstablished|BIRD 2.0.8 ready. Name Proto Table State Since Info r9 BGP --- start 19:30:46.686 Idle Error: Neighbor lost 
1782329453465|state=NotEstablished|BIRD 2.0.8 ready. Name Proto Table State Since Info r9 BGP --- start 19:30:46.686 Idle Error: Neighbor lost 
1782329453600|state=NotEstablished|BIRD 2.0.8 ready. Name Proto Table State Since Info r9 BGP --- start 19:30:46.686 Idle Error: Neighbor lost 
1782329453731|state=NotEstablished|BIRD 2.0.8 ready. Name Proto Table State Since Info r9 BGP --- start 19:30:46.686 Idle Error: Neighbor lost 
1782329453869|state=NotEstablished|BIRD 2.0.8 ready. Name Proto Table State Since Info r9 BGP --- start 19:30:46.686 Idle Error: Neighbor lost 
1782329453996|state=NotEstablished|BIRD 2.0.8 ready. Name Proto Table State Since Info r9 BGP --- start 19:30:46.686 Idle Error: Neighbor lost 
1782329454114|state=NotEstablished|BIRD 2.0.8 ready. Name Proto Table State Since Info r9 BGP --- start 19:30:46.686 Idle Error: Neighbor lost 
1782329454242|state=NotEstablished|BIRD 2.0.8 ready. Name Proto Table State Since Info r9 BGP --- start 19:30:46.686 Idle Error: Neighbor lost 
1782329454375|state=NotEstablished|BIRD 2.0.8 ready. Name Proto Table State Since Info r9 BGP --- start 19:30:46.686 Idle Error: Neighbor lost 
1782329454498|state=NotEstablished|BIRD 2.0.8 ready. Name Proto Table State Since Info r9 BGP --- start 19:30:46.686 Idle Error: Neighbor lost 
1782329454624|state=NotEstablished|BIRD 2.0.8 ready. Name Proto Table State Since Info r9 BGP --- start 19:30:46.686 Idle Error: Neighbor lost 
1782329454748|state=NotEstablished|BIRD 2.0.8 ready. Name Proto Table State Since Info r9 BGP --- start 19:30:46.686 Active Error: Neighbor lost 
1782329454884|state=NotEstablished|BIRD 2.0.8 ready. Name Proto Table State Since Info r9 BGP --- start 19:30:46.686 Active Error: Neighbor lost 
1782329455017|state=NotEstablished|BIRD 2.0.8 ready. Name Proto Table State Since Info r9 BGP --- start 19:30:46.686 Active Error: Neighbor lost 
1782329455150|state=NotEstablished|BIRD 2.0.8 ready. Name Proto Table State Since Info r9 BGP --- start 19:30:46.686 Active Error: Neighbor lost 
1782329455283|state=NotEstablished|BIRD 2.0.8 ready. Name Proto Table State Since Info r9 BGP --- start 19:30:46.686 Active Error: Neighbor lost 
1782329455414|state=NotEstablished|BIRD 2.0.8 ready. Name Proto Table State Since Info r9 BGP --- start 19:30:46.686 Active Error: Neighbor lost 
1782329455556|state=NotEstablished|BIRD 2.0.8 ready. Name Proto Table State Since Info r9 BGP --- start 19:30:46.686 Active Error: Neighbor lost 
1782329455696|state=NotEstablished|BIRD 2.0.8 ready. Name Proto Table State Since Info r9 BGP --- start 19:30:46.686 Active Error: Neighbor lost 
1782329455830|state=NotEstablished|BIRD 2.0.8 ready. Name Proto Table State Since Info r9 BGP --- start 19:30:46.686 Active Error: Neighbor lost 
1782329455973|state=NotEstablished|BIRD 2.0.8 ready. Name Proto Table State Since Info r9 BGP --- start 19:30:46.686 Active Error: Neighbor lost 
1782329456114|state=NotEstablished|BIRD 2.0.8 ready. Name Proto Table State Since Info r9 BGP --- start 19:30:46.686 Active Error: Neighbor lost 
1782329456255|state=NotEstablished|BIRD 2.0.8 ready. Name Proto Table State Since Info r9 BGP --- start 19:30:46.686 Active Error: Neighbor lost 
1782329456394|state=NotEstablished|BIRD 2.0.8 ready. Name Proto Table State Since Info r9 BGP --- start 19:30:46.686 Active Error: Neighbor lost 
1782329456527|state=NotEstablished|BIRD 2.0.8 ready. Name Proto Table State Since Info r9 BGP --- start 19:30:46.686 Active Error: Neighbor lost 
1782329456670|state=NotEstablished|BIRD 2.0.8 ready. Name Proto Table State Since Info r9 BGP --- start 19:30:46.686 Active Error: Neighbor lost 
1782329456816|state=NotEstablished|BIRD 2.0.8 ready. Name Proto Table State Since Info r9 BGP --- start 19:30:46.686 Active Error: Neighbor lost 
1782329456959|state=NotEstablished|BIRD 2.0.8 ready. Name Proto Table State Since Info r9 BGP --- start 19:30:46.686 Active Error: Neighbor lost 
1782329457096|state=NotEstablished|BIRD 2.0.8 ready. Name Proto Table State Since Info r9 BGP --- start 19:30:46.686 Active Error: Neighbor lost 
1782329457234|state=NotEstablished|BIRD 2.0.8 ready. Name Proto Table State Since Info r9 BGP --- start 19:30:46.686 Active Error: Neighbor lost 
1782329457369|state=NotEstablished|BIRD 2.0.8 ready. Name Proto Table State Since Info r9 BGP --- start 19:30:46.686 Active Error: Neighbor lost 
1782329457508|state=NotEstablished|BIRD 2.0.8 ready. Name Proto Table State Since Info r9 BGP --- start 19:30:46.686 Active Error: Neighbor lost 
1782329457653|state=NotEstablished|BIRD 2.0.8 ready. Name Proto Table State Since Info r9 BGP --- start 19:30:46.686 Active Error: Neighbor lost 
1782329457801|state=NotEstablished|BIRD 2.0.8 ready. Name Proto Table State Since Info r9 BGP --- start 19:30:46.686 Active Error: Neighbor lost 
1782329457936|state=NotEstablished|BIRD 2.0.8 ready. Name Proto Table State Since Info r9 BGP --- start 19:30:46.686 Active Error: Neighbor lost 
1782329458079|state=NotEstablished|BIRD 2.0.8 ready. Name Proto Table State Since Info r9 BGP --- start 19:30:46.686 Active Error: Neighbor lost 
1782329458216|state=NotEstablished|BIRD 2.0.8 ready. Name Proto Table State Since Info r9 BGP --- start 19:30:46.686 Active Error: Neighbor lost 
1782329458365|state=NotEstablished|BIRD 2.0.8 ready. Name Proto Table State Since Info r9 BGP --- start 19:30:46.686 Active Error: Neighbor lost 
1782329458506|state=NotEstablished|BIRD 2.0.8 ready. Name Proto Table State Since Info r9 BGP --- start 19:30:46.686 Active Error: Neighbor lost 
1782329458650|state=NotEstablished|BIRD 2.0.8 ready. Name Proto Table State Since Info r9 BGP --- start 19:30:46.686 Active Error: Neighbor lost 
1782329458800|state=NotEstablished|BIRD 2.0.8 ready. Name Proto Table State Since Info r9 BGP --- start 19:30:46.686 Active Error: Neighbor lost 
1782329458937|state=NotEstablished|BIRD 2.0.8 ready. Name Proto Table State Since Info r9 BGP --- start 19:30:46.686 Active Error: Neighbor lost 
1782329459087|state=NotEstablished|BIRD 2.0.8 ready. Name Proto Table State Since Info r9 BGP --- start 19:30:46.686 Active Error: Neighbor lost 
1782329459237|state=NotEstablished|BIRD 2.0.8 ready. Name Proto Table State Since Info r9 BGP --- start 19:30:46.686 Active Error: Neighbor lost 
1782329459381|state=NotEstablished|BIRD 2.0.8 ready. Name Proto Table State Since Info r9 BGP --- start 19:30:46.686 Active Error: Neighbor lost 
1782329459518|state=NotEstablished|BIRD 2.0.8 ready. Name Proto Table State Since Info r9 BGP --- start 19:30:46.686 Active Error: Neighbor lost 
1782329459654|state=NotEstablished|BIRD 2.0.8 ready. Name Proto Table State Since Info r9 BGP --- start 19:30:46.686 Active Socket: Connection reset by peer 
1782329459792|state=NotEstablished|BIRD 2.0.8 ready. Name Proto Table State Since Info r9 BGP --- start 19:30:46.686 Active Socket: Connection reset by peer 
1782329459936|state=NotEstablished|BIRD 2.0.8 ready. Name Proto Table State Since Info r9 BGP --- start 19:30:46.686 Active Socket: Connection reset by peer 
1782329460085|state=NotEstablished|BIRD 2.0.8 ready. Name Proto Table State Since Info r9 BGP --- start 19:30:46.686 Active Socket: Connection reset by peer 
1782329460222|state=NotEstablished|BIRD 2.0.8 ready. Name Proto Table State Since Info r9 BGP --- start 19:30:46.686 Active Socket: Connection reset by peer 
1782329460360|state=NotEstablished|BIRD 2.0.8 ready. Name Proto Table State Since Info r9 BGP --- start 19:30:46.686 Active Socket: Connection reset by peer 
1782329460500|state=NotEstablished|BIRD 2.0.8 ready. Name Proto Table State Since Info r9 BGP --- start 19:30:46.686 Active Socket: Connection reset by peer 
1782329460646|state=NotEstablished|BIRD 2.0.8 ready. Name Proto Table State Since Info r9 BGP --- start 19:30:46.686 Active Socket: Connection reset by peer 
1782329460794|state=NotEstablished|BIRD 2.0.8 ready. Name Proto Table State Since Info r9 BGP --- start 19:30:46.686 Active Socket: Connection reset by peer 
1782329460940|state=NotEstablished|BIRD 2.0.8 ready. Name Proto Table State Since Info r9 BGP --- start 19:30:46.686 Active Socket: Connection reset by peer 
1782329461077|state=NotEstablished|BIRD 2.0.8 ready. Name Proto Table State Since Info r9 BGP --- start 19:30:46.686 Active Socket: Connection reset by peer 
1782329461217|state=NotEstablished|BIRD 2.0.8 ready. Name Proto Table State Since Info r9 BGP --- start 19:30:46.686 Active Socket: Connection reset by peer 
1782329461355|state=NotEstablished|BIRD 2.0.8 ready. Name Proto Table State Since Info r9 BGP --- start 19:30:46.686 Active Socket: Connection reset by peer 
1782329461492|state=NotEstablished|BIRD 2.0.8 ready. Name Proto Table State Since Info r9 BGP --- start 19:30:46.686 Active Socket: Connection reset by peer 
1782329461636|state=NotEstablished|BIRD 2.0.8 ready. Name Proto Table State Since Info r9 BGP --- start 19:30:46.686 Active Socket: Connection reset by peer 
1782329461768|state=NotEstablished|BIRD 2.0.8 ready. Name Proto Table State Since Info r9 BGP --- start 19:30:46.686 Active Socket: Connection reset by peer 
1782329461900|state=NotEstablished|BIRD 2.0.8 ready. Name Proto Table State Since Info r9 BGP --- start 19:30:46.686 Active Socket: Connection reset by peer 
1782329462032|state=NotEstablished|BIRD 2.0.8 ready. Name Proto Table State Since Info r9 BGP --- start 19:30:46.686 Active Socket: Connection reset by peer 
1782329462161|state=NotEstablished|BIRD 2.0.8 ready. Name Proto Table State Since Info r9 BGP --- start 19:30:46.686 Active Socket: Connection reset by peer 
1782329462294|state=NotEstablished|BIRD 2.0.8 ready. Name Proto Table State Since Info r9 BGP --- start 19:30:46.686 Active Socket: Connection reset by peer 
1782329462437|state=NotEstablished|BIRD 2.0.8 ready. Name Proto Table State Since Info r9 BGP --- start 19:30:46.686 Active Socket: Connection reset by peer 
1782329462580|state=NotEstablished|BIRD 2.0.8 ready. Name Proto Table State Since Info r9 BGP --- start 19:30:46.686 Active Socket: Connection reset by peer 
1782329462714|state=NotEstablished|BIRD 2.0.8 ready. Name Proto Table State Since Info r9 BGP --- start 19:30:46.686 Active Socket: Connection reset by peer 
1782329462854|state=NotEstablished|BIRD 2.0.8 ready. Name Proto Table State Since Info r9 BGP --- start 19:30:46.686 Active Socket: Connection reset by peer 
1782329462990|state=NotEstablished|BIRD 2.0.8 ready. Name Proto Table State Since Info r9 BGP --- start 19:30:46.686 Active Socket: Connection reset by peer 
1782329463124|state=NotEstablished|BIRD 2.0.8 ready. Name Proto Table State Since Info r9 BGP --- start 19:30:46.686 Active Socket: Connection reset by peer 
1782329463258|state=NotEstablished|BIRD 2.0.8 ready. Name Proto Table State Since Info r9 BGP --- start 19:30:46.686 Active Socket: Connection reset by peer 
1782329463394|state=NotEstablished|BIRD 2.0.8 ready. Name Proto Table State Since Info r9 BGP --- start 19:30:46.686 Active Socket: Connection reset by peer 
1782329463532|state=NotEstablished|BIRD 2.0.8 ready. Name Proto Table State Since Info r9 BGP --- start 19:30:46.686 Active Socket: Connection reset by peer 
1782329463663|state=NotEstablished|BIRD 2.0.8 ready. Name Proto Table State Since Info r9 BGP --- start 19:30:46.686 Active Socket: Connection reset by peer 
1782329463795|state=NotEstablished|BIRD 2.0.8 ready. Name Proto Table State Since Info r9 BGP --- start 19:30:46.686 Active Socket: Connection reset by peer 
1782329463930|state=NotEstablished|BIRD 2.0.8 ready. Name Proto Table State Since Info r9 BGP --- start 19:30:46.686 Active Socket: Connection reset by peer 
1782329464070|state=NotEstablished|BIRD 2.0.8 ready. Name Proto Table State Since Info r9 BGP --- start 19:30:46.686 Active Socket: Connection reset by peer 
1782329464203|state=NotEstablished|BIRD 2.0.8 ready. Name Proto Table State Since Info r9 BGP --- start 19:30:46.686 Active Socket: Connection reset by peer 
1782329464337|state=NotEstablished|BIRD 2.0.8 ready. Name Proto Table State Since Info r9 BGP --- start 19:30:46.686 Active Socket: Connection reset by peer 
1782329464475|state=NotEstablished|BIRD 2.0.8 ready. Name Proto Table State Since Info r9 BGP --- start 19:30:46.686 Active Socket: Connection reset by peer 
1782329464626|state=NotEstablished|BIRD 2.0.8 ready. Name Proto Table State Since Info r9 BGP --- start 19:30:46.686 Active Socket: Connection reset by peer 
1782329464776|state=NotEstablished|BIRD 2.0.8 ready. Name Proto Table State Since Info r9 BGP --- start 19:30:46.686 Active Socket: Connection reset by peer 
1782329464912|state=NotEstablished|BIRD 2.0.8 ready. Name Proto Table State Since Info r9 BGP --- start 19:30:46.686 Active Socket: Connection reset by peer 
1782329465058|state=NotEstablished|BIRD 2.0.8 ready. Name Proto Table State Since Info r9 BGP --- start 19:30:46.686 Active Socket: Connection reset by peer 
1782329465194|state=NotEstablished|BIRD 2.0.8 ready. Name Proto Table State Since Info r9 BGP --- start 19:30:46.686 Active Socket: Connection reset by peer 
1782329465336|state=NotEstablished|BIRD 2.0.8 ready. Name Proto Table State Since Info r9 BGP --- start 19:30:46.686 Active Socket: Connection reset by peer 
1782329465487|state=NotEstablished|BIRD 2.0.8 ready. Name Proto Table State Since Info r9 BGP --- start 19:30:46.686 Active Socket: Connection reset by peer 
1782329465633|state=NotEstablished|BIRD 2.0.8 ready. Name Proto Table State Since Info r9 BGP --- start 19:30:46.686 Active Socket: Connection reset by peer 
1782329465770|state=NotEstablished|BIRD 2.0.8 ready. Name Proto Table State Since Info r9 BGP --- start 19:30:46.686 Active Socket: Connection reset by peer 
1782329465917|state=NotEstablished|BIRD 2.0.8 ready. Name Proto Table State Since Info r9 BGP --- start 19:30:46.686 Active Socket: Connection reset by peer 
1782329466057|state=NotEstablished|BIRD 2.0.8 ready. Name Proto Table State Since Info r9 BGP --- start 19:30:46.686 Active Socket: Connection reset by peer 
1782329466200|state=NotEstablished|BIRD 2.0.8 ready. Name Proto Table State Since Info r9 BGP --- start 19:30:46.686 Active Socket: Connection reset by peer 
1782329466348|state=NotEstablished|BIRD 2.0.8 ready. Name Proto Table State Since Info r9 BGP --- start 19:30:46.686 Active Socket: Connection reset by peer 
1782329466491|state=NotEstablished|BIRD 2.0.8 ready. Name Proto Table State Since Info r9 BGP --- start 19:30:46.686 Active Socket: Connection reset by peer 
1782329466637|state=NotEstablished|BIRD 2.0.8 ready. Name Proto Table State Since Info r9 BGP --- start 19:30:46.686 Active Socket: Connection reset by peer 
1782329466780|state=NotEstablished|BIRD 2.0.8 ready. Name Proto Table State Since Info r9 BGP --- start 19:30:46.686 Active Socket: Connection reset by peer 
1782329466919|state=NotEstablished|BIRD 2.0.8 ready. Name Proto Table State Since Info r9 BGP --- start 19:30:46.686 Active Socket: Connection reset by peer 
1782329467063|state=NotEstablished|BIRD 2.0.8 ready. Name Proto Table State Since Info r9 BGP --- start 19:30:46.686 Active Socket: Connection reset by peer 
1782329467206|state=NotEstablished|BIRD 2.0.8 ready. Name Proto Table State Since Info r9 BGP --- start 19:30:46.686 Active Socket: Connection reset by peer 
1782329467346|state=NotEstablished|BIRD 2.0.8 ready. Name Proto Table State Since Info r9 BGP --- start 19:30:46.686 Active Socket: Connection reset by peer 
1782329467485|state=NotEstablished|BIRD 2.0.8 ready. Name Proto Table State Since Info r9 BGP --- start 19:30:46.686 Active Socket: Connection reset by peer 
1782329467622|state=NotEstablished|BIRD 2.0.8 ready. Name Proto Table State Since Info r9 BGP --- start 19:30:46.686 Active Socket: Connection reset by peer 
1782329467757|state=NotEstablished|BIRD 2.0.8 ready. Name Proto Table State Since Info r9 BGP --- start 19:30:46.686 Active Socket: Connection reset by peer 
1782329467900|state=NotEstablished|BIRD 2.0.8 ready. Name Proto Table State Since Info r9 BGP --- start 19:30:46.686 Active Socket: Connection reset by peer 
1782329468043|state=NotEstablished|BIRD 2.0.8 ready. Name Proto Table State Since Info r9 BGP --- start 19:30:46.686 Active Socket: Connection reset by peer 
1782329468176|state=NotEstablished|BIRD 2.0.8 ready. Name Proto Table State Since Info r9 BGP --- start 19:30:46.686 Active Socket: Connection reset by peer 
1782329468316|state=NotEstablished|BIRD 2.0.8 ready. Name Proto Table State Since Info r9 BGP --- start 19:30:46.686 Active Socket: Connection reset by peer 
1782329468456|state=NotEstablished|BIRD 2.0.8 ready. Name Proto Table State Since Info r9 BGP --- start 19:30:46.686 Active Socket: Connection closed 
1782329468593|state=NotEstablished|BIRD 2.0.8 ready. Name Proto Table State Since Info r9 BGP --- start 19:30:46.686 Active Socket: Connection closed 
1782329468729|state=NotEstablished|BIRD 2.0.8 ready. Name Proto Table State Since Info r9 BGP --- start 19:30:46.686 Active Socket: Connection closed 
1782329468864|state=NotEstablished|BIRD 2.0.8 ready. Name Proto Table State Since Info r9 BGP --- start 19:30:46.686 Active Socket: Connection closed 
1782329468999|state=NotEstablished|BIRD 2.0.8 ready. Name Proto Table State Since Info r9 BGP --- start 19:30:46.686 Active Socket: Connection closed 
1782329469121|state=NotEstablished|BIRD 2.0.8 ready. Name Proto Table State Since Info r9 BGP --- start 19:30:46.686 Active Socket: Connection closed 
1782329469248|state=NotEstablished|BIRD 2.0.8 ready. Name Proto Table State Since Info r9 BGP --- start 19:30:46.686 Active Socket: Connection closed 
1782329469360|state=NotEstablished|BIRD 2.0.8 ready. Name Proto Table State Since Info r9 BGP --- start 19:30:46.686 Active Socket: Connection closed 
1782329469487|state=NotEstablished|BIRD 2.0.8 ready. Name Proto Table State Since Info r9 BGP --- start 19:30:46.686 Active Socket: Connection closed 
1782329469605|state=NotEstablished|BIRD 2.0.8 ready. Name Proto Table State Since Info r9 BGP --- start 19:30:46.686 Active Socket: Connection closed 
1782329469741|state=NotEstablished|BIRD 2.0.8 ready. Name Proto Table State Since Info r9 BGP --- start 19:30:46.686 Active Socket: Connection closed 
1782329469868|state=NotEstablished|BIRD 2.0.8 ready. Name Proto Table State Since Info r9 BGP --- start 19:30:46.686 Active Socket: Connection closed 
1782329469998|state=NotEstablished|BIRD 2.0.8 ready. Name Proto Table State Since Info r9 BGP --- start 19:30:46.686 Active Socket: Connection closed 
1782329470135|state=NotEstablished|BIRD 2.0.8 ready. Name Proto Table State Since Info r9 BGP --- start 19:30:46.686 Active Socket: Connection closed 
1782329470262|state=NotEstablished|BIRD 2.0.8 ready. Name Proto Table State Since Info r9 BGP --- start 19:30:46.686 Active Socket: Connection closed 
1782329470383|state=NotEstablished|BIRD 2.0.8 ready. Name Proto Table State Since Info r9 BGP --- start 19:30:46.686 Active Socket: Connection closed 
1782329470527|state=NotEstablished|BIRD 2.0.8 ready. Name Proto Table State Since Info r9 BGP --- start 19:30:46.686 Active Socket: Connection closed 
1782329470662|state=NotEstablished|BIRD 2.0.8 ready. Name Proto Table State Since Info r9 BGP --- start 19:30:46.686 Active Socket: Connection closed 
1782329470794|state=NotEstablished|BIRD 2.0.8 ready. Name Proto Table State Since Info r9 BGP --- start 19:30:46.686 Active Socket: Connection closed 
1782329470925|state=NotEstablished|BIRD 2.0.8 ready. Name Proto Table State Since Info r9 BGP --- start 19:30:46.686 Active Socket: Connection closed 
1782329471060|state=NotEstablished|BIRD 2.0.8 ready. Name Proto Table State Since Info r9 BGP --- start 19:30:46.686 Active Socket: Connection closed 
1782329471188|state=NotEstablished|BIRD 2.0.8 ready. Name Proto Table State Since Info r9 BGP --- start 19:30:46.686 Active Socket: Connection closed 
1782329471318|state=NotEstablished|BIRD 2.0.8 ready. Name Proto Table State Since Info r9 BGP --- start 19:30:46.686 Active Socket: Connection closed 
1782329471449|state=NotEstablished|BIRD 2.0.8 ready. Name Proto Table State Since Info r9 BGP --- start 19:30:46.686 Active Socket: Connection closed 
1782329471580|state=NotEstablished|BIRD 2.0.8 ready. Name Proto Table State Since Info r9 BGP --- start 19:30:46.686 Active Socket: Connection closed 
1782329471723|state=NotEstablished|BIRD 2.0.8 ready. Name Proto Table State Since Info r9 BGP --- start 19:30:46.686 Active Socket: Connection closed 
1782329471864|state=NotEstablished|BIRD 2.0.8 ready. Name Proto Table State Since Info r9 BGP --- start 19:30:46.686 Active Socket: Connection closed 
1782329471993|state=NotEstablished|BIRD 2.0.8 ready. Name Proto Table State Since Info r9 BGP --- start 19:30:46.686 Active Socket: Connection closed 
1782329472125|state=NotEstablished|BIRD 2.0.8 ready. Name Proto Table State Since Info r9 BGP --- start 19:30:46.686 Active Socket: Connection closed 
1782329472256|state=NotEstablished|BIRD 2.0.8 ready. Name Proto Table State Since Info r9 BGP --- start 19:30:46.686 Active Socket: Connection closed 
1782329472379|state=NotEstablished|BIRD 2.0.8 ready. Name Proto Table State Since Info r9 BGP --- start 19:30:46.686 Active Socket: Connection closed 
1782329472512|state=NotEstablished|BIRD 2.0.8 ready. Name Proto Table State Since Info r9 BGP --- start 19:30:46.686 Active Socket: Connection closed 
1782329472640|state=NotEstablished|BIRD 2.0.8 ready. Name Proto Table State Since Info r9 BGP --- start 19:30:46.686 Active Socket: Connection closed 
1782329472771|state=NotEstablished|BIRD 2.0.8 ready. Name Proto Table State Since Info r9 BGP --- start 19:30:46.686 Active Socket: Connection closed 
1782329472909|state=NotEstablished|BIRD 2.0.8 ready. Name Proto Table State Since Info r9 BGP --- start 19:30:46.686 Active Socket: Connection closed 
1782329473035|state=NotEstablished|BIRD 2.0.8 ready. Name Proto Table State Since Info r9 BGP --- start 19:30:46.686 Active Socket: Connection closed 
1782329473162|state=NotEstablished|BIRD 2.0.8 ready. Name Proto Table State Since Info r9 BGP --- start 19:30:46.686 Active Socket: Connection reset by peer 
1782329473294|state=NotEstablished|BIRD 2.0.8 ready. Name Proto Table State Since Info r9 BGP --- start 19:30:46.686 Active Socket: Connection reset by peer 
1782329473434|state=NotEstablished|BIRD 2.0.8 ready. Name Proto Table State Since Info r9 BGP --- start 19:30:46.686 Active Socket: Connection reset by peer 
1782329473552|state=NotEstablished|BIRD 2.0.8 ready. Name Proto Table State Since Info r9 BGP --- start 19:30:46.686 Active Socket: Connection reset by peer 
1782329473681|state=NotEstablished|BIRD 2.0.8 ready. Name Proto Table State Since Info r9 BGP --- start 19:30:46.686 Active Socket: Connection reset by peer 
1782329473809|state=NotEstablished|BIRD 2.0.8 ready. Name Proto Table State Since Info r9 BGP --- start 19:30:46.686 Active Socket: Connection reset by peer 
1782329473937|state=NotEstablished|BIRD 2.0.8 ready. Name Proto Table State Since Info r9 BGP --- start 19:30:46.686 Active Socket: Connection reset by peer 
1782329474064|state=NotEstablished|BIRD 2.0.8 ready. Name Proto Table State Since Info r9 BGP --- start 19:30:46.686 Active Socket: Connection reset by peer 
1782329474188|state=NotEstablished|BIRD 2.0.8 ready. Name Proto Table State Since Info r9 BGP --- start 19:30:46.686 Active Socket: Connection reset by peer 
1782329474320|state=NotEstablished|BIRD 2.0.8 ready. Name Proto Table State Since Info r9 BGP --- start 19:30:46.686 Active Socket: Connection reset by peer 
1782329474461|state=NotEstablished|BIRD 2.0.8 ready. Name Proto Table State Since Info r9 BGP --- start 19:30:46.686 Active Socket: Connection reset by peer 
1782329474575|state=NotEstablished|BIRD 2.0.8 ready. Name Proto Table State Since Info r9 BGP --- start 19:30:46.686 Active Socket: Connection reset by peer 
1782329474682|state=NotEstablished|BIRD 2.0.8 ready. Name Proto Table State Since Info r9 BGP --- start 19:30:46.686 Active Socket: Connection reset by peer 
1782329474834|state=NotEstablished|BIRD 2.0.8 ready. Name Proto Table State Since Info r9 BGP --- start 19:30:46.686 Active Socket: Connection reset by peer 
1782329474947|state=NotEstablished|BIRD 2.0.8 ready. Name Proto Table State Since Info r9 BGP --- start 19:30:46.686 Active Socket: Connection reset by peer 
1782329475085|state=NotEstablished|BIRD 2.0.8 ready. Name Proto Table State Since Info r9 BGP --- start 19:30:46.686 Active Socket: Connection reset by peer 
1782329475223|state=NotEstablished|BIRD 2.0.8 ready. Name Proto Table State Since Info r9 BGP --- start 19:30:46.686 Active Socket: Connection reset by peer 
1782329475353|state=NotEstablished|BIRD 2.0.8 ready. Name Proto Table State Since Info r9 BGP --- start 19:30:46.686 Active Socket: Connection reset by peer 
1782329475489|state=NotEstablished|BIRD 2.0.8 ready. Name Proto Table State Since Info r9 BGP --- start 19:30:46.686 Active Socket: Connection reset by peer 
1782329475631|state=NotEstablished|BIRD 2.0.8 ready. Name Proto Table State Since Info r9 BGP --- start 19:30:46.686 Active Socket: Connection reset by peer 
1782329475770|state=NotEstablished|BIRD 2.0.8 ready. Name Proto Table State Since Info r9 BGP --- start 19:30:46.686 Active Socket: Connection reset by peer 
1782329475904|state=NotEstablished|BIRD 2.0.8 ready. Name Proto Table State Since Info r9 BGP --- start 19:30:46.686 Active Socket: Connection reset by peer 
