1782730820358|state=Missing|
1782730820481|state=Missing|
1782730820592|state=Missing|
1782730820706|state=Missing|
1782730820823|state=Missing|
1782730820935|state=Missing|
1782730821048|state=Missing|
1782730821167|state=Missing|
1782730821281|state=Missing|
1782730821391|state=Missing|
1782730821516|state=Missing|
1782730821640|state=Missing|
1782730821751|state=Missing|
1782730821864|state=Missing|
1782730821979|state=Missing|
1782730822093|state=Missing|
1782730822217|state=Missing|
1782730822340|state=Missing|
1782730822458|state=Missing|
1782730822576|state=Missing|
1782730822704|state=Missing|
1782730822816|state=Missing|
1782730822932|state=Missing|
1782730823050|state=Missing|
1782730823165|state=Missing|
1782730823278|state=Missing|
1782730823390|state=Missing|
1782730823502|state=Missing|
1782730823615|state=Missing|
1782730823734|state=Missing|
1782730823857|state=Missing|
1782730823977|state=Missing|
1782730824088|state=Missing|
1782730824203|state=Missing|
1782730824315|state=Missing|
1782730824428|state=Missing|
1782730824549|state=Missing|
1782730824662|state=Missing|
1782730824779|state=Missing|
1782730824906|state=Missing|
1782730825018|state=Missing|
1782730825134|state=Missing|
1782730825242|state=Missing|
1782730825356|state=Missing|
1782730825473|state=Missing|
1782730825590|state=Missing|
1782730825709|state=Missing|
1782730825821|state=Missing|
1782730825941|state=Missing|
1782730826050|state=Missing|
1782730826178|state=Missing|
1782730826299|state=Missing|
1782730826410|state=Missing|
1782730826529|state=Missing|
1782730826646|state=Missing|
1782730826756|state=Missing|
1782730826864|state=Missing|
1782730826974|state=Missing|
1782730827091|state=Missing|
1782730827208|state=Missing|
1782730827333|state=Missing|
1782730827444|state=Missing|
1782730827560|state=Missing|
1782730827679|state=Missing|
1782730827797|state=Missing|
1782730827907|state=Missing|
1782730828022|state=Missing|
1782730828138|state=Missing|
1782730828258|state=Missing|
1782730828378|state=Missing|
1782730828492|state=Missing|
1782730828603|state=Missing|
1782730828715|state=Missing|
1782730828828|state=Missing|
1782730828946|state=Missing|
1782730829057|state=Missing|
1782730829178|state=Missing|
1782730829291|state=Missing|
1782730829400|state=Missing|
1782730829512|state=Missing|
1782730829623|state=Missing|
1782730829733|state=Missing|
1782730829850|state=Missing|
1782730829960|state=Missing|
1782730830078|state=Missing|
1782730830192|state=Missing|
1782730830305|state=Missing|
1782730830412|state=Missing|
1782730830524|state=Missing|
1782730830635|state=Missing|
1782730830745|state=Missing|
1782730830855|state=Missing|
1782730830982|state=Missing|
1782730831099|state=Missing|
1782730831210|state=Missing|
1782730831319|state=Missing|
1782730831443|state=Missing|
1782730831556|state=Missing|
1782730831668|state=Missing|
1782730831786|state=Missing|
1782730831902|state=Missing|
1782730832019|state=Missing|
1782730832139|state=Missing|
1782730832252|state=Missing|
1782730832372|state=Missing|
1782730832486|state=Missing|
1782730832602|state=Missing|
1782730832718|state=Missing|
1782730832825|state=Missing|
1782730832932|state=Missing|
1782730833048|state=Missing|
1782730833157|state=Missing|
1782730833281|state=Missing|
1782730833397|state=Missing|
1782730833515|state=Missing|
1782730833634|state=Missing|
1782730833757|state=Missing|
1782730833875|state=Missing|
1782730833989|state=Missing|
1782730834107|state=Missing|
1782730834226|state=Missing|
1782730834334|state=Missing|
1782730834460|state=Missing|
1782730834573|state=Missing|
1782730834677|state=Missing|
1782730834785|state=Missing|
1782730834904|state=Missing|
1782730835018|state=Missing|
1782730835140|state=Missing|
1782730835258|state=Missing|
1782730835372|state=Missing|
1782730835482|state=Missing|
1782730835605|state=Missing|
1782730835723|state=Missing|
1782730835841|state=Missing|
1782730835962|state=Missing|
1782730836075|state=Missing|
1782730836192|state=Missing|
1782730836302|state=Missing|
1782730836414|state=Missing|
1782730836526|state=Missing|
1782730836637|state=Missing|
1782730836750|state=Missing|
1782730836857|state=Missing|
1782730836971|state=Missing|
1782730837090|state=Missing|
1782730837210|state=Missing|
1782730837321|state=Missing|
1782730837436|state=Missing|
1782730837563|state=Missing|
1782730837677|state=Missing|
1782730837792|state=Missing|
1782730837904|state=Missing|
1782730838024|state=Missing|
1782730838138|state=Missing|
1782730838258|state=Missing|
1782730838375|state=Missing|
1782730838484|state=Missing|
1782730838593|state=Missing|
1782730838711|state=Missing|
1782730838828|state=Missing|
1782730838943|state=Missing|
1782730839053|state=Missing|
1782730839170|state=Missing|
1782730839287|state=Missing|
1782730839400|state=Missing|
1782730839512|state=Missing|
1782730839628|state=Missing|
1782730839745|state=Missing|
1782730839860|state=Missing|
1782730839980|state=Missing|
1782730840100|state=Missing|
1782730840219|state=Missing|
1782730840327|state=Missing|
1782730840448|state=Missing|
1782730840565|state=Missing|
1782730840678|state=Missing|
1782730840789|state=Missing|
1782730840906|state=Missing|
1782730841029|state=Missing|
1782730841143|state=Missing|
1782730841256|state=Missing|
1782730841372|state=Missing|
1782730841487|state=Missing|
1782730841598|state=Missing|
1782730841719|state=Missing|
1782730841848|state=Missing|
1782730841957|state=Missing|
1782730842078|state=Missing|
1782730842193|state=Missing|
1782730842315|state=Missing|
1782730842431|state=Missing|
1782730842546|state=Missing|
1782730842657|state=Missing|
1782730842771|state=Missing|
1782730842881|state=Missing|
1782730842997|state=Missing|
1782730843109|state=Missing|
1782730843225|state=Missing|
1782730843335|state=Missing|
1782730843446|state=Missing|
1782730843561|state=Missing|
1782730843690|state=Missing|
1782730843803|state=Missing|
1782730843920|state=Missing|
1782730844038|state=Missing|
1782730844153|state=Missing|
1782730844266|state=Missing|
1782730844389|state=Missing|
1782730844514|state=Missing|
1782730844630|state=Missing|
1782730844741|state=Missing|
1782730844853|state=Missing|
1782730844964|state=Missing|
1782730845089|state=Missing|
1782730845200|state=Missing|
1782730845312|state=Missing|
1782730845428|state=Missing|
1782730845537|state=Missing|
1782730845648|state=Missing|
1782730845760|state=Missing|
1782730845869|state=Missing|
1782730845986|state=Missing|
1782730846092|state=Missing|
1782730846209|state=Missing|
1782730846322|state=Missing|
1782730846432|state=Missing|
1782730846539|state=Missing|
1782730846661|state=Missing|
1782730846779|state=Missing|
1782730846894|state=Missing|
1782730847013|state=Missing|
1782730847123|state=Missing|
1782730847242|state=Missing|
1782730847356|state=Missing|
1782730847465|state=Missing|
1782730847574|state=Missing|
1782730847687|state=Missing|
1782730847798|state=Missing|
1782730847916|state=Missing|
1782730848035|state=Missing|
1782730848150|state=Missing|
1782730848263|state=Missing|
1782730848371|state=Missing|
1782730848483|state=Missing|
1782730848598|state=Missing|
1782730848716|state=Missing|
1782730848833|state=Missing|
1782730848945|state=Missing|
1782730849068|state=Missing|
1782730849178|state=Missing|
1782730849296|state=Missing|
1782730849406|state=Missing|
1782730849523|state=Missing|
1782730849639|state=Missing|
1782730849758|state=Missing|
1782730849878|state=Missing|
1782730849995|state=Missing|
1782730850111|state=Missing|
1782730850222|state=Missing|
1782730850337|state=Missing|
1782730850451|state=Missing|
1782730850563|state=Missing|
1782730850683|state=Missing|
1782730850801|state=Missing|
1782730850916|state=Missing|
1782730851030|state=Missing|
1782730851147|state=Missing|
1782730851262|state=Missing|
1782730851371|state=Missing|
1782730851480|state=Missing|
1782730851593|state=Missing|
1782730851707|state=Missing|
1782730851829|state=Missing|
1782730851939|state=Missing|
1782730852050|state=Missing|
1782730852165|state=Missing|
1782730852277|state=Missing|
1782730852388|state=Missing|
1782730852498|state=Missing|
1782730852608|state=Missing|
1782730852722|state=Missing|
1782730852839|state=Missing|
1782730852946|state=Missing|
1782730853064|state=Missing|
1782730853184|state=Missing|
1782730853296|state=Missing|
1782730853404|state=Missing|
1782730853512|state=Missing|
1782730853622|state=Missing|
1782730853738|state=Missing|
