1782328249075|state=Missing|
1782328249247|state=Missing|
1782328249386|state=Missing|
1782328249529|state=Missing|
1782328249669|state=Missing|
1782328249811|state=Missing|
1782328249960|state=Missing|
1782328250103|state=Missing|
1782328250250|state=Missing|
1782328250387|state=Missing|
1782328250520|state=Missing|
1782328250656|state=Missing|
1782328250791|state=Missing|
1782328250926|state=Missing|
1782328251073|state=Missing|
1782328251206|state=Missing|
1782328251348|state=Missing|
1782328251482|state=Missing|
1782328251618|state=Missing|
1782328251744|state=Missing|
1782328251881|state=Missing|
1782328252008|state=Missing|
1782328252138|state=Missing|
1782328252325|state=Missing|
1782328252455|state=Missing|
1782328252593|state=Missing|
1782328252716|state=Missing|
1782328252846|state=Missing|
1782328252978|state=Missing|
1782328253115|state=Missing|
1782328253252|state=Missing|
1782328253392|state=Missing|
1782328253514|state=Missing|
1782328253647|state=Missing|
1782328253768|state=Missing|
1782328253898|state=Missing|
1782328254039|state=Missing|
1782328254183|state=Missing|
1782328254317|state=Missing|
1782328254447|state=Missing|
1782328254585|state=Missing|
1782328254728|state=Missing|
1782328254869|state=Missing|
1782328255017|state=Missing|
1782328255151|state=Missing|
1782328255293|state=Missing|
1782328255426|state=Missing|
1782328255571|state=Missing|
1782328255713|state=Missing|
1782328255858|state=Missing|
1782328256001|state=Missing|
1782328256137|state=Missing|
1782328256280|state=Missing|
1782328256419|state=Missing|
1782328256560|state=Missing|
1782328256705|state=Missing|
1782328256841|state=Missing|
1782328256983|state=Missing|
1782328257120|state=Missing|
1782328257261|state=Missing|
1782328257403|state=Missing|
1782328257545|state=Missing|
1782328257706|state=Missing|
1782328257847|state=Missing|
1782328257987|state=Missing|
1782328258130|state=Missing|
1782328258274|state=Missing|
1782328258404|state=Missing|
1782328258544|state=Missing|
1782328258683|state=Missing|
1782328258821|state=Missing|
1782328258964|state=Missing|
1782328259106|state=Missing|
1782328259245|state=Missing|
1782328259384|state=Missing|
1782328259521|state=Missing|
1782328259663|state=Missing|
1782328259816|state=Missing|
1782328259961|state=Missing|
1782328260109|state=Missing|
1782328260274|state=Missing|
1782328260418|state=Missing|
1782328260546|state=Missing|
1782328260682|state=Missing|
1782328260810|state=Missing|
1782328260944|state=Missing|
1782328261076|state=Missing|
1782328261212|state=Missing|
1782328261330|state=Missing|
1782328261457|state=Missing|
1782328261600|state=Missing|
1782328261730|state=Missing|
1782328261862|state=Missing|
1782328261991|state=Missing|
1782328262133|state=Missing|
1782328262275|state=Missing|
1782328262408|state=Missing|
1782328262539|state=Missing|
1782328262679|state=Missing|
1782328262819|state=Missing|
1782328262960|state=Missing|
1782328263103|state=Missing|
1782328263238|state=Missing|
1782328263373|state=Missing|
1782328263515|state=Missing|
1782328263656|state=Missing|
1782328263792|state=Missing|
1782328263940|state=Missing|
1782328264070|state=Missing|
1782328264210|state=Missing|
1782328264340|state=Missing|
1782328264495|state=Missing|
1782328264635|state=Missing|
1782328264763|state=Missing|
1782328264908|state=Missing|
1782328265041|state=Missing|
1782328265174|state=Missing|
1782328265314|state=Missing|
1782328265449|state=Missing|
