1782328164723|state=Missing|
1782328164886|state=Missing|
1782328165021|state=Missing|
1782328165165|state=Missing|
1782328165308|state=Missing|
1782328165457|state=Missing|
1782328165594|state=Missing|
1782328165731|state=Missing|
1782328165872|state=Missing|
1782328166010|state=Missing|
1782328166160|state=Missing|
1782328166300|state=Missing|
1782328166440|state=Missing|
1782328166578|state=Missing|
1782328166720|state=Missing|
1782328166863|state=Missing|
1782328167008|state=Missing|
1782328167150|state=Missing|
1782328167336|state=Missing|
1782328167471|state=Missing|
1782328167623|state=Missing|
1782328167774|state=Missing|
1782328167914|state=Missing|
1782328168054|state=Missing|
1782328168195|state=Missing|
1782328168329|state=Missing|
1782328168479|state=Missing|
1782328168624|state=Missing|
1782328168765|state=Missing|
1782328168903|state=Missing|
1782328169050|state=Missing|
1782328169165|state=Missing|
1782328169309|state=Missing|
1782328169444|state=Missing|
1782328169589|state=Missing|
1782328169725|state=Missing|
1782328169862|state=Missing|
1782328169999|state=Missing|
1782328170144|state=Missing|
1782328170288|state=Missing|
1782328170426|state=Missing|
1782328170568|state=Missing|
1782328170702|state=Missing|
1782328170842|state=Missing|
1782328170987|state=Missing|
1782328171130|state=Missing|
1782328171263|state=Missing|
1782328171405|state=Missing|
1782328171545|state=Missing|
1782328171696|state=Missing|
1782328171839|state=Missing|
1782328171986|state=Missing|
1782328172128|state=Missing|
1782328172267|state=Missing|
1782328172403|state=Missing|
1782328172544|state=Missing|
1782328172684|state=Missing|
1782328172820|state=Missing|
1782328172961|state=Missing|
1782328173099|state=Missing|
1782328173239|state=Missing|
1782328173381|state=Missing|
1782328173529|state=Missing|
1782328173662|state=Missing|
1782328173806|state=Missing|
1782328173940|state=Missing|
1782328174089|state=Missing|
1782328174226|state=Missing|
1782328174365|state=Missing|
1782328174503|state=Missing|
1782328174644|state=Missing|
1782328174784|state=Missing|
1782328174926|state=Missing|
1782328175092|state=Missing|
1782328175227|state=Missing|
1782328175373|state=Missing|
1782328175507|state=Missing|
1782328175646|state=Missing|
1782328175796|state=Missing|
1782328175940|state=Missing|
1782328176074|state=Missing|
1782328176223|state=Missing|
1782328176362|state=Missing|
1782328176509|state=Missing|
1782328176660|state=Missing|
1782328176794|state=Missing|
1782328176935|state=Missing|
1782328177083|state=Missing|
1782328177222|state=Missing|
1782328177372|state=Missing|
1782328177514|state=Missing|
1782328177653|state=Missing|
1782328177794|state=Missing|
1782328177932|state=Missing|
1782328178064|state=Missing|
1782328178208|state=Missing|
1782328178349|state=Missing|
1782328178492|state=Missing|
1782328178633|state=Missing|
1782328178771|state=Missing|
1782328178909|state=Missing|
1782328179054|state=Missing|
1782328179225|state=Missing|
1782328179366|state=Missing|
1782328179508|state=Missing|
1782328179651|state=Missing|
1782328179793|state=Missing|
1782328179939|state=Missing|
1782328180083|state=Missing|
1782328180224|state=Missing|
1782328180367|state=Missing|
1782328180499|state=Missing|
1782328180654|state=Missing|
1782328180796|state=Missing|
1782328180941|state=Missing|
1782328181080|state=Missing|
