1782554763806|state=Established|BIRD 2.0.8 ready. Name Proto Table State Since Info r9 BGP --- up 10:05:49.365 Established 
1782554763972|state=Established|BIRD 2.0.8 ready. Name Proto Table State Since Info r9 BGP --- up 10:05:49.365 Established 
1782554764114|state=Established|BIRD 2.0.8 ready. Name Proto Table State Since Info r9 BGP --- up 10:05:49.365 Established 
1782554764251|state=Established|BIRD 2.0.8 ready. Name Proto Table State Since Info r9 BGP --- up 10:05:49.365 Established 
1782554764394|state=Established|BIRD 2.0.8 ready. Name Proto Table State Since Info r9 BGP --- up 10:05:49.365 Established 
1782554764528|state=Established|BIRD 2.0.8 ready. Name Proto Table State Since Info r9 BGP --- up 10:05:49.365 Established 
1782554764672|state=Established|BIRD 2.0.8 ready. Name Proto Table State Since Info r9 BGP --- up 10:05:49.365 Established 
1782554764805|state=Established|BIRD 2.0.8 ready. Name Proto Table State Since Info r9 BGP --- up 10:05:49.365 Established 
1782554764944|state=Established|BIRD 2.0.8 ready. Name Proto Table State Since Info r9 BGP --- up 10:05:49.365 Established 
1782554765077|state=Established|BIRD 2.0.8 ready. Name Proto Table State Since Info r9 BGP --- up 10:05:49.365 Established 
1782554765212|state=Established|BIRD 2.0.8 ready. Name Proto Table State Since Info r9 BGP --- up 10:05:49.365 Established 
1782554765350|state=Established|BIRD 2.0.8 ready. Name Proto Table State Since Info r9 BGP --- up 10:05:49.365 Established 
1782554765488|state=Established|BIRD 2.0.8 ready. Name Proto Table State Since Info r9 BGP --- up 10:05:49.365 Established 
1782554765624|state=Established|BIRD 2.0.8 ready. Name Proto Table State Since Info r9 BGP --- up 10:05:49.365 Established 
1782554765766|state=Established|BIRD 2.0.8 ready. Name Proto Table State Since Info r9 BGP --- up 10:05:49.365 Established 
1782554765900|state=Established|BIRD 2.0.8 ready. Name Proto Table State Since Info r9 BGP --- up 10:05:49.365 Established 
1782554766042|state=NotEstablished|BIRD 2.0.8 ready. Name Proto Table State Since Info r9 BGP --- start 10:06:06.013 Idle Error: Neighbor lost 
1782554766180|state=NotEstablished|BIRD 2.0.8 ready. Name Proto Table State Since Info r9 BGP --- start 10:06:06.013 Idle Error: Neighbor lost 
1782554766320|state=NotEstablished|BIRD 2.0.8 ready. Name Proto Table State Since Info r9 BGP --- start 10:06:06.013 Idle Error: Neighbor lost 
1782554766460|state=NotEstablished|BIRD 2.0.8 ready. Name Proto Table State Since Info r9 BGP --- start 10:06:06.013 Idle Error: Neighbor lost 
1782554766599|state=NotEstablished|BIRD 2.0.8 ready. Name Proto Table State Since Info r9 BGP --- start 10:06:06.013 Idle Error: Neighbor lost 
1782554766739|state=NotEstablished|BIRD 2.0.8 ready. Name Proto Table State Since Info r9 BGP --- start 10:06:06.013 Idle Error: Neighbor lost 
1782554766875|state=NotEstablished|BIRD 2.0.8 ready. Name Proto Table State Since Info r9 BGP --- start 10:06:06.013 Idle Error: Neighbor lost 
1782554767010|state=NotEstablished|BIRD 2.0.8 ready. Name Proto Table State Since Info r9 BGP --- start 10:06:06.013 Idle Error: Neighbor lost 
1782554767157|state=NotEstablished|BIRD 2.0.8 ready. Name Proto Table State Since Info r9 BGP --- start 10:06:06.013 Idle Error: Neighbor lost 
1782554767292|state=NotEstablished|BIRD 2.0.8 ready. Name Proto Table State Since Info r9 BGP --- start 10:06:06.013 Idle Error: Neighbor lost 
1782554767429|state=NotEstablished|BIRD 2.0.8 ready. Name Proto Table State Since Info r9 BGP --- start 10:06:06.013 Idle Error: Neighbor lost 
1782554767567|state=NotEstablished|BIRD 2.0.8 ready. Name Proto Table State Since Info r9 BGP --- start 10:06:06.013 Idle Error: Neighbor lost 
1782554767708|state=NotEstablished|BIRD 2.0.8 ready. Name Proto Table State Since Info r9 BGP --- start 10:06:06.013 Idle Error: Neighbor lost 
1782554767857|state=NotEstablished|BIRD 2.0.8 ready. Name Proto Table State Since Info r9 BGP --- start 10:06:06.013 Idle Error: Neighbor lost 
1782554767993|state=NotEstablished|BIRD 2.0.8 ready. Name Proto Table State Since Info r9 BGP --- start 10:06:06.013 Idle Error: Neighbor lost 
1782554768126|state=NotEstablished|BIRD 2.0.8 ready. Name Proto Table State Since Info r9 BGP --- start 10:06:06.013 Idle Error: Neighbor lost 
1782554768271|state=NotEstablished|BIRD 2.0.8 ready. Name Proto Table State Since Info r9 BGP --- start 10:06:06.013 Idle Error: Neighbor lost 
1782554768407|state=NotEstablished|BIRD 2.0.8 ready. Name Proto Table State Since Info r9 BGP --- start 10:06:06.013 Idle Error: Neighbor lost 
1782554768544|state=NotEstablished|BIRD 2.0.8 ready. Name Proto Table State Since Info r9 BGP --- start 10:06:06.013 Idle Error: Neighbor lost 
1782554768687|state=NotEstablished|BIRD 2.0.8 ready. Name Proto Table State Since Info r9 BGP --- start 10:06:06.013 Idle Error: Neighbor lost 
1782554768822|state=NotEstablished|BIRD 2.0.8 ready. Name Proto Table State Since Info r9 BGP --- start 10:06:06.014 Idle Error: Neighbor lost 
1782554768961|state=NotEstablished|BIRD 2.0.8 ready. Name Proto Table State Since Info r9 BGP --- start 10:06:06.013 Idle Error: Neighbor lost 
1782554769100|state=NotEstablished|BIRD 2.0.8 ready. Name Proto Table State Since Info r9 BGP --- start 10:06:06.013 Idle Error: Neighbor lost 
1782554769242|state=NotEstablished|BIRD 2.0.8 ready. Name Proto Table State Since Info r9 BGP --- start 10:06:06.013 Idle Error: Neighbor lost 
1782554769378|state=NotEstablished|BIRD 2.0.8 ready. Name Proto Table State Since Info r9 BGP --- start 10:06:06.013 Idle Error: Neighbor lost 
1782554769517|state=NotEstablished|BIRD 2.0.8 ready. Name Proto Table State Since Info r9 BGP --- start 10:06:06.013 Idle Error: Neighbor lost 
1782554769659|state=NotEstablished|BIRD 2.0.8 ready. Name Proto Table State Since Info r9 BGP --- start 10:06:06.013 Idle Error: Neighbor lost 
1782554769796|state=NotEstablished|BIRD 2.0.8 ready. Name Proto Table State Since Info r9 BGP --- start 10:06:06.013 Idle Error: Neighbor lost 
1782554769940|state=NotEstablished|BIRD 2.0.8 ready. Name Proto Table State Since Info r9 BGP --- start 10:06:06.013 Idle Error: Neighbor lost 
1782554770081|state=NotEstablished|BIRD 2.0.8 ready. Name Proto Table State Since Info r9 BGP --- start 10:06:06.013 Idle Error: Neighbor lost 
1782554770220|state=NotEstablished|BIRD 2.0.8 ready. Name Proto Table State Since Info r9 BGP --- start 10:06:06.013 Idle Error: Neighbor lost 
1782554770360|state=NotEstablished|BIRD 2.0.8 ready. Name Proto Table State Since Info r9 BGP --- start 10:06:06.013 Idle Error: Neighbor lost 
1782554770498|state=NotEstablished|BIRD 2.0.8 ready. Name Proto Table State Since Info r9 BGP --- start 10:06:06.013 Idle Error: Neighbor lost 
1782554770633|state=NotEstablished|BIRD 2.0.8 ready. Name Proto Table State Since Info r9 BGP --- start 10:06:06.013 Idle Error: Neighbor lost 
1782554770768|state=NotEstablished|BIRD 2.0.8 ready. Name Proto Table State Since Info r9 BGP --- start 10:06:06.013 Idle Error: Neighbor lost 
1782554770911|state=NotEstablished|BIRD 2.0.8 ready. Name Proto Table State Since Info r9 BGP --- start 10:06:06.013 Idle Error: Neighbor lost 
1782554771050|state=NotEstablished|BIRD 2.0.8 ready. Name Proto Table State Since Info r9 BGP --- start 10:06:06.013 Idle Error: Neighbor lost 
1782554771184|state=NotEstablished|BIRD 2.0.8 ready. Name Proto Table State Since Info r9 BGP --- start 10:06:06.013 Idle Error: Neighbor lost 
1782554771322|state=NotEstablished|BIRD 2.0.8 ready. Name Proto Table State Since Info r9 BGP --- start 10:06:06.013 Idle Error: Neighbor lost 
1782554771464|state=NotEstablished|BIRD 2.0.8 ready. Name Proto Table State Since Info r9 BGP --- start 10:06:06.013 Idle Error: Neighbor lost 
1782554771604|state=NotEstablished|BIRD 2.0.8 ready. Name Proto Table State Since Info r9 BGP --- start 10:06:06.013 Idle Error: Neighbor lost 
1782554771744|state=NotEstablished|BIRD 2.0.8 ready. Name Proto Table State Since Info r9 BGP --- start 10:06:06.013 Idle Error: Neighbor lost 
1782554771881|state=NotEstablished|BIRD 2.0.8 ready. Name Proto Table State Since Info r9 BGP --- start 10:06:06.013 Idle Error: Neighbor lost 
1782554772019|state=NotEstablished|BIRD 2.0.8 ready. Name Proto Table State Since Info r9 BGP --- start 10:06:06.013 Idle Error: Neighbor lost 
1782554772152|state=NotEstablished|BIRD 2.0.8 ready. Name Proto Table State Since Info r9 BGP --- start 10:06:06.013 Idle Error: Neighbor lost 
1782554772290|state=NotEstablished|BIRD 2.0.8 ready. Name Proto Table State Since Info r9 BGP --- start 10:06:06.013 Idle Error: Neighbor lost 
1782554772427|state=NotEstablished|BIRD 2.0.8 ready. Name Proto Table State Since Info r9 BGP --- start 10:06:06.013 Idle Error: Neighbor lost 
1782554772572|state=NotEstablished|BIRD 2.0.8 ready. Name Proto Table State Since Info r9 BGP --- start 10:06:06.013 Idle Error: Neighbor lost 
1782554772708|state=NotEstablished|BIRD 2.0.8 ready. Name Proto Table State Since Info r9 BGP --- start 10:06:06.013 Idle Error: Neighbor lost 
1782554772857|state=NotEstablished|BIRD 2.0.8 ready. Name Proto Table State Since Info r9 BGP --- start 10:06:06.013 Idle Error: Neighbor lost 
1782554772991|state=NotEstablished|BIRD 2.0.8 ready. Name Proto Table State Since Info r9 BGP --- start 10:06:06.013 Idle Error: Neighbor lost 
1782554773130|state=NotEstablished|BIRD 2.0.8 ready. Name Proto Table State Since Info r9 BGP --- start 10:06:06.013 Idle Error: Neighbor lost 
1782554773264|state=NotEstablished|BIRD 2.0.8 ready. Name Proto Table State Since Info r9 BGP --- start 10:06:06.013 Idle Error: Neighbor lost 
1782554773404|state=NotEstablished|BIRD 2.0.8 ready. Name Proto Table State Since Info r9 BGP --- start 10:06:06.013 Idle Error: Neighbor lost 
1782554773541|state=NotEstablished|BIRD 2.0.8 ready. Name Proto Table State Since Info r9 BGP --- start 10:06:06.013 Idle Error: Neighbor lost 
1782554773674|state=NotEstablished|BIRD 2.0.8 ready. Name Proto Table State Since Info r9 BGP --- start 10:06:06.013 Idle Error: Neighbor lost 
1782554773811|state=NotEstablished|BIRD 2.0.8 ready. Name Proto Table State Since Info r9 BGP --- start 10:06:06.013 Idle Error: Neighbor lost 
1782554773949|state=NotEstablished|BIRD 2.0.8 ready. Name Proto Table State Since Info r9 BGP --- start 10:06:06.013 Idle Error: Neighbor lost 
1782554774094|state=NotEstablished|BIRD 2.0.8 ready. Name Proto Table State Since Info r9 BGP --- start 10:06:06.013 Active Error: Neighbor lost 
1782554774241|state=NotEstablished|BIRD 2.0.8 ready. Name Proto Table State Since Info r9 BGP --- start 10:06:06.013 Active Error: Neighbor lost 
1782554774387|state=NotEstablished|BIRD 2.0.8 ready. Name Proto Table State Since Info r9 BGP --- start 10:06:06.013 Active Error: Neighbor lost 
1782554774529|state=NotEstablished|BIRD 2.0.8 ready. Name Proto Table State Since Info r9 BGP --- start 10:06:06.013 Active Error: Neighbor lost 
1782554774677|state=NotEstablished|BIRD 2.0.8 ready. Name Proto Table State Since Info r9 BGP --- start 10:06:06.013 Active Error: Neighbor lost 
1782554774824|state=NotEstablished|BIRD 2.0.8 ready. Name Proto Table State Since Info r9 BGP --- start 10:06:06.013 Active Error: Neighbor lost 
1782554774962|state=NotEstablished|BIRD 2.0.8 ready. Name Proto Table State Since Info r9 BGP --- start 10:06:06.013 Active Error: Neighbor lost 
1782554775103|state=NotEstablished|BIRD 2.0.8 ready. Name Proto Table State Since Info r9 BGP --- start 10:06:06.013 Active Error: Neighbor lost 
1782554775239|state=NotEstablished|BIRD 2.0.8 ready. Name Proto Table State Since Info r9 BGP --- start 10:06:06.013 Active Error: Neighbor lost 
1782554775382|state=NotEstablished|BIRD 2.0.8 ready. Name Proto Table State Since Info r9 BGP --- start 10:06:06.013 Active Error: Neighbor lost 
1782554775524|state=NotEstablished|BIRD 2.0.8 ready. Name Proto Table State Since Info r9 BGP --- start 10:06:06.013 Active Error: Neighbor lost 
1782554775658|state=NotEstablished|BIRD 2.0.8 ready. Name Proto Table State Since Info r9 BGP --- start 10:06:06.013 Active Error: Neighbor lost 
1782554775799|state=NotEstablished|BIRD 2.0.8 ready. Name Proto Table State Since Info r9 BGP --- start 10:06:06.013 Active Error: Neighbor lost 
1782554775936|state=NotEstablished|BIRD 2.0.8 ready. Name Proto Table State Since Info r9 BGP --- start 10:06:06.013 Active Error: Neighbor lost 
1782554776075|state=NotEstablished|BIRD 2.0.8 ready. Name Proto Table State Since Info r9 BGP --- start 10:06:06.013 Active Error: Neighbor lost 
1782554776215|state=NotEstablished|BIRD 2.0.8 ready. Name Proto Table State Since Info r9 BGP --- start 10:06:06.013 Active Error: Neighbor lost 
1782554776356|state=NotEstablished|BIRD 2.0.8 ready. Name Proto Table State Since Info r9 BGP --- start 10:06:06.013 Active Error: Neighbor lost 
1782554776493|state=NotEstablished|BIRD 2.0.8 ready. Name Proto Table State Since Info r9 BGP --- start 10:06:06.013 Active Error: Neighbor lost 
1782554776632|state=NotEstablished|BIRD 2.0.8 ready. Name Proto Table State Since Info r9 BGP --- start 10:06:06.013 Active Error: Neighbor lost 
1782554776773|state=NotEstablished|BIRD 2.0.8 ready. Name Proto Table State Since Info r9 BGP --- start 10:06:06.013 Active Error: Neighbor lost 
1782554776913|state=NotEstablished|BIRD 2.0.8 ready. Name Proto Table State Since Info r9 BGP --- start 10:06:06.013 Active Error: Neighbor lost 
1782554777052|state=NotEstablished|BIRD 2.0.8 ready. Name Proto Table State Since Info r9 BGP --- start 10:06:06.013 Active Error: Neighbor lost 
1782554777186|state=NotEstablished|BIRD 2.0.8 ready. Name Proto Table State Since Info r9 BGP --- start 10:06:06.013 Active Error: Neighbor lost 
1782554777325|state=NotEstablished|BIRD 2.0.8 ready. Name Proto Table State Since Info r9 BGP --- start 10:06:06.013 Active Error: Neighbor lost 
1782554777464|state=NotEstablished|BIRD 2.0.8 ready. Name Proto Table State Since Info r9 BGP --- start 10:06:06.013 Active Error: Neighbor lost 
1782554777602|state=NotEstablished|BIRD 2.0.8 ready. Name Proto Table State Since Info r9 BGP --- start 10:06:06.013 Active Error: Neighbor lost 
1782554777736|state=NotEstablished|BIRD 2.0.8 ready. Name Proto Table State Since Info r9 BGP --- start 10:06:06.013 Active Error: Neighbor lost 
1782554777866|state=NotEstablished|BIRD 2.0.8 ready. Name Proto Table State Since Info r9 BGP --- start 10:06:06.013 Active Error: Neighbor lost 
1782554777999|state=NotEstablished|BIRD 2.0.8 ready. Name Proto Table State Since Info r9 BGP --- start 10:06:06.013 Active Error: Neighbor lost 
1782554778134|state=NotEstablished|BIRD 2.0.8 ready. Name Proto Table State Since Info r9 BGP --- start 10:06:06.013 Active Error: Neighbor lost 
1782554778272|state=NotEstablished|BIRD 2.0.8 ready. Name Proto Table State Since Info r9 BGP --- start 10:06:06.013 Active Socket: Connection reset by peer 
1782554778395|state=NotEstablished|BIRD 2.0.8 ready. Name Proto Table State Since Info r9 BGP --- start 10:06:06.013 Active Socket: Connection reset by peer 
1782554778526|state=NotEstablished|BIRD 2.0.8 ready. Name Proto Table State Since Info r9 BGP --- start 10:06:06.013 Active Socket: Connection reset by peer 
1782554778653|state=NotEstablished|BIRD 2.0.8 ready. Name Proto Table State Since Info r9 BGP --- start 10:06:06.013 Active Socket: Connection reset by peer 
1782554778783|state=NotEstablished|BIRD 2.0.8 ready. Name Proto Table State Since Info r9 BGP --- start 10:06:06.013 Active Socket: Connection reset by peer 
1782554778913|state=NotEstablished|BIRD 2.0.8 ready. Name Proto Table State Since Info r9 BGP --- start 10:06:06.013 Active Socket: Connection reset by peer 
1782554779053|state=NotEstablished|BIRD 2.0.8 ready. Name Proto Table State Since Info r9 BGP --- start 10:06:06.013 Active Socket: Connection reset by peer 
1782554779168|state=NotEstablished|BIRD 2.0.8 ready. Name Proto Table State Since Info r9 BGP --- start 10:06:06.013 Active Socket: Connection reset by peer 
1782554779281|state=NotEstablished|BIRD 2.0.8 ready. Name Proto Table State Since Info r9 BGP --- start 10:06:06.013 Active Socket: Connection reset by peer 
1782554779395|state=NotEstablished|BIRD 2.0.8 ready. Name Proto Table State Since Info r9 BGP --- start 10:06:06.013 Active Socket: Connection reset by peer 
1782554779514|state=NotEstablished|BIRD 2.0.8 ready. Name Proto Table State Since Info r9 BGP --- start 10:06:06.014 Active Socket: Connection reset by peer 
1782554779643|state=NotEstablished|BIRD 2.0.8 ready. Name Proto Table State Since Info r9 BGP --- start 10:06:06.013 Active Socket: Connection reset by peer 
1782554779777|state=NotEstablished|BIRD 2.0.8 ready. Name Proto Table State Since Info r9 BGP --- start 10:06:06.013 Active Socket: Connection reset by peer 
1782554779889|state=NotEstablished|BIRD 2.0.8 ready. Name Proto Table State Since Info r9 BGP --- start 10:06:06.013 Active Socket: Connection reset by peer 
1782554780005|state=NotEstablished|BIRD 2.0.8 ready. Name Proto Table State Since Info r9 BGP --- start 10:06:06.013 Active Socket: Connection reset by peer 
1782554780120|state=NotEstablished|BIRD 2.0.8 ready. Name Proto Table State Since Info r9 BGP --- start 10:06:06.013 Active Socket: Connection reset by peer 
1782554780231|state=NotEstablished|BIRD 2.0.8 ready. Name Proto Table State Since Info r9 BGP --- start 10:06:06.013 Active Socket: Connection reset by peer 
1782554780363|state=NotEstablished|BIRD 2.0.8 ready. Name Proto Table State Since Info r9 BGP --- start 10:06:06.013 Active Socket: Connection reset by peer 
1782554780496|state=NotEstablished|BIRD 2.0.8 ready. Name Proto Table State Since Info r9 BGP --- start 10:06:06.013 Active Socket: Connection reset by peer 
1782554780629|state=NotEstablished|BIRD 2.0.8 ready. Name Proto Table State Since Info r9 BGP --- start 10:06:06.013 Active Socket: Connection reset by peer 
1782554780761|state=NotEstablished|BIRD 2.0.8 ready. Name Proto Table State Since Info r9 BGP --- start 10:06:06.013 Active Socket: Connection reset by peer 
1782554780899|state=NotEstablished|BIRD 2.0.8 ready. Name Proto Table State Since Info r9 BGP --- start 10:06:06.013 Active Socket: Connection reset by peer 
1782554781012|state=NotEstablished|BIRD 2.0.8 ready. Name Proto Table State Since Info r9 BGP --- start 10:06:06.013 Active Socket: Connection reset by peer 
1782554781127|state=NotEstablished|BIRD 2.0.8 ready. Name Proto Table State Since Info r9 BGP --- start 10:06:06.013 Active Socket: Connection reset by peer 
1782554781242|state=NotEstablished|BIRD 2.0.8 ready. Name Proto Table State Since Info r9 BGP --- start 10:06:06.013 Active Socket: Connection reset by peer 
1782554781381|state=NotEstablished|BIRD 2.0.8 ready. Name Proto Table State Since Info r9 BGP --- start 10:06:06.013 Active Socket: Connection reset by peer 
1782554781515|state=NotEstablished|BIRD 2.0.8 ready. Name Proto Table State Since Info r9 BGP --- start 10:06:06.013 Active Socket: Connection reset by peer 
1782554781642|state=NotEstablished|BIRD 2.0.8 ready. Name Proto Table State Since Info r9 BGP --- start 10:06:06.013 Active Socket: Connection reset by peer 
1782554781766|state=NotEstablished|BIRD 2.0.8 ready. Name Proto Table State Since Info r9 BGP --- start 10:06:06.013 Active Socket: Connection reset by peer 
1782554781890|state=NotEstablished|BIRD 2.0.8 ready. Name Proto Table State Since Info r9 BGP --- start 10:06:06.013 Active Socket: Connection reset by peer 
1782554782017|state=NotEstablished|BIRD 2.0.8 ready. Name Proto Table State Since Info r9 BGP --- start 10:06:06.013 Active Socket: Connection reset by peer 
1782554782142|state=NotEstablished|BIRD 2.0.8 ready. Name Proto Table State Since Info r9 BGP --- start 10:06:06.013 Active Socket: Connection reset by peer 
1782554782259|state=NotEstablished|BIRD 2.0.8 ready. Name Proto Table State Since Info r9 BGP --- start 10:06:06.013 Active Socket: Connection reset by peer 
1782554782382|state=NotEstablished|BIRD 2.0.8 ready. Name Proto Table State Since Info r9 BGP --- start 10:06:06.013 Active Socket: Connection reset by peer 
1782554782508|state=NotEstablished|BIRD 2.0.8 ready. Name Proto Table State Since Info r9 BGP --- start 10:06:06.013 Active Socket: Connection reset by peer 
1782554782637|state=NotEstablished|BIRD 2.0.8 ready. Name Proto Table State Since Info r9 BGP --- start 10:06:06.013 Active Socket: Connection reset by peer 
1782554782761|state=NotEstablished|BIRD 2.0.8 ready. Name Proto Table State Since Info r9 BGP --- start 10:06:06.013 Active Socket: Connection reset by peer 
1782554782884|state=NotEstablished|BIRD 2.0.8 ready. Name Proto Table State Since Info r9 BGP --- start 10:06:06.013 Active Socket: Connection closed 
1782554783005|state=NotEstablished|BIRD 2.0.8 ready. Name Proto Table State Since Info r9 BGP --- start 10:06:06.013 Active Socket: Connection closed 
1782554783132|state=NotEstablished|BIRD 2.0.8 ready. Name Proto Table State Since Info r9 BGP --- start 10:06:06.013 Active Socket: Connection closed 
1782554783260|state=NotEstablished|BIRD 2.0.8 ready. Name Proto Table State Since Info r9 BGP --- start 10:06:06.013 Active Socket: Connection closed 
1782554783391|state=NotEstablished|BIRD 2.0.8 ready. Name Proto Table State Since Info r9 BGP --- start 10:06:06.013 Active Socket: Connection closed 
1782554783521|state=NotEstablished|BIRD 2.0.8 ready. Name Proto Table State Since Info r9 BGP --- start 10:06:06.013 Active Socket: Connection closed 
1782554783656|state=NotEstablished|BIRD 2.0.8 ready. Name Proto Table State Since Info r9 BGP --- start 10:06:06.013 Active Socket: Connection closed 
1782554783783|state=NotEstablished|BIRD 2.0.8 ready. Name Proto Table State Since Info r9 BGP --- start 10:06:06.013 Active Socket: Connection closed 
1782554783925|state=NotEstablished|BIRD 2.0.8 ready. Name Proto Table State Since Info r9 BGP --- start 10:06:06.013 Active Socket: Connection closed 
1782554784048|state=NotEstablished|BIRD 2.0.8 ready. Name Proto Table State Since Info r9 BGP --- start 10:06:06.013 Active Socket: Connection closed 
1782554784181|state=NotEstablished|BIRD 2.0.8 ready. Name Proto Table State Since Info r9 BGP --- start 10:06:06.013 Active Socket: Connection closed 
1782554784314|state=NotEstablished|BIRD 2.0.8 ready. Name Proto Table State Since Info r9 BGP --- start 10:06:06.013 Active Socket: Connection closed 
1782554784448|state=NotEstablished|BIRD 2.0.8 ready. Name Proto Table State Since Info r9 BGP --- start 10:06:06.013 Active Socket: Connection closed 
1782554784574|state=NotEstablished|BIRD 2.0.8 ready. Name Proto Table State Since Info r9 BGP --- start 10:06:06.013 Active Socket: Connection closed 
1782554784727|state=NotEstablished|BIRD 2.0.8 ready. Name Proto Table State Since Info r9 BGP --- start 10:06:06.013 Active Socket: Connection closed 
1782554784851|state=NotEstablished|BIRD 2.0.8 ready. Name Proto Table State Since Info r9 BGP --- start 10:06:06.013 Active Socket: Connection closed 
1782554784980|state=NotEstablished|BIRD 2.0.8 ready. Name Proto Table State Since Info r9 BGP --- start 10:06:06.013 Active Socket: Connection closed 
1782554785112|state=NotEstablished|BIRD 2.0.8 ready. Name Proto Table State Since Info r9 BGP --- start 10:06:06.013 Active Socket: Connection closed 
1782554785247|state=NotEstablished|BIRD 2.0.8 ready. Name Proto Table State Since Info r9 BGP --- start 10:06:06.013 Active Socket: Connection closed 
1782554785377|state=NotEstablished|BIRD 2.0.8 ready. Name Proto Table State Since Info r9 BGP --- start 10:06:06.013 Active Socket: Connection closed 
1782554785515|state=NotEstablished|BIRD 2.0.8 ready. Name Proto Table State Since Info r9 BGP --- start 10:06:06.013 Active Socket: Connection closed 
1782554785650|state=NotEstablished|BIRD 2.0.8 ready. Name Proto Table State Since Info r9 BGP --- start 10:06:06.013 Active Socket: Connection closed 
1782554785786|state=NotEstablished|BIRD 2.0.8 ready. Name Proto Table State Since Info r9 BGP --- start 10:06:06.013 Active Socket: Connection closed 
1782554785919|state=NotEstablished|BIRD 2.0.8 ready. Name Proto Table State Since Info r9 BGP --- start 10:06:06.013 Active Socket: Connection closed 
1782554786035|state=NotEstablished|BIRD 2.0.8 ready. Name Proto Table State Since Info r9 BGP --- start 10:06:06.013 Active Socket: Connection closed 
1782554786144|state=NotEstablished|BIRD 2.0.8 ready. Name Proto Table State Since Info r9 BGP --- start 10:06:06.013 Active Socket: Connection closed 
1782554786256|state=NotEstablished|BIRD 2.0.8 ready. Name Proto Table State Since Info r9 BGP --- start 10:06:06.013 Active Socket: Connection closed 
1782554786370|state=NotEstablished|BIRD 2.0.8 ready. Name Proto Table State Since Info r9 BGP --- start 10:06:06.013 Active Socket: Connection closed 
1782554786498|state=NotEstablished|BIRD 2.0.8 ready. Name Proto Table State Since Info r9 BGP --- start 10:06:06.013 Active Socket: Connection closed 
1782554786636|state=NotEstablished|BIRD 2.0.8 ready. Name Proto Table State Since Info r9 BGP --- start 10:06:06.013 Active Socket: Connection closed 
1782554786766|state=NotEstablished|BIRD 2.0.8 ready. Name Proto Table State Since Info r9 BGP --- start 10:06:06.013 Active Socket: Connection closed 
1782554786899|state=NotEstablished|BIRD 2.0.8 ready. Name Proto Table State Since Info r9 BGP --- start 10:06:06.013 Active Socket: Connection closed 
1782554787035|state=NotEstablished|BIRD 2.0.8 ready. Name Proto Table State Since Info r9 BGP --- start 10:06:06.013 Active Socket: Connection closed 
1782554787172|state=NotEstablished|BIRD 2.0.8 ready. Name Proto Table State Since Info r9 BGP --- start 10:06:06.013 Active Socket: Connection closed 
1782554787310|state=NotEstablished|BIRD 2.0.8 ready. Name Proto Table State Since Info r9 BGP --- start 10:06:06.013 Active Socket: Connection closed 
1782554787449|state=NotEstablished|BIRD 2.0.8 ready. Name Proto Table State Since Info r9 BGP --- start 10:06:06.013 Active Socket: Connection closed 
1782554787592|state=NotEstablished|BIRD 2.0.8 ready. Name Proto Table State Since Info r9 BGP --- start 10:06:06.013 Active Socket: Connection reset by peer 
1782554787733|state=NotEstablished|BIRD 2.0.8 ready. Name Proto Table State Since Info r9 BGP --- start 10:06:06.013 Active Socket: Connection reset by peer 
1782554787875|state=NotEstablished|BIRD 2.0.8 ready. Name Proto Table State Since Info r9 BGP --- start 10:06:06.013 Active Socket: Connection reset by peer 
1782554788014|state=NotEstablished|BIRD 2.0.8 ready. Name Proto Table State Since Info r9 BGP --- start 10:06:06.013 Active Socket: Connection reset by peer 
1782554788156|state=NotEstablished|BIRD 2.0.8 ready. Name Proto Table State Since Info r9 BGP --- start 10:06:06.014 Active Socket: Connection reset by peer 
1782554788296|state=NotEstablished|BIRD 2.0.8 ready. Name Proto Table State Since Info r9 BGP --- start 10:06:06.013 Active Socket: Connection reset by peer 
1782554788444|state=NotEstablished|BIRD 2.0.8 ready. Name Proto Table State Since Info r9 BGP --- start 10:06:06.013 Active Socket: Connection reset by peer 
1782554788584|state=NotEstablished|BIRD 2.0.8 ready. Name Proto Table State Since Info r9 BGP --- start 10:06:06.013 Active Socket: Connection reset by peer 
1782554788721|state=NotEstablished|BIRD 2.0.8 ready. Name Proto Table State Since Info r9 BGP --- start 10:06:06.013 Active Socket: Connection reset by peer 
1782554788863|state=NotEstablished|BIRD 2.0.8 ready. Name Proto Table State Since Info r9 BGP --- start 10:06:06.013 Active Socket: Connection reset by peer 
1782554789007|state=NotEstablished|BIRD 2.0.8 ready. Name Proto Table State Since Info r9 BGP --- start 10:06:06.013 Active Socket: Connection reset by peer 
1782554789144|state=NotEstablished|BIRD 2.0.8 ready. Name Proto Table State Since Info r9 BGP --- start 10:06:06.013 Active Socket: Connection reset by peer 
1782554789291|state=NotEstablished|BIRD 2.0.8 ready. Name Proto Table State Since Info r9 BGP --- start 10:06:06.013 Active Socket: Connection reset by peer 
1782554789433|state=NotEstablished|BIRD 2.0.8 ready. Name Proto Table State Since Info r9 BGP --- start 10:06:06.013 Active Socket: Connection reset by peer 
1782554789570|state=NotEstablished|BIRD 2.0.8 ready. Name Proto Table State Since Info r9 BGP --- start 10:06:06.013 Active Socket: Connection reset by peer 
1782554789724|state=NotEstablished|BIRD 2.0.8 ready. Name Proto Table State Since Info r9 BGP --- start 10:06:06.013 Active Socket: Connection reset by peer 
1782554789882|state=NotEstablished|BIRD 2.0.8 ready. Name Proto Table State Since Info r9 BGP --- start 10:06:06.013 Active Socket: Connection reset by peer 
1782554790050|state=NotEstablished|BIRD 2.0.8 ready. Name Proto Table State Since Info r9 BGP --- start 10:06:06.013 Active Socket: Connection reset by peer 
1782554790208|state=NotEstablished|BIRD 2.0.8 ready. Name Proto Table State Since Info r9 BGP --- start 10:06:06.013 Active Socket: Connection reset by peer 
1782554790349|state=NotEstablished|BIRD 2.0.8 ready. Name Proto Table State Since Info r9 BGP --- start 10:06:06.013 Active Socket: Connection reset by peer 
1782554790500|state=NotEstablished|BIRD 2.0.8 ready. Name Proto Table State Since Info r9 BGP --- start 10:06:06.013 Active Socket: Connection reset by peer 
1782554790630|state=NotEstablished|BIRD 2.0.8 ready. Name Proto Table State Since Info r9 BGP --- start 10:06:06.013 Active Socket: Connection reset by peer 
1782554790771|state=NotEstablished|BIRD 2.0.8 ready. Name Proto Table State Since Info r9 BGP --- start 10:06:06.013 Active Socket: Connection reset by peer 
1782554790911|state=NotEstablished|BIRD 2.0.8 ready. Name Proto Table State Since Info r9 BGP --- start 10:06:06.013 Active Socket: Connection reset by peer 
1782554791048|state=NotEstablished|BIRD 2.0.8 ready. Name Proto Table State Since Info r9 BGP --- start 10:06:06.013 Active Socket: Connection reset by peer 
1782554791188|state=NotEstablished|BIRD 2.0.8 ready. Name Proto Table State Since Info r9 BGP --- start 10:06:06.013 Active Socket: Connection reset by peer 
1782554791332|state=NotEstablished|BIRD 2.0.8 ready. Name Proto Table State Since Info r9 BGP --- start 10:06:06.013 Active Socket: Connection reset by peer 
1782554791485|state=NotEstablished|BIRD 2.0.8 ready. Name Proto Table State Since Info r9 BGP --- start 10:06:06.013 Active Socket: Connection reset by peer 
1782554791627|state=NotEstablished|BIRD 2.0.8 ready. Name Proto Table State Since Info r9 BGP --- start 10:06:06.013 Active Socket: Connection reset by peer 
1782554791764|state=NotEstablished|BIRD 2.0.8 ready. Name Proto Table State Since Info r9 BGP --- start 10:06:06.013 Active Socket: Connection reset by peer 
1782554791931|state=NotEstablished|BIRD 2.0.8 ready. Name Proto Table State Since Info r9 BGP --- start 10:06:06.013 Active Socket: Connection reset by peer 
1782554792067|state=NotEstablished|BIRD 2.0.8 ready. Name Proto Table State Since Info r9 BGP --- start 10:06:06.013 Active Socket: Connection reset by peer 
1782554792208|state=NotEstablished|BIRD 2.0.8 ready. Name Proto Table State Since Info r9 BGP --- start 10:06:06.013 Active Socket: Connection reset by peer 
1782554792351|state=NotEstablished|BIRD 2.0.8 ready. Name Proto Table State Since Info r9 BGP --- start 10:06:06.013 Active Socket: Connection reset by peer 
1782554792487|state=NotEstablished|BIRD 2.0.8 ready. Name Proto Table State Since Info r9 BGP --- start 10:06:06.013 Active Socket: Connection reset by peer 
1782554792621|state=NotEstablished|BIRD 2.0.8 ready. Name Proto Table State Since Info r9 BGP --- start 10:06:06.013 Active Socket: Connection reset by peer 
1782554792761|state=NotEstablished|BIRD 2.0.8 ready. Name Proto Table State Since Info r9 BGP --- start 10:06:06.013 Active Socket: Connection reset by peer 
1782554792896|state=NotEstablished|BIRD 2.0.8 ready. Name Proto Table State Since Info r9 BGP --- start 10:06:06.013 Active Socket: Connection reset by peer 
1782554793034|state=NotEstablished|BIRD 2.0.8 ready. Name Proto Table State Since Info r9 BGP --- start 10:06:06.013 Active Socket: Connection reset by peer 
1782554793169|state=NotEstablished|BIRD 2.0.8 ready. Name Proto Table State Since Info r9 BGP --- start 10:06:06.013 Active Socket: Connection reset by peer 
1782554793305|state=NotEstablished|BIRD 2.0.8 ready. Name Proto Table State Since Info r9 BGP --- start 10:06:06.013 Active Socket: Connection reset by peer 
1782554793450|state=NotEstablished|BIRD 2.0.8 ready. Name Proto Table State Since Info r9 BGP --- start 10:06:06.013 Active Socket: Connection reset by peer 
1782554793596|state=NotEstablished|BIRD 2.0.8 ready. Name Proto Table State Since Info r9 BGP --- start 10:06:06.013 Active Socket: Connection reset by peer 
1782554793744|state=NotEstablished|BIRD 2.0.8 ready. Name Proto Table State Since Info r9 BGP --- start 10:06:06.013 Active Socket: Connection reset by peer 
1782554793902|state=NotEstablished|BIRD 2.0.8 ready. Name Proto Table State Since Info r9 BGP --- start 10:06:06.013 Active Socket: Connection reset by peer 
1782554794052|state=NotEstablished|BIRD 2.0.8 ready. Name Proto Table State Since Info r9 BGP --- start 10:06:06.013 Active Socket: Connection reset by peer 
1782554794205|state=NotEstablished|BIRD 2.0.8 ready. Name Proto Table State Since Info r9 BGP --- start 10:06:06.013 Active Socket: Connection reset by peer 
1782554794352|state=NotEstablished|BIRD 2.0.8 ready. Name Proto Table State Since Info r9 BGP --- start 10:06:06.013 Active Socket: Connection reset by peer 
1782554794500|state=NotEstablished|BIRD 2.0.8 ready. Name Proto Table State Since Info r9 BGP --- start 10:06:06.013 Active Socket: Connection reset by peer 
1782554794643|state=NotEstablished|BIRD 2.0.8 ready. Name Proto Table State Since Info r9 BGP --- start 10:06:06.013 Active Socket: Connection reset by peer 
1782554794794|state=NotEstablished|BIRD 2.0.8 ready. Name Proto Table State Since Info r9 BGP --- start 10:06:06.013 Active Socket: Connection reset by peer 
1782554794921|state=NotEstablished|BIRD 2.0.8 ready. Name Proto Table State Since Info r9 BGP --- start 10:06:06.013 Active Socket: Connection reset by peer 
1782554795055|state=NotEstablished|BIRD 2.0.8 ready. Name Proto Table State Since Info r9 BGP --- start 10:06:06.013 Active Socket: Connection reset by peer 
1782554795194|state=NotEstablished|BIRD 2.0.8 ready. Name Proto Table State Since Info r9 BGP --- start 10:06:06.013 Active Socket: Connection reset by peer 
1782554795333|state=NotEstablished|BIRD 2.0.8 ready. Name Proto Table State Since Info r9 BGP --- start 10:06:06.013 Active Socket: Connection reset by peer 
