1782730938193|state=Missing|
1782730938327|state=Missing|
1782730938440|state=Missing|
1782730938551|state=Missing|
1782730938665|state=Missing|
1782730938784|state=Missing|
1782730938899|state=Missing|
1782730939010|state=Missing|
1782730939127|state=Missing|
1782730939254|state=Missing|
1782730939373|state=Missing|
1782730939483|state=Missing|
1782730939602|state=Missing|
1782730939707|state=Missing|
1782730939820|state=Missing|
1782730939925|state=Missing|
1782730940034|state=Missing|
1782730940146|state=Missing|
1782730940261|state=Missing|
1782730940367|state=Missing|
1782730940471|state=Missing|
1782730940595|state=Missing|
1782730940703|state=Missing|
1782730940824|state=Missing|
1782730940948|state=Missing|
1782730941063|state=Missing|
1782730941174|state=Missing|
1782730941278|state=Missing|
1782730941384|state=Missing|
1782730941498|state=Missing|
1782730941610|state=Missing|
1782730941727|state=Missing|
1782730941854|state=Missing|
1782730941969|state=Missing|
1782730942080|state=Missing|
1782730942191|state=Missing|
1782730942310|state=Missing|
1782730942431|state=Missing|
1782730942544|state=Missing|
1782730942657|state=Missing|
1782730942767|state=Missing|
1782730942890|state=Missing|
1782730943002|state=Missing|
1782730943120|state=Missing|
1782730943229|state=Missing|
1782730943342|state=Missing|
1782730943454|state=Missing|
1782730943578|state=Missing|
1782730943691|state=Missing|
1782730943799|state=Missing|
1782730943906|state=Missing|
1782730944019|state=Missing|
1782730944126|state=Missing|
1782730944240|state=Missing|
1782730944349|state=Missing|
1782730944463|state=Missing|
1782730944588|state=Missing|
1782730944713|state=Missing|
1782730944833|state=Missing|
1782730944949|state=Missing|
1782730945058|state=Missing|
1782730945169|state=Missing|
1782730945282|state=Missing|
1782730945395|state=Missing|
1782730945514|state=Missing|
1782730945637|state=Missing|
1782730945751|state=Missing|
1782730945864|state=Missing|
1782730945979|state=Missing|
1782730946103|state=Missing|
1782730946212|state=Missing|
1782730946325|state=Missing|
1782730946434|state=Missing|
1782730946548|state=Missing|
1782730946656|state=Missing|
1782730946774|state=Missing|
1782730946886|state=Missing|
1782730947000|state=Missing|
1782730947115|state=Missing|
1782730947228|state=Missing|
1782730947347|state=Missing|
1782730947453|state=Missing|
1782730947571|state=Missing|
1782730947685|state=Missing|
1782730947797|state=Missing|
1782730947907|state=Missing|
1782730948022|state=Missing|
1782730948133|state=Missing|
1782730948249|state=Missing|
1782730948369|state=Missing|
1782730948481|state=Missing|
1782730948594|state=Missing|
1782730948705|state=Missing|
1782730948817|state=Missing|
1782730948920|state=Missing|
1782730949022|state=Missing|
1782730949129|state=Missing|
1782730949248|state=Missing|
1782730949366|state=Missing|
1782730949476|state=Missing|
1782730949598|state=Missing|
1782730949704|state=Missing|
1782730949818|state=Missing|
1782730949930|state=Missing|
1782730950040|state=Missing|
1782730950163|state=Missing|
1782730950269|state=Missing|
1782730950375|state=Missing|
1782730950483|state=Missing|
1782730950591|state=Missing|
1782730950705|state=Missing|
1782730950811|state=Missing|
1782730950924|state=Missing|
1782730951032|state=Missing|
1782730951148|state=Missing|
1782730951259|state=Missing|
1782730951361|state=Missing|
1782730951470|state=Missing|
1782730951579|state=Missing|
1782730951691|state=Missing|
1782730951799|state=Missing|
1782730951904|state=Missing|
1782730952018|state=Missing|
1782730952131|state=Missing|
1782730952249|state=Missing|
1782730952362|state=Missing|
1782730952465|state=Missing|
1782730952584|state=Missing|
1782730952703|state=Missing|
1782730952811|state=Missing|
1782730952919|state=Missing|
1782730953031|state=Missing|
1782730953136|state=Missing|
1782730953244|state=Missing|
1782730953345|state=Missing|
1782730953451|state=Missing|
1782730953554|state=Missing|
1782730953658|state=Missing|
1782730953771|state=Missing|
1782730953884|state=Missing|
1782730953993|state=Missing|
1782730954101|state=Missing|
1782730954219|state=Missing|
1782730954337|state=Missing|
1782730954454|state=Missing|
1782730954566|state=Missing|
1782730954679|state=Missing|
1782730954790|state=Missing|
1782730954902|state=Missing|
1782730955008|state=Missing|
1782730955114|state=Missing|
1782730955230|state=Missing|
1782730955338|state=Missing|
1782730955450|state=Missing|
1782730955569|state=Missing|
1782730955677|state=Missing|
1782730955791|state=Missing|
1782730955897|state=Missing|
1782730956011|state=Missing|
1782730956121|state=Missing|
1782730956236|state=Missing|
1782730956346|state=Missing|
1782730956460|state=Missing|
1782730956582|state=Missing|
1782730956693|state=Missing|
1782730956806|state=Missing|
1782730956925|state=Missing|
1782730957042|state=Missing|
1782730957158|state=Missing|
1782730957276|state=Missing|
1782730957389|state=Missing|
1782730957495|state=Missing|
1782730957611|state=Missing|
1782730957723|state=Missing|
1782730957836|state=Missing|
1782730957942|state=Missing|
1782730958056|state=Missing|
1782730958170|state=Missing|
1782730958283|state=Missing|
1782730958398|state=Missing|
1782730958500|state=Missing|
1782730958615|state=Missing|
1782730958728|state=Missing|
1782730958844|state=Missing|
1782730958951|state=Missing|
1782730959055|state=Missing|
1782730959163|state=Missing|
1782730959275|state=Missing|
1782730959384|state=Missing|
1782730959499|state=Missing|
1782730959612|state=Missing|
1782730959732|state=Missing|
1782730959843|state=Missing|
1782730959959|state=Missing|
1782730960062|state=Missing|
1782730960170|state=Missing|
1782730960271|state=Missing|
1782730960394|state=Missing|
1782730960499|state=Missing|
1782730960607|state=Missing|
1782730960715|state=Missing|
1782730960814|state=Missing|
1782730960921|state=Missing|
1782730961035|state=Missing|
1782730961141|state=Missing|
1782730961246|state=Missing|
1782730961358|state=Missing|
1782730961465|state=Missing|
1782730961571|state=Missing|
1782730961679|state=Missing|
1782730961792|state=Missing|
1782730961906|state=Missing|
1782730962023|state=Missing|
1782730962131|state=Missing|
1782730962245|state=Missing|
1782730962360|state=Missing|
1782730962467|state=Missing|
1782730962579|state=Missing|
1782730962690|state=Missing|
1782730962798|state=Missing|
1782730962912|state=Missing|
1782730963022|state=Missing|
1782730963131|state=Missing|
1782730963238|state=Missing|
1782730963352|state=Missing|
1782730963458|state=Missing|
1782730963561|state=Missing|
1782730963672|state=Missing|
1782730963795|state=Missing|
1782730963905|state=Missing|
1782730964020|state=Missing|
1782730964130|state=Missing|
1782730964236|state=Missing|
1782730964343|state=Missing|
1782730964456|state=Missing|
1782730964574|state=Missing|
1782730964694|state=Missing|
1782730964803|state=Missing|
1782730964912|state=Missing|
1782730965027|state=Missing|
1782730965145|state=Missing|
1782730965257|state=Missing|
1782730965372|state=Missing|
1782730965479|state=Missing|
1782730965593|state=Missing|
1782730965706|state=Missing|
1782730965826|state=Missing|
1782730965935|state=Missing|
1782730966044|state=Missing|
1782730966156|state=Missing|
1782730966275|state=Missing|
1782730966391|state=Missing|
1782730966506|state=Missing|
1782730966622|state=Missing|
1782730966733|state=Missing|
1782730966844|state=Missing|
1782730966960|state=Missing|
1782730967083|state=Missing|
1782730967199|state=Missing|
1782730967312|state=Missing|
1782730967424|state=Missing|
1782730967539|state=Missing|
1782730967651|state=Missing|
1782730967755|state=Missing|
1782730967874|state=Missing|
1782730967990|state=Missing|
1782730968098|state=Missing|
1782730968204|state=Missing|
1782730968317|state=Missing|
1782730968438|state=Missing|
1782730968550|state=Missing|
1782730968664|state=Missing|
1782730968777|state=Missing|
1782730968894|state=Missing|
1782730969002|state=Missing|
1782730969117|state=Missing|
1782730969230|state=Missing|
1782730969346|state=Missing|
1782730969455|state=Missing|
1782730969565|state=Missing|
1782730969679|state=Missing|
1782730969794|state=Missing|
1782730969908|state=Missing|
1782730970033|state=Missing|
1782730970145|state=Missing|
1782730970254|state=Missing|
1782730970362|state=Missing|
1782730970475|state=Missing|
1782730970585|state=Missing|
1782730970695|state=Missing|
1782730970800|state=Missing|
1782730970920|state=Missing|
1782730971027|state=Missing|
1782730971136|state=Missing|
1782730971243|state=Missing|
1782730971350|state=Missing|
1782730971453|state=Missing|
1782730971564|state=Missing|
