1782325174951|state=Missing|
1782325175123|state=Missing|
1782325175261|state=Missing|
1782325175399|state=Missing|
1782325175539|state=Missing|
1782325175682|state=Missing|
1782325175811|state=Missing|
1782325175953|state=Missing|
1782325176100|state=Missing|
1782325176244|state=Missing|
1782325176395|state=Missing|
1782325176531|state=Missing|
1782325176674|state=Missing|
1782325176817|state=Missing|
1782325176947|state=Missing|
1782325177092|state=Missing|
1782325177226|state=Missing|
1782325177361|state=Missing|
1782325177499|state=Missing|
1782325177644|state=Missing|
1782325177789|state=Missing|
1782325177922|state=Missing|
1782325178049|state=Missing|
1782325178180|state=Missing|
1782325178308|state=Missing|
1782325178426|state=Missing|
1782325178562|state=Missing|
1782325178704|state=Missing|
1782325178842|state=Missing|
1782325178978|state=Missing|
1782325179110|state=Missing|
1782325179249|state=Missing|
1782325179379|state=Missing|
1782325179511|state=Missing|
1782325179652|state=Missing|
1782325179798|state=Missing|
1782325179965|state=Missing|
1782325180090|state=Missing|
1782325180212|state=Missing|
1782325180338|state=Missing|
1782325180475|state=Missing|
1782325180602|state=Missing|
1782325180741|state=Missing|
1782325180877|state=Missing|
1782325181013|state=Missing|
1782325181148|state=Missing|
1782325181286|state=Missing|
1782325181419|state=Missing|
1782325181557|state=Missing|
1782325181704|state=Missing|
1782325181842|state=Missing|
1782325181988|state=Missing|
1782325182126|state=Missing|
1782325182271|state=Missing|
1782325182408|state=Missing|
1782325182542|state=Missing|
1782325182683|state=Missing|
1782325182824|state=Missing|
1782325182970|state=Missing|
1782325183108|state=Missing|
1782325183248|state=Missing|
1782325183387|state=Missing|
1782325183529|state=Missing|
1782325183667|state=Missing|
1782325183798|state=Missing|
1782325183942|state=Missing|
1782325184084|state=Missing|
1782325184218|state=Missing|
1782325184356|state=Missing|
1782325184490|state=Missing|
1782325184622|state=Missing|
1782325184764|state=Missing|
1782325184905|state=Missing|
1782325185043|state=Missing|
1782325185186|state=Missing|
1782325185330|state=Missing|
1782325185483|state=Missing|
1782325185629|state=Missing|
1782325185777|state=Missing|
1782325185925|state=Missing|
1782325186067|state=Missing|
1782325186204|state=Missing|
1782325186347|state=Missing|
1782325186498|state=Missing|
1782325186636|state=Missing|
1782325186772|state=Missing|
1782325186908|state=Missing|
1782325187049|state=Missing|
1782325187188|state=Missing|
1782325187330|state=Missing|
1782325187463|state=Missing|
1782325187600|state=Missing|
1782325187737|state=Missing|
1782325187884|state=Missing|
1782325188037|state=Missing|
1782325188171|state=Missing|
1782325188312|state=Missing|
1782325188450|state=Missing|
1782325188585|state=Missing|
1782325188728|state=Missing|
1782325188872|state=Missing|
1782325189007|state=Missing|
1782325189143|state=Missing|
1782325189281|state=Missing|
1782325189416|state=Missing|
1782325189556|state=Missing|
1782325189703|state=Missing|
1782325189842|state=Missing|
1782325189979|state=Missing|
1782325190129|state=Missing|
1782325190277|state=Missing|
1782325190417|state=Missing|
1782325190557|state=Missing|
1782325190699|state=Missing|
1782325190832|state=Missing|
1782325190966|state=Missing|
1782325191107|state=Missing|
