1782331185844|state=Established|BIRD 2.0.8 ready. Name Proto Table State Since Info r9 BGP --- up 19:59:31.797 Established 
1782331185970|state=Established|BIRD 2.0.8 ready. Name Proto Table State Since Info r9 BGP --- up 19:59:31.797 Established 
1782331186074|state=Established|BIRD 2.0.8 ready. Name Proto Table State Since Info r9 BGP --- up 19:59:31.797 Established 
1782331186181|state=Established|BIRD 2.0.8 ready. Name Proto Table State Since Info r9 BGP --- up 19:59:31.797 Established 
1782331186285|state=Established|BIRD 2.0.8 ready. Name Proto Table State Since Info r9 BGP --- up 19:59:31.797 Established 
1782331186441|state=Established|BIRD 2.0.8 ready. Name Proto Table State Since Info r9 BGP --- up 19:59:31.797 Established 
1782331186573|state=Established|BIRD 2.0.8 ready. Name Proto Table State Since Info r9 BGP --- up 19:59:31.797 Established 
1782331186721|state=Established|BIRD 2.0.8 ready. Name Proto Table State Since Info r9 BGP --- up 19:59:31.797 Established 
1782331186869|state=Established|BIRD 2.0.8 ready. Name Proto Table State Since Info r9 BGP --- up 19:59:31.797 Established 
1782331187004|state=Established|BIRD 2.0.8 ready. Name Proto Table State Since Info r9 BGP --- up 19:59:31.797 Established 
1782331187140|state=Established|BIRD 2.0.8 ready. Name Proto Table State Since Info r9 BGP --- up 19:59:31.797 Established 
1782331187300|state=Established|BIRD 2.0.8 ready. Name Proto Table State Since Info r9 BGP --- up 19:59:31.797 Established 
1782331187441|state=Established|BIRD 2.0.8 ready. Name Proto Table State Since Info r9 BGP --- up 19:59:31.797 Established 
1782331187584|state=Established|BIRD 2.0.8 ready. Name Proto Table State Since Info r9 BGP --- up 19:59:31.797 Established 
1782331187726|state=Established|BIRD 2.0.8 ready. Name Proto Table State Since Info r9 BGP --- up 19:59:31.797 Established 
1782331187864|state=Established|BIRD 2.0.8 ready. Name Proto Table State Since Info r9 BGP --- up 19:59:31.797 Established 
1782331188017|state=NotEstablished|BIRD 2.0.8 ready. Name Proto Table State Since Info r9 BGP --- start 19:59:48.002 Idle Error: Neighbor lost 
1782331188136|state=NotEstablished|BIRD 2.0.8 ready. Name Proto Table State Since Info r9 BGP --- start 19:59:48.002 Idle Error: Neighbor lost 
1782331188289|state=NotEstablished|BIRD 2.0.8 ready. Name Proto Table State Since Info r9 BGP --- start 19:59:48.002 Idle Error: Neighbor lost 
1782331188433|state=NotEstablished|BIRD 2.0.8 ready. Name Proto Table State Since Info r9 BGP --- start 19:59:48.002 Idle Error: Neighbor lost 
1782331188572|state=NotEstablished|BIRD 2.0.8 ready. Name Proto Table State Since Info r9 BGP --- start 19:59:48.002 Idle Error: Neighbor lost 
1782331188707|state=NotEstablished|BIRD 2.0.8 ready. Name Proto Table State Since Info r9 BGP --- start 19:59:48.002 Idle Error: Neighbor lost 
1782331188842|state=NotEstablished|BIRD 2.0.8 ready. Name Proto Table State Since Info r9 BGP --- start 19:59:48.002 Idle Error: Neighbor lost 
1782331188989|state=NotEstablished|BIRD 2.0.8 ready. Name Proto Table State Since Info r9 BGP --- start 19:59:48.002 Idle Error: Neighbor lost 
1782331189129|state=NotEstablished|BIRD 2.0.8 ready. Name Proto Table State Since Info r9 BGP --- start 19:59:48.002 Idle Error: Neighbor lost 
1782331189274|state=NotEstablished|BIRD 2.0.8 ready. Name Proto Table State Since Info r9 BGP --- start 19:59:48.002 Idle Error: Neighbor lost 
1782331189410|state=NotEstablished|BIRD 2.0.8 ready. Name Proto Table State Since Info r9 BGP --- start 19:59:48.002 Idle Error: Neighbor lost 
1782331189549|state=NotEstablished|BIRD 2.0.8 ready. Name Proto Table State Since Info r9 BGP --- start 19:59:48.002 Idle Error: Neighbor lost 
1782331189687|state=NotEstablished|BIRD 2.0.8 ready. Name Proto Table State Since Info r9 BGP --- start 19:59:48.002 Idle Error: Neighbor lost 
1782331189829|state=NotEstablished|BIRD 2.0.8 ready. Name Proto Table State Since Info r9 BGP --- start 19:59:48.002 Idle Error: Neighbor lost 
1782331189978|state=NotEstablished|BIRD 2.0.8 ready. Name Proto Table State Since Info r9 BGP --- start 19:59:48.002 Idle Error: Neighbor lost 
1782331190116|state=NotEstablished|BIRD 2.0.8 ready. Name Proto Table State Since Info r9 BGP --- start 19:59:48.002 Idle Error: Neighbor lost 
1782331190250|state=NotEstablished|BIRD 2.0.8 ready. Name Proto Table State Since Info r9 BGP --- start 19:59:48.002 Idle Error: Neighbor lost 
1782331190388|state=NotEstablished|BIRD 2.0.8 ready. Name Proto Table State Since Info r9 BGP --- start 19:59:48.002 Idle Error: Neighbor lost 
1782331190522|state=NotEstablished|BIRD 2.0.8 ready. Name Proto Table State Since Info r9 BGP --- start 19:59:48.002 Idle Error: Neighbor lost 
1782331190661|state=NotEstablished|BIRD 2.0.8 ready. Name Proto Table State Since Info r9 BGP --- start 19:59:48.002 Idle Error: Neighbor lost 
1782331190806|state=NotEstablished|BIRD 2.0.8 ready. Name Proto Table State Since Info r9 BGP --- start 19:59:48.002 Idle Error: Neighbor lost 
1782331190956|state=NotEstablished|BIRD 2.0.8 ready. Name Proto Table State Since Info r9 BGP --- start 19:59:48.002 Idle Error: Neighbor lost 
1782331191089|state=NotEstablished|BIRD 2.0.8 ready. Name Proto Table State Since Info r9 BGP --- start 19:59:48.002 Idle Error: Neighbor lost 
1782331191225|state=NotEstablished|BIRD 2.0.8 ready. Name Proto Table State Since Info r9 BGP --- start 19:59:48.002 Idle Error: Neighbor lost 
1782331191362|state=NotEstablished|BIRD 2.0.8 ready. Name Proto Table State Since Info r9 BGP --- start 19:59:48.002 Idle Error: Neighbor lost 
1782331191506|state=NotEstablished|BIRD 2.0.8 ready. Name Proto Table State Since Info r9 BGP --- start 19:59:48.002 Idle Error: Neighbor lost 
1782331191650|state=NotEstablished|BIRD 2.0.8 ready. Name Proto Table State Since Info r9 BGP --- start 19:59:48.002 Idle Error: Neighbor lost 
1782331191788|state=NotEstablished|BIRD 2.0.8 ready. Name Proto Table State Since Info r9 BGP --- start 19:59:48.002 Idle Error: Neighbor lost 
1782331191925|state=NotEstablished|BIRD 2.0.8 ready. Name Proto Table State Since Info r9 BGP --- start 19:59:48.002 Idle Error: Neighbor lost 
1782331192066|state=NotEstablished|BIRD 2.0.8 ready. Name Proto Table State Since Info r9 BGP --- start 19:59:48.002 Idle Error: Neighbor lost 
1782331192202|state=NotEstablished|BIRD 2.0.8 ready. Name Proto Table State Since Info r9 BGP --- start 19:59:48.002 Idle Error: Neighbor lost 
1782331192350|state=NotEstablished|BIRD 2.0.8 ready. Name Proto Table State Since Info r9 BGP --- start 19:59:48.002 Idle Error: Neighbor lost 
1782331192497|state=NotEstablished|BIRD 2.0.8 ready. Name Proto Table State Since Info r9 BGP --- start 19:59:48.002 Idle Error: Neighbor lost 
1782331192634|state=NotEstablished|BIRD 2.0.8 ready. Name Proto Table State Since Info r9 BGP --- start 19:59:48.002 Idle Error: Neighbor lost 
1782331192750|state=NotEstablished|BIRD 2.0.8 ready. Name Proto Table State Since Info r9 BGP --- start 19:59:48.002 Idle Error: Neighbor lost 
1782331192864|state=NotEstablished|BIRD 2.0.8 ready. Name Proto Table State Since Info r9 BGP --- start 19:59:48.002 Idle Error: Neighbor lost 
1782331192995|state=NotEstablished|BIRD 2.0.8 ready. Name Proto Table State Since Info r9 BGP --- start 19:59:48.002 Idle Error: Neighbor lost 
1782331193107|state=NotEstablished|BIRD 2.0.8 ready. Name Proto Table State Since Info r9 BGP --- start 19:59:48.002 Idle Error: Neighbor lost 
1782331193221|state=NotEstablished|BIRD 2.0.8 ready. Name Proto Table State Since Info r9 BGP --- start 19:59:48.002 Idle Error: Neighbor lost 
1782331193331|state=NotEstablished|BIRD 2.0.8 ready. Name Proto Table State Since Info r9 BGP --- start 19:59:48.002 Idle Error: Neighbor lost 
1782331193442|state=NotEstablished|BIRD 2.0.8 ready. Name Proto Table State Since Info r9 BGP --- start 19:59:48.002 Idle Error: Neighbor lost 
1782331193550|state=NotEstablished|BIRD 2.0.8 ready. Name Proto Table State Since Info r9 BGP --- start 19:59:48.002 Idle Error: Neighbor lost 
1782331193660|state=NotEstablished|BIRD 2.0.8 ready. Name Proto Table State Since Info r9 BGP --- start 19:59:48.002 Idle Error: Neighbor lost 
1782331193767|state=NotEstablished|BIRD 2.0.8 ready. Name Proto Table State Since Info r9 BGP --- start 19:59:48.002 Idle Error: Neighbor lost 
1782331193903|state=NotEstablished|BIRD 2.0.8 ready. Name Proto Table State Since Info r9 BGP --- start 19:59:48.002 Idle Error: Neighbor lost 
1782331194014|state=NotEstablished|BIRD 2.0.8 ready. Name Proto Table State Since Info r9 BGP --- start 19:59:48.002 Idle Error: Neighbor lost 
1782331194119|state=NotEstablished|BIRD 2.0.8 ready. Name Proto Table State Since Info r9 BGP --- start 19:59:48.002 Idle Error: Neighbor lost 
1782331194221|state=NotEstablished|BIRD 2.0.8 ready. Name Proto Table State Since Info r9 BGP --- start 19:59:48.002 Idle Error: Neighbor lost 
1782331194326|state=NotEstablished|BIRD 2.0.8 ready. Name Proto Table State Since Info r9 BGP --- start 19:59:48.002 Idle Error: Neighbor lost 
1782331194432|state=NotEstablished|BIRD 2.0.8 ready. Name Proto Table State Since Info r9 BGP --- start 19:59:48.002 Idle Error: Neighbor lost 
1782331194538|state=NotEstablished|BIRD 2.0.8 ready. Name Proto Table State Since Info r9 BGP --- start 19:59:48.002 Idle Error: Neighbor lost 
1782331194644|state=NotEstablished|BIRD 2.0.8 ready. Name Proto Table State Since Info r9 BGP --- start 19:59:48.002 Idle Error: Neighbor lost 
1782331194752|state=NotEstablished|BIRD 2.0.8 ready. Name Proto Table State Since Info r9 BGP --- start 19:59:48.002 Idle Error: Neighbor lost 
1782331194860|state=NotEstablished|BIRD 2.0.8 ready. Name Proto Table State Since Info r9 BGP --- start 19:59:48.002 Idle Error: Neighbor lost 
1782331194963|state=NotEstablished|BIRD 2.0.8 ready. Name Proto Table State Since Info r9 BGP --- start 19:59:48.002 Idle Error: Neighbor lost 
1782331195068|state=NotEstablished|BIRD 2.0.8 ready. Name Proto Table State Since Info r9 BGP --- start 19:59:48.002 Idle Error: Neighbor lost 
1782331195174|state=NotEstablished|BIRD 2.0.8 ready. Name Proto Table State Since Info r9 BGP --- start 19:59:48.002 Idle Error: Neighbor lost 
1782331195285|state=NotEstablished|BIRD 2.0.8 ready. Name Proto Table State Since Info r9 BGP --- start 19:59:48.002 Idle Error: Neighbor lost 
1782331195388|state=NotEstablished|BIRD 2.0.8 ready. Name Proto Table State Since Info r9 BGP --- start 19:59:48.002 Idle Error: Neighbor lost 
1782331195498|state=NotEstablished|BIRD 2.0.8 ready. Name Proto Table State Since Info r9 BGP --- start 19:59:48.002 Idle Error: Neighbor lost 
1782331195601|state=NotEstablished|BIRD 2.0.8 ready. Name Proto Table State Since Info r9 BGP --- start 19:59:48.002 Idle Error: Neighbor lost 
1782331195704|state=NotEstablished|BIRD 2.0.8 ready. Name Proto Table State Since Info r9 BGP --- start 19:59:48.002 Idle Error: Neighbor lost 
1782331195805|state=NotEstablished|BIRD 2.0.8 ready. Name Proto Table State Since Info r9 BGP --- start 19:59:48.002 Idle Error: Neighbor lost 
1782331195917|state=NotEstablished|BIRD 2.0.8 ready. Name Proto Table State Since Info r9 BGP --- start 19:59:48.002 Idle Error: Neighbor lost 
1782331196035|state=NotEstablished|BIRD 2.0.8 ready. Name Proto Table State Since Info r9 BGP --- start 19:59:48.002 Active Error: Neighbor lost 
1782331196183|state=NotEstablished|BIRD 2.0.8 ready. Name Proto Table State Since Info r9 BGP --- start 19:59:48.002 Active Error: Neighbor lost 
1782331196307|state=NotEstablished|BIRD 2.0.8 ready. Name Proto Table State Since Info r9 BGP --- start 19:59:48.002 Active Error: Neighbor lost 
1782331196423|state=NotEstablished|BIRD 2.0.8 ready. Name Proto Table State Since Info r9 BGP --- start 19:59:48.002 Active Error: Neighbor lost 
1782331196535|state=NotEstablished|BIRD 2.0.8 ready. Name Proto Table State Since Info r9 BGP --- start 19:59:48.002 Active Error: Neighbor lost 
1782331196669|state=NotEstablished|BIRD 2.0.8 ready. Name Proto Table State Since Info r9 BGP --- start 19:59:48.002 Active Error: Neighbor lost 
1782331196815|state=NotEstablished|BIRD 2.0.8 ready. Name Proto Table State Since Info r9 BGP --- start 19:59:48.002 Active Error: Neighbor lost 
1782331196950|state=NotEstablished|BIRD 2.0.8 ready. Name Proto Table State Since Info r9 BGP --- start 19:59:48.002 Active Error: Neighbor lost 
1782331197088|state=NotEstablished|BIRD 2.0.8 ready. Name Proto Table State Since Info r9 BGP --- start 19:59:48.002 Active Error: Neighbor lost 
1782331197222|state=NotEstablished|BIRD 2.0.8 ready. Name Proto Table State Since Info r9 BGP --- start 19:59:48.002 Active Error: Neighbor lost 
1782331197371|state=NotEstablished|BIRD 2.0.8 ready. Name Proto Table State Since Info r9 BGP --- start 19:59:48.002 Active Error: Neighbor lost 
1782331197516|state=NotEstablished|BIRD 2.0.8 ready. Name Proto Table State Since Info r9 BGP --- start 19:59:48.002 Active Error: Neighbor lost 
1782331197660|state=NotEstablished|BIRD 2.0.8 ready. Name Proto Table State Since Info r9 BGP --- start 19:59:48.002 Active Error: Neighbor lost 
1782331197800|state=NotEstablished|BIRD 2.0.8 ready. Name Proto Table State Since Info r9 BGP --- start 19:59:48.002 Active Error: Neighbor lost 
1782331197935|state=NotEstablished|BIRD 2.0.8 ready. Name Proto Table State Since Info r9 BGP --- start 19:59:48.002 Active Error: Neighbor lost 
1782331198079|state=NotEstablished|BIRD 2.0.8 ready. Name Proto Table State Since Info r9 BGP --- start 19:59:48.002 Active Error: Neighbor lost 
1782331198223|state=NotEstablished|BIRD 2.0.8 ready. Name Proto Table State Since Info r9 BGP --- start 19:59:48.002 Active Error: Neighbor lost 
1782331198388|state=NotEstablished|BIRD 2.0.8 ready. Name Proto Table State Since Info r9 BGP --- start 19:59:48.002 Active Error: Neighbor lost 
1782331198529|state=NotEstablished|BIRD 2.0.8 ready. Name Proto Table State Since Info r9 BGP --- start 19:59:48.002 Active Error: Neighbor lost 
1782331198675|state=NotEstablished|BIRD 2.0.8 ready. Name Proto Table State Since Info r9 BGP --- start 19:59:48.002 Active Error: Neighbor lost 
1782331198807|state=NotEstablished|BIRD 2.0.8 ready. Name Proto Table State Since Info r9 BGP --- start 19:59:48.002 Active Error: Neighbor lost 
1782331198950|state=NotEstablished|BIRD 2.0.8 ready. Name Proto Table State Since Info r9 BGP --- start 19:59:48.002 Active Error: Neighbor lost 
1782331199093|state=NotEstablished|BIRD 2.0.8 ready. Name Proto Table State Since Info r9 BGP --- start 19:59:48.002 Active Error: Neighbor lost 
1782331199237|state=NotEstablished|BIRD 2.0.8 ready. Name Proto Table State Since Info r9 BGP --- start 19:59:48.002 Active Error: Neighbor lost 
1782331199381|state=NotEstablished|BIRD 2.0.8 ready. Name Proto Table State Since Info r9 BGP --- start 19:59:48.002 Active Error: Neighbor lost 
1782331199532|state=NotEstablished|BIRD 2.0.8 ready. Name Proto Table State Since Info r9 BGP --- start 19:59:48.002 Active Error: Neighbor lost 
1782331199673|state=NotEstablished|BIRD 2.0.8 ready. Name Proto Table State Since Info r9 BGP --- start 19:59:48.002 Active Error: Neighbor lost 
1782331199814|state=NotEstablished|BIRD 2.0.8 ready. Name Proto Table State Since Info r9 BGP --- start 19:59:48.002 Active Socket: Connection reset by peer 
1782331199963|state=NotEstablished|BIRD 2.0.8 ready. Name Proto Table State Since Info r9 BGP --- start 19:59:48.002 Active Socket: Connection reset by peer 
1782331200103|state=NotEstablished|BIRD 2.0.8 ready. Name Proto Table State Since Info r9 BGP --- start 19:59:48.002 Active Socket: Connection reset by peer 
1782331200238|state=NotEstablished|BIRD 2.0.8 ready. Name Proto Table State Since Info r9 BGP --- start 19:59:48.002 Active Socket: Connection reset by peer 
1782331200390|state=NotEstablished|BIRD 2.0.8 ready. Name Proto Table State Since Info r9 BGP --- start 19:59:48.002 Active Socket: Connection reset by peer 
1782331200530|state=NotEstablished|BIRD 2.0.8 ready. Name Proto Table State Since Info r9 BGP --- start 19:59:48.002 Active Socket: Connection reset by peer 
1782331200678|state=NotEstablished|BIRD 2.0.8 ready. Name Proto Table State Since Info r9 BGP --- start 19:59:48.002 Active Socket: Connection reset by peer 
1782331200824|state=NotEstablished|BIRD 2.0.8 ready. Name Proto Table State Since Info r9 BGP --- start 19:59:48.002 Active Socket: Connection reset by peer 
1782331200964|state=NotEstablished|BIRD 2.0.8 ready. Name Proto Table State Since Info r9 BGP --- start 19:59:48.002 Active Socket: Connection reset by peer 
1782331201105|state=NotEstablished|BIRD 2.0.8 ready. Name Proto Table State Since Info r9 BGP --- start 19:59:48.002 Active Socket: Connection reset by peer 
1782331201246|state=NotEstablished|BIRD 2.0.8 ready. Name Proto Table State Since Info r9 BGP --- start 19:59:48.002 Active Socket: Connection reset by peer 
1782331201397|state=NotEstablished|BIRD 2.0.8 ready. Name Proto Table State Since Info r9 BGP --- start 19:59:48.002 Active Socket: Connection reset by peer 
1782331201549|state=NotEstablished|BIRD 2.0.8 ready. Name Proto Table State Since Info r9 BGP --- start 19:59:48.002 Active Socket: Connection reset by peer 
1782331201689|state=NotEstablished|BIRD 2.0.8 ready. Name Proto Table State Since Info r9 BGP --- start 19:59:48.002 Active Socket: Connection reset by peer 
1782331201829|state=NotEstablished|BIRD 2.0.8 ready. Name Proto Table State Since Info r9 BGP --- start 19:59:48.002 Active Socket: Connection reset by peer 
1782331201975|state=NotEstablished|BIRD 2.0.8 ready. Name Proto Table State Since Info r9 BGP --- start 19:59:48.002 Active Socket: Connection reset by peer 
1782331202107|state=NotEstablished|BIRD 2.0.8 ready. Name Proto Table State Since Info r9 BGP --- start 19:59:48.002 Active Socket: Connection reset by peer 
1782331202250|state=NotEstablished|BIRD 2.0.8 ready. Name Proto Table State Since Info r9 BGP --- start 19:59:48.002 Active Socket: Connection reset by peer 
1782331202401|state=NotEstablished|BIRD 2.0.8 ready. Name Proto Table State Since Info r9 BGP --- start 19:59:48.002 Active Socket: Connection reset by peer 
1782331202540|state=NotEstablished|BIRD 2.0.8 ready. Name Proto Table State Since Info r9 BGP --- start 19:59:48.002 Active Socket: Connection reset by peer 
1782331202675|state=NotEstablished|BIRD 2.0.8 ready. Name Proto Table State Since Info r9 BGP --- start 19:59:48.002 Active Socket: Connection reset by peer 
1782331202807|state=NotEstablished|BIRD 2.0.8 ready. Name Proto Table State Since Info r9 BGP --- start 19:59:48.002 Active Socket: Connection reset by peer 
1782331202913|state=NotEstablished|BIRD 2.0.8 ready. Name Proto Table State Since Info r9 BGP --- start 19:59:48.002 Active Socket: Connection reset by peer 
1782331203035|state=NotEstablished|BIRD 2.0.8 ready. Name Proto Table State Since Info r9 BGP --- start 19:59:48.002 Active Socket: Connection reset by peer 
1782331203139|state=NotEstablished|BIRD 2.0.8 ready. Name Proto Table State Since Info r9 BGP --- start 19:59:48.002 Active Socket: Connection reset by peer 
1782331203268|state=NotEstablished|BIRD 2.0.8 ready. Name Proto Table State Since Info r9 BGP --- start 19:59:48.002 Active Socket: Connection reset by peer 
1782331203396|state=NotEstablished|BIRD 2.0.8 ready. Name Proto Table State Since Info r9 BGP --- start 19:59:48.002 Active Socket: Connection reset by peer 
1782331203521|state=NotEstablished|BIRD 2.0.8 ready. Name Proto Table State Since Info r9 BGP --- start 19:59:48.002 Active Socket: Connection reset by peer 
1782331203631|state=NotEstablished|BIRD 2.0.8 ready. Name Proto Table State Since Info r9 BGP --- start 19:59:48.002 Active Socket: Connection reset by peer 
1782331203747|state=NotEstablished|BIRD 2.0.8 ready. Name Proto Table State Since Info r9 BGP --- start 19:59:48.002 Active Socket: Connection reset by peer 
1782331203852|state=NotEstablished|BIRD 2.0.8 ready. Name Proto Table State Since Info r9 BGP --- start 19:59:48.002 Active Socket: Connection reset by peer 
1782331203960|state=NotEstablished|BIRD 2.0.8 ready. Name Proto Table State Since Info r9 BGP --- start 19:59:48.002 Active Socket: Connection closed 
1782331204066|state=NotEstablished|BIRD 2.0.8 ready. Name Proto Table State Since Info r9 BGP --- start 19:59:48.002 Active Socket: Connection closed 
1782331204178|state=NotEstablished|BIRD 2.0.8 ready. Name Proto Table State Since Info r9 BGP --- start 19:59:48.002 Active Socket: Connection closed 
1782331204317|state=NotEstablished|BIRD 2.0.8 ready. Name Proto Table State Since Info r9 BGP --- start 19:59:48.002 Active Socket: Connection closed 
1782331204420|state=NotEstablished|BIRD 2.0.8 ready. Name Proto Table State Since Info r9 BGP --- start 19:59:48.002 Active Socket: Connection closed 
1782331204529|state=NotEstablished|BIRD 2.0.8 ready. Name Proto Table State Since Info r9 BGP --- start 19:59:48.002 Active Socket: Connection closed 
1782331204630|state=NotEstablished|BIRD 2.0.8 ready. Name Proto Table State Since Info r9 BGP --- start 19:59:48.002 Active Socket: Connection closed 
1782331204730|state=NotEstablished|BIRD 2.0.8 ready. Name Proto Table State Since Info r9 BGP --- start 19:59:48.002 Active Socket: Connection closed 
1782331204827|state=NotEstablished|BIRD 2.0.8 ready. Name Proto Table State Since Info r9 BGP --- start 19:59:48.002 Active Socket: Connection closed 
1782331204932|state=NotEstablished|BIRD 2.0.8 ready. Name Proto Table State Since Info r9 BGP --- start 19:59:48.002 Active Socket: Connection closed 
1782331205033|state=NotEstablished|BIRD 2.0.8 ready. Name Proto Table State Since Info r9 BGP --- start 19:59:48.002 Active Socket: Connection closed 
1782331205137|state=NotEstablished|BIRD 2.0.8 ready. Name Proto Table State Since Info r9 BGP --- start 19:59:48.002 Active Socket: Connection closed 
1782331205259|state=NotEstablished|BIRD 2.0.8 ready. Name Proto Table State Since Info r9 BGP --- start 19:59:48.002 Active Socket: Connection closed 
1782331205369|state=NotEstablished|BIRD 2.0.8 ready. Name Proto Table State Since Info r9 BGP --- start 19:59:48.002 Active Socket: Connection closed 
1782331205475|state=NotEstablished|BIRD 2.0.8 ready. Name Proto Table State Since Info r9 BGP --- start 19:59:48.002 Active Socket: Connection closed 
1782331205585|state=NotEstablished|BIRD 2.0.8 ready. Name Proto Table State Since Info r9 BGP --- start 19:59:48.002 Active Socket: Connection closed 
1782331205690|state=NotEstablished|BIRD 2.0.8 ready. Name Proto Table State Since Info r9 BGP --- start 19:59:48.002 Active Socket: Connection closed 
1782331205793|state=NotEstablished|BIRD 2.0.8 ready. Name Proto Table State Since Info r9 BGP --- start 19:59:48.002 Active Socket: Connection closed 
1782331205904|state=NotEstablished|BIRD 2.0.8 ready. Name Proto Table State Since Info r9 BGP --- start 19:59:48.002 Active Socket: Connection closed 
1782331206010|state=NotEstablished|BIRD 2.0.8 ready. Name Proto Table State Since Info r9 BGP --- start 19:59:48.002 Active Socket: Connection closed 
1782331206113|state=NotEstablished|BIRD 2.0.8 ready. Name Proto Table State Since Info r9 BGP --- start 19:59:48.002 Active Socket: Connection closed 
1782331206216|state=NotEstablished|BIRD 2.0.8 ready. Name Proto Table State Since Info r9 BGP --- start 19:59:48.002 Active Socket: Connection closed 
1782331206318|state=NotEstablished|BIRD 2.0.8 ready. Name Proto Table State Since Info r9 BGP --- start 19:59:48.002 Active Socket: Connection closed 
1782331206423|state=NotEstablished|BIRD 2.0.8 ready. Name Proto Table State Since Info r9 BGP --- start 19:59:48.002 Active Socket: Connection closed 
1782331206529|state=NotEstablished|BIRD 2.0.8 ready. Name Proto Table State Since Info r9 BGP --- start 19:59:48.002 Active Socket: Connection closed 
1782331206640|state=NotEstablished|BIRD 2.0.8 ready. Name Proto Table State Since Info r9 BGP --- start 19:59:48.002 Active Socket: Connection closed 
1782331206747|state=NotEstablished|BIRD 2.0.8 ready. Name Proto Table State Since Info r9 BGP --- start 19:59:48.002 Active Socket: Connection closed 
1782331206875|state=NotEstablished|BIRD 2.0.8 ready. Name Proto Table State Since Info r9 BGP --- start 19:59:48.002 Active Socket: Connection closed 
1782331206980|state=NotEstablished|BIRD 2.0.8 ready. Name Proto Table State Since Info r9 BGP --- start 19:59:48.002 Active Socket: Connection closed 
1782331207108|state=NotEstablished|BIRD 2.0.8 ready. Name Proto Table State Since Info r9 BGP --- start 19:59:48.002 Active Socket: Connection closed 
1782331207250|state=NotEstablished|BIRD 2.0.8 ready. Name Proto Table State Since Info r9 BGP --- start 19:59:48.002 Active Socket: Connection closed 
1782331207396|state=NotEstablished|BIRD 2.0.8 ready. Name Proto Table State Since Info r9 BGP --- start 19:59:48.002 Active Socket: Connection closed 
1782331207535|state=NotEstablished|BIRD 2.0.8 ready. Name Proto Table State Since Info r9 BGP --- start 19:59:48.002 Active Socket: Connection closed 
1782331207671|state=NotEstablished|BIRD 2.0.8 ready. Name Proto Table State Since Info r9 BGP --- start 19:59:48.002 Active Socket: Connection closed 
1782331207810|state=NotEstablished|BIRD 2.0.8 ready. Name Proto Table State Since Info r9 BGP --- start 19:59:48.002 Active Socket: Connection closed 
1782331207945|state=NotEstablished|BIRD 2.0.8 ready. Name Proto Table State Since Info r9 BGP --- start 19:59:48.002 Active Socket: Connection closed 
1782331208089|state=NotEstablished|BIRD 2.0.8 ready. Name Proto Table State Since Info r9 BGP --- start 19:59:48.002 Active Socket: Connection closed 
1782331208234|state=NotEstablished|BIRD 2.0.8 ready. Name Proto Table State Since Info r9 BGP --- start 19:59:48.002 Active Socket: Connection closed 
1782331208371|state=NotEstablished|BIRD 2.0.8 ready. Name Proto Table State Since Info r9 BGP --- start 19:59:48.002 Active Socket: Connection closed 
1782331208514|state=NotEstablished|BIRD 2.0.8 ready. Name Proto Table State Since Info r9 BGP --- start 19:59:48.002 Active Socket: Connection closed 
1782331208656|state=NotEstablished|BIRD 2.0.8 ready. Name Proto Table State Since Info r9 BGP --- start 19:59:48.002 Active Socket: Connection closed 
1782331208795|state=NotEstablished|BIRD 2.0.8 ready. Name Proto Table State Since Info r9 BGP --- start 19:59:48.002 Active Socket: Connection closed 
1782331208945|state=NotEstablished|BIRD 2.0.8 ready. Name Proto Table State Since Info r9 BGP --- start 19:59:48.002 Active Socket: Connection closed 
1782331209087|state=NotEstablished|BIRD 2.0.8 ready. Name Proto Table State Since Info r9 BGP --- start 19:59:48.002 Active Socket: Connection closed 
1782331209223|state=NotEstablished|BIRD 2.0.8 ready. Name Proto Table State Since Info r9 BGP --- start 19:59:48.002 Active Socket: Connection closed 
1782331209381|state=NotEstablished|BIRD 2.0.8 ready. Name Proto Table State Since Info r9 BGP --- start 19:59:48.002 Active Socket: Connection closed 
1782331209526|state=NotEstablished|BIRD 2.0.8 ready. Name Proto Table State Since Info r9 BGP --- start 19:59:48.002 Active Socket: Connection closed 
1782331209670|state=NotEstablished|BIRD 2.0.8 ready. Name Proto Table State Since Info r9 BGP --- start 19:59:48.002 Active Socket: Connection closed 
1782331209815|state=NotEstablished|BIRD 2.0.8 ready. Name Proto Table State Since Info r9 BGP --- start 19:59:48.002 Active Socket: Connection closed 
1782331209952|state=NotEstablished|BIRD 2.0.8 ready. Name Proto Table State Since Info r9 BGP --- start 19:59:48.002 Active Socket: Connection closed 
1782331210083|state=NotEstablished|BIRD 2.0.8 ready. Name Proto Table State Since Info r9 BGP --- start 19:59:48.002 Active Socket: Connection closed 
1782331210216|state=NotEstablished|BIRD 2.0.8 ready. Name Proto Table State Since Info r9 BGP --- start 19:59:48.002 Active Socket: Connection closed 
1782331210369|state=NotEstablished|BIRD 2.0.8 ready. Name Proto Table State Since Info r9 BGP --- start 19:59:48.002 Active Socket: Connection closed 
1782331210493|state=NotEstablished|BIRD 2.0.8 ready. Name Proto Table State Since Info r9 BGP --- start 19:59:48.002 Active Socket: Connection closed 
1782331210608|state=NotEstablished|BIRD 2.0.8 ready. Name Proto Table State Since Info r9 BGP --- start 19:59:48.002 Active Socket: Connection closed 
1782331210718|state=NotEstablished|BIRD 2.0.8 ready. Name Proto Table State Since Info r9 BGP --- start 19:59:48.002 Active Socket: Connection closed 
1782331210846|state=NotEstablished|BIRD 2.0.8 ready. Name Proto Table State Since Info r9 BGP --- start 19:59:48.002 Active Socket: Connection closed 
1782331210991|state=NotEstablished|BIRD 2.0.8 ready. Name Proto Table State Since Info r9 BGP --- start 19:59:48.002 Active Socket: Connection closed 
1782331211126|state=NotEstablished|BIRD 2.0.8 ready. Name Proto Table State Since Info r9 BGP --- start 19:59:48.002 Active Socket: Connection closed 
1782331211264|state=NotEstablished|BIRD 2.0.8 ready. Name Proto Table State Since Info r9 BGP --- start 19:59:48.002 Active Socket: Connection closed 
1782331211410|state=NotEstablished|BIRD 2.0.8 ready. Name Proto Table State Since Info r9 BGP --- start 19:59:48.002 Active Socket: Connection closed 
1782331211548|state=NotEstablished|BIRD 2.0.8 ready. Name Proto Table State Since Info r9 BGP --- start 19:59:48.002 Active Socket: Connection closed 
1782331211681|state=NotEstablished|BIRD 2.0.8 ready. Name Proto Table State Since Info r9 BGP --- start 19:59:48.002 Active Socket: Connection closed 
1782331211814|state=NotEstablished|BIRD 2.0.8 ready. Name Proto Table State Since Info r9 BGP --- start 19:59:48.002 Active Socket: Connection closed 
1782331211951|state=NotEstablished|BIRD 2.0.8 ready. Name Proto Table State Since Info r9 BGP --- start 19:59:48.002 Active Socket: Connection closed 
1782331212097|state=NotEstablished|BIRD 2.0.8 ready. Name Proto Table State Since Info r9 BGP --- start 19:59:48.002 Active Socket: Connection closed 
1782331212227|state=NotEstablished|BIRD 2.0.8 ready. Name Proto Table State Since Info r9 BGP --- start 19:59:48.002 Active Socket: Connection closed 
1782331212354|state=NotEstablished|BIRD 2.0.8 ready. Name Proto Table State Since Info r9 BGP --- start 19:59:48.002 Active Socket: Connection closed 
1782331212484|state=NotEstablished|BIRD 2.0.8 ready. Name Proto Table State Since Info r9 BGP --- start 19:59:48.002 Active Socket: Connection closed 
1782331212608|state=NotEstablished|BIRD 2.0.8 ready. Name Proto Table State Since Info r9 BGP --- start 19:59:48.002 Active Socket: Connection closed 
1782331212744|state=NotEstablished|BIRD 2.0.8 ready. Name Proto Table State Since Info r9 BGP --- start 19:59:48.002 Active Socket: Connection closed 
1782331212879|state=NotEstablished|BIRD 2.0.8 ready. Name Proto Table State Since Info r9 BGP --- start 19:59:48.002 Active Socket: Connection closed 
1782331213020|state=NotEstablished|BIRD 2.0.8 ready. Name Proto Table State Since Info r9 BGP --- start 19:59:48.002 Active Socket: Connection closed 
1782331213150|state=NotEstablished|BIRD 2.0.8 ready. Name Proto Table State Since Info r9 BGP --- start 19:59:48.002 Active Socket: Connection closed 
1782331213281|state=NotEstablished|BIRD 2.0.8 ready. Name Proto Table State Since Info r9 BGP --- start 19:59:48.002 Active Socket: Connection closed 
1782331213384|state=NotEstablished|BIRD 2.0.8 ready. Name Proto Table State Since Info r9 BGP --- start 19:59:48.002 Active Socket: Connection closed 
1782331213495|state=NotEstablished|BIRD 2.0.8 ready. Name Proto Table State Since Info r9 BGP --- start 19:59:48.002 Active Socket: Connection closed 
1782331213641|state=NotEstablished|BIRD 2.0.8 ready. Name Proto Table State Since Info r9 BGP --- start 19:59:48.002 Active Socket: Connection closed 
1782331213743|state=NotEstablished|BIRD 2.0.8 ready. Name Proto Table State Since Info r9 BGP --- start 19:59:48.002 Active Socket: Connection closed 
1782331213851|state=NotEstablished|BIRD 2.0.8 ready. Name Proto Table State Since Info r9 BGP --- start 19:59:48.002 Active Socket: Connection closed 
1782331213967|state=NotEstablished|BIRD 2.0.8 ready. Name Proto Table State Since Info r9 BGP --- start 19:59:48.002 Active Socket: Connection closed 
1782331214068|state=NotEstablished|BIRD 2.0.8 ready. Name Proto Table State Since Info r9 BGP --- start 19:59:48.002 Active Socket: Connection closed 
1782331214174|state=NotEstablished|BIRD 2.0.8 ready. Name Proto Table State Since Info r9 BGP --- start 19:59:48.002 Active Socket: Connection closed 
1782331214274|state=NotEstablished|BIRD 2.0.8 ready. Name Proto Table State Since Info r9 BGP --- start 19:59:48.002 Active Socket: Connection closed 
1782331214379|state=NotEstablished|BIRD 2.0.8 ready. Name Proto Table State Since Info r9 BGP --- start 19:59:48.002 Active Socket: Connection closed 
1782331214478|state=NotEstablished|BIRD 2.0.8 ready. Name Proto Table State Since Info r9 BGP --- start 19:59:48.002 Active Socket: Connection closed 
1782331214591|state=NotEstablished|BIRD 2.0.8 ready. Name Proto Table State Since Info r9 BGP --- start 19:59:48.002 Active Socket: Connection closed 
1782331214725|state=NotEstablished|BIRD 2.0.8 ready. Name Proto Table State Since Info r9 BGP --- start 19:59:48.002 Active Socket: Connection closed 
1782331214855|state=NotEstablished|BIRD 2.0.8 ready. Name Proto Table State Since Info r9 BGP --- start 19:59:48.002 Active Socket: Connection closed 
1782331214958|state=NotEstablished|BIRD 2.0.8 ready. Name Proto Table State Since Info r9 BGP --- start 19:59:48.002 Active Socket: Connection closed 
1782331215068|state=NotEstablished|BIRD 2.0.8 ready. Name Proto Table State Since Info r9 BGP --- start 19:59:48.002 Active Socket: Connection closed 
1782331215183|state=NotEstablished|BIRD 2.0.8 ready. Name Proto Table State Since Info r9 BGP --- start 19:59:48.002 Active Socket: Connection closed 
1782331215287|state=NotEstablished|BIRD 2.0.8 ready. Name Proto Table State Since Info r9 BGP --- start 19:59:48.002 Active Socket: Connection closed 
1782331215390|state=NotEstablished|BIRD 2.0.8 ready. Name Proto Table State Since Info r9 BGP --- start 19:59:48.002 Active Socket: Connection closed 
1782331215495|state=NotEstablished|BIRD 2.0.8 ready. Name Proto Table State Since Info r9 BGP --- start 19:59:48.002 Active Socket: Connection closed 
1782331215598|state=NotEstablished|BIRD 2.0.8 ready. Name Proto Table State Since Info r9 BGP --- start 19:59:48.002 Active Socket: Connection closed 
1782331215704|state=NotEstablished|BIRD 2.0.8 ready. Name Proto Table State Since Info r9 BGP --- start 19:59:48.002 Active Socket: Connection closed 
1782331215809|state=NotEstablished|BIRD 2.0.8 ready. Name Proto Table State Since Info r9 BGP --- start 19:59:48.002 Active Socket: Connection closed 
1782331215924|state=NotEstablished|BIRD 2.0.8 ready. Name Proto Table State Since Info r9 BGP --- start 19:59:48.002 Active Socket: Connection closed 
1782331216027|state=NotEstablished|BIRD 2.0.8 ready. Name Proto Table State Since Info r9 BGP --- start 19:59:48.002 Active Socket: Connection closed 
1782331216127|state=NotEstablished|BIRD 2.0.8 ready. Name Proto Table State Since Info r9 BGP --- start 19:59:48.002 Active Socket: Connection closed 
1782331216226|state=NotEstablished|BIRD 2.0.8 ready. Name Proto Table State Since Info r9 BGP --- start 19:59:48.002 Active Socket: Connection reset by peer 
1782331216334|state=NotEstablished|BIRD 2.0.8 ready. Name Proto Table State Since Info r9 BGP --- start 19:59:48.002 Active Socket: Connection reset by peer 
1782331216435|state=NotEstablished|BIRD 2.0.8 ready. Name Proto Table State Since Info r9 BGP --- start 19:59:48.002 Active Socket: Connection reset by peer 
1782331216540|state=NotEstablished|BIRD 2.0.8 ready. Name Proto Table State Since Info r9 BGP --- start 19:59:48.002 Active Socket: Connection reset by peer 
1782331216635|state=NotEstablished|BIRD 2.0.8 ready. Name Proto Table State Since Info r9 BGP --- start 19:59:48.002 Active Socket: Connection reset by peer 
1782331216743|state=NotEstablished|BIRD 2.0.8 ready. Name Proto Table State Since Info r9 BGP --- start 19:59:48.002 Active Socket: Connection reset by peer 
1782331216853|state=NotEstablished|BIRD 2.0.8 ready. Name Proto Table State Since Info r9 BGP --- start 19:59:48.002 Active Socket: Connection reset by peer 
1782331216957|state=NotEstablished|BIRD 2.0.8 ready. Name Proto Table State Since Info r9 BGP --- start 19:59:48.002 Active Socket: Connection reset by peer 
1782331217064|state=NotEstablished|BIRD 2.0.8 ready. Name Proto Table State Since Info r9 BGP --- start 19:59:48.002 Active Socket: Connection reset by peer 
1782331217196|state=NotEstablished|BIRD 2.0.8 ready. Name Proto Table State Since Info r9 BGP --- start 19:59:48.002 Active Socket: Connection reset by peer 
