1782554226929|state=Established|BIRD 2.0.8 ready. Name Proto Table State Since Info r9 BGP --- up 09:56:42.721 Established 
1782554227104|state=Established|BIRD 2.0.8 ready. Name Proto Table State Since Info r9 BGP --- up 09:56:42.721 Established 
1782554227250|state=Established|BIRD 2.0.8 ready. Name Proto Table State Since Info r9 BGP --- up 09:56:42.721 Established 
1782554227386|state=Established|BIRD 2.0.8 ready. Name Proto Table State Since Info r9 BGP --- up 09:56:42.721 Established 
1782554227521|state=Established|BIRD 2.0.8 ready. Name Proto Table State Since Info r9 BGP --- up 09:56:42.721 Established 
1782554227657|state=Established|BIRD 2.0.8 ready. Name Proto Table State Since Info r9 BGP --- up 09:56:42.721 Established 
1782554227793|state=Established|BIRD 2.0.8 ready. Name Proto Table State Since Info r9 BGP --- up 09:56:42.721 Established 
1782554227934|state=Established|BIRD 2.0.8 ready. Name Proto Table State Since Info r9 BGP --- up 09:56:42.721 Established 
1782554228076|state=Established|BIRD 2.0.8 ready. Name Proto Table State Since Info r9 BGP --- up 09:56:42.721 Established 
1782554228220|state=Established|BIRD 2.0.8 ready. Name Proto Table State Since Info r9 BGP --- up 09:56:42.721 Established 
1782554228356|state=Established|BIRD 2.0.8 ready. Name Proto Table State Since Info r9 BGP --- up 09:56:42.721 Established 
1782554228493|state=Established|BIRD 2.0.8 ready. Name Proto Table State Since Info r9 BGP --- up 09:56:42.721 Established 
1782554228631|state=Established|BIRD 2.0.8 ready. Name Proto Table State Since Info r9 BGP --- up 09:56:42.721 Established 
1782554228764|state=Established|BIRD 2.0.8 ready. Name Proto Table State Since Info r9 BGP --- up 09:56:42.721 Established 
1782554228907|state=Established|BIRD 2.0.8 ready. Name Proto Table State Since Info r9 BGP --- up 09:56:42.721 Established 
1782554229041|state=Established|BIRD 2.0.8 ready. Name Proto Table State Since Info r9 BGP --- up 09:56:42.721 Established 
1782554229184|state=NotEstablished|BIRD 2.0.8 ready. Name Proto Table State Since Info r9 BGP --- start 09:57:09.131 Idle Error: Neighbor lost 
1782554229322|state=NotEstablished|BIRD 2.0.8 ready. Name Proto Table State Since Info r9 BGP --- start 09:57:09.131 Idle Error: Neighbor lost 
1782554229463|state=NotEstablished|BIRD 2.0.8 ready. Name Proto Table State Since Info r9 BGP --- start 09:57:09.131 Idle Error: Neighbor lost 
1782554229602|state=NotEstablished|BIRD 2.0.8 ready. Name Proto Table State Since Info r9 BGP --- start 09:57:09.131 Idle Error: Neighbor lost 
1782554229739|state=NotEstablished|BIRD 2.0.8 ready. Name Proto Table State Since Info r9 BGP --- start 09:57:09.131 Idle Error: Neighbor lost 
1782554229875|state=NotEstablished|BIRD 2.0.8 ready. Name Proto Table State Since Info r9 BGP --- start 09:57:09.131 Idle Error: Neighbor lost 
1782554230015|state=NotEstablished|BIRD 2.0.8 ready. Name Proto Table State Since Info r9 BGP --- start 09:57:09.131 Idle Error: Neighbor lost 
1782554230147|state=NotEstablished|BIRD 2.0.8 ready. Name Proto Table State Since Info r9 BGP --- start 09:57:09.131 Idle Error: Neighbor lost 
1782554230283|state=NotEstablished|BIRD 2.0.8 ready. Name Proto Table State Since Info r9 BGP --- start 09:57:09.131 Idle Error: Neighbor lost 
1782554230426|state=NotEstablished|BIRD 2.0.8 ready. Name Proto Table State Since Info r9 BGP --- start 09:57:09.131 Idle Error: Neighbor lost 
1782554230568|state=NotEstablished|BIRD 2.0.8 ready. Name Proto Table State Since Info r9 BGP --- start 09:57:09.131 Idle Error: Neighbor lost 
1782554230708|state=NotEstablished|BIRD 2.0.8 ready. Name Proto Table State Since Info r9 BGP --- start 09:57:09.131 Idle Error: Neighbor lost 
1782554230844|state=NotEstablished|BIRD 2.0.8 ready. Name Proto Table State Since Info r9 BGP --- start 09:57:09.131 Idle Error: Neighbor lost 
1782554230982|state=NotEstablished|BIRD 2.0.8 ready. Name Proto Table State Since Info r9 BGP --- start 09:57:09.131 Idle Error: Neighbor lost 
1782554231122|state=NotEstablished|BIRD 2.0.8 ready. Name Proto Table State Since Info r9 BGP --- start 09:57:09.131 Idle Error: Neighbor lost 
1782554231260|state=NotEstablished|BIRD 2.0.8 ready. Name Proto Table State Since Info r9 BGP --- start 09:57:09.131 Idle Error: Neighbor lost 
1782554231395|state=NotEstablished|BIRD 2.0.8 ready. Name Proto Table State Since Info r9 BGP --- start 09:57:09.131 Idle Error: Neighbor lost 
1782554231533|state=NotEstablished|BIRD 2.0.8 ready. Name Proto Table State Since Info r9 BGP --- start 09:57:09.131 Idle Error: Neighbor lost 
1782554231676|state=NotEstablished|BIRD 2.0.8 ready. Name Proto Table State Since Info r9 BGP --- start 09:57:09.131 Idle Error: Neighbor lost 
1782554231816|state=NotEstablished|BIRD 2.0.8 ready. Name Proto Table State Since Info r9 BGP --- start 09:57:09.131 Idle Error: Neighbor lost 
1782554231963|state=NotEstablished|BIRD 2.0.8 ready. Name Proto Table State Since Info r9 BGP --- start 09:57:09.131 Idle Error: Neighbor lost 
1782554232105|state=NotEstablished|BIRD 2.0.8 ready. Name Proto Table State Since Info r9 BGP --- start 09:57:09.131 Idle Error: Neighbor lost 
1782554232238|state=NotEstablished|BIRD 2.0.8 ready. Name Proto Table State Since Info r9 BGP --- start 09:57:09.131 Idle Error: Neighbor lost 
1782554232375|state=NotEstablished|BIRD 2.0.8 ready. Name Proto Table State Since Info r9 BGP --- start 09:57:09.131 Idle Error: Neighbor lost 
1782554232514|state=NotEstablished|BIRD 2.0.8 ready. Name Proto Table State Since Info r9 BGP --- start 09:57:09.131 Idle Error: Neighbor lost 
1782554232652|state=NotEstablished|BIRD 2.0.8 ready. Name Proto Table State Since Info r9 BGP --- start 09:57:09.131 Idle Error: Neighbor lost 
1782554232783|state=NotEstablished|BIRD 2.0.8 ready. Name Proto Table State Since Info r9 BGP --- start 09:57:09.131 Idle Error: Neighbor lost 
1782554232917|state=NotEstablished|BIRD 2.0.8 ready. Name Proto Table State Since Info r9 BGP --- start 09:57:09.131 Idle Error: Neighbor lost 
1782554233046|state=NotEstablished|BIRD 2.0.8 ready. Name Proto Table State Since Info r9 BGP --- start 09:57:09.131 Idle Error: Neighbor lost 
1782554233179|state=NotEstablished|BIRD 2.0.8 ready. Name Proto Table State Since Info r9 BGP --- start 09:57:09.131 Idle Error: Neighbor lost 
1782554233317|state=NotEstablished|BIRD 2.0.8 ready. Name Proto Table State Since Info r9 BGP --- start 09:57:09.131 Idle Error: Neighbor lost 
1782554233451|state=NotEstablished|BIRD 2.0.8 ready. Name Proto Table State Since Info r9 BGP --- start 09:57:09.131 Idle Error: Neighbor lost 
1782554233584|state=NotEstablished|BIRD 2.0.8 ready. Name Proto Table State Since Info r9 BGP --- start 09:57:09.131 Idle Error: Neighbor lost 
1782554233720|state=NotEstablished|BIRD 2.0.8 ready. Name Proto Table State Since Info r9 BGP --- start 09:57:09.131 Idle Error: Neighbor lost 
1782554233851|state=NotEstablished|BIRD 2.0.8 ready. Name Proto Table State Since Info r9 BGP --- start 09:57:09.131 Idle Error: Neighbor lost 
1782554233979|state=NotEstablished|BIRD 2.0.8 ready. Name Proto Table State Since Info r9 BGP --- start 09:57:09.131 Idle Error: Neighbor lost 
1782554234110|state=NotEstablished|BIRD 2.0.8 ready. Name Proto Table State Since Info r9 BGP --- start 09:57:09.131 Idle Error: Neighbor lost 
1782554234233|state=NotEstablished|BIRD 2.0.8 ready. Name Proto Table State Since Info r9 BGP --- start 09:57:09.131 Idle Error: Neighbor lost 
1782554234372|state=NotEstablished|BIRD 2.0.8 ready. Name Proto Table State Since Info r9 BGP --- start 09:57:09.131 Idle Error: Neighbor lost 
1782554234508|state=NotEstablished|BIRD 2.0.8 ready. Name Proto Table State Since Info r9 BGP --- start 09:57:09.131 Idle Error: Neighbor lost 
1782554234642|state=NotEstablished|BIRD 2.0.8 ready. Name Proto Table State Since Info r9 BGP --- start 09:57:09.131 Idle Error: Neighbor lost 
1782554234772|state=NotEstablished|BIRD 2.0.8 ready. Name Proto Table State Since Info r9 BGP --- start 09:57:09.131 Idle Error: Neighbor lost 
1782554234900|state=NotEstablished|BIRD 2.0.8 ready. Name Proto Table State Since Info r9 BGP --- start 09:57:09.131 Idle Error: Neighbor lost 
1782554235028|state=NotEstablished|BIRD 2.0.8 ready. Name Proto Table State Since Info r9 BGP --- start 09:57:09.131 Idle Error: Neighbor lost 
1782554235161|state=NotEstablished|BIRD 2.0.8 ready. Name Proto Table State Since Info r9 BGP --- start 09:57:09.131 Idle Error: Neighbor lost 
1782554235296|state=NotEstablished|BIRD 2.0.8 ready. Name Proto Table State Since Info r9 BGP --- start 09:57:09.131 Idle Error: Neighbor lost 
1782554235435|state=NotEstablished|BIRD 2.0.8 ready. Name Proto Table State Since Info r9 BGP --- start 09:57:09.131 Idle Error: Neighbor lost 
1782554235571|state=NotEstablished|BIRD 2.0.8 ready. Name Proto Table State Since Info r9 BGP --- start 09:57:09.131 Idle Error: Neighbor lost 
1782554235713|state=NotEstablished|BIRD 2.0.8 ready. Name Proto Table State Since Info r9 BGP --- start 09:57:09.131 Idle Error: Neighbor lost 
1782554235853|state=NotEstablished|BIRD 2.0.8 ready. Name Proto Table State Since Info r9 BGP --- start 09:57:09.131 Idle Error: Neighbor lost 
1782554235988|state=NotEstablished|BIRD 2.0.8 ready. Name Proto Table State Since Info r9 BGP --- start 09:57:09.131 Idle Error: Neighbor lost 
1782554236130|state=NotEstablished|BIRD 2.0.8 ready. Name Proto Table State Since Info r9 BGP --- start 09:57:09.131 Idle Error: Neighbor lost 
1782554236267|state=NotEstablished|BIRD 2.0.8 ready. Name Proto Table State Since Info r9 BGP --- start 09:57:09.131 Idle Error: Neighbor lost 
1782554236412|state=NotEstablished|BIRD 2.0.8 ready. Name Proto Table State Since Info r9 BGP --- start 09:57:09.131 Idle Error: Neighbor lost 
1782554236554|state=NotEstablished|BIRD 2.0.8 ready. Name Proto Table State Since Info r9 BGP --- start 09:57:09.131 Idle Error: Neighbor lost 
1782554236699|state=NotEstablished|BIRD 2.0.8 ready. Name Proto Table State Since Info r9 BGP --- start 09:57:09.131 Idle Error: Neighbor lost 
1782554236838|state=NotEstablished|BIRD 2.0.8 ready. Name Proto Table State Since Info r9 BGP --- start 09:57:09.131 Idle Error: Neighbor lost 
1782554236979|state=NotEstablished|BIRD 2.0.8 ready. Name Proto Table State Since Info r9 BGP --- start 09:57:09.131 Idle Error: Neighbor lost 
1782554237120|state=NotEstablished|BIRD 2.0.8 ready. Name Proto Table State Since Info r9 BGP --- start 09:57:09.131 Idle Error: Neighbor lost 
1782554237267|state=NotEstablished|BIRD 2.0.8 ready. Name Proto Table State Since Info r9 BGP --- start 09:57:09.131 Active Error: Neighbor lost 
1782554237401|state=NotEstablished|BIRD 2.0.8 ready. Name Proto Table State Since Info r9 BGP --- start 09:57:09.131 Active Error: Neighbor lost 
1782554237538|state=NotEstablished|BIRD 2.0.8 ready. Name Proto Table State Since Info r9 BGP --- start 09:57:09.131 Active Error: Neighbor lost 
1782554237675|state=NotEstablished|BIRD 2.0.8 ready. Name Proto Table State Since Info r9 BGP --- start 09:57:09.131 Active Error: Neighbor lost 
1782554237812|state=NotEstablished|BIRD 2.0.8 ready. Name Proto Table State Since Info r9 BGP --- start 09:57:09.131 Active Error: Neighbor lost 
1782554237948|state=NotEstablished|BIRD 2.0.8 ready. Name Proto Table State Since Info r9 BGP --- start 09:57:09.131 Active Error: Neighbor lost 
1782554238090|state=NotEstablished|BIRD 2.0.8 ready. Name Proto Table State Since Info r9 BGP --- start 09:57:09.131 Active Error: Neighbor lost 
1782554238226|state=NotEstablished|BIRD 2.0.8 ready. Name Proto Table State Since Info r9 BGP --- start 09:57:09.131 Active Error: Neighbor lost 
1782554238368|state=NotEstablished|BIRD 2.0.8 ready. Name Proto Table State Since Info r9 BGP --- start 09:57:09.131 Active Error: Neighbor lost 
1782554238504|state=NotEstablished|BIRD 2.0.8 ready. Name Proto Table State Since Info r9 BGP --- start 09:57:09.131 Active Error: Neighbor lost 
1782554238632|state=NotEstablished|BIRD 2.0.8 ready. Name Proto Table State Since Info r9 BGP --- start 09:57:09.131 Active Error: Neighbor lost 
1782554238767|state=NotEstablished|BIRD 2.0.8 ready. Name Proto Table State Since Info r9 BGP --- start 09:57:09.131 Active Error: Neighbor lost 
1782554238897|state=NotEstablished|BIRD 2.0.8 ready. Name Proto Table State Since Info r9 BGP --- start 09:57:09.131 Active Error: Neighbor lost 
1782554239025|state=NotEstablished|BIRD 2.0.8 ready. Name Proto Table State Since Info r9 BGP --- start 09:57:09.131 Active Error: Neighbor lost 
1782554239163|state=NotEstablished|BIRD 2.0.8 ready. Name Proto Table State Since Info r9 BGP --- start 09:57:09.131 Active Error: Neighbor lost 
1782554239304|state=NotEstablished|BIRD 2.0.8 ready. Name Proto Table State Since Info r9 BGP --- start 09:57:09.131 Active Error: Neighbor lost 
1782554239433|state=NotEstablished|BIRD 2.0.8 ready. Name Proto Table State Since Info r9 BGP --- start 09:57:09.131 Active Error: Neighbor lost 
1782554239565|state=NotEstablished|BIRD 2.0.8 ready. Name Proto Table State Since Info r9 BGP --- start 09:57:09.131 Active Error: Neighbor lost 
1782554239679|state=NotEstablished|BIRD 2.0.8 ready. Name Proto Table State Since Info r9 BGP --- start 09:57:09.131 Active Error: Neighbor lost 
1782554239794|state=NotEstablished|BIRD 2.0.8 ready. Name Proto Table State Since Info r9 BGP --- start 09:57:09.131 Active Error: Neighbor lost 
1782554239905|state=NotEstablished|BIRD 2.0.8 ready. Name Proto Table State Since Info r9 BGP --- start 09:57:09.131 Active Error: Neighbor lost 
1782554240036|state=NotEstablished|BIRD 2.0.8 ready. Name Proto Table State Since Info r9 BGP --- start 09:57:09.131 Active Error: Neighbor lost 
1782554240175|state=NotEstablished|BIRD 2.0.8 ready. Name Proto Table State Since Info r9 BGP --- start 09:57:09.131 Active Error: Neighbor lost 
1782554240300|state=NotEstablished|BIRD 2.0.8 ready. Name Proto Table State Since Info r9 BGP --- start 09:57:09.131 Active Error: Neighbor lost 
1782554240427|state=NotEstablished|BIRD 2.0.8 ready. Name Proto Table State Since Info r9 BGP --- start 09:57:09.131 Active Error: Neighbor lost 
1782554240566|state=NotEstablished|BIRD 2.0.8 ready. Name Proto Table State Since Info r9 BGP --- start 09:57:09.131 Active Error: Neighbor lost 
1782554240709|state=NotEstablished|BIRD 2.0.8 ready. Name Proto Table State Since Info r9 BGP --- start 09:57:09.131 Active Error: Neighbor lost 
1782554240843|state=NotEstablished|BIRD 2.0.8 ready. Name Proto Table State Since Info r9 BGP --- start 09:57:09.131 Active Error: Neighbor lost 
1782554240980|state=NotEstablished|BIRD 2.0.8 ready. Name Proto Table State Since Info r9 BGP --- start 09:57:09.131 Active Error: Neighbor lost 
1782554241105|state=NotEstablished|BIRD 2.0.8 ready. Name Proto Table State Since Info r9 BGP --- start 09:57:09.131 Active Error: Neighbor lost 
1782554241231|state=NotEstablished|BIRD 2.0.8 ready. Name Proto Table State Since Info r9 BGP --- start 09:57:09.131 Active Error: Neighbor lost 
1782554241361|state=NotEstablished|BIRD 2.0.8 ready. Name Proto Table State Since Info r9 BGP --- start 09:57:09.131 Active Error: Neighbor lost 
1782554241488|state=NotEstablished|BIRD 2.0.8 ready. Name Proto Table State Since Info r9 BGP --- start 09:57:09.131 Active Error: Neighbor lost 
1782554241609|state=NotEstablished|BIRD 2.0.8 ready. Name Proto Table State Since Info r9 BGP --- start 09:57:09.131 Active Error: Neighbor lost 
1782554241737|state=NotEstablished|BIRD 2.0.8 ready. Name Proto Table State Since Info r9 BGP --- start 09:57:09.131 Active Error: Neighbor lost 
1782554241860|state=NotEstablished|BIRD 2.0.8 ready. Name Proto Table State Since Info r9 BGP --- start 09:57:09.131 Active Socket: Connection closed 
1782554241990|state=NotEstablished|BIRD 2.0.8 ready. Name Proto Table State Since Info r9 BGP --- start 09:57:09.131 Active Socket: Connection closed 
1782554242131|state=NotEstablished|BIRD 2.0.8 ready. Name Proto Table State Since Info r9 BGP --- start 09:57:09.131 Active Socket: Connection closed 
1782554242259|state=NotEstablished|BIRD 2.0.8 ready. Name Proto Table State Since Info r9 BGP --- start 09:57:09.131 Active Socket: Connection closed 
1782554242385|state=NotEstablished|BIRD 2.0.8 ready. Name Proto Table State Since Info r9 BGP --- start 09:57:09.131 Active Socket: Connection closed 
1782554242513|state=NotEstablished|BIRD 2.0.8 ready. Name Proto Table State Since Info r9 BGP --- start 09:57:09.131 Active Socket: Connection closed 
1782554242638|state=NotEstablished|BIRD 2.0.8 ready. Name Proto Table State Since Info r9 BGP --- start 09:57:09.131 Active Socket: Connection closed 
1782554242767|state=NotEstablished|BIRD 2.0.8 ready. Name Proto Table State Since Info r9 BGP --- start 09:57:09.131 Active Socket: Connection closed 
1782554242902|state=NotEstablished|BIRD 2.0.8 ready. Name Proto Table State Since Info r9 BGP --- start 09:57:09.131 Active Socket: Connection closed 
1782554243030|state=NotEstablished|BIRD 2.0.8 ready. Name Proto Table State Since Info r9 BGP --- start 09:57:09.131 Active Socket: Connection closed 
1782554243163|state=NotEstablished|BIRD 2.0.8 ready. Name Proto Table State Since Info r9 BGP --- start 09:57:09.131 Active Socket: Connection closed 
1782554243300|state=NotEstablished|BIRD 2.0.8 ready. Name Proto Table State Since Info r9 BGP --- start 09:57:09.131 Active Socket: Connection closed 
1782554243411|state=NotEstablished|BIRD 2.0.8 ready. Name Proto Table State Since Info r9 BGP --- start 09:57:09.131 Active Socket: Connection closed 
1782554243543|state=NotEstablished|BIRD 2.0.8 ready. Name Proto Table State Since Info r9 BGP --- start 09:57:09.131 Active Socket: Connection closed 
1782554243677|state=NotEstablished|BIRD 2.0.8 ready. Name Proto Table State Since Info r9 BGP --- start 09:57:09.131 Active Socket: Connection closed 
1782554243809|state=NotEstablished|BIRD 2.0.8 ready. Name Proto Table State Since Info r9 BGP --- start 09:57:09.131 Active Socket: Connection closed 
1782554243920|state=NotEstablished|BIRD 2.0.8 ready. Name Proto Table State Since Info r9 BGP --- start 09:57:09.131 Active Socket: Connection closed 
1782554244047|state=NotEstablished|BIRD 2.0.8 ready. Name Proto Table State Since Info r9 BGP --- start 09:57:09.131 Active Socket: Connection closed 
1782554244173|state=NotEstablished|BIRD 2.0.8 ready. Name Proto Table State Since Info r9 BGP --- start 09:57:09.131 Active Socket: Connection closed 
1782554244298|state=NotEstablished|BIRD 2.0.8 ready. Name Proto Table State Since Info r9 BGP --- start 09:57:09.131 Active Socket: Connection closed 
1782554244423|state=NotEstablished|BIRD 2.0.8 ready. Name Proto Table State Since Info r9 BGP --- start 09:57:09.131 Active Socket: Connection closed 
1782554244545|state=NotEstablished|BIRD 2.0.8 ready. Name Proto Table State Since Info r9 BGP --- start 09:57:09.131 Active Socket: Connection closed 
1782554244667|state=NotEstablished|BIRD 2.0.8 ready. Name Proto Table State Since Info r9 BGP --- start 09:57:09.131 Active Socket: Connection closed 
1782554244797|state=NotEstablished|BIRD 2.0.8 ready. Name Proto Table State Since Info r9 BGP --- start 09:57:09.131 Active Socket: Connection closed 
1782554244926|state=NotEstablished|BIRD 2.0.8 ready. Name Proto Table State Since Info r9 BGP --- start 09:57:09.131 Active Socket: Connection closed 
1782554245053|state=NotEstablished|BIRD 2.0.8 ready. Name Proto Table State Since Info r9 BGP --- start 09:57:09.131 Active Socket: Connection closed 
1782554245177|state=NotEstablished|BIRD 2.0.8 ready. Name Proto Table State Since Info r9 BGP --- start 09:57:09.131 Active Socket: Connection closed 
1782554245303|state=NotEstablished|BIRD 2.0.8 ready. Name Proto Table State Since Info r9 BGP --- start 09:57:09.131 Active Socket: Connection closed 
1782554245429|state=NotEstablished|BIRD 2.0.8 ready. Name Proto Table State Since Info r9 BGP --- start 09:57:09.131 Active Socket: Connection closed 
1782554245558|state=NotEstablished|BIRD 2.0.8 ready. Name Proto Table State Since Info r9 BGP --- start 09:57:09.131 Active Socket: Connection closed 
1782554245685|state=NotEstablished|BIRD 2.0.8 ready. Name Proto Table State Since Info r9 BGP --- start 09:57:09.131 Active Socket: Connection closed 
1782554245810|state=NotEstablished|BIRD 2.0.8 ready. Name Proto Table State Since Info r9 BGP --- start 09:57:09.131 Active Socket: Connection closed 
1782554245933|state=NotEstablished|BIRD 2.0.8 ready. Name Proto Table State Since Info r9 BGP --- start 09:57:09.131 Active Socket: Connection closed 
1782554246060|state=NotEstablished|BIRD 2.0.8 ready. Name Proto Table State Since Info r9 BGP --- start 09:57:09.131 Active Socket: Connection closed 
1782554246186|state=NotEstablished|BIRD 2.0.8 ready. Name Proto Table State Since Info r9 BGP --- start 09:57:09.131 Active Socket: Connection closed 
1782554246316|state=NotEstablished|BIRD 2.0.8 ready. Name Proto Table State Since Info r9 BGP --- start 09:57:09.131 Active Socket: Connection closed 
1782554246442|state=NotEstablished|BIRD 2.0.8 ready. Name Proto Table State Since Info r9 BGP --- start 09:57:09.131 Active Socket: Connection closed 
1782554246569|state=NotEstablished|BIRD 2.0.8 ready. Name Proto Table State Since Info r9 BGP --- start 09:57:09.131 Active Socket: Connection closed 
1782554246703|state=NotEstablished|BIRD 2.0.8 ready. Name Proto Table State Since Info r9 BGP --- start 09:57:09.131 Active Socket: Connection closed 
1782554246834|state=NotEstablished|BIRD 2.0.8 ready. Name Proto Table State Since Info r9 BGP --- start 09:57:09.131 Active Socket: Connection reset by peer 
1782554246960|state=NotEstablished|BIRD 2.0.8 ready. Name Proto Table State Since Info r9 BGP --- start 09:57:09.131 Active Socket: Connection reset by peer 
1782554247101|state=NotEstablished|BIRD 2.0.8 ready. Name Proto Table State Since Info r9 BGP --- start 09:57:09.131 Active Socket: Connection reset by peer 
1782554247238|state=NotEstablished|BIRD 2.0.8 ready. Name Proto Table State Since Info r9 BGP --- start 09:57:09.131 Active Socket: Connection reset by peer 
1782554247376|state=NotEstablished|BIRD 2.0.8 ready. Name Proto Table State Since Info r9 BGP --- start 09:57:09.131 Active Socket: Connection reset by peer 
1782554247510|state=NotEstablished|BIRD 2.0.8 ready. Name Proto Table State Since Info r9 BGP --- start 09:57:09.131 Active Socket: Connection reset by peer 
1782554247647|state=NotEstablished|BIRD 2.0.8 ready. Name Proto Table State Since Info r9 BGP --- start 09:57:09.131 Active Socket: Connection reset by peer 
1782554247785|state=NotEstablished|BIRD 2.0.8 ready. Name Proto Table State Since Info r9 BGP --- start 09:57:09.131 Active Socket: Connection reset by peer 
1782554247919|state=NotEstablished|BIRD 2.0.8 ready. Name Proto Table State Since Info r9 BGP --- start 09:57:09.131 Active Socket: Connection reset by peer 
1782554248049|state=NotEstablished|BIRD 2.0.8 ready. Name Proto Table State Since Info r9 BGP --- start 09:57:09.131 Active Socket: Connection reset by peer 
1782554248194|state=NotEstablished|BIRD 2.0.8 ready. Name Proto Table State Since Info r9 BGP --- start 09:57:09.131 Active Socket: Connection reset by peer 
1782554248339|state=NotEstablished|BIRD 2.0.8 ready. Name Proto Table State Since Info r9 BGP --- start 09:57:09.131 Active Socket: Connection reset by peer 
1782554248473|state=NotEstablished|BIRD 2.0.8 ready. Name Proto Table State Since Info r9 BGP --- start 09:57:09.131 Active Socket: Connection reset by peer 
1782554248612|state=NotEstablished|BIRD 2.0.8 ready. Name Proto Table State Since Info r9 BGP --- start 09:57:09.131 Active Socket: Connection reset by peer 
1782554248756|state=NotEstablished|BIRD 2.0.8 ready. Name Proto Table State Since Info r9 BGP --- start 09:57:09.131 Active Socket: Connection reset by peer 
1782554248893|state=NotEstablished|BIRD 2.0.8 ready. Name Proto Table State Since Info r9 BGP --- start 09:57:09.131 Active Socket: Connection reset by peer 
1782554249036|state=NotEstablished|BIRD 2.0.8 ready. Name Proto Table State Since Info r9 BGP --- start 09:57:09.131 Active Socket: Connection reset by peer 
1782554249175|state=NotEstablished|BIRD 2.0.8 ready. Name Proto Table State Since Info r9 BGP --- start 09:57:09.131 Active Socket: Connection reset by peer 
1782554249316|state=NotEstablished|BIRD 2.0.8 ready. Name Proto Table State Since Info r9 BGP --- start 09:57:09.131 Active Socket: Connection reset by peer 
1782554249454|state=NotEstablished|BIRD 2.0.8 ready. Name Proto Table State Since Info r9 BGP --- start 09:57:09.131 Active Socket: Connection reset by peer 
1782554249591|state=NotEstablished|BIRD 2.0.8 ready. Name Proto Table State Since Info r9 BGP --- start 09:57:09.131 Active Socket: Connection reset by peer 
1782554249730|state=NotEstablished|BIRD 2.0.8 ready. Name Proto Table State Since Info r9 BGP --- start 09:57:09.131 Active Socket: Connection reset by peer 
1782554249869|state=NotEstablished|BIRD 2.0.8 ready. Name Proto Table State Since Info r9 BGP --- start 09:57:09.131 Active Socket: Connection reset by peer 
1782554250007|state=NotEstablished|BIRD 2.0.8 ready. Name Proto Table State Since Info r9 BGP --- start 09:57:09.131 Active Socket: Connection reset by peer 
1782554250144|state=NotEstablished|BIRD 2.0.8 ready. Name Proto Table State Since Info r9 BGP --- start 09:57:09.131 Active Socket: Connection reset by peer 
1782554250278|state=NotEstablished|BIRD 2.0.8 ready. Name Proto Table State Since Info r9 BGP --- start 09:57:09.131 Active Socket: Connection reset by peer 
1782554250410|state=NotEstablished|BIRD 2.0.8 ready. Name Proto Table State Since Info r9 BGP --- start 09:57:09.131 Active Socket: Connection reset by peer 
1782554250538|state=NotEstablished|BIRD 2.0.8 ready. Name Proto Table State Since Info r9 BGP --- start 09:57:09.131 Active Socket: Connection reset by peer 
1782554250664|state=NotEstablished|BIRD 2.0.8 ready. Name Proto Table State Since Info r9 BGP --- start 09:57:09.131 Active Socket: Connection reset by peer 
1782554250794|state=NotEstablished|BIRD 2.0.8 ready. Name Proto Table State Since Info r9 BGP --- start 09:57:09.131 Active Socket: Connection reset by peer 
1782554250926|state=NotEstablished|BIRD 2.0.8 ready. Name Proto Table State Since Info r9 BGP --- start 09:57:09.131 Active Socket: Connection reset by peer 
1782554251064|state=NotEstablished|BIRD 2.0.8 ready. Name Proto Table State Since Info r9 BGP --- start 09:57:09.131 Active Socket: Connection reset by peer 
1782554251196|state=NotEstablished|BIRD 2.0.8 ready. Name Proto Table State Since Info r9 BGP --- start 09:57:09.131 Active Socket: Connection reset by peer 
1782554251324|state=NotEstablished|BIRD 2.0.8 ready. Name Proto Table State Since Info r9 BGP --- start 09:57:09.131 Active Socket: Connection reset by peer 
1782554251454|state=NotEstablished|BIRD 2.0.8 ready. Name Proto Table State Since Info r9 BGP --- start 09:57:09.131 Active Socket: Connection reset by peer 
1782554251592|state=NotEstablished|BIRD 2.0.8 ready. Name Proto Table State Since Info r9 BGP --- start 09:57:09.131 Active Socket: Connection reset by peer 
1782554251731|state=NotEstablished|BIRD 2.0.8 ready. Name Proto Table State Since Info r9 BGP --- start 09:57:09.131 Active Socket: Connection reset by peer 
1782554251876|state=NotEstablished|BIRD 2.0.8 ready. Name Proto Table State Since Info r9 BGP --- start 09:57:09.131 Active Socket: Connection reset by peer 
1782554252021|state=NotEstablished|BIRD 2.0.8 ready. Name Proto Table State Since Info r9 BGP --- start 09:57:09.131 Active Socket: Connection reset by peer 
1782554252156|state=NotEstablished|BIRD 2.0.8 ready. Name Proto Table State Since Info r9 BGP --- start 09:57:09.131 Active Socket: Connection reset by peer 
1782554252295|state=NotEstablished|BIRD 2.0.8 ready. Name Proto Table State Since Info r9 BGP --- start 09:57:09.131 Active Socket: Connection reset by peer 
1782554252437|state=NotEstablished|BIRD 2.0.8 ready. Name Proto Table State Since Info r9 BGP --- start 09:57:09.131 Active Socket: Connection reset by peer 
1782554252573|state=NotEstablished|BIRD 2.0.8 ready. Name Proto Table State Since Info r9 BGP --- start 09:57:09.131 Active Socket: Connection reset by peer 
1782554252715|state=NotEstablished|BIRD 2.0.8 ready. Name Proto Table State Since Info r9 BGP --- start 09:57:09.131 Active Socket: Connection reset by peer 
1782554252853|state=NotEstablished|BIRD 2.0.8 ready. Name Proto Table State Since Info r9 BGP --- start 09:57:09.131 Active Socket: Connection reset by peer 
1782554252991|state=NotEstablished|BIRD 2.0.8 ready. Name Proto Table State Since Info r9 BGP --- start 09:57:09.131 Active Socket: Connection reset by peer 
1782554253132|state=NotEstablished|BIRD 2.0.8 ready. Name Proto Table State Since Info r9 BGP --- start 09:57:09.131 Active Socket: Connection reset by peer 
1782554253271|state=NotEstablished|BIRD 2.0.8 ready. Name Proto Table State Since Info r9 BGP --- start 09:57:09.131 Active Socket: Connection reset by peer 
1782554253423|state=NotEstablished|BIRD 2.0.8 ready. Name Proto Table State Since Info r9 BGP --- start 09:57:09.131 Active Socket: Connection reset by peer 
1782554253541|state=NotEstablished|BIRD 2.0.8 ready. Name Proto Table State Since Info r9 BGP --- start 09:57:09.131 Active Socket: Connection reset by peer 
1782554253658|state=NotEstablished|BIRD 2.0.8 ready. Name Proto Table State Since Info r9 BGP --- start 09:57:09.131 Active Socket: Connection reset by peer 
1782554253782|state=NotEstablished|BIRD 2.0.8 ready. Name Proto Table State Since Info r9 BGP --- start 09:57:09.131 Active Socket: Connection reset by peer 
1782554253925|state=NotEstablished|BIRD 2.0.8 ready. Name Proto Table State Since Info r9 BGP --- start 09:57:09.131 Active Socket: Connection reset by peer 
1782554254044|state=NotEstablished|BIRD 2.0.8 ready. Name Proto Table State Since Info r9 BGP --- start 09:57:09.131 Active Socket: Connection reset by peer 
1782554254178|state=NotEstablished|BIRD 2.0.8 ready. Name Proto Table State Since Info r9 BGP --- start 09:57:09.131 Active Socket: Connection reset by peer 
1782554254312|state=NotEstablished|BIRD 2.0.8 ready. Name Proto Table State Since Info r9 BGP --- start 09:57:09.131 Active Socket: Connection reset by peer 
1782554254441|state=NotEstablished|BIRD 2.0.8 ready. Name Proto Table State Since Info r9 BGP --- start 09:57:09.131 Active Socket: Connection reset by peer 
1782554254573|state=NotEstablished|BIRD 2.0.8 ready. Name Proto Table State Since Info r9 BGP --- start 09:57:09.131 Active Socket: Connection reset by peer 
1782554254707|state=NotEstablished|BIRD 2.0.8 ready. Name Proto Table State Since Info r9 BGP --- start 09:57:09.131 Active Socket: Connection reset by peer 
1782554254842|state=NotEstablished|BIRD 2.0.8 ready. Name Proto Table State Since Info r9 BGP --- start 09:57:09.131 Active Socket: Connection reset by peer 
1782554254981|state=NotEstablished|BIRD 2.0.8 ready. Name Proto Table State Since Info r9 BGP --- start 09:57:09.131 Active Socket: Connection reset by peer 
1782554255115|state=NotEstablished|BIRD 2.0.8 ready. Name Proto Table State Since Info r9 BGP --- start 09:57:09.131 Active Socket: Connection reset by peer 
1782554255245|state=NotEstablished|BIRD 2.0.8 ready. Name Proto Table State Since Info r9 BGP --- start 09:57:09.131 Active Socket: Connection reset by peer 
1782554255386|state=NotEstablished|BIRD 2.0.8 ready. Name Proto Table State Since Info r9 BGP --- start 09:57:09.131 Active Socket: Connection reset by peer 
1782554255521|state=NotEstablished|BIRD 2.0.8 ready. Name Proto Table State Since Info r9 BGP --- start 09:57:09.131 Active Socket: Connection reset by peer 
1782554255652|state=NotEstablished|BIRD 2.0.8 ready. Name Proto Table State Since Info r9 BGP --- start 09:57:09.131 Active Socket: Connection reset by peer 
1782554255790|state=NotEstablished|BIRD 2.0.8 ready. Name Proto Table State Since Info r9 BGP --- start 09:57:09.131 Active Socket: Connection reset by peer 
1782554255927|state=NotEstablished|BIRD 2.0.8 ready. Name Proto Table State Since Info r9 BGP --- start 09:57:09.131 Active Socket: Connection reset by peer 
1782554256044|state=NotEstablished|BIRD 2.0.8 ready. Name Proto Table State Since Info r9 BGP --- start 09:57:09.131 Active Socket: Connection reset by peer 
1782554256182|state=NotEstablished|BIRD 2.0.8 ready. Name Proto Table State Since Info r9 BGP --- start 09:57:09.131 Active Socket: Connection reset by peer 
1782554256325|state=NotEstablished|BIRD 2.0.8 ready. Name Proto Table State Since Info r9 BGP --- start 09:57:09.131 Active Socket: Connection reset by peer 
1782554256457|state=NotEstablished|BIRD 2.0.8 ready. Name Proto Table State Since Info r9 BGP --- start 09:57:09.131 Active Socket: Connection reset by peer 
1782554256598|state=NotEstablished|BIRD 2.0.8 ready. Name Proto Table State Since Info r9 BGP --- start 09:57:09.131 Active Socket: Connection reset by peer 
1782554256739|state=NotEstablished|BIRD 2.0.8 ready. Name Proto Table State Since Info r9 BGP --- start 09:57:09.131 Active Socket: Connection reset by peer 
1782554256876|state=NotEstablished|BIRD 2.0.8 ready. Name Proto Table State Since Info r9 BGP --- start 09:57:09.131 Active Socket: Connection reset by peer 
1782554257014|state=NotEstablished|BIRD 2.0.8 ready. Name Proto Table State Since Info r9 BGP --- start 09:57:09.131 Active Socket: Connection reset by peer 
1782554257149|state=NotEstablished|BIRD 2.0.8 ready. Name Proto Table State Since Info r9 BGP --- start 09:57:09.131 Active Socket: Connection reset by peer 
1782554257295|state=NotEstablished|BIRD 2.0.8 ready. Name Proto Table State Since Info r9 BGP --- start 09:57:09.131 Active Socket: Connection reset by peer 
1782554257446|state=NotEstablished|BIRD 2.0.8 ready. Name Proto Table State Since Info r9 BGP --- start 09:57:09.131 Active Socket: Connection reset by peer 
1782554257590|state=NotEstablished|BIRD 2.0.8 ready. Name Proto Table State Since Info r9 BGP --- start 09:57:09.131 Active Socket: Connection reset by peer 
1782554257720|state=NotEstablished|BIRD 2.0.8 ready. Name Proto Table State Since Info r9 BGP --- start 09:57:09.131 Active Socket: Connection reset by peer 
1782554257855|state=NotEstablished|BIRD 2.0.8 ready. Name Proto Table State Since Info r9 BGP --- start 09:57:09.131 Active Socket: Connection reset by peer 
1782554257988|state=NotEstablished|BIRD 2.0.8 ready. Name Proto Table State Since Info r9 BGP --- start 09:57:09.131 Active Socket: Connection reset by peer 
1782554258119|state=NotEstablished|BIRD 2.0.8 ready. Name Proto Table State Since Info r9 BGP --- start 09:57:09.131 Active Socket: Connection reset by peer 
1782554258252|state=NotEstablished|BIRD 2.0.8 ready. Name Proto Table State Since Info r9 BGP --- start 09:57:09.131 Active Socket: Connection reset by peer 
1782554258394|state=NotEstablished|BIRD 2.0.8 ready. Name Proto Table State Since Info r9 BGP --- start 09:57:09.131 Active Socket: Connection reset by peer 
1782554258516|state=NotEstablished|BIRD 2.0.8 ready. Name Proto Table State Since Info r9 BGP --- start 09:57:09.131 Active Socket: Connection reset by peer 
