1782730525703|state=Missing|
1782730525830|state=Missing|
1782730525947|state=Missing|
1782730526063|state=Missing|
1782730526184|state=Missing|
1782730526300|state=Missing|
1782730526411|state=Missing|
1782730526516|state=Missing|
1782730526623|state=Missing|
1782730526739|state=Missing|
1782730526855|state=Missing|
1782730526967|state=Missing|
1782730527076|state=Missing|
1782730527193|state=Missing|
1782730527307|state=Missing|
1782730527415|state=Missing|
1782730527524|state=Missing|
1782730527629|state=Missing|
1782730527750|state=Missing|
1782730527865|state=Missing|
1782730527985|state=Missing|
1782730528098|state=Missing|
1782730528216|state=Missing|
1782730528335|state=Missing|
1782730528449|state=Missing|
1782730528563|state=Missing|
1782730528676|state=Missing|
1782730528794|state=Missing|
1782730528906|state=Missing|
1782730529012|state=Missing|
1782730529125|state=Missing|
1782730529242|state=Missing|
1782730529362|state=Missing|
1782730529483|state=Missing|
1782730529596|state=Missing|
1782730529712|state=Missing|
1782730529822|state=Missing|
1782730529939|state=Missing|
1782730530047|state=Missing|
1782730530162|state=Missing|
1782730530281|state=Missing|
1782730530404|state=Missing|
1782730530517|state=Missing|
1782730530627|state=Missing|
1782730530736|state=Missing|
1782730530857|state=Missing|
1782730530978|state=Missing|
1782730531094|state=Missing|
1782730531214|state=Missing|
1782730531325|state=Missing|
1782730531437|state=Missing|
1782730531546|state=Missing|
1782730531656|state=Missing|
1782730531775|state=Missing|
1782730531891|state=Missing|
1782730532021|state=Missing|
1782730532139|state=Missing|
1782730532250|state=Missing|
1782730532364|state=Missing|
1782730532473|state=Missing|
1782730532584|state=Missing|
1782730532698|state=Missing|
1782730532820|state=Missing|
1782730532933|state=Missing|
1782730533056|state=Missing|
1782730533174|state=Missing|
1782730533297|state=Missing|
1782730533419|state=Missing|
1782730533536|state=Missing|
1782730533649|state=Missing|
1782730533761|state=Missing|
1782730533876|state=Missing|
1782730533984|state=Missing|
1782730534095|state=Missing|
1782730534206|state=Missing|
1782730534317|state=Missing|
1782730534436|state=Missing|
1782730534547|state=Missing|
1782730534661|state=Missing|
1782730534780|state=Missing|
1782730534903|state=Missing|
1782730535025|state=Missing|
1782730535144|state=Missing|
1782730535256|state=Missing|
1782730535378|state=Missing|
1782730535496|state=Missing|
1782730535614|state=Missing|
1782730535725|state=Missing|
1782730535841|state=Missing|
1782730535951|state=Missing|
1782730536073|state=Missing|
1782730536188|state=Missing|
1782730536292|state=Missing|
1782730536405|state=Missing|
1782730536520|state=Missing|
1782730536647|state=Missing|
1782730536760|state=Missing|
1782730536879|state=Missing|
1782730536992|state=Missing|
1782730537102|state=Missing|
1782730537217|state=Missing|
1782730537332|state=Missing|
1782730537445|state=Missing|
1782730537556|state=Missing|
1782730537669|state=Missing|
1782730537784|state=Missing|
1782730537899|state=Missing|
1782730538014|state=Missing|
1782730538122|state=Missing|
1782730538234|state=Missing|
1782730538347|state=Missing|
1782730538457|state=Missing|
1782730538565|state=Missing|
1782730538670|state=Missing|
1782730538775|state=Missing|
1782730538882|state=Missing|
1782730538987|state=Missing|
1782730539100|state=Missing|
1782730539207|state=Missing|
1782730539313|state=Missing|
1782730539427|state=Missing|
1782730539530|state=Missing|
1782730539637|state=Missing|
1782730539750|state=Missing|
1782730539858|state=Missing|
1782730539976|state=Missing|
1782730540084|state=Missing|
1782730540191|state=Missing|
1782730540332|state=Missing|
1782730540446|state=Missing|
1782730540560|state=Missing|
1782730540666|state=Missing|
1782730540776|state=Missing|
1782730540876|state=Missing|
1782730540986|state=Missing|
1782730541093|state=Missing|
1782730541209|state=Missing|
1782730541321|state=Missing|
1782730541433|state=Missing|
1782730541544|state=Missing|
1782730541657|state=Missing|
1782730541776|state=Missing|
1782730541893|state=Missing|
1782730542006|state=Missing|
1782730542119|state=Missing|
1782730542242|state=Missing|
1782730542361|state=Missing|
1782730542478|state=Missing|
1782730542588|state=Missing|
1782730542702|state=Missing|
1782730542824|state=Missing|
1782730542942|state=Missing|
1782730543056|state=Missing|
1782730543169|state=Missing|
1782730543284|state=Missing|
1782730543411|state=Missing|
1782730543532|state=Missing|
1782730543644|state=Missing|
1782730543762|state=Missing|
1782730543866|state=Missing|
1782730543982|state=Missing|
1782730544097|state=Missing|
1782730544210|state=Missing|
1782730544318|state=Missing|
1782730544427|state=Missing|
1782730544536|state=Missing|
1782730544646|state=Missing|
1782730544754|state=Missing|
1782730544863|state=Missing|
1782730544972|state=Missing|
1782730545093|state=Missing|
1782730545205|state=Missing|
1782730545318|state=Missing|
1782730545428|state=Missing|
1782730545543|state=Missing|
1782730545667|state=Missing|
1782730545775|state=Missing|
1782730545899|state=Missing|
1782730546022|state=Missing|
1782730546132|state=Missing|
1782730546258|state=Missing|
1782730546369|state=Missing|
1782730546482|state=Missing|
1782730546598|state=Missing|
1782730546712|state=Missing|
1782730546820|state=Missing|
1782730546929|state=Missing|
1782730547042|state=Missing|
1782730547155|state=Missing|
1782730547271|state=Missing|
1782730547381|state=Missing|
1782730547498|state=Missing|
1782730547611|state=Missing|
1782730547722|state=Missing|
1782730547835|state=Missing|
1782730547944|state=Missing|
1782730548053|state=Missing|
1782730548174|state=Missing|
1782730548280|state=Missing|
1782730548383|state=Missing|
1782730548489|state=Missing|
1782730548604|state=Missing|
1782730548711|state=Missing|
1782730548825|state=Missing|
1782730548936|state=Missing|
1782730549047|state=Missing|
1782730549155|state=Missing|
1782730549274|state=Missing|
1782730549383|state=Missing|
1782730549497|state=Missing|
1782730549612|state=Missing|
1782730549720|state=Missing|
1782730549831|state=Missing|
1782730549942|state=Missing|
1782730550050|state=Missing|
1782730550155|state=Missing|
1782730550270|state=Missing|
1782730550385|state=Missing|
1782730550495|state=Missing|
1782730550608|state=Missing|
1782730550722|state=Missing|
1782730550836|state=Missing|
1782730550950|state=Missing|
1782730551060|state=Missing|
1782730551177|state=Missing|
1782730551285|state=Missing|
1782730551397|state=Missing|
1782730551508|state=Missing|
1782730551624|state=Missing|
1782730551734|state=Missing|
1782730551848|state=Missing|
1782730551963|state=Missing|
1782730552076|state=Missing|
1782730552186|state=Missing|
1782730552297|state=Missing|
1782730552412|state=Missing|
1782730552520|state=Missing|
1782730552629|state=Missing|
1782730552745|state=Missing|
1782730552851|state=Missing|
1782730552953|state=Missing|
1782730553065|state=Missing|
1782730553191|state=Missing|
1782730553298|state=Missing|
1782730553422|state=Missing|
1782730553529|state=Missing|
1782730553630|state=Missing|
1782730553746|state=Missing|
1782730553854|state=Missing|
1782730553951|state=Missing|
1782730554057|state=Missing|
1782730554163|state=Missing|
1782730554269|state=Missing|
1782730554380|state=Missing|
1782730554497|state=Missing|
1782730554614|state=Missing|
1782730554734|state=Missing|
1782730554850|state=Missing|
1782730554958|state=Missing|
1782730555079|state=Missing|
1782730555196|state=Missing|
1782730555314|state=Missing|
1782730555432|state=Missing|
1782730555547|state=Missing|
1782730555660|state=Missing|
1782730555772|state=Missing|
1782730555885|state=Missing|
1782730556003|state=Missing|
1782730556114|state=Missing|
1782730556230|state=Missing|
1782730556352|state=Missing|
1782730556469|state=Missing|
1782730556583|state=Missing|
1782730556695|state=Missing|
1782730556812|state=Missing|
1782730556923|state=Missing|
1782730557031|state=Missing|
1782730557146|state=Missing|
1782730557259|state=Missing|
1782730557374|state=Missing|
1782730557488|state=Missing|
1782730557599|state=Missing|
1782730557715|state=Missing|
1782730557822|state=Missing|
1782730557936|state=Missing|
1782730558047|state=Missing|
1782730558162|state=Missing|
1782730558275|state=Missing|
1782730558388|state=Missing|
1782730558506|state=Missing|
1782730558624|state=Missing|
1782730558737|state=Missing|
1782730558853|state=Missing|
1782730558973|state=Missing|
1782730559090|state=Missing|
