1782730466826|state=Missing|
1782730466958|state=Missing|
1782730467076|state=Missing|
1782730467190|state=Missing|
1782730467305|state=Missing|
1782730467430|state=Missing|
1782730467546|state=Missing|
1782730467663|state=Missing|
1782730467782|state=Missing|
1782730467893|state=Missing|
1782730468004|state=Missing|
1782730468115|state=Missing|
1782730468230|state=Missing|
1782730468341|state=Missing|
1782730468443|state=Missing|
1782730468553|state=Missing|
1782730468669|state=Missing|
1782730468780|state=Missing|
1782730468891|state=Missing|
1782730469009|state=Missing|
1782730469124|state=Missing|
1782730469234|state=Missing|
1782730469355|state=Missing|
1782730469468|state=Missing|
1782730469578|state=Missing|
1782730469694|state=Missing|
1782730469807|state=Missing|
1782730469917|state=Missing|
1782730470038|state=Missing|
1782730470155|state=Missing|
1782730470277|state=Missing|
1782730470401|state=Missing|
1782730470523|state=Missing|
1782730470632|state=Missing|
1782730470753|state=Missing|
1782730470868|state=Missing|
1782730470983|state=Missing|
1782730471094|state=Missing|
1782730471205|state=Missing|
1782730471323|state=Missing|
1782730471436|state=Missing|
1782730471551|state=Missing|
1782730471669|state=Missing|
1782730471790|state=Missing|
1782730471906|state=Missing|
1782730472026|state=Missing|
1782730472153|state=Missing|
1782730472261|state=Missing|
1782730472369|state=Missing|
1782730472482|state=Missing|
1782730472592|state=Missing|
1782730472701|state=Missing|
1782730472817|state=Missing|
1782730472927|state=Missing|
1782730473039|state=Missing|
1782730473156|state=Missing|
1782730473270|state=Missing|
1782730473388|state=Missing|
1782730473504|state=Missing|
1782730473617|state=Missing|
1782730473735|state=Missing|
1782730473858|state=Missing|
1782730473964|state=Missing|
1782730474085|state=Missing|
1782730474199|state=Missing|
1782730474326|state=Missing|
1782730474436|state=Missing|
1782730474555|state=Missing|
1782730474668|state=Missing|
1782730474779|state=Missing|
1782730474891|state=Missing|
1782730475009|state=Missing|
1782730475121|state=Missing|
1782730475237|state=Missing|
1782730475347|state=Missing|
1782730475454|state=Missing|
1782730475569|state=Missing|
1782730475687|state=Missing|
1782730475803|state=Missing|
1782730475920|state=Missing|
1782730476026|state=Missing|
1782730476140|state=Missing|
1782730476244|state=Missing|
1782730476351|state=Missing|
1782730476466|state=Missing|
1782730476579|state=Missing|
1782730476692|state=Missing|
1782730476799|state=Missing|
1782730476914|state=Missing|
1782730477031|state=Missing|
1782730477145|state=Missing|
1782730477262|state=Missing|
1782730477377|state=Missing|
1782730477503|state=Missing|
1782730477616|state=Missing|
1782730477738|state=Missing|
1782730477859|state=Missing|
1782730477975|state=Missing|
1782730478090|state=Missing|
1782730478201|state=Missing|
1782730478314|state=Missing|
1782730478428|state=Missing|
1782730478544|state=Missing|
1782730478654|state=Missing|
1782730478767|state=Missing|
1782730478891|state=Missing|
1782730479006|state=Missing|
1782730479122|state=Missing|
1782730479237|state=Missing|
1782730479351|state=Missing|
1782730479459|state=Missing|
1782730479569|state=Missing|
1782730479686|state=Missing|
1782730479792|state=Missing|
1782730479905|state=Missing|
1782730480018|state=Missing|
1782730480124|state=Missing|
1782730480241|state=Missing|
1782730480354|state=Missing|
1782730480472|state=Missing|
1782730480582|state=Missing|
1782730480699|state=Missing|
1782730480819|state=Missing|
1782730480930|state=Missing|
1782730481048|state=Missing|
1782730481161|state=Missing|
1782730481286|state=Missing|
1782730481404|state=Missing|
1782730481516|state=Missing|
1782730481641|state=Missing|
1782730481759|state=Missing|
1782730481872|state=Missing|
1782730481983|state=Missing|
1782730482102|state=Missing|
1782730482230|state=Missing|
1782730482335|state=Missing|
1782730482444|state=Missing|
1782730482561|state=Missing|
1782730482670|state=Missing|
1782730482787|state=Missing|
1782730482901|state=Missing|
1782730483021|state=Missing|
1782730483136|state=Missing|
1782730483246|state=Missing|
1782730483361|state=Missing|
1782730483485|state=Missing|
1782730483595|state=Missing|
1782730483710|state=Missing|
1782730483825|state=Missing|
1782730483932|state=Missing|
1782730484038|state=Missing|
1782730484158|state=Missing|
1782730484280|state=Missing|
1782730484403|state=Missing|
1782730484521|state=Missing|
1782730484646|state=Missing|
1782730484761|state=Missing|
1782730484877|state=Missing|
1782730484993|state=Missing|
1782730485107|state=Missing|
1782730485217|state=Missing|
1782730485331|state=Missing|
1782730485445|state=Missing|
1782730485554|state=Missing|
1782730485678|state=Missing|
1782730485786|state=Missing|
1782730485907|state=Missing|
1782730486024|state=Missing|
1782730486139|state=Missing|
1782730486250|state=Missing|
1782730486365|state=Missing|
1782730486488|state=Missing|
1782730486595|state=Missing|
1782730486709|state=Missing|
1782730486816|state=Missing|
1782730486923|state=Missing|
1782730487035|state=Missing|
1782730487147|state=Missing|
1782730487261|state=Missing|
1782730487372|state=Missing|
1782730487478|state=Missing|
1782730487593|state=Missing|
1782730487700|state=Missing|
1782730487807|state=Missing|
1782730487919|state=Missing|
1782730488030|state=Missing|
1782730488136|state=Missing|
1782730488251|state=Missing|
1782730488358|state=Missing|
1782730488474|state=Missing|
1782730488587|state=Missing|
1782730488706|state=Missing|
1782730488817|state=Missing|
1782730488926|state=Missing|
1782730489036|state=Missing|
1782730489155|state=Missing|
1782730489264|state=Missing|
1782730489383|state=Missing|
1782730489500|state=Missing|
1782730489614|state=Missing|
1782730489732|state=Missing|
1782730489839|state=Missing|
1782730489953|state=Missing|
1782730490074|state=Missing|
1782730490189|state=Missing|
1782730490306|state=Missing|
1782730490423|state=Missing|
1782730490547|state=Missing|
1782730490663|state=Missing|
1782730490785|state=Missing|
1782730490897|state=Missing|
1782730491011|state=Missing|
1782730491127|state=Missing|
1782730491241|state=Missing|
1782730491351|state=Missing|
1782730491462|state=Missing|
1782730491573|state=Missing|
1782730491693|state=Missing|
1782730491805|state=Missing|
1782730491923|state=Missing|
1782730492037|state=Missing|
1782730492142|state=Missing|
1782730492254|state=Missing|
1782730492358|state=Missing|
1782730492465|state=Missing|
1782730492576|state=Missing|
1782730492690|state=Missing|
1782730492795|state=Missing|
1782730492908|state=Missing|
1782730493028|state=Missing|
1782730493148|state=Missing|
1782730493258|state=Missing|
1782730493370|state=Missing|
1782730493482|state=Missing|
1782730493593|state=Missing|
1782730493701|state=Missing|
1782730493807|state=Missing|
1782730493914|state=Missing|
1782730494024|state=Missing|
1782730494144|state=Missing|
1782730494255|state=Missing|
1782730494366|state=Missing|
1782730494474|state=Missing|
1782730494587|state=Missing|
1782730494697|state=Missing|
1782730494818|state=Missing|
1782730494949|state=Missing|
1782730495068|state=Missing|
1782730495178|state=Missing|
1782730495288|state=Missing|
1782730495401|state=Missing|
1782730495511|state=Missing|
1782730495629|state=Missing|
1782730495743|state=Missing|
1782730495857|state=Missing|
1782730495975|state=Missing|
1782730496106|state=Missing|
1782730496228|state=Missing|
1782730496350|state=Missing|
1782730496466|state=Missing|
1782730496578|state=Missing|
1782730496701|state=Missing|
1782730496809|state=Missing|
1782730496919|state=Missing|
1782730497032|state=Missing|
1782730497146|state=Missing|
1782730497257|state=Missing|
1782730497365|state=Missing|
1782730497485|state=Missing|
1782730497600|state=Missing|
1782730497719|state=Missing|
1782730497832|state=Missing|
1782730497944|state=Missing|
1782730498058|state=Missing|
1782730498170|state=Missing|
1782730498289|state=Missing|
1782730498396|state=Missing|
1782730498508|state=Missing|
1782730498623|state=Missing|
1782730498750|state=Missing|
1782730498856|state=Missing|
1782730498970|state=Missing|
1782730499083|state=Missing|
1782730499194|state=Missing|
1782730499306|state=Missing|
1782730499423|state=Missing|
1782730499535|state=Missing|
1782730499647|state=Missing|
1782730499756|state=Missing|
1782730499872|state=Missing|
1782730499983|state=Missing|
1782730500106|state=Missing|
1782730500223|state=Missing|
