1782331079132|state=Established|BIRD 2.0.8 ready. Name Proto Table State Since Info r9 BGP --- up 19:57:44.658 Established 
1782331079264|state=Established|BIRD 2.0.8 ready. Name Proto Table State Since Info r9 BGP --- up 19:57:44.658 Established 
1782331079375|state=Established|BIRD 2.0.8 ready. Name Proto Table State Since Info r9 BGP --- up 19:57:44.658 Established 
1782331079479|state=Established|BIRD 2.0.8 ready. Name Proto Table State Since Info r9 BGP --- up 19:57:44.658 Established 
1782331079595|state=Established|BIRD 2.0.8 ready. Name Proto Table State Since Info r9 BGP --- up 19:57:44.658 Established 
1782331079710|state=Established|BIRD 2.0.8 ready. Name Proto Table State Since Info r9 BGP --- up 19:57:44.658 Established 
1782331079818|state=Established|BIRD 2.0.8 ready. Name Proto Table State Since Info r9 BGP --- up 19:57:44.658 Established 
1782331079920|state=Established|BIRD 2.0.8 ready. Name Proto Table State Since Info r9 BGP --- up 19:57:44.658 Established 
1782331080030|state=Established|BIRD 2.0.8 ready. Name Proto Table State Since Info r9 BGP --- up 19:57:44.659 Established 
1782331080155|state=Established|BIRD 2.0.8 ready. Name Proto Table State Since Info r9 BGP --- up 19:57:44.658 Established 
1782331080265|state=Established|BIRD 2.0.8 ready. Name Proto Table State Since Info r9 BGP --- up 19:57:44.658 Established 
1782331080377|state=Established|BIRD 2.0.8 ready. Name Proto Table State Since Info r9 BGP --- up 19:57:44.658 Established 
1782331080483|state=Established|BIRD 2.0.8 ready. Name Proto Table State Since Info r9 BGP --- up 19:57:44.658 Established 
1782331080592|state=Established|BIRD 2.0.8 ready. Name Proto Table State Since Info r9 BGP --- up 19:57:44.658 Established 
1782331080693|state=Established|BIRD 2.0.8 ready. Name Proto Table State Since Info r9 BGP --- up 19:57:44.658 Established 
1782331080796|state=Established|BIRD 2.0.8 ready. Name Proto Table State Since Info r9 BGP --- up 19:57:44.658 Established 
1782331080905|state=Established|BIRD 2.0.8 ready. Name Proto Table State Since Info r9 BGP --- up 19:57:44.658 Established 
1782331081014|state=Established|BIRD 2.0.8 ready. Name Proto Table State Since Info r9 BGP --- up 19:57:44.658 Established 
1782331081120|state=Established|BIRD 2.0.8 ready. Name Proto Table State Since Info r9 BGP --- up 19:57:44.658 Established 
1782331081253|state=NotEstablished|BIRD 2.0.8 ready. Name Proto Table State Since Info r9 BGP --- start 19:58:01.279 Idle Error: Neighbor lost 
1782331081397|state=NotEstablished|BIRD 2.0.8 ready. Name Proto Table State Since Info r9 BGP --- start 19:58:01.279 Idle Error: Neighbor lost 
1782331081536|state=NotEstablished|BIRD 2.0.8 ready. Name Proto Table State Since Info r9 BGP --- start 19:58:01.279 Idle Error: Neighbor lost 
1782331081679|state=NotEstablished|BIRD 2.0.8 ready. Name Proto Table State Since Info r9 BGP --- start 19:58:01.279 Idle Error: Neighbor lost 
1782331081822|state=NotEstablished|BIRD 2.0.8 ready. Name Proto Table State Since Info r9 BGP --- start 19:58:01.279 Idle Error: Neighbor lost 
1782331081953|state=NotEstablished|BIRD 2.0.8 ready. Name Proto Table State Since Info r9 BGP --- start 19:58:01.279 Idle Error: Neighbor lost 
1782331082088|state=NotEstablished|BIRD 2.0.8 ready. Name Proto Table State Since Info r9 BGP --- start 19:58:01.279 Idle Error: Neighbor lost 
1782331082226|state=NotEstablished|BIRD 2.0.8 ready. Name Proto Table State Since Info r9 BGP --- start 19:58:01.279 Idle Error: Neighbor lost 
1782331082365|state=NotEstablished|BIRD 2.0.8 ready. Name Proto Table State Since Info r9 BGP --- start 19:58:01.279 Idle Error: Neighbor lost 
1782331082503|state=NotEstablished|BIRD 2.0.8 ready. Name Proto Table State Since Info r9 BGP --- start 19:58:01.279 Idle Error: Neighbor lost 
1782331082648|state=NotEstablished|BIRD 2.0.8 ready. Name Proto Table State Since Info r9 BGP --- start 19:58:01.279 Idle Error: Neighbor lost 
1782331082777|state=NotEstablished|BIRD 2.0.8 ready. Name Proto Table State Since Info r9 BGP --- start 19:58:01.279 Idle Error: Neighbor lost 
1782331082909|state=NotEstablished|BIRD 2.0.8 ready. Name Proto Table State Since Info r9 BGP --- start 19:58:01.279 Idle Error: Neighbor lost 
1782331083041|state=NotEstablished|BIRD 2.0.8 ready. Name Proto Table State Since Info r9 BGP --- start 19:58:01.279 Idle Error: Neighbor lost 
1782331083175|state=NotEstablished|BIRD 2.0.8 ready. Name Proto Table State Since Info r9 BGP --- start 19:58:01.279 Idle Error: Neighbor lost 
1782331083313|state=NotEstablished|BIRD 2.0.8 ready. Name Proto Table State Since Info r9 BGP --- start 19:58:01.279 Idle Error: Neighbor lost 
1782331083449|state=NotEstablished|BIRD 2.0.8 ready. Name Proto Table State Since Info r9 BGP --- start 19:58:01.279 Idle Error: Neighbor lost 
1782331083584|state=NotEstablished|BIRD 2.0.8 ready. Name Proto Table State Since Info r9 BGP --- start 19:58:01.279 Idle Error: Neighbor lost 
1782331083727|state=NotEstablished|BIRD 2.0.8 ready. Name Proto Table State Since Info r9 BGP --- start 19:58:01.279 Idle Error: Neighbor lost 
1782331083858|state=NotEstablished|BIRD 2.0.8 ready. Name Proto Table State Since Info r9 BGP --- start 19:58:01.279 Idle Error: Neighbor lost 
1782331083985|state=NotEstablished|BIRD 2.0.8 ready. Name Proto Table State Since Info r9 BGP --- start 19:58:01.279 Idle Error: Neighbor lost 
1782331084114|state=NotEstablished|BIRD 2.0.8 ready. Name Proto Table State Since Info r9 BGP --- start 19:58:01.279 Idle Error: Neighbor lost 
1782331084245|state=NotEstablished|BIRD 2.0.8 ready. Name Proto Table State Since Info r9 BGP --- start 19:58:01.279 Idle Error: Neighbor lost 
1782331084376|state=NotEstablished|BIRD 2.0.8 ready. Name Proto Table State Since Info r9 BGP --- start 19:58:01.279 Idle Error: Neighbor lost 
1782331084508|state=NotEstablished|BIRD 2.0.8 ready. Name Proto Table State Since Info r9 BGP --- start 19:58:01.279 Idle Error: Neighbor lost 
1782331084636|state=NotEstablished|BIRD 2.0.8 ready. Name Proto Table State Since Info r9 BGP --- start 19:58:01.279 Idle Error: Neighbor lost 
1782331084772|state=NotEstablished|BIRD 2.0.8 ready. Name Proto Table State Since Info r9 BGP --- start 19:58:01.279 Idle Error: Neighbor lost 
1782331084912|state=NotEstablished|BIRD 2.0.8 ready. Name Proto Table State Since Info r9 BGP --- start 19:58:01.279 Idle Error: Neighbor lost 
1782331085042|state=NotEstablished|BIRD 2.0.8 ready. Name Proto Table State Since Info r9 BGP --- start 19:58:01.279 Idle Error: Neighbor lost 
1782331085169|state=NotEstablished|BIRD 2.0.8 ready. Name Proto Table State Since Info r9 BGP --- start 19:58:01.279 Idle Error: Neighbor lost 
1782331085301|state=NotEstablished|BIRD 2.0.8 ready. Name Proto Table State Since Info r9 BGP --- start 19:58:01.279 Idle Error: Neighbor lost 
1782331085430|state=NotEstablished|BIRD 2.0.8 ready. Name Proto Table State Since Info r9 BGP --- start 19:58:01.279 Idle Error: Neighbor lost 
1782331085560|state=NotEstablished|BIRD 2.0.8 ready. Name Proto Table State Since Info r9 BGP --- start 19:58:01.279 Idle Error: Neighbor lost 
1782331085686|state=NotEstablished|BIRD 2.0.8 ready. Name Proto Table State Since Info r9 BGP --- start 19:58:01.279 Idle Error: Neighbor lost 
1782331085814|state=NotEstablished|BIRD 2.0.8 ready. Name Proto Table State Since Info r9 BGP --- start 19:58:01.279 Idle Error: Neighbor lost 
1782331085942|state=NotEstablished|BIRD 2.0.8 ready. Name Proto Table State Since Info r9 BGP --- start 19:58:01.279 Idle Error: Neighbor lost 
1782331086067|state=NotEstablished|BIRD 2.0.8 ready. Name Proto Table State Since Info r9 BGP --- start 19:58:01.279 Idle Error: Neighbor lost 
1782331086202|state=NotEstablished|BIRD 2.0.8 ready. Name Proto Table State Since Info r9 BGP --- start 19:58:01.279 Idle Error: Neighbor lost 
1782331086331|state=NotEstablished|BIRD 2.0.8 ready. Name Proto Table State Since Info r9 BGP --- start 19:58:01.279 Idle Error: Neighbor lost 
1782331086461|state=NotEstablished|BIRD 2.0.8 ready. Name Proto Table State Since Info r9 BGP --- start 19:58:01.279 Idle Error: Neighbor lost 
1782331086589|state=NotEstablished|BIRD 2.0.8 ready. Name Proto Table State Since Info r9 BGP --- start 19:58:01.279 Idle Error: Neighbor lost 
1782331086720|state=NotEstablished|BIRD 2.0.8 ready. Name Proto Table State Since Info r9 BGP --- start 19:58:01.279 Idle Error: Neighbor lost 
1782331086858|state=NotEstablished|BIRD 2.0.8 ready. Name Proto Table State Since Info r9 BGP --- start 19:58:01.279 Idle Error: Neighbor lost 
1782331086990|state=NotEstablished|BIRD 2.0.8 ready. Name Proto Table State Since Info r9 BGP --- start 19:58:01.279 Idle Error: Neighbor lost 
1782331087124|state=NotEstablished|BIRD 2.0.8 ready. Name Proto Table State Since Info r9 BGP --- start 19:58:01.279 Idle Error: Neighbor lost 
1782331087260|state=NotEstablished|BIRD 2.0.8 ready. Name Proto Table State Since Info r9 BGP --- start 19:58:01.279 Idle Error: Neighbor lost 
1782331087387|state=NotEstablished|BIRD 2.0.8 ready. Name Proto Table State Since Info r9 BGP --- start 19:58:01.279 Idle Error: Neighbor lost 
1782331087485|state=NotEstablished|BIRD 2.0.8 ready. Name Proto Table State Since Info r9 BGP --- start 19:58:01.279 Idle Error: Neighbor lost 
1782331087590|state=NotEstablished|BIRD 2.0.8 ready. Name Proto Table State Since Info r9 BGP --- start 19:58:01.279 Idle Error: Neighbor lost 
1782331087698|state=NotEstablished|BIRD 2.0.8 ready. Name Proto Table State Since Info r9 BGP --- start 19:58:01.279 Idle Error: Neighbor lost 
1782331087804|state=NotEstablished|BIRD 2.0.8 ready. Name Proto Table State Since Info r9 BGP --- start 19:58:01.279 Idle Error: Neighbor lost 
1782331087902|state=NotEstablished|BIRD 2.0.8 ready. Name Proto Table State Since Info r9 BGP --- start 19:58:01.279 Idle Error: Neighbor lost 
1782331088005|state=NotEstablished|BIRD 2.0.8 ready. Name Proto Table State Since Info r9 BGP --- start 19:58:01.279 Idle Error: Neighbor lost 
1782331088117|state=NotEstablished|BIRD 2.0.8 ready. Name Proto Table State Since Info r9 BGP --- start 19:58:01.279 Idle Error: Neighbor lost 
1782331088243|state=NotEstablished|BIRD 2.0.8 ready. Name Proto Table State Since Info r9 BGP --- start 19:58:01.279 Idle Error: Neighbor lost 
1782331088349|state=NotEstablished|BIRD 2.0.8 ready. Name Proto Table State Since Info r9 BGP --- start 19:58:01.279 Idle Error: Neighbor lost 
1782331088484|state=NotEstablished|BIRD 2.0.8 ready. Name Proto Table State Since Info r9 BGP --- start 19:58:01.279 Idle Error: Neighbor lost 
1782331088594|state=NotEstablished|BIRD 2.0.8 ready. Name Proto Table State Since Info r9 BGP --- start 19:58:01.279 Idle Error: Neighbor lost 
1782331088702|state=NotEstablished|BIRD 2.0.8 ready. Name Proto Table State Since Info r9 BGP --- start 19:58:01.279 Idle Error: Neighbor lost 
1782331088805|state=NotEstablished|BIRD 2.0.8 ready. Name Proto Table State Since Info r9 BGP --- start 19:58:01.279 Idle Error: Neighbor lost 
1782331088924|state=NotEstablished|BIRD 2.0.8 ready. Name Proto Table State Since Info r9 BGP --- start 19:58:01.279 Idle Error: Neighbor lost 
1782331089026|state=NotEstablished|BIRD 2.0.8 ready. Name Proto Table State Since Info r9 BGP --- start 19:58:01.279 Idle Error: Neighbor lost 
1782331089129|state=NotEstablished|BIRD 2.0.8 ready. Name Proto Table State Since Info r9 BGP --- start 19:58:01.279 Idle Error: Neighbor lost 
1782331089274|state=NotEstablished|BIRD 2.0.8 ready. Name Proto Table State Since Info r9 BGP --- start 19:58:01.279 Idle Error: Neighbor lost 
1782331089384|state=NotEstablished|BIRD 2.0.8 ready. Name Proto Table State Since Info r9 BGP --- start 19:58:01.279 Active Error: Neighbor lost 
1782331089528|state=NotEstablished|BIRD 2.0.8 ready. Name Proto Table State Since Info r9 BGP --- start 19:58:01.279 Active Error: Neighbor lost 
1782331089634|state=NotEstablished|BIRD 2.0.8 ready. Name Proto Table State Since Info r9 BGP --- start 19:58:01.279 Active Error: Neighbor lost 
1782331089752|state=NotEstablished|BIRD 2.0.8 ready. Name Proto Table State Since Info r9 BGP --- start 19:58:01.279 Active Error: Neighbor lost 
1782331089859|state=NotEstablished|BIRD 2.0.8 ready. Name Proto Table State Since Info r9 BGP --- start 19:58:01.279 Active Error: Neighbor lost 
1782331089988|state=NotEstablished|BIRD 2.0.8 ready. Name Proto Table State Since Info r9 BGP --- start 19:58:01.279 Active Error: Neighbor lost 
1782331090100|state=NotEstablished|BIRD 2.0.8 ready. Name Proto Table State Since Info r9 BGP --- start 19:58:01.279 Active Error: Neighbor lost 
1782331090213|state=NotEstablished|BIRD 2.0.8 ready. Name Proto Table State Since Info r9 BGP --- start 19:58:01.279 Active Error: Neighbor lost 
1782331090321|state=NotEstablished|BIRD 2.0.8 ready. Name Proto Table State Since Info r9 BGP --- start 19:58:01.279 Active Error: Neighbor lost 
1782331090427|state=NotEstablished|BIRD 2.0.8 ready. Name Proto Table State Since Info r9 BGP --- start 19:58:01.279 Active Error: Neighbor lost 
1782331090533|state=NotEstablished|BIRD 2.0.8 ready. Name Proto Table State Since Info r9 BGP --- start 19:58:01.279 Active Error: Neighbor lost 
1782331090637|state=NotEstablished|BIRD 2.0.8 ready. Name Proto Table State Since Info r9 BGP --- start 19:58:01.279 Active Error: Neighbor lost 
1782331090745|state=NotEstablished|BIRD 2.0.8 ready. Name Proto Table State Since Info r9 BGP --- start 19:58:01.279 Active Error: Neighbor lost 
1782331090853|state=NotEstablished|BIRD 2.0.8 ready. Name Proto Table State Since Info r9 BGP --- start 19:58:01.279 Active Error: Neighbor lost 
1782331090957|state=NotEstablished|BIRD 2.0.8 ready. Name Proto Table State Since Info r9 BGP --- start 19:58:01.280 Active Error: Neighbor lost 
1782331091064|state=NotEstablished|BIRD 2.0.8 ready. Name Proto Table State Since Info r9 BGP --- start 19:58:01.279 Active Error: Neighbor lost 
1782331091172|state=NotEstablished|BIRD 2.0.8 ready. Name Proto Table State Since Info r9 BGP --- start 19:58:01.279 Active Error: Neighbor lost 
1782331091306|state=NotEstablished|BIRD 2.0.8 ready. Name Proto Table State Since Info r9 BGP --- start 19:58:01.279 Active Error: Neighbor lost 
1782331091442|state=NotEstablished|BIRD 2.0.8 ready. Name Proto Table State Since Info r9 BGP --- start 19:58:01.279 Active Error: Neighbor lost 
1782331091587|state=NotEstablished|BIRD 2.0.8 ready. Name Proto Table State Since Info r9 BGP --- start 19:58:01.279 Active Error: Neighbor lost 
1782331091726|state=NotEstablished|BIRD 2.0.8 ready. Name Proto Table State Since Info r9 BGP --- start 19:58:01.279 Active Error: Neighbor lost 
1782331091871|state=NotEstablished|BIRD 2.0.8 ready. Name Proto Table State Since Info r9 BGP --- start 19:58:01.279 Active Error: Neighbor lost 
1782331092013|state=NotEstablished|BIRD 2.0.8 ready. Name Proto Table State Since Info r9 BGP --- start 19:58:01.279 Active Error: Neighbor lost 
1782331092153|state=NotEstablished|BIRD 2.0.8 ready. Name Proto Table State Since Info r9 BGP --- start 19:58:01.279 Active Error: Neighbor lost 
1782331092291|state=NotEstablished|BIRD 2.0.8 ready. Name Proto Table State Since Info r9 BGP --- start 19:58:01.279 Active Error: Neighbor lost 
1782331092431|state=NotEstablished|BIRD 2.0.8 ready. Name Proto Table State Since Info r9 BGP --- start 19:58:01.279 Active Error: Neighbor lost 
1782331092573|state=NotEstablished|BIRD 2.0.8 ready. Name Proto Table State Since Info r9 BGP --- start 19:58:01.279 Active Error: Neighbor lost 
1782331092709|state=NotEstablished|BIRD 2.0.8 ready. Name Proto Table State Since Info r9 BGP --- start 19:58:01.279 Active Error: Neighbor lost 
1782331092844|state=NotEstablished|BIRD 2.0.8 ready. Name Proto Table State Since Info r9 BGP --- start 19:58:01.279 Active Error: Neighbor lost 
1782331092991|state=NotEstablished|BIRD 2.0.8 ready. Name Proto Table State Since Info r9 BGP --- start 19:58:01.279 Active Error: Neighbor lost 
1782331093122|state=NotEstablished|BIRD 2.0.8 ready. Name Proto Table State Since Info r9 BGP --- start 19:58:01.279 Active Error: Neighbor lost 
1782331093248|state=NotEstablished|BIRD 2.0.8 ready. Name Proto Table State Since Info r9 BGP --- start 19:58:01.279 Active Error: Neighbor lost 
1782331093386|state=NotEstablished|BIRD 2.0.8 ready. Name Proto Table State Since Info r9 BGP --- start 19:58:01.279 Active Error: Neighbor lost 
1782331093530|state=NotEstablished|BIRD 2.0.8 ready. Name Proto Table State Since Info r9 BGP --- start 19:58:01.279 Active Error: Neighbor lost 
1782331093666|state=NotEstablished|BIRD 2.0.8 ready. Name Proto Table State Since Info r9 BGP --- start 19:58:01.279 Active Error: Neighbor lost 
1782331093799|state=NotEstablished|BIRD 2.0.8 ready. Name Proto Table State Since Info r9 BGP --- start 19:58:01.279 Active Error: Neighbor lost 
1782331093926|state=NotEstablished|BIRD 2.0.8 ready. Name Proto Table State Since Info r9 BGP --- start 19:58:01.279 Active Error: Neighbor lost 
1782331094059|state=NotEstablished|BIRD 2.0.8 ready. Name Proto Table State Since Info r9 BGP --- start 19:58:01.279 Active Error: Neighbor lost 
1782331094203|state=NotEstablished|BIRD 2.0.8 ready. Name Proto Table State Since Info r9 BGP --- start 19:58:01.279 Active Socket: Connection reset by peer 
1782331094339|state=NotEstablished|BIRD 2.0.8 ready. Name Proto Table State Since Info r9 BGP --- start 19:58:01.279 Active Socket: Connection reset by peer 
1782331094458|state=NotEstablished|BIRD 2.0.8 ready. Name Proto Table State Since Info r9 BGP --- start 19:58:01.279 Active Socket: Connection reset by peer 
1782331094578|state=NotEstablished|BIRD 2.0.8 ready. Name Proto Table State Since Info r9 BGP --- start 19:58:01.279 Active Socket: Connection reset by peer 
1782331094709|state=NotEstablished|BIRD 2.0.8 ready. Name Proto Table State Since Info r9 BGP --- start 19:58:01.279 Active Socket: Connection reset by peer 
1782331094838|state=NotEstablished|BIRD 2.0.8 ready. Name Proto Table State Since Info r9 BGP --- start 19:58:01.279 Active Socket: Connection reset by peer 
1782331094968|state=NotEstablished|BIRD 2.0.8 ready. Name Proto Table State Since Info r9 BGP --- start 19:58:01.279 Active Socket: Connection reset by peer 
1782331095093|state=NotEstablished|BIRD 2.0.8 ready. Name Proto Table State Since Info r9 BGP --- start 19:58:01.279 Active Socket: Connection reset by peer 
1782331095226|state=NotEstablished|BIRD 2.0.8 ready. Name Proto Table State Since Info r9 BGP --- start 19:58:01.279 Active Socket: Connection reset by peer 
1782331095357|state=NotEstablished|BIRD 2.0.8 ready. Name Proto Table State Since Info r9 BGP --- start 19:58:01.279 Active Socket: Connection reset by peer 
1782331095492|state=NotEstablished|BIRD 2.0.8 ready. Name Proto Table State Since Info r9 BGP --- start 19:58:01.279 Active Socket: Connection reset by peer 
1782331095625|state=NotEstablished|BIRD 2.0.8 ready. Name Proto Table State Since Info r9 BGP --- start 19:58:01.279 Active Socket: Connection reset by peer 
1782331095761|state=NotEstablished|BIRD 2.0.8 ready. Name Proto Table State Since Info r9 BGP --- start 19:58:01.279 Active Socket: Connection reset by peer 
1782331095890|state=NotEstablished|BIRD 2.0.8 ready. Name Proto Table State Since Info r9 BGP --- start 19:58:01.279 Active Socket: Connection reset by peer 
1782331096018|state=NotEstablished|BIRD 2.0.8 ready. Name Proto Table State Since Info r9 BGP --- start 19:58:01.279 Active Socket: Connection reset by peer 
1782331096150|state=NotEstablished|BIRD 2.0.8 ready. Name Proto Table State Since Info r9 BGP --- start 19:58:01.279 Active Socket: Connection reset by peer 
1782331096288|state=NotEstablished|BIRD 2.0.8 ready. Name Proto Table State Since Info r9 BGP --- start 19:58:01.279 Active Socket: Connection reset by peer 
1782331096427|state=NotEstablished|BIRD 2.0.8 ready. Name Proto Table State Since Info r9 BGP --- start 19:58:01.279 Active Socket: Connection reset by peer 
1782331096556|state=NotEstablished|BIRD 2.0.8 ready. Name Proto Table State Since Info r9 BGP --- start 19:58:01.279 Active Socket: Connection reset by peer 
1782331096691|state=NotEstablished|BIRD 2.0.8 ready. Name Proto Table State Since Info r9 BGP --- start 19:58:01.279 Active Socket: Connection reset by peer 
1782331096814|state=NotEstablished|BIRD 2.0.8 ready. Name Proto Table State Since Info r9 BGP --- start 19:58:01.279 Active Socket: Connection reset by peer 
1782331096949|state=NotEstablished|BIRD 2.0.8 ready. Name Proto Table State Since Info r9 BGP --- start 19:58:01.279 Active Socket: Connection reset by peer 
1782331097083|state=NotEstablished|BIRD 2.0.8 ready. Name Proto Table State Since Info r9 BGP --- start 19:58:01.279 Active Socket: Connection reset by peer 
1782331097223|state=NotEstablished|BIRD 2.0.8 ready. Name Proto Table State Since Info r9 BGP --- start 19:58:01.279 Active Socket: Connection reset by peer 
1782331097365|state=NotEstablished|BIRD 2.0.8 ready. Name Proto Table State Since Info r9 BGP --- start 19:58:01.279 Active Socket: Connection reset by peer 
1782331097506|state=NotEstablished|BIRD 2.0.8 ready. Name Proto Table State Since Info r9 BGP --- start 19:58:01.279 Active Socket: Connection reset by peer 
1782331097618|state=NotEstablished|BIRD 2.0.8 ready. Name Proto Table State Since Info r9 BGP --- start 19:58:01.279 Active Socket: Connection reset by peer 
1782331097735|state=NotEstablished|BIRD 2.0.8 ready. Name Proto Table State Since Info r9 BGP --- start 19:58:01.279 Active Socket: Connection reset by peer 
1782331097853|state=NotEstablished|BIRD 2.0.8 ready. Name Proto Table State Since Info r9 BGP --- start 19:58:01.279 Active Socket: Connection reset by peer 
1782331097967|state=NotEstablished|BIRD 2.0.8 ready. Name Proto Table State Since Info r9 BGP --- start 19:58:01.279 Active Socket: Connection reset by peer 
1782331098086|state=NotEstablished|BIRD 2.0.8 ready. Name Proto Table State Since Info r9 BGP --- start 19:58:01.279 Active Socket: Connection closed 
1782331098196|state=NotEstablished|BIRD 2.0.8 ready. Name Proto Table State Since Info r9 BGP --- start 19:58:01.279 Active Socket: Connection closed 
1782331098314|state=NotEstablished|BIRD 2.0.8 ready. Name Proto Table State Since Info r9 BGP --- start 19:58:01.279 Active Socket: Connection closed 
1782331098416|state=NotEstablished|BIRD 2.0.8 ready. Name Proto Table State Since Info r9 BGP --- start 19:58:01.279 Active Socket: Connection closed 
1782331098524|state=NotEstablished|BIRD 2.0.8 ready. Name Proto Table State Since Info r9 BGP --- start 19:58:01.279 Active Socket: Connection closed 
1782331098626|state=NotEstablished|BIRD 2.0.8 ready. Name Proto Table State Since Info r9 BGP --- start 19:58:01.279 Active Socket: Connection closed 
1782331098730|state=NotEstablished|BIRD 2.0.8 ready. Name Proto Table State Since Info r9 BGP --- start 19:58:01.279 Active Socket: Connection closed 
1782331098850|state=NotEstablished|BIRD 2.0.8 ready. Name Proto Table State Since Info r9 BGP --- start 19:58:01.279 Active Socket: Connection closed 
1782331098959|state=NotEstablished|BIRD 2.0.8 ready. Name Proto Table State Since Info r9 BGP --- start 19:58:01.279 Active Socket: Connection closed 
1782331099071|state=NotEstablished|BIRD 2.0.8 ready. Name Proto Table State Since Info r9 BGP --- start 19:58:01.279 Active Socket: Connection closed 
1782331099168|state=NotEstablished|BIRD 2.0.8 ready. Name Proto Table State Since Info r9 BGP --- start 19:58:01.279 Active Socket: Connection closed 
1782331099270|state=NotEstablished|BIRD 2.0.8 ready. Name Proto Table State Since Info r9 BGP --- start 19:58:01.279 Active Socket: Connection closed 
1782331099374|state=NotEstablished|BIRD 2.0.8 ready. Name Proto Table State Since Info r9 BGP --- start 19:58:01.279 Active Socket: Connection closed 
1782331099480|state=NotEstablished|BIRD 2.0.8 ready. Name Proto Table State Since Info r9 BGP --- start 19:58:01.279 Active Socket: Connection closed 
1782331099598|state=NotEstablished|BIRD 2.0.8 ready. Name Proto Table State Since Info r9 BGP --- start 19:58:01.279 Active Socket: Connection closed 
1782331099709|state=NotEstablished|BIRD 2.0.8 ready. Name Proto Table State Since Info r9 BGP --- start 19:58:01.279 Active Socket: Connection closed 
1782331099808|state=NotEstablished|BIRD 2.0.8 ready. Name Proto Table State Since Info r9 BGP --- start 19:58:01.279 Active Socket: Connection closed 
1782331099910|state=NotEstablished|BIRD 2.0.8 ready. Name Proto Table State Since Info r9 BGP --- start 19:58:01.279 Active Socket: Connection closed 
1782331100008|state=NotEstablished|BIRD 2.0.8 ready. Name Proto Table State Since Info r9 BGP --- start 19:58:01.279 Active Socket: Connection closed 
1782331100106|state=NotEstablished|BIRD 2.0.8 ready. Name Proto Table State Since Info r9 BGP --- start 19:58:01.279 Active Socket: Connection closed 
1782331100211|state=NotEstablished|BIRD 2.0.8 ready. Name Proto Table State Since Info r9 BGP --- start 19:58:01.279 Active Socket: Connection closed 
1782331100317|state=NotEstablished|BIRD 2.0.8 ready. Name Proto Table State Since Info r9 BGP --- start 19:58:01.279 Active Socket: Connection closed 
1782331100422|state=NotEstablished|BIRD 2.0.8 ready. Name Proto Table State Since Info r9 BGP --- start 19:58:01.279 Active Socket: Connection closed 
1782331100539|state=NotEstablished|BIRD 2.0.8 ready. Name Proto Table State Since Info r9 BGP --- start 19:58:01.279 Active Socket: Connection closed 
1782331100641|state=NotEstablished|BIRD 2.0.8 ready. Name Proto Table State Since Info r9 BGP --- start 19:58:01.279 Active Socket: Connection closed 
1782331100749|state=NotEstablished|BIRD 2.0.8 ready. Name Proto Table State Since Info r9 BGP --- start 19:58:01.279 Active Socket: Connection closed 
1782331100859|state=NotEstablished|BIRD 2.0.8 ready. Name Proto Table State Since Info r9 BGP --- start 19:58:01.279 Active Socket: Connection closed 
1782331100995|state=NotEstablished|BIRD 2.0.8 ready. Name Proto Table State Since Info r9 BGP --- start 19:58:01.279 Active Socket: Connection closed 
1782331101097|state=NotEstablished|BIRD 2.0.8 ready. Name Proto Table State Since Info r9 BGP --- start 19:58:01.279 Active Socket: Connection closed 
1782331101211|state=NotEstablished|BIRD 2.0.8 ready. Name Proto Table State Since Info r9 BGP --- start 19:58:01.279 Active Socket: Connection closed 
1782331101320|state=NotEstablished|BIRD 2.0.8 ready. Name Proto Table State Since Info r9 BGP --- start 19:58:01.279 Active Socket: Connection closed 
1782331101451|state=NotEstablished|BIRD 2.0.8 ready. Name Proto Table State Since Info r9 BGP --- start 19:58:01.279 Active Socket: Connection closed 
1782331101601|state=NotEstablished|BIRD 2.0.8 ready. Name Proto Table State Since Info r9 BGP --- start 19:58:01.279 Active Socket: Connection closed 
1782331101743|state=NotEstablished|BIRD 2.0.8 ready. Name Proto Table State Since Info r9 BGP --- start 19:58:01.279 Active Socket: Connection closed 
1782331101885|state=NotEstablished|BIRD 2.0.8 ready. Name Proto Table State Since Info r9 BGP --- start 19:58:01.279 Active Socket: Connection closed 
1782331102027|state=NotEstablished|BIRD 2.0.8 ready. Name Proto Table State Since Info r9 BGP --- start 19:58:01.279 Active Socket: Connection reset by peer 
1782331102170|state=NotEstablished|BIRD 2.0.8 ready. Name Proto Table State Since Info r9 BGP --- start 19:58:01.279 Active Socket: Connection reset by peer 
1782331102309|state=NotEstablished|BIRD 2.0.8 ready. Name Proto Table State Since Info r9 BGP --- start 19:58:01.279 Active Socket: Connection reset by peer 
1782331102443|state=NotEstablished|BIRD 2.0.8 ready. Name Proto Table State Since Info r9 BGP --- start 19:58:01.279 Active Socket: Connection reset by peer 
1782331102579|state=NotEstablished|BIRD 2.0.8 ready. Name Proto Table State Since Info r9 BGP --- start 19:58:01.279 Active Socket: Connection reset by peer 
1782331102727|state=NotEstablished|BIRD 2.0.8 ready. Name Proto Table State Since Info r9 BGP --- start 19:58:01.279 Active Socket: Connection reset by peer 
1782331102868|state=NotEstablished|BIRD 2.0.8 ready. Name Proto Table State Since Info r9 BGP --- start 19:58:01.279 Active Socket: Connection reset by peer 
1782331103008|state=NotEstablished|BIRD 2.0.8 ready. Name Proto Table State Since Info r9 BGP --- start 19:58:01.279 Active Socket: Connection reset by peer 
1782331103143|state=NotEstablished|BIRD 2.0.8 ready. Name Proto Table State Since Info r9 BGP --- start 19:58:01.279 Active Socket: Connection reset by peer 
1782331103275|state=NotEstablished|BIRD 2.0.8 ready. Name Proto Table State Since Info r9 BGP --- start 19:58:01.279 Active Socket: Connection reset by peer 
1782331103420|state=NotEstablished|BIRD 2.0.8 ready. Name Proto Table State Since Info r9 BGP --- start 19:58:01.279 Active Socket: Connection reset by peer 
1782331103565|state=NotEstablished|BIRD 2.0.8 ready. Name Proto Table State Since Info r9 BGP --- start 19:58:01.279 Active Socket: Connection reset by peer 
1782331103693|state=NotEstablished|BIRD 2.0.8 ready. Name Proto Table State Since Info r9 BGP --- start 19:58:01.279 Active Socket: Connection reset by peer 
1782331103821|state=NotEstablished|BIRD 2.0.8 ready. Name Proto Table State Since Info r9 BGP --- start 19:58:01.279 Active Socket: Connection reset by peer 
1782331103945|state=NotEstablished|BIRD 2.0.8 ready. Name Proto Table State Since Info r9 BGP --- start 19:58:01.279 Active Socket: Connection reset by peer 
1782331104079|state=NotEstablished|BIRD 2.0.8 ready. Name Proto Table State Since Info r9 BGP --- start 19:58:01.279 Active Socket: Connection reset by peer 
1782331104202|state=NotEstablished|BIRD 2.0.8 ready. Name Proto Table State Since Info r9 BGP --- start 19:58:01.279 Active Socket: Connection reset by peer 
1782331104339|state=NotEstablished|BIRD 2.0.8 ready. Name Proto Table State Since Info r9 BGP --- start 19:58:01.279 Active Socket: Connection reset by peer 
1782331104477|state=NotEstablished|BIRD 2.0.8 ready. Name Proto Table State Since Info r9 BGP --- start 19:58:01.279 Active Socket: Connection reset by peer 
1782331104608|state=NotEstablished|BIRD 2.0.8 ready. Name Proto Table State Since Info r9 BGP --- start 19:58:01.279 Active Socket: Connection reset by peer 
1782331104736|state=NotEstablished|BIRD 2.0.8 ready. Name Proto Table State Since Info r9 BGP --- start 19:58:01.279 Active Socket: Connection reset by peer 
1782331104866|state=NotEstablished|BIRD 2.0.8 ready. Name Proto Table State Since Info r9 BGP --- start 19:58:01.279 Active Socket: Connection reset by peer 
1782331104994|state=NotEstablished|BIRD 2.0.8 ready. Name Proto Table State Since Info r9 BGP --- start 19:58:01.279 Active Socket: Connection reset by peer 
1782331105133|state=NotEstablished|BIRD 2.0.8 ready. Name Proto Table State Since Info r9 BGP --- start 19:58:01.279 Active Socket: Connection reset by peer 
1782331105259|state=NotEstablished|BIRD 2.0.8 ready. Name Proto Table State Since Info r9 BGP --- start 19:58:01.279 Active Socket: Connection reset by peer 
1782331105384|state=NotEstablished|BIRD 2.0.8 ready. Name Proto Table State Since Info r9 BGP --- start 19:58:01.279 Active Socket: Connection reset by peer 
1782331105514|state=NotEstablished|BIRD 2.0.8 ready. Name Proto Table State Since Info r9 BGP --- start 19:58:01.279 Active Socket: Connection reset by peer 
1782331105642|state=NotEstablished|BIRD 2.0.8 ready. Name Proto Table State Since Info r9 BGP --- start 19:58:01.279 Active Socket: Connection reset by peer 
1782331105774|state=NotEstablished|BIRD 2.0.8 ready. Name Proto Table State Since Info r9 BGP --- start 19:58:01.279 Active Socket: Connection reset by peer 
1782331105907|state=NotEstablished|BIRD 2.0.8 ready. Name Proto Table State Since Info r9 BGP --- start 19:58:01.279 Active Socket: Connection reset by peer 
1782331106041|state=NotEstablished|BIRD 2.0.8 ready. Name Proto Table State Since Info r9 BGP --- start 19:58:01.279 Active Socket: Connection reset by peer 
1782331106170|state=NotEstablished|BIRD 2.0.8 ready. Name Proto Table State Since Info r9 BGP --- start 19:58:01.279 Active Socket: Connection reset by peer 
1782331106294|state=NotEstablished|BIRD 2.0.8 ready. Name Proto Table State Since Info r9 BGP --- start 19:58:01.279 Active Socket: Connection reset by peer 
1782331106425|state=NotEstablished|BIRD 2.0.8 ready. Name Proto Table State Since Info r9 BGP --- start 19:58:01.279 Active Socket: Connection reset by peer 
1782331106552|state=NotEstablished|BIRD 2.0.8 ready. Name Proto Table State Since Info r9 BGP --- start 19:58:01.279 Active Socket: Connection reset by peer 
1782331106699|state=NotEstablished|BIRD 2.0.8 ready. Name Proto Table State Since Info r9 BGP --- start 19:58:01.279 Active Socket: Connection reset by peer 
1782331106832|state=NotEstablished|BIRD 2.0.8 ready. Name Proto Table State Since Info r9 BGP --- start 19:58:01.279 Active Socket: Connection reset by peer 
1782331106963|state=NotEstablished|BIRD 2.0.8 ready. Name Proto Table State Since Info r9 BGP --- start 19:58:01.279 Active Socket: Connection reset by peer 
1782331107089|state=NotEstablished|BIRD 2.0.8 ready. Name Proto Table State Since Info r9 BGP --- start 19:58:01.279 Active Socket: Connection reset by peer 
1782331107218|state=NotEstablished|BIRD 2.0.8 ready. Name Proto Table State Since Info r9 BGP --- start 19:58:01.279 Active Socket: Connection reset by peer 
1782331107346|state=NotEstablished|BIRD 2.0.8 ready. Name Proto Table State Since Info r9 BGP --- start 19:58:01.279 Active Socket: Connection reset by peer 
1782331107481|state=NotEstablished|BIRD 2.0.8 ready. Name Proto Table State Since Info r9 BGP --- start 19:58:01.279 Active Socket: Connection reset by peer 
1782331107624|state=NotEstablished|BIRD 2.0.8 ready. Name Proto Table State Since Info r9 BGP --- start 19:58:01.279 Active Socket: Connection reset by peer 
1782331107759|state=NotEstablished|BIRD 2.0.8 ready. Name Proto Table State Since Info r9 BGP --- start 19:58:01.279 Active Socket: Connection reset by peer 
1782331107896|state=NotEstablished|BIRD 2.0.8 ready. Name Proto Table State Since Info r9 BGP --- start 19:58:01.279 Active Socket: Connection reset by peer 
1782331108014|state=NotEstablished|BIRD 2.0.8 ready. Name Proto Table State Since Info r9 BGP --- start 19:58:01.279 Active Socket: Connection reset by peer 
1782331108131|state=NotEstablished|BIRD 2.0.8 ready. Name Proto Table State Since Info r9 BGP --- start 19:58:01.279 Active Socket: Connection reset by peer 
1782331108249|state=NotEstablished|BIRD 2.0.8 ready. Name Proto Table State Since Info r9 BGP --- start 19:58:01.279 Active Socket: Connection reset by peer 
1782331108352|state=NotEstablished|BIRD 2.0.8 ready. Name Proto Table State Since Info r9 BGP --- start 19:58:01.279 Active Socket: Connection reset by peer 
1782331108464|state=NotEstablished|BIRD 2.0.8 ready. Name Proto Table State Since Info r9 BGP --- start 19:58:01.279 Active Socket: Connection reset by peer 
1782331108574|state=NotEstablished|BIRD 2.0.8 ready. Name Proto Table State Since Info r9 BGP --- start 19:58:01.279 Active Socket: Connection reset by peer 
1782331108684|state=NotEstablished|BIRD 2.0.8 ready. Name Proto Table State Since Info r9 BGP --- start 19:58:01.279 Active Socket: Connection reset by peer 
1782331108794|state=NotEstablished|BIRD 2.0.8 ready. Name Proto Table State Since Info r9 BGP --- start 19:58:01.279 Active Socket: Connection reset by peer 
1782331108900|state=NotEstablished|BIRD 2.0.8 ready. Name Proto Table State Since Info r9 BGP --- start 19:58:01.279 Active Socket: Connection reset by peer 
1782331109004|state=NotEstablished|BIRD 2.0.8 ready. Name Proto Table State Since Info r9 BGP --- start 19:58:01.279 Active Socket: Connection reset by peer 
1782331109110|state=NotEstablished|BIRD 2.0.8 ready. Name Proto Table State Since Info r9 BGP --- start 19:58:01.279 Active Socket: Connection reset by peer 
1782331109219|state=NotEstablished|BIRD 2.0.8 ready. Name Proto Table State Since Info r9 BGP --- start 19:58:01.279 Active Socket: Connection reset by peer 
1782331109327|state=NotEstablished|BIRD 2.0.8 ready. Name Proto Table State Since Info r9 BGP --- start 19:58:01.279 Active Socket: Connection reset by peer 
1782331109439|state=NotEstablished|BIRD 2.0.8 ready. Name Proto Table State Since Info r9 BGP --- start 19:58:01.279 Active Socket: Connection reset by peer 
1782331109575|state=NotEstablished|BIRD 2.0.8 ready. Name Proto Table State Since Info r9 BGP --- start 19:58:01.279 Active Socket: Connection reset by peer 
1782331109691|state=NotEstablished|BIRD 2.0.8 ready. Name Proto Table State Since Info r9 BGP --- start 19:58:01.279 Active Socket: Connection reset by peer 
1782331109795|state=NotEstablished|BIRD 2.0.8 ready. Name Proto Table State Since Info r9 BGP --- start 19:58:01.279 Active Socket: Connection reset by peer 
1782331109899|state=NotEstablished|BIRD 2.0.8 ready. Name Proto Table State Since Info r9 BGP --- start 19:58:01.279 Active Socket: Connection reset by peer 
1782331110000|state=NotEstablished|BIRD 2.0.8 ready. Name Proto Table State Since Info r9 BGP --- start 19:58:01.279 Active Socket: Connection reset by peer 
1782331110106|state=NotEstablished|BIRD 2.0.8 ready. Name Proto Table State Since Info r9 BGP --- start 19:58:01.279 Active Socket: Connection reset by peer 
1782331110207|state=NotEstablished|BIRD 2.0.8 ready. Name Proto Table State Since Info r9 BGP --- start 19:58:01.279 Active Socket: Connection reset by peer 
1782331110312|state=NotEstablished|BIRD 2.0.8 ready. Name Proto Table State Since Info r9 BGP --- start 19:58:01.279 Active Socket: Connection reset by peer 
1782331110417|state=NotEstablished|BIRD 2.0.8 ready. Name Proto Table State Since Info r9 BGP --- start 19:58:01.279 Active Socket: Connection reset by peer 
1782331110540|state=NotEstablished|BIRD 2.0.8 ready. Name Proto Table State Since Info r9 BGP --- start 19:58:01.279 Active Socket: Connection reset by peer 
