1782411639235|state=Missing|
1782411639394|state=Missing|
1782411639505|state=Missing|
1782411639617|state=Missing|
1782411639734|state=Missing|
1782411639848|state=Missing|
1782411639965|state=Missing|
1782411640077|state=Missing|
1782411640194|state=Missing|
1782411640319|state=Missing|
1782411640428|state=Missing|
1782411640547|state=Missing|
1782411640662|state=Missing|
1782411640778|state=Missing|
1782411640888|state=Missing|
1782411641006|state=Missing|
1782411641120|state=Missing|
1782411641225|state=Missing|
1782411641335|state=Missing|
1782411641443|state=Missing|
1782411641552|state=Missing|
1782411641662|state=Missing|
1782411641772|state=Missing|
1782411641877|state=Missing|
1782411641993|state=Missing|
1782411642118|state=Missing|
1782411642248|state=Missing|
1782411642378|state=Missing|
1782411642506|state=Missing|
1782411642637|state=Missing|
1782411642767|state=Missing|
1782411642897|state=Missing|
1782411643029|state=Missing|
1782411643160|state=Missing|
1782411643289|state=Missing|
1782411643430|state=Missing|
1782411643564|state=Missing|
1782411643699|state=Missing|
1782411643831|state=Missing|
1782411643962|state=Missing|
1782411644096|state=Missing|
1782411644230|state=Missing|
1782411644356|state=Missing|
1782411644491|state=Missing|
1782411644621|state=Missing|
1782411644754|state=Missing|
1782411644886|state=Missing|
1782411645019|state=Missing|
1782411645152|state=Missing|
1782411645283|state=Missing|
1782411645419|state=Missing|
1782411645548|state=Missing|
1782411645693|state=Missing|
1782411645820|state=Missing|
1782411645951|state=Missing|
1782411646084|state=Missing|
1782411646217|state=Missing|
1782411646343|state=Missing|
1782411646476|state=Missing|
1782411646604|state=Missing|
1782411646732|state=Missing|
1782411646858|state=Missing|
1782411646986|state=Missing|
1782411647121|state=Missing|
1782411647254|state=Missing|
1782411647383|state=Missing|
1782411647519|state=Missing|
1782411647649|state=Missing|
1782411647776|state=Missing|
1782411647914|state=Missing|
1782411648028|state=Missing|
1782411648157|state=Missing|
1782411648292|state=Missing|
1782411648402|state=Missing|
1782411648516|state=Missing|
1782411648632|state=Missing|
1782411648747|state=Missing|
1782411648862|state=Missing|
1782411648976|state=Missing|
1782411649089|state=Missing|
1782411649204|state=Missing|
1782411649337|state=Missing|
1782411649445|state=Missing|
1782411649566|state=Missing|
1782411649688|state=Missing|
1782411649799|state=Missing|
1782411649909|state=Missing|
1782411650023|state=Missing|
1782411650136|state=Missing|
1782411650248|state=Missing|
1782411650360|state=Missing|
1782411650463|state=Missing|
1782411650567|state=Missing|
1782411650667|state=Missing|
1782411650778|state=Missing|
1782411650885|state=Missing|
1782411650988|state=Missing|
1782411651093|state=Missing|
1782411651195|state=Missing|
1782411651302|state=Missing|
1782411651428|state=Missing|
1782411651540|state=Missing|
1782411651653|state=Missing|
1782411651764|state=Missing|
1782411651872|state=Missing|
1782411651973|state=Missing|
1782411652078|state=Missing|
1782411652179|state=Missing|
1782411652288|state=Missing|
1782411652396|state=Missing|
1782411652514|state=Missing|
1782411652645|state=Missing|
1782411652784|state=Missing|
1782411652917|state=Missing|
1782411653046|state=Missing|
1782411653172|state=Missing|
1782411653302|state=Missing|
1782411653433|state=Missing|
1782411653573|state=Missing|
1782411653711|state=Missing|
1782411653841|state=Missing|
1782411653971|state=Missing|
1782411654102|state=Missing|
1782411654229|state=Missing|
1782411654365|state=Missing|
1782411654494|state=Missing|
1782411654633|state=Missing|
1782411654778|state=Missing|
1782411654907|state=Missing|
1782411655037|state=Missing|
1782411655164|state=Missing|
1782411655294|state=Missing|
1782411655428|state=Missing|
1782411655570|state=Missing|
1782411655700|state=Missing|
1782411655834|state=Missing|
1782411655964|state=Missing|
1782411656092|state=Missing|
1782411656227|state=Missing|
1782411656357|state=Missing|
1782411656486|state=Missing|
1782411656614|state=Missing|
1782411656748|state=Missing|
1782411656876|state=Missing|
1782411657007|state=Missing|
1782411657136|state=Missing|
1782411657271|state=Missing|
1782411657404|state=Missing|
1782411657531|state=Missing|
1782411657658|state=Missing|
1782411657800|state=Missing|
1782411657930|state=Missing|
1782411658061|state=Missing|
1782411658210|state=Missing|
1782411658341|state=Missing|
1782411658484|state=Missing|
1782411658640|state=Missing|
1782411658769|state=Missing|
1782411658890|state=Missing|
1782411659010|state=Missing|
1782411659120|state=Missing|
1782411659245|state=Missing|
1782411659356|state=Missing|
1782411659467|state=Missing|
1782411659595|state=Missing|
1782411659705|state=Missing|
1782411659818|state=Missing|
1782411659926|state=Missing|
1782411660050|state=Missing|
1782411660167|state=Missing|
1782411660276|state=Missing|
1782411660388|state=Missing|
1782411660502|state=Missing|
1782411660620|state=Missing|
1782411660732|state=Missing|
1782411660845|state=Missing|
1782411660954|state=Missing|
1782411661060|state=Missing|
1782411661175|state=Missing|
1782411661284|state=Missing|
1782411661392|state=Missing|
1782411661506|state=Missing|
1782411661611|state=Missing|
1782411661720|state=Missing|
1782411661832|state=Missing|
1782411661939|state=Missing|
1782411662044|state=Missing|
1782411662148|state=Missing|
1782411662258|state=Missing|
1782411662373|state=Missing|
1782411662480|state=Missing|
1782411662582|state=Missing|
1782411662684|state=Missing|
1782411662790|state=Missing|
1782411662902|state=Missing|
1782411663015|state=Missing|
1782411663129|state=Missing|
1782411663256|state=Missing|
1782411663376|state=Missing|
1782411663504|state=Missing|
1782411663630|state=Missing|
1782411663753|state=Missing|
1782411663880|state=Missing|
1782411664004|state=Missing|
1782411664131|state=Missing|
1782411664260|state=Missing|
1782411664384|state=Missing|
1782411664500|state=Missing|
1782411664628|state=Missing|
1782411664763|state=Missing|
1782411664887|state=Missing|
1782411665012|state=Missing|
1782411665134|state=Missing|
1782411665255|state=Missing|
1782411665382|state=Missing|
1782411665506|state=Missing|
1782411665623|state=Missing|
1782411665747|state=Missing|
1782411665870|state=Missing|
1782411665990|state=Missing|
1782411666115|state=Missing|
1782411666261|state=Missing|
1782411666391|state=Missing|
1782411666530|state=Missing|
1782411666653|state=Missing|
1782411666778|state=Missing|
1782411666924|state=Missing|
1782411667042|state=Missing|
1782411667171|state=Missing|
1782411667309|state=Missing|
1782411667436|state=Missing|
1782411667554|state=Missing|
1782411667712|state=Missing|
1782411667843|state=Missing|
1782411667972|state=Missing|
1782411668096|state=Missing|
1782411668231|state=Missing|
1782411668365|state=Missing|
1782411668502|state=Missing|
1782411668634|state=Missing|
1782411668757|state=Missing|
1782411668890|state=Missing|
1782411669021|state=Missing|
1782411669153|state=Missing|
1782411669295|state=Missing|
1782411669436|state=Missing|
1782411669551|state=Missing|
1782411669669|state=Missing|
1782411669787|state=Missing|
1782411669922|state=Missing|
1782411670042|state=Missing|
1782411670161|state=Missing|
1782411670276|state=Missing|
1782411670399|state=Missing|
1782411670515|state=Missing|
1782411670629|state=Missing|
1782411670738|state=Missing|
1782411670853|state=Missing|
1782411670961|state=Missing|
1782411671073|state=Missing|
1782411671181|state=Missing|
1782411671294|state=Missing|
1782411671404|state=Missing|
1782411671510|state=Missing|
1782411671617|state=Missing|
1782411671727|state=Missing|
1782411671861|state=Missing|
1782411671974|state=Missing|
1782411672080|state=Missing|
1782411672191|state=Missing|
1782411672297|state=Missing|
1782411672402|state=Missing|
1782411672511|state=Missing|
1782411672619|state=Missing|
1782411672732|state=Missing|
