1782562793230|state=Missing|
1782562793396|state=Missing|
1782562793529|state=Missing|
1782562793662|state=Missing|
1782562793794|state=Missing|
1782562793931|state=Missing|
1782562794067|state=Missing|
1782562794208|state=Missing|
1782562794348|state=Missing|
1782562794489|state=Missing|
1782562794630|state=Missing|
1782562794782|state=Missing|
1782562794926|state=Missing|
1782562795076|state=Missing|
1782562795215|state=Missing|
1782562795358|state=Missing|
1782562795505|state=Missing|
1782562795660|state=Missing|
1782562795810|state=Missing|
1782562795948|state=Missing|
1782562796091|state=Missing|
1782562796230|state=Missing|
1782562796366|state=Missing|
1782562796508|state=Missing|
1782562796625|state=Missing|
1782562796763|state=Missing|
1782562796885|state=Missing|
1782562797019|state=Missing|
1782562797152|state=Missing|
1782562797283|state=Missing|
1782562797416|state=Missing|
1782562797529|state=Missing|
1782562797648|state=Missing|
1782562797776|state=Missing|
1782562797893|state=Missing|
1782562798010|state=Missing|
1782562798121|state=Missing|
1782562798262|state=Missing|
1782562798399|state=Missing|
1782562798530|state=Missing|
1782562798671|state=Missing|
1782562798810|state=Missing|
1782562798949|state=Missing|
1782562799100|state=Missing|
1782562799242|state=Missing|
1782562799391|state=Missing|
1782562799533|state=Missing|
1782562799667|state=Missing|
1782562799815|state=Missing|
1782562799960|state=Missing|
1782562800093|state=Missing|
1782562800231|state=Missing|
1782562800363|state=Missing|
1782562800499|state=Missing|
1782562800642|state=Missing|
1782562800771|state=Missing|
1782562800911|state=Missing|
1782562801041|state=Missing|
1782562801169|state=Missing|
1782562801309|state=Missing|
1782562801450|state=Missing|
1782562801578|state=Missing|
1782562801707|state=Missing|
1782562801847|state=Missing|
1782562801983|state=Missing|
1782562802118|state=Missing|
1782562802255|state=Missing|
1782562802386|state=Missing|
1782562802530|state=Missing|
1782562802672|state=Missing|
1782562802807|state=Missing|
1782562802947|state=Missing|
1782562803080|state=Missing|
1782562803215|state=Missing|
1782562803350|state=Missing|
1782562803481|state=Missing|
1782562803623|state=Missing|
1782562803748|state=Missing|
1782562803881|state=Missing|
1782562804014|state=Missing|
1782562804149|state=Missing|
1782562804272|state=Missing|
1782562804402|state=Missing|
1782562804530|state=Missing|
1782562804649|state=Missing|
1782562804784|state=Missing|
1782562804923|state=Missing|
1782562805066|state=Missing|
1782562805203|state=Missing|
1782562805335|state=Missing|
1782562805463|state=Missing|
1782562805594|state=Missing|
1782562805724|state=Missing|
1782562805853|state=Missing|
1782562805979|state=Missing|
1782562806103|state=Missing|
1782562806232|state=Missing|
1782562806366|state=Missing|
1782562806490|state=Missing|
1782562806623|state=Missing|
1782562806748|state=Missing|
1782562806880|state=Missing|
1782562807008|state=Missing|
1782562807144|state=Missing|
1782562807271|state=Missing|
1782562807398|state=Missing|
1782562807528|state=Missing|
1782562807652|state=Missing|
1782562807787|state=Missing|
1782562807922|state=Missing|
1782562808057|state=Missing|
1782562808189|state=Missing|
1782562808325|state=Missing|
1782562808465|state=Missing|
1782562808599|state=Missing|
1782562808745|state=Missing|
1782562808879|state=Missing|
1782562809014|state=Missing|
1782562809147|state=Missing|
1782562809275|state=Missing|
1782562809411|state=Missing|
1782562809538|state=Missing|
1782562809664|state=Missing|
