1782730349011|state=Missing|
1782730349145|state=Missing|
1782730349255|state=Missing|
1782730349380|state=Missing|
1782730349494|state=Missing|
1782730349605|state=Missing|
1782730349716|state=Missing|
1782730349840|state=Missing|
1782730349947|state=Missing|
1782730350055|state=Missing|
1782730350161|state=Missing|
1782730350270|state=Missing|
1782730350377|state=Missing|
1782730350485|state=Missing|
1782730350595|state=Missing|
1782730350719|state=Missing|
1782730350834|state=Missing|
1782730350944|state=Missing|
1782730351048|state=Missing|
1782730351160|state=Missing|
1782730351274|state=Missing|
1782730351387|state=Missing|
1782730351498|state=Missing|
1782730351609|state=Missing|
1782730351731|state=Missing|
1782730351852|state=Missing|
1782730351968|state=Missing|
1782730352084|state=Missing|
1782730352199|state=Missing|
1782730352306|state=Missing|
1782730352417|state=Missing|
1782730352534|state=Missing|
1782730352653|state=Missing|
1782730352768|state=Missing|
1782730352878|state=Missing|
1782730352993|state=Missing|
1782730353105|state=Missing|
1782730353211|state=Missing|
1782730353330|state=Missing|
1782730353439|state=Missing|
1782730353552|state=Missing|
1782730353671|state=Missing|
1782730353812|state=Missing|
1782730353927|state=Missing|
1782730354051|state=Missing|
1782730354168|state=Missing|
1782730354278|state=Missing|
1782730354398|state=Missing|
1782730354511|state=Missing|
1782730354630|state=Missing|
1782730354745|state=Missing|
1782730354851|state=Missing|
1782730354966|state=Missing|
1782730355088|state=Missing|
1782730355200|state=Missing|
1782730355318|state=Missing|
1782730355432|state=Missing|
1782730355556|state=Missing|
1782730355672|state=Missing|
1782730355781|state=Missing|
1782730355898|state=Missing|
1782730356016|state=Missing|
1782730356132|state=Missing|
1782730356249|state=Missing|
1782730356369|state=Missing|
1782730356500|state=Missing|
1782730356619|state=Missing|
1782730356736|state=Missing|
1782730356851|state=Missing|
1782730356962|state=Missing|
1782730357071|state=Missing|
1782730357184|state=Missing|
1782730357296|state=Missing|
1782730357414|state=Missing|
1782730357521|state=Missing|
1782730357649|state=Missing|
1782730357759|state=Missing|
1782730357881|state=Missing|
1782730357998|state=Missing|
1782730358110|state=Missing|
1782730358229|state=Missing|
1782730358340|state=Missing|
1782730358445|state=Missing|
1782730358556|state=Missing|
1782730358662|state=Missing|
1782730358772|state=Missing|
1782730358882|state=Missing|
1782730358991|state=Missing|
1782730359109|state=Missing|
1782730359233|state=Missing|
1782730359347|state=Missing|
1782730359470|state=Missing|
1782730359586|state=Missing|
1782730359695|state=Missing|
1782730359809|state=Missing|
1782730359924|state=Missing|
1782730360032|state=Missing|
1782730360147|state=Missing|
1782730360263|state=Missing|
1782730360377|state=Missing|
1782730360498|state=Missing|
1782730360607|state=Missing|
1782730360715|state=Missing|
1782730360838|state=Missing|
1782730360951|state=Missing|
1782730361079|state=Missing|
1782730361204|state=Missing|
1782730361314|state=Missing|
1782730361429|state=Missing|
1782730361543|state=Missing|
1782730361660|state=Missing|
1782730361773|state=Missing|
1782730361881|state=Missing|
1782730361990|state=Missing|
1782730362107|state=Missing|
1782730362224|state=Missing|
1782730362369|state=Missing|
1782730362503|state=Missing|
1782730362617|state=Missing|
1782730362728|state=Missing|
1782730362843|state=Missing|
1782730362950|state=Missing|
1782730363056|state=Missing|
1782730363168|state=Missing|
1782730363282|state=Missing|
1782730363395|state=Missing|
1782730363511|state=Missing|
1782730363618|state=Missing|
1782730363716|state=Missing|
1782730363818|state=Missing|
1782730363942|state=Missing|
1782730364051|state=Missing|
1782730364166|state=Missing|
1782730364284|state=Missing|
1782730364404|state=Missing|
1782730364514|state=Missing|
1782730364629|state=Missing|
1782730364735|state=Missing|
1782730364844|state=Missing|
1782730364959|state=Missing|
1782730365063|state=Missing|
1782730365174|state=Missing|
1782730365294|state=Missing|
1782730365410|state=Missing|
1782730365525|state=Missing|
1782730365648|state=Missing|
1782730365770|state=Missing|
1782730365888|state=Missing|
1782730365998|state=Missing|
1782730366110|state=Missing|
1782730366236|state=Missing|
1782730366362|state=Missing|
1782730366471|state=Missing|
1782730366582|state=Missing|
1782730366696|state=Missing|
1782730366805|state=Missing|
1782730366920|state=Missing|
1782730367032|state=Missing|
1782730367140|state=Missing|
1782730367268|state=Missing|
1782730367391|state=Missing|
1782730367506|state=Missing|
1782730367628|state=Missing|
1782730367744|state=Missing|
1782730367867|state=Missing|
1782730367971|state=Missing|
1782730368080|state=Missing|
1782730368196|state=Missing|
1782730368313|state=Missing|
1782730368438|state=Missing|
1782730368549|state=Missing|
1782730368660|state=Missing|
1782730368772|state=Missing|
1782730368886|state=Missing|
1782730369002|state=Missing|
1782730369115|state=Missing|
1782730369225|state=Missing|
1782730369346|state=Missing|
1782730369455|state=Missing|
1782730369563|state=Missing|
1782730369675|state=Missing|
1782730369793|state=Missing|
1782730369908|state=Missing|
1782730370016|state=Missing|
1782730370120|state=Missing|
1782730370226|state=Missing|
1782730370338|state=Missing|
1782730370446|state=Missing|
1782730370549|state=Missing|
1782730370662|state=Missing|
1782730370773|state=Missing|
1782730370870|state=Missing|
1782730370984|state=Missing|
1782730371092|state=Missing|
1782730371203|state=Missing|
1782730371316|state=Missing|
1782730371426|state=Missing|
1782730371535|state=Missing|
1782730371639|state=Missing|
1782730371752|state=Missing|
1782730371866|state=Missing|
1782730371975|state=Missing|
1782730372082|state=Missing|
1782730372183|state=Missing|
1782730372298|state=Missing|
1782730372411|state=Missing|
1782730372533|state=Missing|
1782730372648|state=Missing|
1782730372754|state=Missing|
1782730372866|state=Missing|
1782730372983|state=Missing|
1782730373087|state=Missing|
1782730373210|state=Missing|
1782730373321|state=Missing|
1782730373433|state=Missing|
1782730373537|state=Missing|
1782730373651|state=Missing|
1782730373765|state=Missing|
1782730373879|state=Missing|
1782730373989|state=Missing|
1782730374097|state=Missing|
1782730374201|state=Missing|
1782730374308|state=Missing|
1782730374422|state=Missing|
1782730374530|state=Missing|
1782730374659|state=Missing|
1782730374774|state=Missing|
1782730374887|state=Missing|
1782730374999|state=Missing|
1782730375121|state=Missing|
1782730375245|state=Missing|
1782730375362|state=Missing|
1782730375476|state=Missing|
1782730375583|state=Missing|
1782730375696|state=Missing|
1782730375812|state=Missing|
1782730375921|state=Missing|
1782730376040|state=Missing|
1782730376157|state=Missing|
1782730376274|state=Missing|
1782730376388|state=Missing|
1782730376499|state=Missing|
1782730376612|state=Missing|
1782730376727|state=Missing|
1782730376837|state=Missing|
1782730376953|state=Missing|
1782730377067|state=Missing|
1782730377179|state=Missing|
1782730377307|state=Missing|
1782730377418|state=Missing|
1782730377540|state=Missing|
1782730377654|state=Missing|
1782730377768|state=Missing|
1782730377874|state=Missing|
1782730377991|state=Missing|
1782730378100|state=Missing|
1782730378228|state=Missing|
1782730378340|state=Missing|
1782730378451|state=Missing|
1782730378566|state=Missing|
1782730378685|state=Missing|
1782730378805|state=Missing|
1782730378913|state=Missing|
1782730379021|state=Missing|
1782730379131|state=Missing|
1782730379241|state=Missing|
1782730379348|state=Missing|
1782730379462|state=Missing|
1782730379584|state=Missing|
1782730379697|state=Missing|
1782730379808|state=Missing|
1782730379915|state=Missing|
1782730380028|state=Missing|
1782730380136|state=Missing|
1782730380254|state=Missing|
1782730380368|state=Missing|
1782730380478|state=Missing|
1782730380580|state=Missing|
1782730380687|state=Missing|
1782730380806|state=Missing|
1782730380919|state=Missing|
1782730381026|state=Missing|
1782730381143|state=Missing|
1782730381259|state=Missing|
1782730381379|state=Missing|
1782730381494|state=Missing|
1782730381613|state=Missing|
1782730381726|state=Missing|
1782730381846|state=Missing|
1782730381958|state=Missing|
1782730382064|state=Missing|
1782730382177|state=Missing|
1782730382287|state=Missing|
1782730382402|state=Missing|
