1782330757261|state=Established|BIRD 2.0.8 ready. Name Proto Table State Since Info r9 BGP --- up 19:52:22.782 Established 
1782330757422|state=Established|BIRD 2.0.8 ready. Name Proto Table State Since Info r9 BGP --- up 19:52:22.782 Established 
1782330757556|state=Established|BIRD 2.0.8 ready. Name Proto Table State Since Info r9 BGP --- up 19:52:22.782 Established 
1782330757696|state=Established|BIRD 2.0.8 ready. Name Proto Table State Since Info r9 BGP --- up 19:52:22.782 Established 
1782330757828|state=Established|BIRD 2.0.8 ready. Name Proto Table State Since Info r9 BGP --- up 19:52:22.782 Established 
1782330757980|state=Established|BIRD 2.0.8 ready. Name Proto Table State Since Info r9 BGP --- up 19:52:22.782 Established 
1782330758121|state=Established|BIRD 2.0.8 ready. Name Proto Table State Since Info r9 BGP --- up 19:52:22.782 Established 
1782330758255|state=Established|BIRD 2.0.8 ready. Name Proto Table State Since Info r9 BGP --- up 19:52:22.782 Established 
1782330758392|state=Established|BIRD 2.0.8 ready. Name Proto Table State Since Info r9 BGP --- up 19:52:22.782 Established 
1782330758533|state=Established|BIRD 2.0.8 ready. Name Proto Table State Since Info r9 BGP --- up 19:52:22.782 Established 
1782330758676|state=Established|BIRD 2.0.8 ready. Name Proto Table State Since Info r9 BGP --- up 19:52:22.782 Established 
1782330758817|state=Established|BIRD 2.0.8 ready. Name Proto Table State Since Info r9 BGP --- up 19:52:22.782 Established 
1782330758963|state=Established|BIRD 2.0.8 ready. Name Proto Table State Since Info r9 BGP --- up 19:52:22.782 Established 
1782330759096|state=Established|BIRD 2.0.8 ready. Name Proto Table State Since Info r9 BGP --- up 19:52:22.782 Established 
1782330759238|state=Established|BIRD 2.0.8 ready. Name Proto Table State Since Info r9 BGP --- up 19:52:22.782 Established 
1782330759372|state=Established|BIRD 2.0.8 ready. Name Proto Table State Since Info r9 BGP --- up 19:52:22.782 Established 
1782330759527|state=NotEstablished|BIRD 2.0.8 ready. Name Proto Table State Since Info r9 BGP --- start 19:52:39.453 Idle Error: Neighbor lost 
1782330759675|state=NotEstablished|BIRD 2.0.8 ready. Name Proto Table State Since Info r9 BGP --- start 19:52:39.453 Idle Error: Neighbor lost 
1782330759824|state=NotEstablished|BIRD 2.0.8 ready. Name Proto Table State Since Info r9 BGP --- start 19:52:39.453 Idle Error: Neighbor lost 
1782330759968|state=NotEstablished|BIRD 2.0.8 ready. Name Proto Table State Since Info r9 BGP --- start 19:52:39.453 Idle Error: Neighbor lost 
1782330760108|state=NotEstablished|BIRD 2.0.8 ready. Name Proto Table State Since Info r9 BGP --- start 19:52:39.453 Idle Error: Neighbor lost 
1782330760257|state=NotEstablished|BIRD 2.0.8 ready. Name Proto Table State Since Info r9 BGP --- start 19:52:39.453 Idle Error: Neighbor lost 
1782330760404|state=NotEstablished|BIRD 2.0.8 ready. Name Proto Table State Since Info r9 BGP --- start 19:52:39.453 Idle Error: Neighbor lost 
1782330760558|state=NotEstablished|BIRD 2.0.8 ready. Name Proto Table State Since Info r9 BGP --- start 19:52:39.453 Idle Error: Neighbor lost 
1782330760697|state=NotEstablished|BIRD 2.0.8 ready. Name Proto Table State Since Info r9 BGP --- start 19:52:39.453 Idle Error: Neighbor lost 
1782330760813|state=NotEstablished|BIRD 2.0.8 ready. Name Proto Table State Since Info r9 BGP --- start 19:52:39.453 Idle Error: Neighbor lost 
1782330760926|state=NotEstablished|BIRD 2.0.8 ready. Name Proto Table State Since Info r9 BGP --- start 19:52:39.453 Idle Error: Neighbor lost 
1782330761056|state=NotEstablished|BIRD 2.0.8 ready. Name Proto Table State Since Info r9 BGP --- start 19:52:39.453 Idle Error: Neighbor lost 
1782330761182|state=NotEstablished|BIRD 2.0.8 ready. Name Proto Table State Since Info r9 BGP --- start 19:52:39.453 Idle Error: Neighbor lost 
1782330761305|state=NotEstablished|BIRD 2.0.8 ready. Name Proto Table State Since Info r9 BGP --- start 19:52:39.453 Idle Error: Neighbor lost 
1782330761438|state=NotEstablished|BIRD 2.0.8 ready. Name Proto Table State Since Info r9 BGP --- start 19:52:39.453 Idle Error: Neighbor lost 
1782330761548|state=NotEstablished|BIRD 2.0.8 ready. Name Proto Table State Since Info r9 BGP --- start 19:52:39.453 Idle Error: Neighbor lost 
1782330761654|state=NotEstablished|BIRD 2.0.8 ready. Name Proto Table State Since Info r9 BGP --- start 19:52:39.453 Idle Error: Neighbor lost 
1782330761785|state=NotEstablished|BIRD 2.0.8 ready. Name Proto Table State Since Info r9 BGP --- start 19:52:39.453 Idle Error: Neighbor lost 
1782330761898|state=NotEstablished|BIRD 2.0.8 ready. Name Proto Table State Since Info r9 BGP --- start 19:52:39.453 Idle Error: Neighbor lost 
1782330762043|state=NotEstablished|BIRD 2.0.8 ready. Name Proto Table State Since Info r9 BGP --- start 19:52:39.453 Idle Error: Neighbor lost 
1782330762155|state=NotEstablished|BIRD 2.0.8 ready. Name Proto Table State Since Info r9 BGP --- start 19:52:39.453 Idle Error: Neighbor lost 
1782330762276|state=NotEstablished|BIRD 2.0.8 ready. Name Proto Table State Since Info r9 BGP --- start 19:52:39.453 Idle Error: Neighbor lost 
1782330762416|state=NotEstablished|BIRD 2.0.8 ready. Name Proto Table State Since Info r9 BGP --- start 19:52:39.453 Idle Error: Neighbor lost 
1782330762525|state=NotEstablished|BIRD 2.0.8 ready. Name Proto Table State Since Info r9 BGP --- start 19:52:39.453 Idle Error: Neighbor lost 
1782330762631|state=NotEstablished|BIRD 2.0.8 ready. Name Proto Table State Since Info r9 BGP --- start 19:52:39.453 Idle Error: Neighbor lost 
1782330762736|state=NotEstablished|BIRD 2.0.8 ready. Name Proto Table State Since Info r9 BGP --- start 19:52:39.453 Idle Error: Neighbor lost 
1782330762870|state=NotEstablished|BIRD 2.0.8 ready. Name Proto Table State Since Info r9 BGP --- start 19:52:39.453 Idle Error: Neighbor lost 
1782330762977|state=NotEstablished|BIRD 2.0.8 ready. Name Proto Table State Since Info r9 BGP --- start 19:52:39.453 Idle Error: Neighbor lost 
1782330763087|state=NotEstablished|BIRD 2.0.8 ready. Name Proto Table State Since Info r9 BGP --- start 19:52:39.453 Idle Error: Neighbor lost 
1782330763190|state=NotEstablished|BIRD 2.0.8 ready. Name Proto Table State Since Info r9 BGP --- start 19:52:39.453 Idle Error: Neighbor lost 
1782330763294|state=NotEstablished|BIRD 2.0.8 ready. Name Proto Table State Since Info r9 BGP --- start 19:52:39.453 Idle Error: Neighbor lost 
1782330763403|state=NotEstablished|BIRD 2.0.8 ready. Name Proto Table State Since Info r9 BGP --- start 19:52:39.453 Idle Error: Neighbor lost 
1782330763504|state=NotEstablished|BIRD 2.0.8 ready. Name Proto Table State Since Info r9 BGP --- start 19:52:39.453 Idle Error: Neighbor lost 
1782330763612|state=NotEstablished|BIRD 2.0.8 ready. Name Proto Table State Since Info r9 BGP --- start 19:52:39.453 Idle Error: Neighbor lost 
1782330763714|state=NotEstablished|BIRD 2.0.8 ready. Name Proto Table State Since Info r9 BGP --- start 19:52:39.453 Idle Error: Neighbor lost 
1782330763817|state=NotEstablished|BIRD 2.0.8 ready. Name Proto Table State Since Info r9 BGP --- start 19:52:39.453 Idle Error: Neighbor lost 
1782330763930|state=NotEstablished|BIRD 2.0.8 ready. Name Proto Table State Since Info r9 BGP --- start 19:52:39.453 Idle Error: Neighbor lost 
1782330764037|state=NotEstablished|BIRD 2.0.8 ready. Name Proto Table State Since Info r9 BGP --- start 19:52:39.453 Idle Error: Neighbor lost 
1782330764176|state=NotEstablished|BIRD 2.0.8 ready. Name Proto Table State Since Info r9 BGP --- start 19:52:39.453 Idle Error: Neighbor lost 
1782330764282|state=NotEstablished|BIRD 2.0.8 ready. Name Proto Table State Since Info r9 BGP --- start 19:52:39.453 Idle Error: Neighbor lost 
1782330764395|state=NotEstablished|BIRD 2.0.8 ready. Name Proto Table State Since Info r9 BGP --- start 19:52:39.453 Idle Error: Neighbor lost 
1782330764500|state=NotEstablished|BIRD 2.0.8 ready. Name Proto Table State Since Info r9 BGP --- start 19:52:39.453 Idle Error: Neighbor lost 
1782330764605|state=NotEstablished|BIRD 2.0.8 ready. Name Proto Table State Since Info r9 BGP --- start 19:52:39.453 Idle Error: Neighbor lost 
1782330764710|state=NotEstablished|BIRD 2.0.8 ready. Name Proto Table State Since Info r9 BGP --- start 19:52:39.453 Idle Error: Neighbor lost 
1782330764813|state=NotEstablished|BIRD 2.0.8 ready. Name Proto Table State Since Info r9 BGP --- start 19:52:39.453 Idle Error: Neighbor lost 
1782330764946|state=NotEstablished|BIRD 2.0.8 ready. Name Proto Table State Since Info r9 BGP --- start 19:52:39.453 Idle Error: Neighbor lost 
1782330765077|state=NotEstablished|BIRD 2.0.8 ready. Name Proto Table State Since Info r9 BGP --- start 19:52:39.453 Idle Error: Neighbor lost 
1782330765215|state=NotEstablished|BIRD 2.0.8 ready. Name Proto Table State Since Info r9 BGP --- start 19:52:39.453 Idle Error: Neighbor lost 
1782330765356|state=NotEstablished|BIRD 2.0.8 ready. Name Proto Table State Since Info r9 BGP --- start 19:52:39.453 Idle Error: Neighbor lost 
1782330765503|state=NotEstablished|BIRD 2.0.8 ready. Name Proto Table State Since Info r9 BGP --- start 19:52:39.453 Idle Error: Neighbor lost 
1782330765648|state=NotEstablished|BIRD 2.0.8 ready. Name Proto Table State Since Info r9 BGP --- start 19:52:39.453 Idle Error: Neighbor lost 
1782330765785|state=NotEstablished|BIRD 2.0.8 ready. Name Proto Table State Since Info r9 BGP --- start 19:52:39.453 Idle Error: Neighbor lost 
1782330765927|state=NotEstablished|BIRD 2.0.8 ready. Name Proto Table State Since Info r9 BGP --- start 19:52:39.453 Idle Error: Neighbor lost 
1782330766066|state=NotEstablished|BIRD 2.0.8 ready. Name Proto Table State Since Info r9 BGP --- start 19:52:39.453 Idle Error: Neighbor lost 
1782330766218|state=NotEstablished|BIRD 2.0.8 ready. Name Proto Table State Since Info r9 BGP --- start 19:52:39.453 Idle Error: Neighbor lost 
1782330766367|state=NotEstablished|BIRD 2.0.8 ready. Name Proto Table State Since Info r9 BGP --- start 19:52:39.453 Idle Error: Neighbor lost 
1782330766490|state=NotEstablished|BIRD 2.0.8 ready. Name Proto Table State Since Info r9 BGP --- start 19:52:39.453 Idle Error: Neighbor lost 
1782330766632|state=NotEstablished|BIRD 2.0.8 ready. Name Proto Table State Since Info r9 BGP --- start 19:52:39.453 Idle Error: Neighbor lost 
1782330766772|state=NotEstablished|BIRD 2.0.8 ready. Name Proto Table State Since Info r9 BGP --- start 19:52:39.453 Idle Error: Neighbor lost 
1782330766909|state=NotEstablished|BIRD 2.0.8 ready. Name Proto Table State Since Info r9 BGP --- start 19:52:39.453 Idle Error: Neighbor lost 
1782330767053|state=NotEstablished|BIRD 2.0.8 ready. Name Proto Table State Since Info r9 BGP --- start 19:52:39.453 Idle Error: Neighbor lost 
1782330767191|state=NotEstablished|BIRD 2.0.8 ready. Name Proto Table State Since Info r9 BGP --- start 19:52:39.453 Idle Error: Neighbor lost 
1782330767335|state=NotEstablished|BIRD 2.0.8 ready. Name Proto Table State Since Info r9 BGP --- start 19:52:39.453 Idle Error: Neighbor lost 
1782330767473|state=NotEstablished|BIRD 2.0.8 ready. Name Proto Table State Since Info r9 BGP --- start 19:52:39.453 Idle Error: Neighbor lost 
1782330767619|state=NotEstablished|BIRD 2.0.8 ready. Name Proto Table State Since Info r9 BGP --- start 19:52:39.453 Active Error: Neighbor lost 
1782330767755|state=NotEstablished|BIRD 2.0.8 ready. Name Proto Table State Since Info r9 BGP --- start 19:52:39.453 Active Error: Neighbor lost 
1782330767892|state=NotEstablished|BIRD 2.0.8 ready. Name Proto Table State Since Info r9 BGP --- start 19:52:39.453 Active Error: Neighbor lost 
1782330768024|state=NotEstablished|BIRD 2.0.8 ready. Name Proto Table State Since Info r9 BGP --- start 19:52:39.453 Active Error: Neighbor lost 
1782330768156|state=NotEstablished|BIRD 2.0.8 ready. Name Proto Table State Since Info r9 BGP --- start 19:52:39.453 Active Error: Neighbor lost 
1782330768292|state=NotEstablished|BIRD 2.0.8 ready. Name Proto Table State Since Info r9 BGP --- start 19:52:39.453 Active Error: Neighbor lost 
1782330768421|state=NotEstablished|BIRD 2.0.8 ready. Name Proto Table State Since Info r9 BGP --- start 19:52:39.453 Active Error: Neighbor lost 
1782330768552|state=NotEstablished|BIRD 2.0.8 ready. Name Proto Table State Since Info r9 BGP --- start 19:52:39.453 Active Error: Neighbor lost 
1782330768697|state=NotEstablished|BIRD 2.0.8 ready. Name Proto Table State Since Info r9 BGP --- start 19:52:39.453 Active Error: Neighbor lost 
1782330768840|state=NotEstablished|BIRD 2.0.8 ready. Name Proto Table State Since Info r9 BGP --- start 19:52:39.453 Active Error: Neighbor lost 
1782330768975|state=NotEstablished|BIRD 2.0.8 ready. Name Proto Table State Since Info r9 BGP --- start 19:52:39.453 Active Error: Neighbor lost 
1782330769122|state=NotEstablished|BIRD 2.0.8 ready. Name Proto Table State Since Info r9 BGP --- start 19:52:39.453 Active Error: Neighbor lost 
1782330769248|state=NotEstablished|BIRD 2.0.8 ready. Name Proto Table State Since Info r9 BGP --- start 19:52:39.453 Active Error: Neighbor lost 
1782330769380|state=NotEstablished|BIRD 2.0.8 ready. Name Proto Table State Since Info r9 BGP --- start 19:52:39.453 Active Error: Neighbor lost 
1782330769516|state=NotEstablished|BIRD 2.0.8 ready. Name Proto Table State Since Info r9 BGP --- start 19:52:39.453 Active Error: Neighbor lost 
1782330769659|state=NotEstablished|BIRD 2.0.8 ready. Name Proto Table State Since Info r9 BGP --- start 19:52:39.453 Active Error: Neighbor lost 
1782330769789|state=NotEstablished|BIRD 2.0.8 ready. Name Proto Table State Since Info r9 BGP --- start 19:52:39.453 Active Error: Neighbor lost 
1782330769916|state=NotEstablished|BIRD 2.0.8 ready. Name Proto Table State Since Info r9 BGP --- start 19:52:39.453 Active Error: Neighbor lost 
1782330770048|state=NotEstablished|BIRD 2.0.8 ready. Name Proto Table State Since Info r9 BGP --- start 19:52:39.453 Active Error: Neighbor lost 
1782330770180|state=NotEstablished|BIRD 2.0.8 ready. Name Proto Table State Since Info r9 BGP --- start 19:52:39.453 Active Error: Neighbor lost 
1782330770318|state=NotEstablished|BIRD 2.0.8 ready. Name Proto Table State Since Info r9 BGP --- start 19:52:39.453 Active Error: Neighbor lost 
1782330770452|state=NotEstablished|BIRD 2.0.8 ready. Name Proto Table State Since Info r9 BGP --- start 19:52:39.453 Active Error: Neighbor lost 
1782330770583|state=NotEstablished|BIRD 2.0.8 ready. Name Proto Table State Since Info r9 BGP --- start 19:52:39.453 Active Error: Neighbor lost 
1782330770717|state=NotEstablished|BIRD 2.0.8 ready. Name Proto Table State Since Info r9 BGP --- start 19:52:39.453 Active Error: Neighbor lost 
1782330770854|state=NotEstablished|BIRD 2.0.8 ready. Name Proto Table State Since Info r9 BGP --- start 19:52:39.453 Active Error: Neighbor lost 
1782330771001|state=NotEstablished|BIRD 2.0.8 ready. Name Proto Table State Since Info r9 BGP --- start 19:52:39.453 Active Error: Neighbor lost 
1782330771134|state=NotEstablished|BIRD 2.0.8 ready. Name Proto Table State Since Info r9 BGP --- start 19:52:39.453 Active Error: Neighbor lost 
1782330771274|state=NotEstablished|BIRD 2.0.8 ready. Name Proto Table State Since Info r9 BGP --- start 19:52:39.453 Active Error: Neighbor lost 
1782330771387|state=NotEstablished|BIRD 2.0.8 ready. Name Proto Table State Since Info r9 BGP --- start 19:52:39.453 Active Error: Neighbor lost 
1782330771492|state=NotEstablished|BIRD 2.0.8 ready. Name Proto Table State Since Info r9 BGP --- start 19:52:39.453 Active Error: Neighbor lost 
1782330771606|state=NotEstablished|BIRD 2.0.8 ready. Name Proto Table State Since Info r9 BGP --- start 19:52:39.453 Active Error: Neighbor lost 
1782330771713|state=NotEstablished|BIRD 2.0.8 ready. Name Proto Table State Since Info r9 BGP --- start 19:52:39.453 Active Error: Neighbor lost 
1782330771827|state=NotEstablished|BIRD 2.0.8 ready. Name Proto Table State Since Info r9 BGP --- start 19:52:39.453 Active Error: Neighbor lost 
1782330771935|state=NotEstablished|BIRD 2.0.8 ready. Name Proto Table State Since Info r9 BGP --- start 19:52:39.453 Active Error: Neighbor lost 
1782330772044|state=NotEstablished|BIRD 2.0.8 ready. Name Proto Table State Since Info r9 BGP --- start 19:52:39.453 Active Socket: Connection reset by peer 
1782330772167|state=NotEstablished|BIRD 2.0.8 ready. Name Proto Table State Since Info r9 BGP --- start 19:52:39.453 Active Socket: Connection reset by peer 
1782330772274|state=NotEstablished|BIRD 2.0.8 ready. Name Proto Table State Since Info r9 BGP --- start 19:52:39.453 Active Socket: Connection reset by peer 
1782330772381|state=NotEstablished|BIRD 2.0.8 ready. Name Proto Table State Since Info r9 BGP --- start 19:52:39.453 Active Socket: Connection reset by peer 
1782330772520|state=NotEstablished|BIRD 2.0.8 ready. Name Proto Table State Since Info r9 BGP --- start 19:52:39.453 Active Socket: Connection reset by peer 
1782330772634|state=NotEstablished|BIRD 2.0.8 ready. Name Proto Table State Since Info r9 BGP --- start 19:52:39.453 Active Socket: Connection reset by peer 
1782330772760|state=NotEstablished|BIRD 2.0.8 ready. Name Proto Table State Since Info r9 BGP --- start 19:52:39.453 Active Socket: Connection reset by peer 
1782330772861|state=NotEstablished|BIRD 2.0.8 ready. Name Proto Table State Since Info r9 BGP --- start 19:52:39.453 Active Socket: Connection reset by peer 
1782330772964|state=NotEstablished|BIRD 2.0.8 ready. Name Proto Table State Since Info r9 BGP --- start 19:52:39.453 Active Socket: Connection reset by peer 
1782330773072|state=NotEstablished|BIRD 2.0.8 ready. Name Proto Table State Since Info r9 BGP --- start 19:52:39.453 Active Socket: Connection reset by peer 
1782330773183|state=NotEstablished|BIRD 2.0.8 ready. Name Proto Table State Since Info r9 BGP --- start 19:52:39.453 Active Socket: Connection reset by peer 
1782330773288|state=NotEstablished|BIRD 2.0.8 ready. Name Proto Table State Since Info r9 BGP --- start 19:52:39.453 Active Socket: Connection reset by peer 
1782330773399|state=NotEstablished|BIRD 2.0.8 ready. Name Proto Table State Since Info r9 BGP --- start 19:52:39.453 Active Socket: Connection reset by peer 
1782330773505|state=NotEstablished|BIRD 2.0.8 ready. Name Proto Table State Since Info r9 BGP --- start 19:52:39.453 Active Socket: Connection reset by peer 
1782330773609|state=NotEstablished|BIRD 2.0.8 ready. Name Proto Table State Since Info r9 BGP --- start 19:52:39.453 Active Socket: Connection reset by peer 
1782330773712|state=NotEstablished|BIRD 2.0.8 ready. Name Proto Table State Since Info r9 BGP --- start 19:52:39.453 Active Socket: Connection reset by peer 
1782330773821|state=NotEstablished|BIRD 2.0.8 ready. Name Proto Table State Since Info r9 BGP --- start 19:52:39.453 Active Socket: Connection reset by peer 
1782330773937|state=NotEstablished|BIRD 2.0.8 ready. Name Proto Table State Since Info r9 BGP --- start 19:52:39.453 Active Socket: Connection reset by peer 
1782330774072|state=NotEstablished|BIRD 2.0.8 ready. Name Proto Table State Since Info r9 BGP --- start 19:52:39.453 Active Socket: Connection reset by peer 
1782330774171|state=NotEstablished|BIRD 2.0.8 ready. Name Proto Table State Since Info r9 BGP --- start 19:52:39.453 Active Socket: Connection reset by peer 
1782330774274|state=NotEstablished|BIRD 2.0.8 ready. Name Proto Table State Since Info r9 BGP --- start 19:52:39.453 Active Socket: Connection reset by peer 
1782330774378|state=NotEstablished|BIRD 2.0.8 ready. Name Proto Table State Since Info r9 BGP --- start 19:52:39.453 Active Socket: Connection reset by peer 
1782330774488|state=NotEstablished|BIRD 2.0.8 ready. Name Proto Table State Since Info r9 BGP --- start 19:52:39.453 Active Socket: Connection reset by peer 
1782330774589|state=NotEstablished|BIRD 2.0.8 ready. Name Proto Table State Since Info r9 BGP --- start 19:52:39.453 Active Socket: Connection reset by peer 
1782330774697|state=NotEstablished|BIRD 2.0.8 ready. Name Proto Table State Since Info r9 BGP --- start 19:52:39.453 Active Socket: Connection reset by peer 
1782330774820|state=NotEstablished|BIRD 2.0.8 ready. Name Proto Table State Since Info r9 BGP --- start 19:52:39.453 Active Socket: Connection reset by peer 
1782330774925|state=NotEstablished|BIRD 2.0.8 ready. Name Proto Table State Since Info r9 BGP --- start 19:52:39.453 Active Socket: Connection reset by peer 
1782330775033|state=NotEstablished|BIRD 2.0.8 ready. Name Proto Table State Since Info r9 BGP --- start 19:52:39.453 Active Socket: Connection reset by peer 
1782330775168|state=NotEstablished|BIRD 2.0.8 ready. Name Proto Table State Since Info r9 BGP --- start 19:52:39.453 Active Socket: Connection reset by peer 
1782330775312|state=NotEstablished|BIRD 2.0.8 ready. Name Proto Table State Since Info r9 BGP --- start 19:52:39.453 Active Socket: Connection reset by peer 
1782330775460|state=NotEstablished|BIRD 2.0.8 ready. Name Proto Table State Since Info r9 BGP --- start 19:52:39.453 Active Socket: Connection reset by peer 
1782330775606|state=NotEstablished|BIRD 2.0.8 ready. Name Proto Table State Since Info r9 BGP --- start 19:52:39.453 Active Socket: Connection reset by peer 
1782330775744|state=NotEstablished|BIRD 2.0.8 ready. Name Proto Table State Since Info r9 BGP --- start 19:52:39.453 Active Socket: Connection reset by peer 
1782330775879|state=NotEstablished|BIRD 2.0.8 ready. Name Proto Table State Since Info r9 BGP --- start 19:52:39.453 Active Socket: Connection reset by peer 
1782330776016|state=NotEstablished|BIRD 2.0.8 ready. Name Proto Table State Since Info r9 BGP --- start 19:52:39.453 Active Socket: Connection reset by peer 
1782330776166|state=NotEstablished|BIRD 2.0.8 ready. Name Proto Table State Since Info r9 BGP --- start 19:52:39.453 Active Socket: Connection reset by peer 
1782330776305|state=NotEstablished|BIRD 2.0.8 ready. Name Proto Table State Since Info r9 BGP --- start 19:52:39.453 Active Socket: Connection reset by peer 
1782330776450|state=NotEstablished|BIRD 2.0.8 ready. Name Proto Table State Since Info r9 BGP --- start 19:52:39.453 Active Socket: Connection reset by peer 
1782330776586|state=NotEstablished|BIRD 2.0.8 ready. Name Proto Table State Since Info r9 BGP --- start 19:52:39.453 Active Socket: Connection reset by peer 
1782330776728|state=NotEstablished|BIRD 2.0.8 ready. Name Proto Table State Since Info r9 BGP --- start 19:52:39.453 Active Socket: Connection reset by peer 
1782330776860|state=NotEstablished|BIRD 2.0.8 ready. Name Proto Table State Since Info r9 BGP --- start 19:52:39.453 Active Socket: Connection reset by peer 
1782330777014|state=NotEstablished|BIRD 2.0.8 ready. Name Proto Table State Since Info r9 BGP --- start 19:52:39.453 Active Socket: Connection reset by peer 
1782330777159|state=NotEstablished|BIRD 2.0.8 ready. Name Proto Table State Since Info r9 BGP --- start 19:52:39.453 Active Socket: Connection reset by peer 
1782330777296|state=NotEstablished|BIRD 2.0.8 ready. Name Proto Table State Since Info r9 BGP --- start 19:52:39.453 Active Socket: Connection reset by peer 
1782330777432|state=NotEstablished|BIRD 2.0.8 ready. Name Proto Table State Since Info r9 BGP --- start 19:52:39.453 Active Socket: Connection reset by peer 
1782330777571|state=NotEstablished|BIRD 2.0.8 ready. Name Proto Table State Since Info r9 BGP --- start 19:52:39.453 Active Socket: Connection reset by peer 
1782330777710|state=NotEstablished|BIRD 2.0.8 ready. Name Proto Table State Since Info r9 BGP --- start 19:52:39.453 Active Socket: Connection reset by peer 
1782330777852|state=NotEstablished|BIRD 2.0.8 ready. Name Proto Table State Since Info r9 BGP --- start 19:52:39.453 Active Socket: Connection reset by peer 
1782330777999|state=NotEstablished|BIRD 2.0.8 ready. Name Proto Table State Since Info r9 BGP --- start 19:52:39.453 Active Socket: Connection reset by peer 
1782330778141|state=NotEstablished|BIRD 2.0.8 ready. Name Proto Table State Since Info r9 BGP --- start 19:52:39.453 Active Socket: Connection reset by peer 
1782330778280|state=NotEstablished|BIRD 2.0.8 ready. Name Proto Table State Since Info r9 BGP --- start 19:52:39.453 Active Socket: Connection reset by peer 
1782330778417|state=NotEstablished|BIRD 2.0.8 ready. Name Proto Table State Since Info r9 BGP --- start 19:52:39.453 Active Socket: Connection reset by peer 
1782330778561|state=NotEstablished|BIRD 2.0.8 ready. Name Proto Table State Since Info r9 BGP --- start 19:52:39.453 Active Socket: Connection reset by peer 
1782330778708|state=NotEstablished|BIRD 2.0.8 ready. Name Proto Table State Since Info r9 BGP --- start 19:52:39.453 Active Socket: Connection reset by peer 
1782330778852|state=NotEstablished|BIRD 2.0.8 ready. Name Proto Table State Since Info r9 BGP --- start 19:52:39.453 Active Socket: Connection reset by peer 
1782330778994|state=NotEstablished|BIRD 2.0.8 ready. Name Proto Table State Since Info r9 BGP --- start 19:52:39.453 Active Socket: Connection reset by peer 
1782330779151|state=NotEstablished|BIRD 2.0.8 ready. Name Proto Table State Since Info r9 BGP --- start 19:52:39.453 Active Socket: Connection reset by peer 
1782330779291|state=NotEstablished|BIRD 2.0.8 ready. Name Proto Table State Since Info r9 BGP --- start 19:52:39.453 Active Socket: Connection reset by peer 
1782330779437|state=NotEstablished|BIRD 2.0.8 ready. Name Proto Table State Since Info r9 BGP --- start 19:52:39.453 Active Socket: Connection reset by peer 
1782330779584|state=NotEstablished|BIRD 2.0.8 ready. Name Proto Table State Since Info r9 BGP --- start 19:52:39.453 Active Socket: Connection reset by peer 
1782330779729|state=NotEstablished|BIRD 2.0.8 ready. Name Proto Table State Since Info r9 BGP --- start 19:52:39.453 Active Socket: Connection reset by peer 
1782330779869|state=NotEstablished|BIRD 2.0.8 ready. Name Proto Table State Since Info r9 BGP --- start 19:52:39.453 Active Socket: Connection reset by peer 
1782330780008|state=NotEstablished|BIRD 2.0.8 ready. Name Proto Table State Since Info r9 BGP --- start 19:52:39.453 Active Socket: Connection reset by peer 
1782330780152|state=NotEstablished|BIRD 2.0.8 ready. Name Proto Table State Since Info r9 BGP --- start 19:52:39.453 Active Socket: Connection closed 
1782330780292|state=NotEstablished|BIRD 2.0.8 ready. Name Proto Table State Since Info r9 BGP --- start 19:52:39.453 Active Socket: Connection closed 
1782330780436|state=NotEstablished|BIRD 2.0.8 ready. Name Proto Table State Since Info r9 BGP --- start 19:52:39.453 Active Socket: Connection closed 
1782330780573|state=NotEstablished|BIRD 2.0.8 ready. Name Proto Table State Since Info r9 BGP --- start 19:52:39.453 Active Socket: Connection closed 
1782330780719|state=NotEstablished|BIRD 2.0.8 ready. Name Proto Table State Since Info r9 BGP --- start 19:52:39.453 Active Socket: Connection closed 
1782330780856|state=NotEstablished|BIRD 2.0.8 ready. Name Proto Table State Since Info r9 BGP --- start 19:52:39.453 Active Socket: Connection closed 
1782330780999|state=NotEstablished|BIRD 2.0.8 ready. Name Proto Table State Since Info r9 BGP --- start 19:52:39.453 Active Socket: Connection closed 
1782330781149|state=NotEstablished|BIRD 2.0.8 ready. Name Proto Table State Since Info r9 BGP --- start 19:52:39.453 Active Socket: Connection closed 
1782330781295|state=NotEstablished|BIRD 2.0.8 ready. Name Proto Table State Since Info r9 BGP --- start 19:52:39.453 Active Socket: Connection closed 
1782330781438|state=NotEstablished|BIRD 2.0.8 ready. Name Proto Table State Since Info r9 BGP --- start 19:52:39.453 Active Socket: Connection closed 
1782330781580|state=NotEstablished|BIRD 2.0.8 ready. Name Proto Table State Since Info r9 BGP --- start 19:52:39.453 Active Socket: Connection closed 
1782330781732|state=NotEstablished|BIRD 2.0.8 ready. Name Proto Table State Since Info r9 BGP --- start 19:52:39.453 Active Socket: Connection closed 
1782330781846|state=NotEstablished|BIRD 2.0.8 ready. Name Proto Table State Since Info r9 BGP --- start 19:52:39.453 Active Socket: Connection closed 
1782330781960|state=NotEstablished|BIRD 2.0.8 ready. Name Proto Table State Since Info r9 BGP --- start 19:52:39.453 Active Socket: Connection closed 
1782330782081|state=NotEstablished|BIRD 2.0.8 ready. Name Proto Table State Since Info r9 BGP --- start 19:52:39.453 Active Socket: Connection closed 
1782330782204|state=NotEstablished|BIRD 2.0.8 ready. Name Proto Table State Since Info r9 BGP --- start 19:52:39.453 Active Socket: Connection closed 
1782330782313|state=NotEstablished|BIRD 2.0.8 ready. Name Proto Table State Since Info r9 BGP --- start 19:52:39.453 Active Socket: Connection closed 
1782330782416|state=NotEstablished|BIRD 2.0.8 ready. Name Proto Table State Since Info r9 BGP --- start 19:52:39.453 Active Socket: Connection closed 
1782330782525|state=NotEstablished|BIRD 2.0.8 ready. Name Proto Table State Since Info r9 BGP --- start 19:52:39.453 Active Socket: Connection closed 
1782330782627|state=NotEstablished|BIRD 2.0.8 ready. Name Proto Table State Since Info r9 BGP --- start 19:52:39.453 Active Socket: Connection closed 
1782330782727|state=NotEstablished|BIRD 2.0.8 ready. Name Proto Table State Since Info r9 BGP --- start 19:52:39.453 Active Socket: Connection closed 
1782330782827|state=NotEstablished|BIRD 2.0.8 ready. Name Proto Table State Since Info r9 BGP --- start 19:52:39.453 Active Socket: Connection closed 
1782330782951|state=NotEstablished|BIRD 2.0.8 ready. Name Proto Table State Since Info r9 BGP --- start 19:52:39.453 Active Socket: Connection closed 
1782330783053|state=NotEstablished|BIRD 2.0.8 ready. Name Proto Table State Since Info r9 BGP --- start 19:52:39.453 Active Socket: Connection closed 
1782330783155|state=NotEstablished|BIRD 2.0.8 ready. Name Proto Table State Since Info r9 BGP --- start 19:52:39.453 Active Socket: Connection closed 
1782330783264|state=NotEstablished|BIRD 2.0.8 ready. Name Proto Table State Since Info r9 BGP --- start 19:52:39.453 Active Socket: Connection closed 
1782330783374|state=NotEstablished|BIRD 2.0.8 ready. Name Proto Table State Since Info r9 BGP --- start 19:52:39.453 Active Socket: Connection closed 
1782330783480|state=NotEstablished|BIRD 2.0.8 ready. Name Proto Table State Since Info r9 BGP --- start 19:52:39.453 Active Socket: Connection closed 
1782330783584|state=NotEstablished|BIRD 2.0.8 ready. Name Proto Table State Since Info r9 BGP --- start 19:52:39.453 Active Socket: Connection closed 
1782330783689|state=NotEstablished|BIRD 2.0.8 ready. Name Proto Table State Since Info r9 BGP --- start 19:52:39.453 Active Socket: Connection closed 
1782330783790|state=NotEstablished|BIRD 2.0.8 ready. Name Proto Table State Since Info r9 BGP --- start 19:52:39.453 Active Socket: Connection closed 
1782330783900|state=NotEstablished|BIRD 2.0.8 ready. Name Proto Table State Since Info r9 BGP --- start 19:52:39.453 Active Socket: Connection closed 
1782330784004|state=NotEstablished|BIRD 2.0.8 ready. Name Proto Table State Since Info r9 BGP --- start 19:52:39.453 Active Socket: Connection closed 
1782330784113|state=NotEstablished|BIRD 2.0.8 ready. Name Proto Table State Since Info r9 BGP --- start 19:52:39.453 Active Socket: Connection closed 
1782330784228|state=NotEstablished|BIRD 2.0.8 ready. Name Proto Table State Since Info r9 BGP --- start 19:52:39.453 Active Socket: Connection closed 
1782330784336|state=NotEstablished|BIRD 2.0.8 ready. Name Proto Table State Since Info r9 BGP --- start 19:52:39.453 Active Socket: Connection closed 
1782330784440|state=NotEstablished|BIRD 2.0.8 ready. Name Proto Table State Since Info r9 BGP --- start 19:52:39.453 Active Socket: Connection closed 
1782330784548|state=NotEstablished|BIRD 2.0.8 ready. Name Proto Table State Since Info r9 BGP --- start 19:52:39.453 Active Socket: Connection closed 
1782330784678|state=NotEstablished|BIRD 2.0.8 ready. Name Proto Table State Since Info r9 BGP --- start 19:52:39.453 Active Socket: Connection closed 
1782330784784|state=NotEstablished|BIRD 2.0.8 ready. Name Proto Table State Since Info r9 BGP --- start 19:52:39.453 Active Socket: Connection closed 
1782330784888|state=NotEstablished|BIRD 2.0.8 ready. Name Proto Table State Since Info r9 BGP --- start 19:52:39.453 Active Socket: Connection closed 
1782330784994|state=NotEstablished|BIRD 2.0.8 ready. Name Proto Table State Since Info r9 BGP --- start 19:52:39.453 Active Socket: Connection closed 
1782330785099|state=NotEstablished|BIRD 2.0.8 ready. Name Proto Table State Since Info r9 BGP --- start 19:52:39.453 Active Socket: Connection closed 
1782330785210|state=NotEstablished|BIRD 2.0.8 ready. Name Proto Table State Since Info r9 BGP --- start 19:52:39.453 Active Socket: Connection closed 
1782330785314|state=NotEstablished|BIRD 2.0.8 ready. Name Proto Table State Since Info r9 BGP --- start 19:52:39.453 Active Socket: Connection closed 
1782330785460|state=NotEstablished|BIRD 2.0.8 ready. Name Proto Table State Since Info r9 BGP --- start 19:52:39.453 Active Socket: Connection closed 
1782330785601|state=NotEstablished|BIRD 2.0.8 ready. Name Proto Table State Since Info r9 BGP --- start 19:52:39.453 Active Socket: Connection closed 
1782330785729|state=NotEstablished|BIRD 2.0.8 ready. Name Proto Table State Since Info r9 BGP --- start 19:52:39.453 Active Socket: Connection closed 
1782330785865|state=NotEstablished|BIRD 2.0.8 ready. Name Proto Table State Since Info r9 BGP --- start 19:52:39.453 Active Socket: Connection closed 
1782330786004|state=NotEstablished|BIRD 2.0.8 ready. Name Proto Table State Since Info r9 BGP --- start 19:52:39.453 Active Socket: Connection closed 
1782330786152|state=NotEstablished|BIRD 2.0.8 ready. Name Proto Table State Since Info r9 BGP --- start 19:52:39.453 Active Socket: Connection closed 
1782330786293|state=NotEstablished|BIRD 2.0.8 ready. Name Proto Table State Since Info r9 BGP --- start 19:52:39.453 Active Socket: Connection closed 
1782330786440|state=NotEstablished|BIRD 2.0.8 ready. Name Proto Table State Since Info r9 BGP --- start 19:52:39.453 Active Socket: Connection closed 
1782330786579|state=NotEstablished|BIRD 2.0.8 ready. Name Proto Table State Since Info r9 BGP --- start 19:52:39.453 Active Socket: Connection closed 
1782330786716|state=NotEstablished|BIRD 2.0.8 ready. Name Proto Table State Since Info r9 BGP --- start 19:52:39.453 Active Socket: Connection closed 
1782330786853|state=NotEstablished|BIRD 2.0.8 ready. Name Proto Table State Since Info r9 BGP --- start 19:52:39.453 Active Socket: Connection closed 
1782330787003|state=NotEstablished|BIRD 2.0.8 ready. Name Proto Table State Since Info r9 BGP --- start 19:52:39.453 Active Socket: Connection closed 
1782330787145|state=NotEstablished|BIRD 2.0.8 ready. Name Proto Table State Since Info r9 BGP --- start 19:52:39.453 Active Socket: Connection closed 
1782330787283|state=NotEstablished|BIRD 2.0.8 ready. Name Proto Table State Since Info r9 BGP --- start 19:52:39.453 Active Socket: Connection closed 
1782330787420|state=NotEstablished|BIRD 2.0.8 ready. Name Proto Table State Since Info r9 BGP --- start 19:52:39.453 Active Socket: Connection closed 
1782330787562|state=NotEstablished|BIRD 2.0.8 ready. Name Proto Table State Since Info r9 BGP --- start 19:52:39.453 Active Socket: Connection closed 
1782330787719|state=NotEstablished|BIRD 2.0.8 ready. Name Proto Table State Since Info r9 BGP --- start 19:52:39.453 Active Socket: Connection closed 
1782330787871|state=NotEstablished|BIRD 2.0.8 ready. Name Proto Table State Since Info r9 BGP --- start 19:52:39.453 Active Socket: Connection reset by peer 
1782330788025|state=NotEstablished|BIRD 2.0.8 ready. Name Proto Table State Since Info r9 BGP --- start 19:52:39.453 Active Socket: Connection reset by peer 
1782330788165|state=NotEstablished|BIRD 2.0.8 ready. Name Proto Table State Since Info r9 BGP --- start 19:52:39.453 Active Socket: Connection reset by peer 
1782330788310|state=NotEstablished|BIRD 2.0.8 ready. Name Proto Table State Since Info r9 BGP --- start 19:52:39.453 Active Socket: Connection reset by peer 
1782330788448|state=NotEstablished|BIRD 2.0.8 ready. Name Proto Table State Since Info r9 BGP --- start 19:52:39.453 Active Socket: Connection reset by peer 
1782330788599|state=NotEstablished|BIRD 2.0.8 ready. Name Proto Table State Since Info r9 BGP --- start 19:52:39.453 Active Socket: Connection reset by peer 
1782330788744|state=NotEstablished|BIRD 2.0.8 ready. Name Proto Table State Since Info r9 BGP --- start 19:52:39.453 Active Socket: Connection reset by peer 
1782330788880|state=NotEstablished|BIRD 2.0.8 ready. Name Proto Table State Since Info r9 BGP --- start 19:52:39.453 Active Socket: Connection reset by peer 
