1782730761468|state=Missing|
1782730761603|state=Missing|
1782730761717|state=Missing|
1782730761835|state=Missing|
1782730761952|state=Missing|
1782730762073|state=Missing|
1782730762193|state=Missing|
1782730762314|state=Missing|
1782730762430|state=Missing|
1782730762555|state=Missing|
1782730762677|state=Missing|
1782730762802|state=Missing|
1782730762916|state=Missing|
1782730763040|state=Missing|
1782730763153|state=Missing|
1782730763266|state=Missing|
1782730763390|state=Missing|
1782730763514|state=Missing|
1782730763632|state=Missing|
1782730763749|state=Missing|
1782730763863|state=Missing|
1782730763968|state=Missing|
1782730764077|state=Missing|
1782730764185|state=Missing|
1782730764303|state=Missing|
1782730764416|state=Missing|
1782730764532|state=Missing|
1782730764655|state=Missing|
1782730764774|state=Missing|
1782730764904|state=Missing|
1782730765019|state=Missing|
1782730765134|state=Missing|
1782730765255|state=Missing|
1782730765376|state=Missing|
1782730765484|state=Missing|
1782730765595|state=Missing|
1782730765710|state=Missing|
1782730765827|state=Missing|
1782730765938|state=Missing|
1782730766066|state=Missing|
1782730766180|state=Missing|
1782730766286|state=Missing|
1782730766402|state=Missing|
1782730766519|state=Missing|
1782730766636|state=Missing|
1782730766751|state=Missing|
1782730766864|state=Missing|
1782730766979|state=Missing|
1782730767090|state=Missing|
1782730767201|state=Missing|
1782730767315|state=Missing|
1782730767432|state=Missing|
1782730767545|state=Missing|
1782730767654|state=Missing|
1782730767774|state=Missing|
1782730767885|state=Missing|
1782730767988|state=Missing|
1782730768111|state=Missing|
1782730768221|state=Missing|
1782730768329|state=Missing|
1782730768440|state=Missing|
1782730768558|state=Missing|
1782730768679|state=Missing|
1782730768789|state=Missing|
1782730768898|state=Missing|
1782730769014|state=Missing|
1782730769128|state=Missing|
1782730769246|state=Missing|
1782730769368|state=Missing|
1782730769475|state=Missing|
1782730769590|state=Missing|
1782730769699|state=Missing|
1782730769806|state=Missing|
1782730769917|state=Missing|
1782730770025|state=Missing|
1782730770130|state=Missing|
1782730770239|state=Missing|
1782730770348|state=Missing|
1782730770458|state=Missing|
1782730770568|state=Missing|
1782730770679|state=Missing|
1782730770786|state=Missing|
1782730770897|state=Missing|
1782730771012|state=Missing|
1782730771136|state=Missing|
1782730771247|state=Missing|
1782730771369|state=Missing|
1782730771483|state=Missing|
1782730771594|state=Missing|
1782730771713|state=Missing|
1782730771829|state=Missing|
1782730771950|state=Missing|
1782730772063|state=Missing|
1782730772173|state=Missing|
1782730772281|state=Missing|
1782730772390|state=Missing|
1782730772504|state=Missing|
1782730772615|state=Missing|
1782730772722|state=Missing|
1782730772829|state=Missing|
1782730772940|state=Missing|
1782730773046|state=Missing|
1782730773151|state=Missing|
1782730773258|state=Missing|
1782730773373|state=Missing|
1782730773490|state=Missing|
1782730773599|state=Missing|
1782730773705|state=Missing|
1782730773814|state=Missing|
1782730773923|state=Missing|
1782730774031|state=Missing|
1782730774144|state=Missing|
1782730774258|state=Missing|
1782730774369|state=Missing|
1782730774476|state=Missing|
1782730774590|state=Missing|
1782730774695|state=Missing|
1782730774811|state=Missing|
1782730774920|state=Missing|
1782730775030|state=Missing|
1782730775142|state=Missing|
1782730775252|state=Missing|
1782730775369|state=Missing|
1782730775479|state=Missing|
1782730775599|state=Missing|
1782730775709|state=Missing|
1782730775817|state=Missing|
1782730775931|state=Missing|
1782730776046|state=Missing|
1782730776161|state=Missing|
1782730776279|state=Missing|
1782730776396|state=Missing|
1782730776502|state=Missing|
1782730776610|state=Missing|
1782730776716|state=Missing|
1782730776819|state=Missing|
1782730776937|state=Missing|
1782730777046|state=Missing|
1782730777153|state=Missing|
1782730777262|state=Missing|
1782730777375|state=Missing|
1782730777483|state=Missing|
1782730777590|state=Missing|
1782730777703|state=Missing|
1782730777808|state=Missing|
1782730777916|state=Missing|
1782730778026|state=Missing|
1782730778141|state=Missing|
1782730778245|state=Missing|
1782730778351|state=Missing|
1782730778464|state=Missing|
1782730778570|state=Missing|
1782730778673|state=Missing|
1782730778782|state=Missing|
1782730778892|state=Missing|
1782730779002|state=Missing|
1782730779116|state=Missing|
1782730779231|state=Missing|
1782730779343|state=Missing|
1782730779454|state=Missing|
1782730779563|state=Missing|
1782730779684|state=Missing|
1782730779791|state=Missing|
1782730779899|state=Missing|
1782730780014|state=Missing|
1782730780127|state=Missing|
1782730780230|state=Missing|
1782730780348|state=Missing|
1782730780459|state=Missing|
1782730780578|state=Missing|
1782730780695|state=Missing|
1782730780813|state=Missing|
1782730780918|state=Missing|
1782730781026|state=Missing|
1782730781145|state=Missing|
1782730781253|state=Missing|
1782730781368|state=Missing|
1782730781478|state=Missing|
1782730781585|state=Missing|
1782730781696|state=Missing|
1782730781805|state=Missing|
1782730781915|state=Missing|
1782730782030|state=Missing|
1782730782144|state=Missing|
1782730782252|state=Missing|
1782730782362|state=Missing|
1782730782480|state=Missing|
1782730782590|state=Missing|
1782730782696|state=Missing|
1782730782799|state=Missing|
1782730782912|state=Missing|
1782730783027|state=Missing|
1782730783128|state=Missing|
1782730783238|state=Missing|
1782730783351|state=Missing|
1782730783464|state=Missing|
1782730783574|state=Missing|
1782730783677|state=Missing|
1782730783788|state=Missing|
1782730783901|state=Missing|
1782730784008|state=Missing|
1782730784120|state=Missing|
1782730784231|state=Missing|
1782730784341|state=Missing|
1782730784453|state=Missing|
1782730784558|state=Missing|
1782730784669|state=Missing|
1782730784787|state=Missing|
1782730784900|state=Missing|
1782730785008|state=Missing|
1782730785112|state=Missing|
1782730785225|state=Missing|
1782730785330|state=Missing|
1782730785441|state=Missing|
1782730785549|state=Missing|
1782730785661|state=Missing|
1782730785773|state=Missing|
1782730785880|state=Missing|
1782730785991|state=Missing|
1782730786100|state=Missing|
1782730786215|state=Missing|
1782730786337|state=Missing|
1782730786459|state=Missing|
1782730786571|state=Missing|
1782730786689|state=Missing|
1782730786814|state=Missing|
1782730786929|state=Missing|
1782730787035|state=Missing|
1782730787150|state=Missing|
1782730787265|state=Missing|
1782730787374|state=Missing|
1782730787485|state=Missing|
1782730787592|state=Missing|
1782730787695|state=Missing|
1782730787805|state=Missing|
1782730787911|state=Missing|
1782730788029|state=Missing|
1782730788145|state=Missing|
1782730788259|state=Missing|
1782730788376|state=Missing|
1782730788489|state=Missing|
1782730788606|state=Missing|
1782730788725|state=Missing|
1782730788837|state=Missing|
1782730788945|state=Missing|
1782730789066|state=Missing|
1782730789177|state=Missing|
1782730789289|state=Missing|
1782730789409|state=Missing|
1782730789524|state=Missing|
1782730789642|state=Missing|
1782730789754|state=Missing|
1782730789869|state=Missing|
1782730789996|state=Missing|
1782730790106|state=Missing|
1782730790215|state=Missing|
1782730790334|state=Missing|
1782730790446|state=Missing|
1782730790567|state=Missing|
1782730790689|state=Missing|
1782730790804|state=Missing|
1782730790918|state=Missing|
1782730791031|state=Missing|
1782730791149|state=Missing|
1782730791265|state=Missing|
1782730791383|state=Missing|
1782730791497|state=Missing|
1782730791610|state=Missing|
1782730791721|state=Missing|
1782730791832|state=Missing|
1782730791945|state=Missing|
1782730792065|state=Missing|
1782730792173|state=Missing|
1782730792278|state=Missing|
1782730792384|state=Missing|
1782730792501|state=Missing|
1782730792616|state=Missing|
1782730792731|state=Missing|
1782730792854|state=Missing|
1782730792963|state=Missing|
1782730793073|state=Missing|
1782730793190|state=Missing|
1782730793305|state=Missing|
1782730793423|state=Missing|
1782730793534|state=Missing|
1782730793645|state=Missing|
1782730793756|state=Missing|
1782730793865|state=Missing|
1782730793987|state=Missing|
1782730794105|state=Missing|
1782730794213|state=Missing|
1782730794331|state=Missing|
1782730794438|state=Missing|
1782730794557|state=Missing|
1782730794667|state=Missing|
1782730794776|state=Missing|
1782730794891|state=Missing|
