1782330864647|state=Established|BIRD 2.0.8 ready. Name Proto Table State Since Info r9 BGP --- up 19:54:11.124 Established 
1782330864805|state=Established|BIRD 2.0.8 ready. Name Proto Table State Since Info r9 BGP --- up 19:54:11.124 Established 
1782330864946|state=Established|BIRD 2.0.8 ready. Name Proto Table State Since Info r9 BGP --- up 19:54:11.124 Established 
1782330865094|state=Established|BIRD 2.0.8 ready. Name Proto Table State Since Info r9 BGP --- up 19:54:11.124 Established 
1782330865225|state=Established|BIRD 2.0.8 ready. Name Proto Table State Since Info r9 BGP --- up 19:54:11.124 Established 
1782330865355|state=Established|BIRD 2.0.8 ready. Name Proto Table State Since Info r9 BGP --- up 19:54:11.124 Established 
1782330865499|state=Established|BIRD 2.0.8 ready. Name Proto Table State Since Info r9 BGP --- up 19:54:11.124 Established 
1782330865630|state=Established|BIRD 2.0.8 ready. Name Proto Table State Since Info r9 BGP --- up 19:54:11.124 Established 
1782330865782|state=Established|BIRD 2.0.8 ready. Name Proto Table State Since Info r9 BGP --- up 19:54:11.124 Established 
1782330865890|state=Established|BIRD 2.0.8 ready. Name Proto Table State Since Info r9 BGP --- up 19:54:11.124 Established 
1782330865997|state=Established|BIRD 2.0.8 ready. Name Proto Table State Since Info r9 BGP --- up 19:54:11.124 Established 
1782330866108|state=Established|BIRD 2.0.8 ready. Name Proto Table State Since Info r9 BGP --- up 19:54:11.124 Established 
1782330866219|state=Established|BIRD 2.0.8 ready. Name Proto Table State Since Info r9 BGP --- up 19:54:11.124 Established 
1782330866332|state=Established|BIRD 2.0.8 ready. Name Proto Table State Since Info r9 BGP --- up 19:54:11.124 Established 
1782330866453|state=Established|BIRD 2.0.8 ready. Name Proto Table State Since Info r9 BGP --- up 19:54:11.124 Established 
1782330866598|state=Established|BIRD 2.0.8 ready. Name Proto Table State Since Info r9 BGP --- up 19:54:11.124 Established 
1782330866703|state=Established|BIRD 2.0.8 ready. Name Proto Table State Since Info r9 BGP --- up 19:54:11.124 Established 
1782330866813|state=NotEstablished|BIRD 2.0.8 ready. Name Proto Table State Since Info r9 BGP --- start 19:54:26.818 Idle Error: Neighbor lost 
1782330866925|state=NotEstablished|BIRD 2.0.8 ready. Name Proto Table State Since Info r9 BGP --- start 19:54:26.818 Idle Error: Neighbor lost 
1782330867037|state=NotEstablished|BIRD 2.0.8 ready. Name Proto Table State Since Info r9 BGP --- start 19:54:26.818 Idle Error: Neighbor lost 
1782330867146|state=NotEstablished|BIRD 2.0.8 ready. Name Proto Table State Since Info r9 BGP --- start 19:54:26.818 Idle Error: Neighbor lost 
1782330867261|state=NotEstablished|BIRD 2.0.8 ready. Name Proto Table State Since Info r9 BGP --- start 19:54:26.818 Idle Error: Neighbor lost 
1782330867375|state=NotEstablished|BIRD 2.0.8 ready. Name Proto Table State Since Info r9 BGP --- start 19:54:26.818 Idle Error: Neighbor lost 
1782330867480|state=NotEstablished|BIRD 2.0.8 ready. Name Proto Table State Since Info r9 BGP --- start 19:54:26.818 Idle Error: Neighbor lost 
1782330867604|state=NotEstablished|BIRD 2.0.8 ready. Name Proto Table State Since Info r9 BGP --- start 19:54:26.818 Idle Error: Neighbor lost 
1782330867714|state=NotEstablished|BIRD 2.0.8 ready. Name Proto Table State Since Info r9 BGP --- start 19:54:26.818 Idle Error: Neighbor lost 
1782330867836|state=NotEstablished|BIRD 2.0.8 ready. Name Proto Table State Since Info r9 BGP --- start 19:54:26.818 Idle Error: Neighbor lost 
1782330867941|state=NotEstablished|BIRD 2.0.8 ready. Name Proto Table State Since Info r9 BGP --- start 19:54:26.818 Idle Error: Neighbor lost 
1782330868042|state=NotEstablished|BIRD 2.0.8 ready. Name Proto Table State Since Info r9 BGP --- start 19:54:26.818 Idle Error: Neighbor lost 
1782330868147|state=NotEstablished|BIRD 2.0.8 ready. Name Proto Table State Since Info r9 BGP --- start 19:54:26.818 Idle Error: Neighbor lost 
1782330868256|state=NotEstablished|BIRD 2.0.8 ready. Name Proto Table State Since Info r9 BGP --- start 19:54:26.818 Idle Error: Neighbor lost 
1782330868364|state=NotEstablished|BIRD 2.0.8 ready. Name Proto Table State Since Info r9 BGP --- start 19:54:26.818 Idle Error: Neighbor lost 
1782330868467|state=NotEstablished|BIRD 2.0.8 ready. Name Proto Table State Since Info r9 BGP --- start 19:54:26.818 Idle Error: Neighbor lost 
1782330868575|state=NotEstablished|BIRD 2.0.8 ready. Name Proto Table State Since Info r9 BGP --- start 19:54:26.818 Idle Error: Neighbor lost 
1782330868681|state=NotEstablished|BIRD 2.0.8 ready. Name Proto Table State Since Info r9 BGP --- start 19:54:26.818 Idle Error: Neighbor lost 
1782330868789|state=NotEstablished|BIRD 2.0.8 ready. Name Proto Table State Since Info r9 BGP --- start 19:54:26.818 Idle Error: Neighbor lost 
1782330868899|state=NotEstablished|BIRD 2.0.8 ready. Name Proto Table State Since Info r9 BGP --- start 19:54:26.818 Idle Error: Neighbor lost 
1782330869007|state=NotEstablished|BIRD 2.0.8 ready. Name Proto Table State Since Info r9 BGP --- start 19:54:26.818 Idle Error: Neighbor lost 
1782330869110|state=NotEstablished|BIRD 2.0.8 ready. Name Proto Table State Since Info r9 BGP --- start 19:54:26.818 Idle Error: Neighbor lost 
1782330869218|state=NotEstablished|BIRD 2.0.8 ready. Name Proto Table State Since Info r9 BGP --- start 19:54:26.818 Idle Error: Neighbor lost 
1782330869330|state=NotEstablished|BIRD 2.0.8 ready. Name Proto Table State Since Info r9 BGP --- start 19:54:26.818 Idle Error: Neighbor lost 
1782330869439|state=NotEstablished|BIRD 2.0.8 ready. Name Proto Table State Since Info r9 BGP --- start 19:54:26.818 Idle Error: Neighbor lost 
1782330869549|state=NotEstablished|BIRD 2.0.8 ready. Name Proto Table State Since Info r9 BGP --- start 19:54:26.818 Idle Error: Neighbor lost 
1782330869659|state=NotEstablished|BIRD 2.0.8 ready. Name Proto Table State Since Info r9 BGP --- start 19:54:26.818 Idle Error: Neighbor lost 
1782330869776|state=NotEstablished|BIRD 2.0.8 ready. Name Proto Table State Since Info r9 BGP --- start 19:54:26.818 Idle Error: Neighbor lost 
1782330869887|state=NotEstablished|BIRD 2.0.8 ready. Name Proto Table State Since Info r9 BGP --- start 19:54:26.818 Idle Error: Neighbor lost 
1782330870009|state=NotEstablished|BIRD 2.0.8 ready. Name Proto Table State Since Info r9 BGP --- start 19:54:26.818 Idle Error: Neighbor lost 
1782330870109|state=NotEstablished|BIRD 2.0.8 ready. Name Proto Table State Since Info r9 BGP --- start 19:54:26.818 Idle Error: Neighbor lost 
1782330870243|state=NotEstablished|BIRD 2.0.8 ready. Name Proto Table State Since Info r9 BGP --- start 19:54:26.818 Idle Error: Neighbor lost 
1782330870373|state=NotEstablished|BIRD 2.0.8 ready. Name Proto Table State Since Info r9 BGP --- start 19:54:26.818 Idle Error: Neighbor lost 
1782330870514|state=NotEstablished|BIRD 2.0.8 ready. Name Proto Table State Since Info r9 BGP --- start 19:54:26.818 Idle Error: Neighbor lost 
1782330870647|state=NotEstablished|BIRD 2.0.8 ready. Name Proto Table State Since Info r9 BGP --- start 19:54:26.818 Idle Error: Neighbor lost 
1782330870785|state=NotEstablished|BIRD 2.0.8 ready. Name Proto Table State Since Info r9 BGP --- start 19:54:26.818 Idle Error: Neighbor lost 
1782330870922|state=NotEstablished|BIRD 2.0.8 ready. Name Proto Table State Since Info r9 BGP --- start 19:54:26.818 Idle Error: Neighbor lost 
1782330871068|state=NotEstablished|BIRD 2.0.8 ready. Name Proto Table State Since Info r9 BGP --- start 19:54:26.818 Idle Error: Neighbor lost 
1782330871204|state=NotEstablished|BIRD 2.0.8 ready. Name Proto Table State Since Info r9 BGP --- start 19:54:26.818 Idle Error: Neighbor lost 
1782330871333|state=NotEstablished|BIRD 2.0.8 ready. Name Proto Table State Since Info r9 BGP --- start 19:54:26.818 Idle Error: Neighbor lost 
1782330871477|state=NotEstablished|BIRD 2.0.8 ready. Name Proto Table State Since Info r9 BGP --- start 19:54:26.818 Idle Error: Neighbor lost 
1782330871618|state=NotEstablished|BIRD 2.0.8 ready. Name Proto Table State Since Info r9 BGP --- start 19:54:26.818 Idle Error: Neighbor lost 
1782330871751|state=NotEstablished|BIRD 2.0.8 ready. Name Proto Table State Since Info r9 BGP --- start 19:54:26.818 Idle Error: Neighbor lost 
1782330871884|state=NotEstablished|BIRD 2.0.8 ready. Name Proto Table State Since Info r9 BGP --- start 19:54:26.818 Idle Error: Neighbor lost 
1782330872012|state=NotEstablished|BIRD 2.0.8 ready. Name Proto Table State Since Info r9 BGP --- start 19:54:26.818 Idle Error: Neighbor lost 
1782330872139|state=NotEstablished|BIRD 2.0.8 ready. Name Proto Table State Since Info r9 BGP --- start 19:54:26.818 Idle Error: Neighbor lost 
1782330872269|state=NotEstablished|BIRD 2.0.8 ready. Name Proto Table State Since Info r9 BGP --- start 19:54:26.818 Idle Error: Neighbor lost 
1782330872408|state=NotEstablished|BIRD 2.0.8 ready. Name Proto Table State Since Info r9 BGP --- start 19:54:26.818 Idle Error: Neighbor lost 
1782330872541|state=NotEstablished|BIRD 2.0.8 ready. Name Proto Table State Since Info r9 BGP --- start 19:54:26.818 Idle Error: Neighbor lost 
1782330872668|state=NotEstablished|BIRD 2.0.8 ready. Name Proto Table State Since Info r9 BGP --- start 19:54:26.818 Idle Error: Neighbor lost 
1782330872795|state=NotEstablished|BIRD 2.0.8 ready. Name Proto Table State Since Info r9 BGP --- start 19:54:26.818 Idle Error: Neighbor lost 
1782330872927|state=NotEstablished|BIRD 2.0.8 ready. Name Proto Table State Since Info r9 BGP --- start 19:54:26.818 Idle Error: Neighbor lost 
1782330873050|state=NotEstablished|BIRD 2.0.8 ready. Name Proto Table State Since Info r9 BGP --- start 19:54:26.818 Idle Error: Neighbor lost 
1782330873184|state=NotEstablished|BIRD 2.0.8 ready. Name Proto Table State Since Info r9 BGP --- start 19:54:26.818 Idle Error: Neighbor lost 
1782330873328|state=NotEstablished|BIRD 2.0.8 ready. Name Proto Table State Since Info r9 BGP --- start 19:54:26.818 Idle Error: Neighbor lost 
1782330873449|state=NotEstablished|BIRD 2.0.8 ready. Name Proto Table State Since Info r9 BGP --- start 19:54:26.818 Idle Error: Neighbor lost 
1782330873575|state=NotEstablished|BIRD 2.0.8 ready. Name Proto Table State Since Info r9 BGP --- start 19:54:26.818 Idle Error: Neighbor lost 
1782330873702|state=NotEstablished|BIRD 2.0.8 ready. Name Proto Table State Since Info r9 BGP --- start 19:54:26.818 Idle Error: Neighbor lost 
1782330873831|state=NotEstablished|BIRD 2.0.8 ready. Name Proto Table State Since Info r9 BGP --- start 19:54:26.818 Idle Error: Neighbor lost 
1782330873959|state=NotEstablished|BIRD 2.0.8 ready. Name Proto Table State Since Info r9 BGP --- start 19:54:26.818 Idle Error: Neighbor lost 
1782330874093|state=NotEstablished|BIRD 2.0.8 ready. Name Proto Table State Since Info r9 BGP --- start 19:54:26.818 Idle Error: Neighbor lost 
1782330874219|state=NotEstablished|BIRD 2.0.8 ready. Name Proto Table State Since Info r9 BGP --- start 19:54:26.818 Idle Error: Neighbor lost 
1782330874344|state=NotEstablished|BIRD 2.0.8 ready. Name Proto Table State Since Info r9 BGP --- start 19:54:26.818 Idle Error: Neighbor lost 
1782330874474|state=NotEstablished|BIRD 2.0.8 ready. Name Proto Table State Since Info r9 BGP --- start 19:54:26.818 Idle Error: Neighbor lost 
1782330874603|state=NotEstablished|BIRD 2.0.8 ready. Name Proto Table State Since Info r9 BGP --- start 19:54:26.818 Idle Error: Neighbor lost 
1782330874740|state=NotEstablished|BIRD 2.0.8 ready. Name Proto Table State Since Info r9 BGP --- start 19:54:26.818 Idle Error: Neighbor lost 
1782330874864|state=NotEstablished|BIRD 2.0.8 ready. Name Proto Table State Since Info r9 BGP --- start 19:54:26.818 Active Error: Neighbor lost 
1782330875005|state=NotEstablished|BIRD 2.0.8 ready. Name Proto Table State Since Info r9 BGP --- start 19:54:26.818 Active Error: Neighbor lost 
1782330875133|state=NotEstablished|BIRD 2.0.8 ready. Name Proto Table State Since Info r9 BGP --- start 19:54:26.818 Active Error: Neighbor lost 
1782330875270|state=NotEstablished|BIRD 2.0.8 ready. Name Proto Table State Since Info r9 BGP --- start 19:54:26.818 Active Error: Neighbor lost 
1782330875400|state=NotEstablished|BIRD 2.0.8 ready. Name Proto Table State Since Info r9 BGP --- start 19:54:26.818 Active Error: Neighbor lost 
1782330875531|state=NotEstablished|BIRD 2.0.8 ready. Name Proto Table State Since Info r9 BGP --- start 19:54:26.818 Active Error: Neighbor lost 
1782330875654|state=NotEstablished|BIRD 2.0.8 ready. Name Proto Table State Since Info r9 BGP --- start 19:54:26.818 Active Error: Neighbor lost 
1782330875781|state=NotEstablished|BIRD 2.0.8 ready. Name Proto Table State Since Info r9 BGP --- start 19:54:26.818 Active Error: Neighbor lost 
1782330875904|state=NotEstablished|BIRD 2.0.8 ready. Name Proto Table State Since Info r9 BGP --- start 19:54:26.818 Active Error: Neighbor lost 
1782330876037|state=NotEstablished|BIRD 2.0.8 ready. Name Proto Table State Since Info r9 BGP --- start 19:54:26.818 Active Error: Neighbor lost 
1782330876163|state=NotEstablished|BIRD 2.0.8 ready. Name Proto Table State Since Info r9 BGP --- start 19:54:26.818 Active Error: Neighbor lost 
1782330876283|state=NotEstablished|BIRD 2.0.8 ready. Name Proto Table State Since Info r9 BGP --- start 19:54:26.818 Active Error: Neighbor lost 
1782330876393|state=NotEstablished|BIRD 2.0.8 ready. Name Proto Table State Since Info r9 BGP --- start 19:54:26.818 Active Error: Neighbor lost 
1782330876502|state=NotEstablished|BIRD 2.0.8 ready. Name Proto Table State Since Info r9 BGP --- start 19:54:26.818 Active Error: Neighbor lost 
1782330876628|state=NotEstablished|BIRD 2.0.8 ready. Name Proto Table State Since Info r9 BGP --- start 19:54:26.818 Active Error: Neighbor lost 
1782330876736|state=NotEstablished|BIRD 2.0.8 ready. Name Proto Table State Since Info r9 BGP --- start 19:54:26.818 Active Error: Neighbor lost 
1782330876839|state=NotEstablished|BIRD 2.0.8 ready. Name Proto Table State Since Info r9 BGP --- start 19:54:26.818 Active Error: Neighbor lost 
1782330876944|state=NotEstablished|BIRD 2.0.8 ready. Name Proto Table State Since Info r9 BGP --- start 19:54:26.818 Active Error: Neighbor lost 
1782330877051|state=NotEstablished|BIRD 2.0.8 ready. Name Proto Table State Since Info r9 BGP --- start 19:54:26.818 Active Error: Neighbor lost 
1782330877152|state=NotEstablished|BIRD 2.0.8 ready. Name Proto Table State Since Info r9 BGP --- start 19:54:26.818 Active Error: Neighbor lost 
1782330877259|state=NotEstablished|BIRD 2.0.8 ready. Name Proto Table State Since Info r9 BGP --- start 19:54:26.818 Active Error: Neighbor lost 
1782330877370|state=NotEstablished|BIRD 2.0.8 ready. Name Proto Table State Since Info r9 BGP --- start 19:54:26.818 Active Error: Neighbor lost 
1782330877494|state=NotEstablished|BIRD 2.0.8 ready. Name Proto Table State Since Info r9 BGP --- start 19:54:26.818 Active Error: Neighbor lost 
1782330877601|state=NotEstablished|BIRD 2.0.8 ready. Name Proto Table State Since Info r9 BGP --- start 19:54:26.818 Active Error: Neighbor lost 
1782330877700|state=NotEstablished|BIRD 2.0.8 ready. Name Proto Table State Since Info r9 BGP --- start 19:54:26.818 Active Error: Neighbor lost 
1782330877812|state=NotEstablished|BIRD 2.0.8 ready. Name Proto Table State Since Info r9 BGP --- start 19:54:26.818 Active Error: Neighbor lost 
1782330877929|state=NotEstablished|BIRD 2.0.8 ready. Name Proto Table State Since Info r9 BGP --- start 19:54:26.818 Active Error: Neighbor lost 
1782330878031|state=NotEstablished|BIRD 2.0.8 ready. Name Proto Table State Since Info r9 BGP --- start 19:54:26.818 Active Error: Neighbor lost 
1782330878146|state=NotEstablished|BIRD 2.0.8 ready. Name Proto Table State Since Info r9 BGP --- start 19:54:26.818 Active Error: Neighbor lost 
1782330878244|state=NotEstablished|BIRD 2.0.8 ready. Name Proto Table State Since Info r9 BGP --- start 19:54:26.818 Active Error: Neighbor lost 
1782330878349|state=NotEstablished|BIRD 2.0.8 ready. Name Proto Table State Since Info r9 BGP --- start 19:54:26.818 Active Error: Neighbor lost 
1782330878471|state=NotEstablished|BIRD 2.0.8 ready. Name Proto Table State Since Info r9 BGP --- start 19:54:26.818 Active Error: Neighbor lost 
1782330878572|state=NotEstablished|BIRD 2.0.8 ready. Name Proto Table State Since Info r9 BGP --- start 19:54:26.818 Active Error: Neighbor lost 
1782330878675|state=NotEstablished|BIRD 2.0.8 ready. Name Proto Table State Since Info r9 BGP --- start 19:54:26.818 Active Error: Neighbor lost 
1782330878778|state=NotEstablished|BIRD 2.0.8 ready. Name Proto Table State Since Info r9 BGP --- start 19:54:26.818 Active Error: Neighbor lost 
1782330878880|state=NotEstablished|BIRD 2.0.8 ready. Name Proto Table State Since Info r9 BGP --- start 19:54:26.818 Active Error: Neighbor lost 
1782330878976|state=NotEstablished|BIRD 2.0.8 ready. Name Proto Table State Since Info r9 BGP --- start 19:54:26.818 Active Error: Neighbor lost 
1782330879079|state=NotEstablished|BIRD 2.0.8 ready. Name Proto Table State Since Info r9 BGP --- start 19:54:26.818 Active Error: Neighbor lost 
1782330879181|state=NotEstablished|BIRD 2.0.8 ready. Name Proto Table State Since Info r9 BGP --- start 19:54:26.818 Active Socket: Connection closed 
1782330879280|state=NotEstablished|BIRD 2.0.8 ready. Name Proto Table State Since Info r9 BGP --- start 19:54:26.818 Active Socket: Connection closed 
1782330879386|state=NotEstablished|BIRD 2.0.8 ready. Name Proto Table State Since Info r9 BGP --- start 19:54:26.818 Active Socket: Connection closed 
1782330879495|state=NotEstablished|BIRD 2.0.8 ready. Name Proto Table State Since Info r9 BGP --- start 19:54:26.818 Active Socket: Connection closed 
1782330879612|state=NotEstablished|BIRD 2.0.8 ready. Name Proto Table State Since Info r9 BGP --- start 19:54:26.818 Active Socket: Connection closed 
1782330879713|state=NotEstablished|BIRD 2.0.8 ready. Name Proto Table State Since Info r9 BGP --- start 19:54:26.818 Active Socket: Connection closed 
1782330879819|state=NotEstablished|BIRD 2.0.8 ready. Name Proto Table State Since Info r9 BGP --- start 19:54:26.818 Active Socket: Connection closed 
1782330879956|state=NotEstablished|BIRD 2.0.8 ready. Name Proto Table State Since Info r9 BGP --- start 19:54:26.818 Active Socket: Connection closed 
1782330880056|state=NotEstablished|BIRD 2.0.8 ready. Name Proto Table State Since Info r9 BGP --- start 19:54:26.818 Active Socket: Connection closed 
1782330880165|state=NotEstablished|BIRD 2.0.8 ready. Name Proto Table State Since Info r9 BGP --- start 19:54:26.818 Active Socket: Connection closed 
1782330880289|state=NotEstablished|BIRD 2.0.8 ready. Name Proto Table State Since Info r9 BGP --- start 19:54:26.818 Active Socket: Connection closed 
1782330880413|state=NotEstablished|BIRD 2.0.8 ready. Name Proto Table State Since Info r9 BGP --- start 19:54:26.818 Active Socket: Connection closed 
1782330880547|state=NotEstablished|BIRD 2.0.8 ready. Name Proto Table State Since Info r9 BGP --- start 19:54:26.818 Active Socket: Connection closed 
1782330880682|state=NotEstablished|BIRD 2.0.8 ready. Name Proto Table State Since Info r9 BGP --- start 19:54:26.818 Active Socket: Connection closed 
1782330880814|state=NotEstablished|BIRD 2.0.8 ready. Name Proto Table State Since Info r9 BGP --- start 19:54:26.818 Active Socket: Connection closed 
1782330880942|state=NotEstablished|BIRD 2.0.8 ready. Name Proto Table State Since Info r9 BGP --- start 19:54:26.818 Active Socket: Connection closed 
1782330881061|state=NotEstablished|BIRD 2.0.8 ready. Name Proto Table State Since Info r9 BGP --- start 19:54:26.818 Active Socket: Connection closed 
1782330881186|state=NotEstablished|BIRD 2.0.8 ready. Name Proto Table State Since Info r9 BGP --- start 19:54:26.818 Active Socket: Connection closed 
1782330881316|state=NotEstablished|BIRD 2.0.8 ready. Name Proto Table State Since Info r9 BGP --- start 19:54:26.818 Active Socket: Connection closed 
1782330881440|state=NotEstablished|BIRD 2.0.8 ready. Name Proto Table State Since Info r9 BGP --- start 19:54:26.818 Active Socket: Connection closed 
1782330881561|state=NotEstablished|BIRD 2.0.8 ready. Name Proto Table State Since Info r9 BGP --- start 19:54:26.818 Active Socket: Connection closed 
1782330881696|state=NotEstablished|BIRD 2.0.8 ready. Name Proto Table State Since Info r9 BGP --- start 19:54:26.818 Active Socket: Connection closed 
1782330881821|state=NotEstablished|BIRD 2.0.8 ready. Name Proto Table State Since Info r9 BGP --- start 19:54:26.818 Active Socket: Connection closed 
1782330881946|state=NotEstablished|BIRD 2.0.8 ready. Name Proto Table State Since Info r9 BGP --- start 19:54:26.818 Active Socket: Connection closed 
1782330882080|state=NotEstablished|BIRD 2.0.8 ready. Name Proto Table State Since Info r9 BGP --- start 19:54:26.818 Active Socket: Connection closed 
1782330882211|state=NotEstablished|BIRD 2.0.8 ready. Name Proto Table State Since Info r9 BGP --- start 19:54:26.818 Active Socket: Connection closed 
1782330882334|state=NotEstablished|BIRD 2.0.8 ready. Name Proto Table State Since Info r9 BGP --- start 19:54:26.818 Active Socket: Connection closed 
1782330882462|state=NotEstablished|BIRD 2.0.8 ready. Name Proto Table State Since Info r9 BGP --- start 19:54:26.818 Active Socket: Connection closed 
1782330882590|state=NotEstablished|BIRD 2.0.8 ready. Name Proto Table State Since Info r9 BGP --- start 19:54:26.818 Active Socket: Connection closed 
1782330882725|state=NotEstablished|BIRD 2.0.8 ready. Name Proto Table State Since Info r9 BGP --- start 19:54:26.818 Active Socket: Connection closed 
1782330882862|state=NotEstablished|BIRD 2.0.8 ready. Name Proto Table State Since Info r9 BGP --- start 19:54:26.818 Active Socket: Connection closed 
1782330882997|state=NotEstablished|BIRD 2.0.8 ready. Name Proto Table State Since Info r9 BGP --- start 19:54:26.818 Active Socket: Connection closed 
1782330883122|state=NotEstablished|BIRD 2.0.8 ready. Name Proto Table State Since Info r9 BGP --- start 19:54:26.818 Active Socket: Connection closed 
1782330883245|state=NotEstablished|BIRD 2.0.8 ready. Name Proto Table State Since Info r9 BGP --- start 19:54:26.818 Active Socket: Connection closed 
1782330883381|state=NotEstablished|BIRD 2.0.8 ready. Name Proto Table State Since Info r9 BGP --- start 19:54:26.818 Active Socket: Connection closed 
1782330883518|state=NotEstablished|BIRD 2.0.8 ready. Name Proto Table State Since Info r9 BGP --- start 19:54:26.818 Active Socket: Connection closed 
1782330883643|state=NotEstablished|BIRD 2.0.8 ready. Name Proto Table State Since Info r9 BGP --- start 19:54:26.818 Active Socket: Connection closed 
1782330883770|state=NotEstablished|BIRD 2.0.8 ready. Name Proto Table State Since Info r9 BGP --- start 19:54:26.819 Active Socket: Connection closed 
1782330883901|state=NotEstablished|BIRD 2.0.8 ready. Name Proto Table State Since Info r9 BGP --- start 19:54:26.818 Active Socket: Connection closed 
1782330884029|state=NotEstablished|BIRD 2.0.8 ready. Name Proto Table State Since Info r9 BGP --- start 19:54:26.818 Active Socket: Connection closed 
1782330884154|state=NotEstablished|BIRD 2.0.8 ready. Name Proto Table State Since Info r9 BGP --- start 19:54:26.818 Active Socket: Connection closed 
1782330884286|state=NotEstablished|BIRD 2.0.8 ready. Name Proto Table State Since Info r9 BGP --- start 19:54:26.818 Active Socket: Connection closed 
1782330884416|state=NotEstablished|BIRD 2.0.8 ready. Name Proto Table State Since Info r9 BGP --- start 19:54:26.818 Active Socket: Connection closed 
1782330884549|state=NotEstablished|BIRD 2.0.8 ready. Name Proto Table State Since Info r9 BGP --- start 19:54:26.818 Active Socket: Connection closed 
1782330884677|state=NotEstablished|BIRD 2.0.8 ready. Name Proto Table State Since Info r9 BGP --- start 19:54:26.818 Active Socket: Connection closed 
1782330884814|state=NotEstablished|BIRD 2.0.8 ready. Name Proto Table State Since Info r9 BGP --- start 19:54:26.818 Active Socket: Connection closed 
1782330884929|state=NotEstablished|BIRD 2.0.8 ready. Name Proto Table State Since Info r9 BGP --- start 19:54:26.818 Active Socket: Connection closed 
1782330885067|state=NotEstablished|BIRD 2.0.8 ready. Name Proto Table State Since Info r9 BGP --- start 19:54:26.818 Active Socket: Connection closed 
1782330885207|state=NotEstablished|BIRD 2.0.8 ready. Name Proto Table State Since Info r9 BGP --- start 19:54:26.818 Active Socket: Connection closed 
1782330885338|state=NotEstablished|BIRD 2.0.8 ready. Name Proto Table State Since Info r9 BGP --- start 19:54:26.818 Active Socket: Connection closed 
1782330885468|state=NotEstablished|BIRD 2.0.8 ready. Name Proto Table State Since Info r9 BGP --- start 19:54:26.818 Active Socket: Connection closed 
1782330885608|state=NotEstablished|BIRD 2.0.8 ready. Name Proto Table State Since Info r9 BGP --- start 19:54:26.818 Active Socket: Connection closed 
1782330885734|state=NotEstablished|BIRD 2.0.8 ready. Name Proto Table State Since Info r9 BGP --- start 19:54:26.818 Active Socket: Connection closed 
1782330885864|state=NotEstablished|BIRD 2.0.8 ready. Name Proto Table State Since Info r9 BGP --- start 19:54:26.818 Active Socket: Connection closed 
1782330886004|state=NotEstablished|BIRD 2.0.8 ready. Name Proto Table State Since Info r9 BGP --- start 19:54:26.818 Active Socket: Connection closed 
1782330886135|state=NotEstablished|BIRD 2.0.8 ready. Name Proto Table State Since Info r9 BGP --- start 19:54:26.818 Active Socket: Connection closed 
1782330886255|state=NotEstablished|BIRD 2.0.8 ready. Name Proto Table State Since Info r9 BGP --- start 19:54:26.818 Active Socket: Connection closed 
1782330886369|state=NotEstablished|BIRD 2.0.8 ready. Name Proto Table State Since Info r9 BGP --- start 19:54:26.818 Active Socket: Connection closed 
1782330886481|state=NotEstablished|BIRD 2.0.8 ready. Name Proto Table State Since Info r9 BGP --- start 19:54:26.818 Active Socket: Connection closed 
1782330886583|state=NotEstablished|BIRD 2.0.8 ready. Name Proto Table State Since Info r9 BGP --- start 19:54:26.818 Active Socket: Connection closed 
1782330886687|state=NotEstablished|BIRD 2.0.8 ready. Name Proto Table State Since Info r9 BGP --- start 19:54:26.818 Active Socket: Connection closed 
1782330886787|state=NotEstablished|BIRD 2.0.8 ready. Name Proto Table State Since Info r9 BGP --- start 19:54:26.818 Active Socket: Connection closed 
1782330886898|state=NotEstablished|BIRD 2.0.8 ready. Name Proto Table State Since Info r9 BGP --- start 19:54:26.818 Active Socket: Connection closed 
1782330887011|state=NotEstablished|BIRD 2.0.8 ready. Name Proto Table State Since Info r9 BGP --- start 19:54:26.818 Active Socket: Connection closed 
1782330887122|state=NotEstablished|BIRD 2.0.8 ready. Name Proto Table State Since Info r9 BGP --- start 19:54:26.818 Active Socket: Connection closed 
1782330887235|state=NotEstablished|BIRD 2.0.8 ready. Name Proto Table State Since Info r9 BGP --- start 19:54:26.818 Active Socket: Connection closed 
1782330887366|state=NotEstablished|BIRD 2.0.8 ready. Name Proto Table State Since Info r9 BGP --- start 19:54:26.818 Active Socket: Connection closed 
1782330887468|state=NotEstablished|BIRD 2.0.8 ready. Name Proto Table State Since Info r9 BGP --- start 19:54:26.818 Active Socket: Connection closed 
1782330887576|state=NotEstablished|BIRD 2.0.8 ready. Name Proto Table State Since Info r9 BGP --- start 19:54:26.818 Active Socket: Connection closed 
1782330887688|state=NotEstablished|BIRD 2.0.8 ready. Name Proto Table State Since Info r9 BGP --- start 19:54:26.818 Active Socket: Connection closed 
1782330887828|state=NotEstablished|BIRD 2.0.8 ready. Name Proto Table State Since Info r9 BGP --- start 19:54:26.818 Active Socket: Connection reset by peer 
1782330887942|state=NotEstablished|BIRD 2.0.8 ready. Name Proto Table State Since Info r9 BGP --- start 19:54:26.818 Active Socket: Connection reset by peer 
1782330888058|state=NotEstablished|BIRD 2.0.8 ready. Name Proto Table State Since Info r9 BGP --- start 19:54:26.818 Active Socket: Connection reset by peer 
1782330888165|state=NotEstablished|BIRD 2.0.8 ready. Name Proto Table State Since Info r9 BGP --- start 19:54:26.818 Active Socket: Connection reset by peer 
1782330888266|state=NotEstablished|BIRD 2.0.8 ready. Name Proto Table State Since Info r9 BGP --- start 19:54:26.818 Active Socket: Connection reset by peer 
1782330888364|state=NotEstablished|BIRD 2.0.8 ready. Name Proto Table State Since Info r9 BGP --- start 19:54:26.818 Active Socket: Connection reset by peer 
1782330888464|state=NotEstablished|BIRD 2.0.8 ready. Name Proto Table State Since Info r9 BGP --- start 19:54:26.818 Active Socket: Connection reset by peer 
1782330888591|state=NotEstablished|BIRD 2.0.8 ready. Name Proto Table State Since Info r9 BGP --- start 19:54:26.818 Active Socket: Connection reset by peer 
1782330888701|state=NotEstablished|BIRD 2.0.8 ready. Name Proto Table State Since Info r9 BGP --- start 19:54:26.818 Active Socket: Connection reset by peer 
1782330888809|state=NotEstablished|BIRD 2.0.8 ready. Name Proto Table State Since Info r9 BGP --- start 19:54:26.818 Active Socket: Connection reset by peer 
1782330888919|state=NotEstablished|BIRD 2.0.8 ready. Name Proto Table State Since Info r9 BGP --- start 19:54:26.818 Active Socket: Connection reset by peer 
1782330889034|state=NotEstablished|BIRD 2.0.8 ready. Name Proto Table State Since Info r9 BGP --- start 19:54:26.818 Active Socket: Connection reset by peer 
1782330889143|state=NotEstablished|BIRD 2.0.8 ready. Name Proto Table State Since Info r9 BGP --- start 19:54:26.818 Active Socket: Connection reset by peer 
1782330889246|state=NotEstablished|BIRD 2.0.8 ready. Name Proto Table State Since Info r9 BGP --- start 19:54:26.818 Active Socket: Connection reset by peer 
1782330889342|state=NotEstablished|BIRD 2.0.8 ready. Name Proto Table State Since Info r9 BGP --- start 19:54:26.818 Active Socket: Connection reset by peer 
1782330889449|state=NotEstablished|BIRD 2.0.8 ready. Name Proto Table State Since Info r9 BGP --- start 19:54:26.818 Active Socket: Connection reset by peer 
1782330889554|state=NotEstablished|BIRD 2.0.8 ready. Name Proto Table State Since Info r9 BGP --- start 19:54:26.818 Active Socket: Connection reset by peer 
1782330889659|state=NotEstablished|BIRD 2.0.8 ready. Name Proto Table State Since Info r9 BGP --- start 19:54:26.818 Active Socket: Connection reset by peer 
1782330889764|state=NotEstablished|BIRD 2.0.8 ready. Name Proto Table State Since Info r9 BGP --- start 19:54:26.818 Active Socket: Connection reset by peer 
1782330889871|state=NotEstablished|BIRD 2.0.8 ready. Name Proto Table State Since Info r9 BGP --- start 19:54:26.818 Active Socket: Connection reset by peer 
1782330889974|state=NotEstablished|BIRD 2.0.8 ready. Name Proto Table State Since Info r9 BGP --- start 19:54:26.818 Active Socket: Connection reset by peer 
1782330890082|state=NotEstablished|BIRD 2.0.8 ready. Name Proto Table State Since Info r9 BGP --- start 19:54:26.818 Active Socket: Connection reset by peer 
1782330890217|state=NotEstablished|BIRD 2.0.8 ready. Name Proto Table State Since Info r9 BGP --- start 19:54:26.818 Active Socket: Connection reset by peer 
1782330890357|state=NotEstablished|BIRD 2.0.8 ready. Name Proto Table State Since Info r9 BGP --- start 19:54:26.818 Active Socket: Connection reset by peer 
1782330890490|state=NotEstablished|BIRD 2.0.8 ready. Name Proto Table State Since Info r9 BGP --- start 19:54:26.818 Active Socket: Connection reset by peer 
1782330890626|state=NotEstablished|BIRD 2.0.8 ready. Name Proto Table State Since Info r9 BGP --- start 19:54:26.818 Active Socket: Connection reset by peer 
1782330890761|state=NotEstablished|BIRD 2.0.8 ready. Name Proto Table State Since Info r9 BGP --- start 19:54:26.818 Active Socket: Connection reset by peer 
1782330890897|state=NotEstablished|BIRD 2.0.8 ready. Name Proto Table State Since Info r9 BGP --- start 19:54:26.818 Active Socket: Connection reset by peer 
1782330891040|state=NotEstablished|BIRD 2.0.8 ready. Name Proto Table State Since Info r9 BGP --- start 19:54:26.818 Active Socket: Connection reset by peer 
1782330891182|state=NotEstablished|BIRD 2.0.8 ready. Name Proto Table State Since Info r9 BGP --- start 19:54:26.818 Active Socket: Connection reset by peer 
1782330891311|state=NotEstablished|BIRD 2.0.8 ready. Name Proto Table State Since Info r9 BGP --- start 19:54:26.818 Active Socket: Connection reset by peer 
1782330891437|state=NotEstablished|BIRD 2.0.8 ready. Name Proto Table State Since Info r9 BGP --- start 19:54:26.818 Active Socket: Connection reset by peer 
1782330891568|state=NotEstablished|BIRD 2.0.8 ready. Name Proto Table State Since Info r9 BGP --- start 19:54:26.818 Active Socket: Connection reset by peer 
1782330891698|state=NotEstablished|BIRD 2.0.8 ready. Name Proto Table State Since Info r9 BGP --- start 19:54:26.818 Active Socket: Connection reset by peer 
1782330891830|state=NotEstablished|BIRD 2.0.8 ready. Name Proto Table State Since Info r9 BGP --- start 19:54:26.818 Active Socket: Connection reset by peer 
1782330891960|state=NotEstablished|BIRD 2.0.8 ready. Name Proto Table State Since Info r9 BGP --- start 19:54:26.818 Active Socket: Connection reset by peer 
1782330892091|state=NotEstablished|BIRD 2.0.8 ready. Name Proto Table State Since Info r9 BGP --- start 19:54:26.818 Active Socket: Connection reset by peer 
1782330892218|state=NotEstablished|BIRD 2.0.8 ready. Name Proto Table State Since Info r9 BGP --- start 19:54:26.818 Active Socket: Connection reset by peer 
1782330892346|state=NotEstablished|BIRD 2.0.8 ready. Name Proto Table State Since Info r9 BGP --- start 19:54:26.818 Active Socket: Connection reset by peer 
1782330892479|state=NotEstablished|BIRD 2.0.8 ready. Name Proto Table State Since Info r9 BGP --- start 19:54:26.818 Active Socket: Connection reset by peer 
1782330892620|state=NotEstablished|BIRD 2.0.8 ready. Name Proto Table State Since Info r9 BGP --- start 19:54:26.818 Active Socket: Connection reset by peer 
1782330892739|state=NotEstablished|BIRD 2.0.8 ready. Name Proto Table State Since Info r9 BGP --- start 19:54:26.818 Active Socket: Connection reset by peer 
1782330892875|state=NotEstablished|BIRD 2.0.8 ready. Name Proto Table State Since Info r9 BGP --- start 19:54:26.818 Active Socket: Connection reset by peer 
1782330893000|state=NotEstablished|BIRD 2.0.8 ready. Name Proto Table State Since Info r9 BGP --- start 19:54:26.818 Active Socket: Connection reset by peer 
1782330893129|state=NotEstablished|BIRD 2.0.8 ready. Name Proto Table State Since Info r9 BGP --- start 19:54:26.818 Active Socket: Connection reset by peer 
1782330893255|state=NotEstablished|BIRD 2.0.8 ready. Name Proto Table State Since Info r9 BGP --- start 19:54:26.818 Active Socket: Connection reset by peer 
1782330893381|state=NotEstablished|BIRD 2.0.8 ready. Name Proto Table State Since Info r9 BGP --- start 19:54:26.818 Active Socket: Connection reset by peer 
1782330893512|state=NotEstablished|BIRD 2.0.8 ready. Name Proto Table State Since Info r9 BGP --- start 19:54:26.818 Active Socket: Connection reset by peer 
1782330893633|state=NotEstablished|BIRD 2.0.8 ready. Name Proto Table State Since Info r9 BGP --- start 19:54:26.818 Active Socket: Connection reset by peer 
1782330893757|state=NotEstablished|BIRD 2.0.8 ready. Name Proto Table State Since Info r9 BGP --- start 19:54:26.818 Active Socket: Connection reset by peer 
1782330893887|state=NotEstablished|BIRD 2.0.8 ready. Name Proto Table State Since Info r9 BGP --- start 19:54:26.818 Active Socket: Connection reset by peer 
1782330894013|state=NotEstablished|BIRD 2.0.8 ready. Name Proto Table State Since Info r9 BGP --- start 19:54:26.818 Active Socket: Connection reset by peer 
1782330894138|state=NotEstablished|BIRD 2.0.8 ready. Name Proto Table State Since Info r9 BGP --- start 19:54:26.818 Active Socket: Connection reset by peer 
1782330894265|state=NotEstablished|BIRD 2.0.8 ready. Name Proto Table State Since Info r9 BGP --- start 19:54:26.818 Active Socket: Connection reset by peer 
1782330894400|state=NotEstablished|BIRD 2.0.8 ready. Name Proto Table State Since Info r9 BGP --- start 19:54:26.818 Active Socket: Connection reset by peer 
1782330894529|state=NotEstablished|BIRD 2.0.8 ready. Name Proto Table State Since Info r9 BGP --- start 19:54:26.818 Active Socket: Connection reset by peer 
1782330894656|state=NotEstablished|BIRD 2.0.8 ready. Name Proto Table State Since Info r9 BGP --- start 19:54:26.818 Active Socket: Connection reset by peer 
1782330894790|state=NotEstablished|BIRD 2.0.8 ready. Name Proto Table State Since Info r9 BGP --- start 19:54:26.818 Active Socket: Connection reset by peer 
1782330894923|state=NotEstablished|BIRD 2.0.8 ready. Name Proto Table State Since Info r9 BGP --- start 19:54:26.818 Active Socket: Connection reset by peer 
1782330895067|state=NotEstablished|BIRD 2.0.8 ready. Name Proto Table State Since Info r9 BGP --- start 19:54:26.818 Active Socket: Connection reset by peer 
1782330895198|state=NotEstablished|BIRD 2.0.8 ready. Name Proto Table State Since Info r9 BGP --- start 19:54:26.818 Active Socket: Connection reset by peer 
1782330895331|state=NotEstablished|BIRD 2.0.8 ready. Name Proto Table State Since Info r9 BGP --- start 19:54:26.818 Active Socket: Connection reset by peer 
1782330895461|state=NotEstablished|BIRD 2.0.8 ready. Name Proto Table State Since Info r9 BGP --- start 19:54:26.818 Active Socket: Connection reset by peer 
1782330895601|state=NotEstablished|BIRD 2.0.8 ready. Name Proto Table State Since Info r9 BGP --- start 19:54:26.818 Active Socket: Connection reset by peer 
1782330895731|state=NotEstablished|BIRD 2.0.8 ready. Name Proto Table State Since Info r9 BGP --- start 19:54:26.818 Active Socket: Connection reset by peer 
1782330895861|state=NotEstablished|BIRD 2.0.8 ready. Name Proto Table State Since Info r9 BGP --- start 19:54:26.818 Active Socket: Connection reset by peer 
1782330895990|state=NotEstablished|BIRD 2.0.8 ready. Name Proto Table State Since Info r9 BGP --- start 19:54:26.818 Active Socket: Connection reset by peer 
1782330896124|state=NotEstablished|BIRD 2.0.8 ready. Name Proto Table State Since Info r9 BGP --- start 19:54:26.818 Active Socket: Connection reset by peer 
