1782554333560|state=Established|BIRD 2.0.8 ready. Name Proto Table State Since Info r9 BGP --- up 09:58:38.941 Established 
1782554333726|state=Established|BIRD 2.0.8 ready. Name Proto Table State Since Info r9 BGP --- up 09:58:38.941 Established 
1782554333870|state=Established|BIRD 2.0.8 ready. Name Proto Table State Since Info r9 BGP --- up 09:58:38.941 Established 
1782554334010|state=Established|BIRD 2.0.8 ready. Name Proto Table State Since Info r9 BGP --- up 09:58:38.941 Established 
1782554334151|state=Established|BIRD 2.0.8 ready. Name Proto Table State Since Info r9 BGP --- up 09:58:38.941 Established 
1782554334289|state=Established|BIRD 2.0.8 ready. Name Proto Table State Since Info r9 BGP --- up 09:58:38.941 Established 
1782554334434|state=Established|BIRD 2.0.8 ready. Name Proto Table State Since Info r9 BGP --- up 09:58:38.941 Established 
1782554334575|state=Established|BIRD 2.0.8 ready. Name Proto Table State Since Info r9 BGP --- up 09:58:38.941 Established 
1782554334709|state=Established|BIRD 2.0.8 ready. Name Proto Table State Since Info r9 BGP --- up 09:58:38.941 Established 
1782554334846|state=Established|BIRD 2.0.8 ready. Name Proto Table State Since Info r9 BGP --- up 09:58:38.941 Established 
1782554334983|state=Established|BIRD 2.0.8 ready. Name Proto Table State Since Info r9 BGP --- up 09:58:38.941 Established 
1782554335120|state=Established|BIRD 2.0.8 ready. Name Proto Table State Since Info r9 BGP --- up 09:58:38.941 Established 
1782554335255|state=Established|BIRD 2.0.8 ready. Name Proto Table State Since Info r9 BGP --- up 09:58:38.941 Established 
1782554335396|state=Established|BIRD 2.0.8 ready. Name Proto Table State Since Info r9 BGP --- up 09:58:38.941 Established 
1782554335540|state=Established|BIRD 2.0.8 ready. Name Proto Table State Since Info r9 BGP --- up 09:58:38.941 Established 
1782554335681|state=Established|BIRD 2.0.8 ready. Name Proto Table State Since Info r9 BGP --- up 09:58:38.941 Established 
1782554335822|state=NotEstablished|BIRD 2.0.8 ready. Name Proto Table State Since Info r9 BGP --- start 09:58:55.754 Idle Error: Neighbor lost 
1782554335967|state=NotEstablished|BIRD 2.0.8 ready. Name Proto Table State Since Info r9 BGP --- start 09:58:55.754 Idle Error: Neighbor lost 
1782554336107|state=NotEstablished|BIRD 2.0.8 ready. Name Proto Table State Since Info r9 BGP --- start 09:58:55.754 Idle Error: Neighbor lost 
1782554336245|state=NotEstablished|BIRD 2.0.8 ready. Name Proto Table State Since Info r9 BGP --- start 09:58:55.754 Idle Error: Neighbor lost 
1782554336383|state=NotEstablished|BIRD 2.0.8 ready. Name Proto Table State Since Info r9 BGP --- start 09:58:55.754 Idle Error: Neighbor lost 
1782554336516|state=NotEstablished|BIRD 2.0.8 ready. Name Proto Table State Since Info r9 BGP --- start 09:58:55.754 Idle Error: Neighbor lost 
1782554336649|state=NotEstablished|BIRD 2.0.8 ready. Name Proto Table State Since Info r9 BGP --- start 09:58:55.754 Idle Error: Neighbor lost 
1782554336787|state=NotEstablished|BIRD 2.0.8 ready. Name Proto Table State Since Info r9 BGP --- start 09:58:55.754 Idle Error: Neighbor lost 
1782554336924|state=NotEstablished|BIRD 2.0.8 ready. Name Proto Table State Since Info r9 BGP --- start 09:58:55.754 Idle Error: Neighbor lost 
1782554337060|state=NotEstablished|BIRD 2.0.8 ready. Name Proto Table State Since Info r9 BGP --- start 09:58:55.754 Idle Error: Neighbor lost 
1782554337199|state=NotEstablished|BIRD 2.0.8 ready. Name Proto Table State Since Info r9 BGP --- start 09:58:55.754 Idle Error: Neighbor lost 
1782554337341|state=NotEstablished|BIRD 2.0.8 ready. Name Proto Table State Since Info r9 BGP --- start 09:58:55.754 Idle Error: Neighbor lost 
1782554337477|state=NotEstablished|BIRD 2.0.8 ready. Name Proto Table State Since Info r9 BGP --- start 09:58:55.754 Idle Error: Neighbor lost 
1782554337617|state=NotEstablished|BIRD 2.0.8 ready. Name Proto Table State Since Info r9 BGP --- start 09:58:55.754 Idle Error: Neighbor lost 
1782554337754|state=NotEstablished|BIRD 2.0.8 ready. Name Proto Table State Since Info r9 BGP --- start 09:58:55.754 Idle Error: Neighbor lost 
1782554337891|state=NotEstablished|BIRD 2.0.8 ready. Name Proto Table State Since Info r9 BGP --- start 09:58:55.754 Idle Error: Neighbor lost 
1782554338026|state=NotEstablished|BIRD 2.0.8 ready. Name Proto Table State Since Info r9 BGP --- start 09:58:55.754 Idle Error: Neighbor lost 
1782554338171|state=NotEstablished|BIRD 2.0.8 ready. Name Proto Table State Since Info r9 BGP --- start 09:58:55.754 Idle Error: Neighbor lost 
1782554338310|state=NotEstablished|BIRD 2.0.8 ready. Name Proto Table State Since Info r9 BGP --- start 09:58:55.754 Idle Error: Neighbor lost 
1782554338449|state=NotEstablished|BIRD 2.0.8 ready. Name Proto Table State Since Info r9 BGP --- start 09:58:55.754 Idle Error: Neighbor lost 
1782554338592|state=NotEstablished|BIRD 2.0.8 ready. Name Proto Table State Since Info r9 BGP --- start 09:58:55.754 Idle Error: Neighbor lost 
1782554338735|state=NotEstablished|BIRD 2.0.8 ready. Name Proto Table State Since Info r9 BGP --- start 09:58:55.754 Idle Error: Neighbor lost 
1782554338878|state=NotEstablished|BIRD 2.0.8 ready. Name Proto Table State Since Info r9 BGP --- start 09:58:55.754 Idle Error: Neighbor lost 
1782554339011|state=NotEstablished|BIRD 2.0.8 ready. Name Proto Table State Since Info r9 BGP --- start 09:58:55.754 Idle Error: Neighbor lost 
1782554339149|state=NotEstablished|BIRD 2.0.8 ready. Name Proto Table State Since Info r9 BGP --- start 09:58:55.754 Idle Error: Neighbor lost 
1782554339291|state=NotEstablished|BIRD 2.0.8 ready. Name Proto Table State Since Info r9 BGP --- start 09:58:55.754 Idle Error: Neighbor lost 
1782554339426|state=NotEstablished|BIRD 2.0.8 ready. Name Proto Table State Since Info r9 BGP --- start 09:58:55.754 Idle Error: Neighbor lost 
1782554339570|state=NotEstablished|BIRD 2.0.8 ready. Name Proto Table State Since Info r9 BGP --- start 09:58:55.754 Idle Error: Neighbor lost 
1782554339709|state=NotEstablished|BIRD 2.0.8 ready. Name Proto Table State Since Info r9 BGP --- start 09:58:55.754 Idle Error: Neighbor lost 
1782554339847|state=NotEstablished|BIRD 2.0.8 ready. Name Proto Table State Since Info r9 BGP --- start 09:58:55.754 Idle Error: Neighbor lost 
1782554339987|state=NotEstablished|BIRD 2.0.8 ready. Name Proto Table State Since Info r9 BGP --- start 09:58:55.754 Idle Error: Neighbor lost 
1782554340129|state=NotEstablished|BIRD 2.0.8 ready. Name Proto Table State Since Info r9 BGP --- start 09:58:55.754 Idle Error: Neighbor lost 
1782554340269|state=NotEstablished|BIRD 2.0.8 ready. Name Proto Table State Since Info r9 BGP --- start 09:58:55.754 Idle Error: Neighbor lost 
1782554340406|state=NotEstablished|BIRD 2.0.8 ready. Name Proto Table State Since Info r9 BGP --- start 09:58:55.754 Idle Error: Neighbor lost 
1782554340554|state=NotEstablished|BIRD 2.0.8 ready. Name Proto Table State Since Info r9 BGP --- start 09:58:55.754 Idle Error: Neighbor lost 
1782554340688|state=NotEstablished|BIRD 2.0.8 ready. Name Proto Table State Since Info r9 BGP --- start 09:58:55.754 Idle Error: Neighbor lost 
1782554340826|state=NotEstablished|BIRD 2.0.8 ready. Name Proto Table State Since Info r9 BGP --- start 09:58:55.754 Idle Error: Neighbor lost 
1782554340966|state=NotEstablished|BIRD 2.0.8 ready. Name Proto Table State Since Info r9 BGP --- start 09:58:55.754 Idle Error: Neighbor lost 
1782554341106|state=NotEstablished|BIRD 2.0.8 ready. Name Proto Table State Since Info r9 BGP --- start 09:58:55.754 Idle Error: Neighbor lost 
1782554341246|state=NotEstablished|BIRD 2.0.8 ready. Name Proto Table State Since Info r9 BGP --- start 09:58:55.754 Idle Error: Neighbor lost 
1782554341383|state=NotEstablished|BIRD 2.0.8 ready. Name Proto Table State Since Info r9 BGP --- start 09:58:55.754 Idle Error: Neighbor lost 
1782554341521|state=NotEstablished|BIRD 2.0.8 ready. Name Proto Table State Since Info r9 BGP --- start 09:58:55.754 Idle Error: Neighbor lost 
1782554341656|state=NotEstablished|BIRD 2.0.8 ready. Name Proto Table State Since Info r9 BGP --- start 09:58:55.754 Idle Error: Neighbor lost 
1782554341796|state=NotEstablished|BIRD 2.0.8 ready. Name Proto Table State Since Info r9 BGP --- start 09:58:55.754 Idle Error: Neighbor lost 
1782554341935|state=NotEstablished|BIRD 2.0.8 ready. Name Proto Table State Since Info r9 BGP --- start 09:58:55.754 Idle Error: Neighbor lost 
1782554342068|state=NotEstablished|BIRD 2.0.8 ready. Name Proto Table State Since Info r9 BGP --- start 09:58:55.754 Idle Error: Neighbor lost 
1782554342205|state=NotEstablished|BIRD 2.0.8 ready. Name Proto Table State Since Info r9 BGP --- start 09:58:55.754 Idle Error: Neighbor lost 
1782554342344|state=NotEstablished|BIRD 2.0.8 ready. Name Proto Table State Since Info r9 BGP --- start 09:58:55.754 Idle Error: Neighbor lost 
1782554342487|state=NotEstablished|BIRD 2.0.8 ready. Name Proto Table State Since Info r9 BGP --- start 09:58:55.754 Idle Error: Neighbor lost 
1782554342625|state=NotEstablished|BIRD 2.0.8 ready. Name Proto Table State Since Info r9 BGP --- start 09:58:55.754 Idle Error: Neighbor lost 
1782554342762|state=NotEstablished|BIRD 2.0.8 ready. Name Proto Table State Since Info r9 BGP --- start 09:58:55.754 Idle Error: Neighbor lost 
1782554342888|state=NotEstablished|BIRD 2.0.8 ready. Name Proto Table State Since Info r9 BGP --- start 09:58:55.754 Idle Error: Neighbor lost 
1782554343021|state=NotEstablished|BIRD 2.0.8 ready. Name Proto Table State Since Info r9 BGP --- start 09:58:55.754 Idle Error: Neighbor lost 
1782554343156|state=NotEstablished|BIRD 2.0.8 ready. Name Proto Table State Since Info r9 BGP --- start 09:58:55.754 Idle Error: Neighbor lost 
1782554343292|state=NotEstablished|BIRD 2.0.8 ready. Name Proto Table State Since Info r9 BGP --- start 09:58:55.754 Idle Error: Neighbor lost 
1782554343426|state=NotEstablished|BIRD 2.0.8 ready. Name Proto Table State Since Info r9 BGP --- start 09:58:55.754 Idle Error: Neighbor lost 
1782554343559|state=NotEstablished|BIRD 2.0.8 ready. Name Proto Table State Since Info r9 BGP --- start 09:58:55.754 Idle Error: Neighbor lost 
1782554343698|state=NotEstablished|BIRD 2.0.8 ready. Name Proto Table State Since Info r9 BGP --- start 09:58:55.754 Idle Error: Neighbor lost 
1782554343836|state=NotEstablished|BIRD 2.0.8 ready. Name Proto Table State Since Info r9 BGP --- start 09:58:55.754 Active Error: Neighbor lost 
1782554343971|state=NotEstablished|BIRD 2.0.8 ready. Name Proto Table State Since Info r9 BGP --- start 09:58:55.754 Active Error: Neighbor lost 
1782554344100|state=NotEstablished|BIRD 2.0.8 ready. Name Proto Table State Since Info r9 BGP --- start 09:58:55.754 Active Error: Neighbor lost 
1782554344234|state=NotEstablished|BIRD 2.0.8 ready. Name Proto Table State Since Info r9 BGP --- start 09:58:55.754 Active Error: Neighbor lost 
1782554344366|state=NotEstablished|BIRD 2.0.8 ready. Name Proto Table State Since Info r9 BGP --- start 09:58:55.754 Active Error: Neighbor lost 
1782554344501|state=NotEstablished|BIRD 2.0.8 ready. Name Proto Table State Since Info r9 BGP --- start 09:58:55.754 Active Error: Neighbor lost 
1782554344637|state=NotEstablished|BIRD 2.0.8 ready. Name Proto Table State Since Info r9 BGP --- start 09:58:55.754 Active Error: Neighbor lost 
1782554344774|state=NotEstablished|BIRD 2.0.8 ready. Name Proto Table State Since Info r9 BGP --- start 09:58:55.754 Active Error: Neighbor lost 
1782554344910|state=NotEstablished|BIRD 2.0.8 ready. Name Proto Table State Since Info r9 BGP --- start 09:58:55.754 Active Error: Neighbor lost 
1782554345048|state=NotEstablished|BIRD 2.0.8 ready. Name Proto Table State Since Info r9 BGP --- start 09:58:55.754 Active Error: Neighbor lost 
1782554345181|state=NotEstablished|BIRD 2.0.8 ready. Name Proto Table State Since Info r9 BGP --- start 09:58:55.754 Active Error: Neighbor lost 
1782554345313|state=NotEstablished|BIRD 2.0.8 ready. Name Proto Table State Since Info r9 BGP --- start 09:58:55.754 Active Error: Neighbor lost 
1782554345442|state=NotEstablished|BIRD 2.0.8 ready. Name Proto Table State Since Info r9 BGP --- start 09:58:55.754 Active Error: Neighbor lost 
1782554345578|state=NotEstablished|BIRD 2.0.8 ready. Name Proto Table State Since Info r9 BGP --- start 09:58:55.754 Active Error: Neighbor lost 
1782554345709|state=NotEstablished|BIRD 2.0.8 ready. Name Proto Table State Since Info r9 BGP --- start 09:58:55.754 Active Error: Neighbor lost 
1782554345835|state=NotEstablished|BIRD 2.0.8 ready. Name Proto Table State Since Info r9 BGP --- start 09:58:55.754 Active Error: Neighbor lost 
1782554345968|state=NotEstablished|BIRD 2.0.8 ready. Name Proto Table State Since Info r9 BGP --- start 09:58:55.754 Active Error: Neighbor lost 
1782554346095|state=NotEstablished|BIRD 2.0.8 ready. Name Proto Table State Since Info r9 BGP --- start 09:58:55.754 Active Error: Neighbor lost 
1782554346224|state=NotEstablished|BIRD 2.0.8 ready. Name Proto Table State Since Info r9 BGP --- start 09:58:55.754 Active Error: Neighbor lost 
1782554346360|state=NotEstablished|BIRD 2.0.8 ready. Name Proto Table State Since Info r9 BGP --- start 09:58:55.754 Active Error: Neighbor lost 
1782554346481|state=NotEstablished|BIRD 2.0.8 ready. Name Proto Table State Since Info r9 BGP --- start 09:58:55.754 Active Error: Neighbor lost 
1782554346605|state=NotEstablished|BIRD 2.0.8 ready. Name Proto Table State Since Info r9 BGP --- start 09:58:55.754 Active Error: Neighbor lost 
1782554346734|state=NotEstablished|BIRD 2.0.8 ready. Name Proto Table State Since Info r9 BGP --- start 09:58:55.754 Active Error: Neighbor lost 
1782554346864|state=NotEstablished|BIRD 2.0.8 ready. Name Proto Table State Since Info r9 BGP --- start 09:58:55.754 Active Error: Neighbor lost 
1782554346995|state=NotEstablished|BIRD 2.0.8 ready. Name Proto Table State Since Info r9 BGP --- start 09:58:55.754 Active Error: Neighbor lost 
1782554347128|state=NotEstablished|BIRD 2.0.8 ready. Name Proto Table State Since Info r9 BGP --- start 09:58:55.754 Active Error: Neighbor lost 
1782554347259|state=NotEstablished|BIRD 2.0.8 ready. Name Proto Table State Since Info r9 BGP --- start 09:58:55.754 Active Error: Neighbor lost 
1782554347379|state=NotEstablished|BIRD 2.0.8 ready. Name Proto Table State Since Info r9 BGP --- start 09:58:55.754 Active Error: Neighbor lost 
1782554347520|state=NotEstablished|BIRD 2.0.8 ready. Name Proto Table State Since Info r9 BGP --- start 09:58:55.754 Active Error: Neighbor lost 
1782554347644|state=NotEstablished|BIRD 2.0.8 ready. Name Proto Table State Since Info r9 BGP --- start 09:58:55.754 Active Error: Neighbor lost 
1782554347771|state=NotEstablished|BIRD 2.0.8 ready. Name Proto Table State Since Info r9 BGP --- start 09:58:55.754 Active Error: Neighbor lost 
1782554347899|state=NotEstablished|BIRD 2.0.8 ready. Name Proto Table State Since Info r9 BGP --- start 09:58:55.754 Active Socket: Connection closed 
1782554348024|state=NotEstablished|BIRD 2.0.8 ready. Name Proto Table State Since Info r9 BGP --- start 09:58:55.754 Active Socket: Connection closed 
1782554348158|state=NotEstablished|BIRD 2.0.8 ready. Name Proto Table State Since Info r9 BGP --- start 09:58:55.754 Active Socket: Connection closed 
1782554348284|state=NotEstablished|BIRD 2.0.8 ready. Name Proto Table State Since Info r9 BGP --- start 09:58:55.754 Active Socket: Connection closed 
1782554348414|state=NotEstablished|BIRD 2.0.8 ready. Name Proto Table State Since Info r9 BGP --- start 09:58:55.754 Active Socket: Connection closed 
1782554348542|state=NotEstablished|BIRD 2.0.8 ready. Name Proto Table State Since Info r9 BGP --- start 09:58:55.754 Active Socket: Connection closed 
1782554348671|state=NotEstablished|BIRD 2.0.8 ready. Name Proto Table State Since Info r9 BGP --- start 09:58:55.754 Active Socket: Connection closed 
1782554348798|state=NotEstablished|BIRD 2.0.8 ready. Name Proto Table State Since Info r9 BGP --- start 09:58:55.754 Active Socket: Connection closed 
1782554348923|state=NotEstablished|BIRD 2.0.8 ready. Name Proto Table State Since Info r9 BGP --- start 09:58:55.754 Active Socket: Connection closed 
1782554349058|state=NotEstablished|BIRD 2.0.8 ready. Name Proto Table State Since Info r9 BGP --- start 09:58:55.754 Active Socket: Connection closed 
1782554349187|state=NotEstablished|BIRD 2.0.8 ready. Name Proto Table State Since Info r9 BGP --- start 09:58:55.754 Active Socket: Connection closed 
1782554349315|state=NotEstablished|BIRD 2.0.8 ready. Name Proto Table State Since Info r9 BGP --- start 09:58:55.754 Active Socket: Connection closed 
1782554349439|state=NotEstablished|BIRD 2.0.8 ready. Name Proto Table State Since Info r9 BGP --- start 09:58:55.754 Active Socket: Connection closed 
1782554349565|state=NotEstablished|BIRD 2.0.8 ready. Name Proto Table State Since Info r9 BGP --- start 09:58:55.754 Active Socket: Connection closed 
1782554349690|state=NotEstablished|BIRD 2.0.8 ready. Name Proto Table State Since Info r9 BGP --- start 09:58:55.754 Active Socket: Connection closed 
1782554349811|state=NotEstablished|BIRD 2.0.8 ready. Name Proto Table State Since Info r9 BGP --- start 09:58:55.754 Active Socket: Connection closed 
1782554349939|state=NotEstablished|BIRD 2.0.8 ready. Name Proto Table State Since Info r9 BGP --- start 09:58:55.754 Active Socket: Connection closed 
1782554350078|state=NotEstablished|BIRD 2.0.8 ready. Name Proto Table State Since Info r9 BGP --- start 09:58:55.754 Active Socket: Connection closed 
1782554350203|state=NotEstablished|BIRD 2.0.8 ready. Name Proto Table State Since Info r9 BGP --- start 09:58:55.754 Active Socket: Connection closed 
1782554350329|state=NotEstablished|BIRD 2.0.8 ready. Name Proto Table State Since Info r9 BGP --- start 09:58:55.754 Active Socket: Connection closed 
1782554350457|state=NotEstablished|BIRD 2.0.8 ready. Name Proto Table State Since Info r9 BGP --- start 09:58:55.754 Active Socket: Connection closed 
1782554350584|state=NotEstablished|BIRD 2.0.8 ready. Name Proto Table State Since Info r9 BGP --- start 09:58:55.754 Active Socket: Connection closed 
1782554350706|state=NotEstablished|BIRD 2.0.8 ready. Name Proto Table State Since Info r9 BGP --- start 09:58:55.754 Active Socket: Connection closed 
1782554350836|state=NotEstablished|BIRD 2.0.8 ready. Name Proto Table State Since Info r9 BGP --- start 09:58:55.754 Active Socket: Connection closed 
1782554350967|state=NotEstablished|BIRD 2.0.8 ready. Name Proto Table State Since Info r9 BGP --- start 09:58:55.754 Active Socket: Connection closed 
1782554351097|state=NotEstablished|BIRD 2.0.8 ready. Name Proto Table State Since Info r9 BGP --- start 09:58:55.754 Active Socket: Connection closed 
1782554351232|state=NotEstablished|BIRD 2.0.8 ready. Name Proto Table State Since Info r9 BGP --- start 09:58:55.754 Active Socket: Connection closed 
1782554351359|state=NotEstablished|BIRD 2.0.8 ready. Name Proto Table State Since Info r9 BGP --- start 09:58:55.754 Active Socket: Connection closed 
1782554351485|state=NotEstablished|BIRD 2.0.8 ready. Name Proto Table State Since Info r9 BGP --- start 09:58:55.754 Active Socket: Connection closed 
1782554351619|state=NotEstablished|BIRD 2.0.8 ready. Name Proto Table State Since Info r9 BGP --- start 09:58:55.754 Active Socket: Connection closed 
1782554351749|state=NotEstablished|BIRD 2.0.8 ready. Name Proto Table State Since Info r9 BGP --- start 09:58:55.754 Active Socket: Connection closed 
1782554351880|state=NotEstablished|BIRD 2.0.8 ready. Name Proto Table State Since Info r9 BGP --- start 09:58:55.754 Active Socket: Connection closed 
1782554352019|state=NotEstablished|BIRD 2.0.8 ready. Name Proto Table State Since Info r9 BGP --- start 09:58:55.754 Active Socket: Connection closed 
1782554352158|state=NotEstablished|BIRD 2.0.8 ready. Name Proto Table State Since Info r9 BGP --- start 09:58:55.754 Active Socket: Connection reset by peer 
1782554352298|state=NotEstablished|BIRD 2.0.8 ready. Name Proto Table State Since Info r9 BGP --- start 09:58:55.754 Active Socket: Connection reset by peer 
1782554352434|state=NotEstablished|BIRD 2.0.8 ready. Name Proto Table State Since Info r9 BGP --- start 09:58:55.754 Active Socket: Connection reset by peer 
1782554352571|state=NotEstablished|BIRD 2.0.8 ready. Name Proto Table State Since Info r9 BGP --- start 09:58:55.754 Active Socket: Connection reset by peer 
1782554352704|state=NotEstablished|BIRD 2.0.8 ready. Name Proto Table State Since Info r9 BGP --- start 09:58:55.754 Active Socket: Connection reset by peer 
1782554352835|state=NotEstablished|BIRD 2.0.8 ready. Name Proto Table State Since Info r9 BGP --- start 09:58:55.754 Active Socket: Connection reset by peer 
1782554352968|state=NotEstablished|BIRD 2.0.8 ready. Name Proto Table State Since Info r9 BGP --- start 09:58:55.754 Active Socket: Connection reset by peer 
1782554353100|state=NotEstablished|BIRD 2.0.8 ready. Name Proto Table State Since Info r9 BGP --- start 09:58:55.754 Active Socket: Connection reset by peer 
1782554353230|state=NotEstablished|BIRD 2.0.8 ready. Name Proto Table State Since Info r9 BGP --- start 09:58:55.754 Active Socket: Connection reset by peer 
1782554353363|state=NotEstablished|BIRD 2.0.8 ready. Name Proto Table State Since Info r9 BGP --- start 09:58:55.754 Active Socket: Connection reset by peer 
1782554353492|state=NotEstablished|BIRD 2.0.8 ready. Name Proto Table State Since Info r9 BGP --- start 09:58:55.754 Active Socket: Connection reset by peer 
1782554353626|state=NotEstablished|BIRD 2.0.8 ready. Name Proto Table State Since Info r9 BGP --- start 09:58:55.754 Active Socket: Connection reset by peer 
1782554353760|state=NotEstablished|BIRD 2.0.8 ready. Name Proto Table State Since Info r9 BGP --- start 09:58:55.754 Active Socket: Connection reset by peer 
1782554353884|state=NotEstablished|BIRD 2.0.8 ready. Name Proto Table State Since Info r9 BGP --- start 09:58:55.754 Active Socket: Connection reset by peer 
1782554354014|state=NotEstablished|BIRD 2.0.8 ready. Name Proto Table State Since Info r9 BGP --- start 09:58:55.754 Active Socket: Connection reset by peer 
1782554354163|state=NotEstablished|BIRD 2.0.8 ready. Name Proto Table State Since Info r9 BGP --- start 09:58:55.754 Active Socket: Connection reset by peer 
1782554354302|state=NotEstablished|BIRD 2.0.8 ready. Name Proto Table State Since Info r9 BGP --- start 09:58:55.754 Active Socket: Connection reset by peer 
1782554354432|state=NotEstablished|BIRD 2.0.8 ready. Name Proto Table State Since Info r9 BGP --- start 09:58:55.754 Active Socket: Connection reset by peer 
1782554354563|state=NotEstablished|BIRD 2.0.8 ready. Name Proto Table State Since Info r9 BGP --- start 09:58:55.754 Active Socket: Connection reset by peer 
1782554354702|state=NotEstablished|BIRD 2.0.8 ready. Name Proto Table State Since Info r9 BGP --- start 09:58:55.754 Active Socket: Connection reset by peer 
1782554354828|state=NotEstablished|BIRD 2.0.8 ready. Name Proto Table State Since Info r9 BGP --- start 09:58:55.754 Active Socket: Connection reset by peer 
1782554354955|state=NotEstablished|BIRD 2.0.8 ready. Name Proto Table State Since Info r9 BGP --- start 09:58:55.754 Active Socket: Connection reset by peer 
1782554355075|state=NotEstablished|BIRD 2.0.8 ready. Name Proto Table State Since Info r9 BGP --- start 09:58:55.754 Active Socket: Connection reset by peer 
1782554355207|state=NotEstablished|BIRD 2.0.8 ready. Name Proto Table State Since Info r9 BGP --- start 09:58:55.754 Active Socket: Connection reset by peer 
1782554355346|state=NotEstablished|BIRD 2.0.8 ready. Name Proto Table State Since Info r9 BGP --- start 09:58:55.754 Active Socket: Connection reset by peer 
1782554355482|state=NotEstablished|BIRD 2.0.8 ready. Name Proto Table State Since Info r9 BGP --- start 09:58:55.754 Active Socket: Connection reset by peer 
1782554355613|state=NotEstablished|BIRD 2.0.8 ready. Name Proto Table State Since Info r9 BGP --- start 09:58:55.754 Active Socket: Connection reset by peer 
1782554355752|state=NotEstablished|BIRD 2.0.8 ready. Name Proto Table State Since Info r9 BGP --- start 09:58:55.754 Active Socket: Connection reset by peer 
1782554355890|state=NotEstablished|BIRD 2.0.8 ready. Name Proto Table State Since Info r9 BGP --- start 09:58:55.754 Active Socket: Connection reset by peer 
1782554356023|state=NotEstablished|BIRD 2.0.8 ready. Name Proto Table State Since Info r9 BGP --- start 09:58:55.754 Active Socket: Connection reset by peer 
1782554356161|state=NotEstablished|BIRD 2.0.8 ready. Name Proto Table State Since Info r9 BGP --- start 09:58:55.754 Active Socket: Connection reset by peer 
1782554356300|state=NotEstablished|BIRD 2.0.8 ready. Name Proto Table State Since Info r9 BGP --- start 09:58:55.754 Active Socket: Connection reset by peer 
1782554356435|state=NotEstablished|BIRD 2.0.8 ready. Name Proto Table State Since Info r9 BGP --- start 09:58:55.754 Active Socket: Connection reset by peer 
1782554356574|state=NotEstablished|BIRD 2.0.8 ready. Name Proto Table State Since Info r9 BGP --- start 09:58:55.754 Active Socket: Connection reset by peer 
1782554356710|state=NotEstablished|BIRD 2.0.8 ready. Name Proto Table State Since Info r9 BGP --- start 09:58:55.754 Active Socket: Connection reset by peer 
1782554356847|state=NotEstablished|BIRD 2.0.8 ready. Name Proto Table State Since Info r9 BGP --- start 09:58:55.754 Active Socket: Connection reset by peer 
1782554356985|state=NotEstablished|BIRD 2.0.8 ready. Name Proto Table State Since Info r9 BGP --- start 09:58:55.754 Active Socket: Connection reset by peer 
1782554357120|state=NotEstablished|BIRD 2.0.8 ready. Name Proto Table State Since Info r9 BGP --- start 09:58:55.754 Active Socket: Connection reset by peer 
1782554357252|state=NotEstablished|BIRD 2.0.8 ready. Name Proto Table State Since Info r9 BGP --- start 09:58:55.754 Active Socket: Connection reset by peer 
1782554357379|state=NotEstablished|BIRD 2.0.8 ready. Name Proto Table State Since Info r9 BGP --- start 09:58:55.754 Active Socket: Connection reset by peer 
1782554357505|state=NotEstablished|BIRD 2.0.8 ready. Name Proto Table State Since Info r9 BGP --- start 09:58:55.754 Active Socket: Connection reset by peer 
1782554357640|state=NotEstablished|BIRD 2.0.8 ready. Name Proto Table State Since Info r9 BGP --- start 09:58:55.754 Active Socket: Connection reset by peer 
1782554357772|state=NotEstablished|BIRD 2.0.8 ready. Name Proto Table State Since Info r9 BGP --- start 09:58:55.754 Active Socket: Connection reset by peer 
1782554357902|state=NotEstablished|BIRD 2.0.8 ready. Name Proto Table State Since Info r9 BGP --- start 09:58:55.754 Active Socket: Connection reset by peer 
1782554358030|state=NotEstablished|BIRD 2.0.8 ready. Name Proto Table State Since Info r9 BGP --- start 09:58:55.754 Active Socket: Connection reset by peer 
1782554358163|state=NotEstablished|BIRD 2.0.8 ready. Name Proto Table State Since Info r9 BGP --- start 09:58:55.754 Active Socket: Connection reset by peer 
1782554358291|state=NotEstablished|BIRD 2.0.8 ready. Name Proto Table State Since Info r9 BGP --- start 09:58:55.754 Active Socket: Connection reset by peer 
1782554358424|state=NotEstablished|BIRD 2.0.8 ready. Name Proto Table State Since Info r9 BGP --- start 09:58:55.754 Active Socket: Connection reset by peer 
1782554358557|state=NotEstablished|BIRD 2.0.8 ready. Name Proto Table State Since Info r9 BGP --- start 09:58:55.754 Active Socket: Connection reset by peer 
1782554358697|state=NotEstablished|BIRD 2.0.8 ready. Name Proto Table State Since Info r9 BGP --- start 09:58:55.754 Active Socket: Connection reset by peer 
1782554358831|state=NotEstablished|BIRD 2.0.8 ready. Name Proto Table State Since Info r9 BGP --- start 09:58:55.754 Active Socket: Connection reset by peer 
1782554358966|state=NotEstablished|BIRD 2.0.8 ready. Name Proto Table State Since Info r9 BGP --- start 09:58:55.754 Active Socket: Connection reset by peer 
1782554359101|state=NotEstablished|BIRD 2.0.8 ready. Name Proto Table State Since Info r9 BGP --- start 09:58:55.754 Active Socket: Connection reset by peer 
1782554359240|state=NotEstablished|BIRD 2.0.8 ready. Name Proto Table State Since Info r9 BGP --- start 09:58:55.754 Active Socket: Connection reset by peer 
1782554359375|state=NotEstablished|BIRD 2.0.8 ready. Name Proto Table State Since Info r9 BGP --- start 09:58:55.754 Active Socket: Connection reset by peer 
1782554359514|state=NotEstablished|BIRD 2.0.8 ready. Name Proto Table State Since Info r9 BGP --- start 09:58:55.754 Active Socket: Connection reset by peer 
1782554359635|state=NotEstablished|BIRD 2.0.8 ready. Name Proto Table State Since Info r9 BGP --- start 09:58:55.754 Active Socket: Connection reset by peer 
1782554359754|state=NotEstablished|BIRD 2.0.8 ready. Name Proto Table State Since Info r9 BGP --- start 09:58:55.754 Active Socket: Connection reset by peer 
1782554359877|state=NotEstablished|BIRD 2.0.8 ready. Name Proto Table State Since Info r9 BGP --- start 09:58:55.754 Active Socket: Connection reset by peer 
1782554359982|state=NotEstablished|BIRD 2.0.8 ready. Name Proto Table State Since Info r9 BGP --- start 09:58:55.754 Active Socket: Connection reset by peer 
1782554360115|state=NotEstablished|BIRD 2.0.8 ready. Name Proto Table State Since Info r9 BGP --- start 09:58:55.754 Active Socket: Connection reset by peer 
1782554360243|state=NotEstablished|BIRD 2.0.8 ready. Name Proto Table State Since Info r9 BGP --- start 09:58:55.754 Active Socket: Connection reset by peer 
1782554360372|state=NotEstablished|BIRD 2.0.8 ready. Name Proto Table State Since Info r9 BGP --- start 09:58:55.754 Active Socket: Connection reset by peer 
1782554360503|state=NotEstablished|BIRD 2.0.8 ready. Name Proto Table State Since Info r9 BGP --- start 09:58:55.754 Active Socket: Connection reset by peer 
1782554360639|state=NotEstablished|BIRD 2.0.8 ready. Name Proto Table State Since Info r9 BGP --- start 09:58:55.754 Active Socket: Connection reset by peer 
1782554360770|state=NotEstablished|BIRD 2.0.8 ready. Name Proto Table State Since Info r9 BGP --- start 09:58:55.754 Active Socket: Connection reset by peer 
1782554360899|state=NotEstablished|BIRD 2.0.8 ready. Name Proto Table State Since Info r9 BGP --- start 09:58:55.754 Active Socket: Connection reset by peer 
1782554361019|state=NotEstablished|BIRD 2.0.8 ready. Name Proto Table State Since Info r9 BGP --- start 09:58:55.754 Active Socket: Connection reset by peer 
1782554361147|state=NotEstablished|BIRD 2.0.8 ready. Name Proto Table State Since Info r9 BGP --- start 09:58:55.754 Active Socket: Connection reset by peer 
1782554361280|state=NotEstablished|BIRD 2.0.8 ready. Name Proto Table State Since Info r9 BGP --- start 09:58:55.754 Active Socket: Connection reset by peer 
1782554361417|state=NotEstablished|BIRD 2.0.8 ready. Name Proto Table State Since Info r9 BGP --- start 09:58:55.754 Active Socket: Connection reset by peer 
1782554361546|state=NotEstablished|BIRD 2.0.8 ready. Name Proto Table State Since Info r9 BGP --- start 09:58:55.754 Active Socket: Connection reset by peer 
1782554361674|state=NotEstablished|BIRD 2.0.8 ready. Name Proto Table State Since Info r9 BGP --- start 09:58:55.754 Active Socket: Connection reset by peer 
1782554361801|state=NotEstablished|BIRD 2.0.8 ready. Name Proto Table State Since Info r9 BGP --- start 09:58:55.754 Active Socket: Connection reset by peer 
1782554361938|state=NotEstablished|BIRD 2.0.8 ready. Name Proto Table State Since Info r9 BGP --- start 09:58:55.754 Active Socket: Connection reset by peer 
1782554362061|state=NotEstablished|BIRD 2.0.8 ready. Name Proto Table State Since Info r9 BGP --- start 09:58:55.754 Active Socket: Connection reset by peer 
1782554362197|state=NotEstablished|BIRD 2.0.8 ready. Name Proto Table State Since Info r9 BGP --- start 09:58:55.754 Active Socket: Connection reset by peer 
1782554362326|state=NotEstablished|BIRD 2.0.8 ready. Name Proto Table State Since Info r9 BGP --- start 09:58:55.754 Active Socket: Connection reset by peer 
1782554362448|state=NotEstablished|BIRD 2.0.8 ready. Name Proto Table State Since Info r9 BGP --- start 09:58:55.754 Active Socket: Connection reset by peer 
1782554362582|state=NotEstablished|BIRD 2.0.8 ready. Name Proto Table State Since Info r9 BGP --- start 09:58:55.754 Active Socket: Connection reset by peer 
1782554362704|state=NotEstablished|BIRD 2.0.8 ready. Name Proto Table State Since Info r9 BGP --- start 09:58:55.754 Active Socket: Connection reset by peer 
1782554362837|state=NotEstablished|BIRD 2.0.8 ready. Name Proto Table State Since Info r9 BGP --- start 09:58:55.754 Active Socket: Connection reset by peer 
1782554362964|state=NotEstablished|BIRD 2.0.8 ready. Name Proto Table State Since Info r9 BGP --- start 09:58:55.754 Active Socket: Connection reset by peer 
1782554363088|state=NotEstablished|BIRD 2.0.8 ready. Name Proto Table State Since Info r9 BGP --- start 09:58:55.754 Active Socket: Connection reset by peer 
1782554363210|state=NotEstablished|BIRD 2.0.8 ready. Name Proto Table State Since Info r9 BGP --- start 09:58:55.754 Active Socket: Connection reset by peer 
1782554363333|state=NotEstablished|BIRD 2.0.8 ready. Name Proto Table State Since Info r9 BGP --- start 09:58:55.754 Active Socket: Connection reset by peer 
1782554363459|state=NotEstablished|BIRD 2.0.8 ready. Name Proto Table State Since Info r9 BGP --- start 09:58:55.754 Active Socket: Connection reset by peer 
1782554363586|state=NotEstablished|BIRD 2.0.8 ready. Name Proto Table State Since Info r9 BGP --- start 09:58:55.754 Active Socket: Connection reset by peer 
1782554363707|state=NotEstablished|BIRD 2.0.8 ready. Name Proto Table State Since Info r9 BGP --- start 09:58:55.754 Active Socket: Connection reset by peer 
1782554363829|state=NotEstablished|BIRD 2.0.8 ready. Name Proto Table State Since Info r9 BGP --- start 09:58:55.754 Active Socket: Connection reset by peer 
1782554363960|state=NotEstablished|BIRD 2.0.8 ready. Name Proto Table State Since Info r9 BGP --- start 09:58:55.754 Active Socket: Connection reset by peer 
1782554364090|state=NotEstablished|BIRD 2.0.8 ready. Name Proto Table State Since Info r9 BGP --- start 09:58:55.754 Active Socket: Connection reset by peer 
1782554364219|state=NotEstablished|BIRD 2.0.8 ready. Name Proto Table State Since Info r9 BGP --- start 09:58:55.754 Active Socket: Connection reset by peer 
1782554364345|state=NotEstablished|BIRD 2.0.8 ready. Name Proto Table State Since Info r9 BGP --- start 09:58:55.754 Active Socket: Connection reset by peer 
1782554364478|state=NotEstablished|BIRD 2.0.8 ready. Name Proto Table State Since Info r9 BGP --- start 09:58:55.754 Active Socket: Connection reset by peer 
1782554364610|state=NotEstablished|BIRD 2.0.8 ready. Name Proto Table State Since Info r9 BGP --- start 09:58:55.754 Active Socket: Connection reset by peer 
1782554364742|state=NotEstablished|BIRD 2.0.8 ready. Name Proto Table State Since Info r9 BGP --- start 09:58:55.754 Active Socket: Connection reset by peer 
1782554364868|state=NotEstablished|BIRD 2.0.8 ready. Name Proto Table State Since Info r9 BGP --- start 09:58:55.754 Active Socket: Connection reset by peer 
1782554365008|state=NotEstablished|BIRD 2.0.8 ready. Name Proto Table State Since Info r9 BGP --- start 09:58:55.754 Active Socket: Connection reset by peer 
1782554365143|state=NotEstablished|BIRD 2.0.8 ready. Name Proto Table State Since Info r9 BGP --- start 09:58:55.754 Active Socket: Connection reset by peer 
