1782562625114|state=Missing|
1782562625241|state=Missing|
1782562625367|state=Missing|
1782562625485|state=Missing|
1782562625605|state=Missing|
1782562625717|state=Missing|
1782562625864|state=Missing|
1782562626007|state=Missing|
1782562626153|state=Missing|
1782562626304|state=Missing|
1782562626444|state=Missing|
1782562626589|state=Missing|
1782562626733|state=Missing|
1782562626880|state=Missing|
1782562627030|state=Missing|
1782562627169|state=Missing|
1782562627306|state=Missing|
1782562627443|state=Missing|
1782562627585|state=Missing|
1782562627716|state=Missing|
1782562627853|state=Missing|
1782562627994|state=Missing|
1782562628129|state=Missing|
1782562628261|state=Missing|
1782562628389|state=Missing|
1782562628533|state=Missing|
1782562628668|state=Missing|
1782562628800|state=Missing|
1782562628944|state=Missing|
1782562629095|state=Missing|
1782562629223|state=Missing|
1782562629358|state=Missing|
1782562629499|state=Missing|
1782562629624|state=Missing|
1782562629758|state=Missing|
1782562629891|state=Missing|
1782562630010|state=Missing|
1782562630142|state=Missing|
1782562630275|state=Missing|
1782562630408|state=Missing|
1782562630535|state=Missing|
1782562630665|state=Missing|
1782562630801|state=Missing|
1782562630929|state=Missing|
1782562631042|state=Missing|
1782562631168|state=Missing|
1782562631283|state=Missing|
1782562631407|state=Missing|
1782562631538|state=Missing|
1782562631679|state=Missing|
1782562631818|state=Missing|
1782562631930|state=Missing|
1782562632060|state=Missing|
1782562632199|state=Missing|
1782562632340|state=Missing|
1782562632473|state=Missing|
1782562632611|state=Missing|
1782562632746|state=Missing|
1782562632877|state=Missing|
1782562633013|state=Missing|
1782562633157|state=Missing|
1782562633289|state=Missing|
1782562633420|state=Missing|
1782562633560|state=Missing|
1782562633696|state=Missing|
1782562633823|state=Missing|
1782562633953|state=Missing|
1782562634086|state=Missing|
1782562634215|state=Missing|
1782562634350|state=Missing|
1782562634495|state=Missing|
1782562634642|state=Missing|
1782562634770|state=Missing|
1782562634914|state=Missing|
1782562635058|state=Missing|
1782562635193|state=Missing|
1782562635336|state=Missing|
1782562635465|state=Missing|
1782562635589|state=Missing|
1782562635713|state=Missing|
1782562635854|state=Missing|
1782562635982|state=Missing|
1782562636113|state=Missing|
1782562636243|state=Missing|
1782562636376|state=Missing|
1782562636514|state=Missing|
1782562636653|state=Missing|
1782562636783|state=Missing|
1782562636907|state=Missing|
1782562637040|state=Missing|
1782562637175|state=Missing|
1782562637307|state=Missing|
1782562637441|state=Missing|
1782562637582|state=Missing|
1782562637713|state=Missing|
1782562637850|state=Missing|
1782562637974|state=Missing|
1782562638102|state=Missing|
1782562638229|state=Missing|
1782562638351|state=Missing|
1782562638473|state=Missing|
1782562638600|state=Missing|
1782562638736|state=Missing|
1782562638871|state=Missing|
1782562639005|state=Missing|
1782562639131|state=Missing|
1782562639256|state=Missing|
1782562639377|state=Missing|
1782562639498|state=Missing|
1782562639622|state=Missing|
1782562639747|state=Missing|
1782562639871|state=Missing|
1782562640009|state=Missing|
1782562640136|state=Missing|
1782562640269|state=Missing|
1782562640401|state=Missing|
1782562640536|state=Missing|
1782562640660|state=Missing|
1782562640784|state=Missing|
1782562640911|state=Missing|
1782562641032|state=Missing|
1782562641163|state=Missing|
1782562641284|state=Missing|
1782562641403|state=Missing|
