1782554656286|state=Established|BIRD 2.0.8 ready. Name Proto Table State Since Info r9 BGP --- up 10:04:02.124 Established 
1782554656462|state=Established|BIRD 2.0.8 ready. Name Proto Table State Since Info r9 BGP --- up 10:04:02.124 Established 
1782554656594|state=Established|BIRD 2.0.8 ready. Name Proto Table State Since Info r9 BGP --- up 10:04:02.124 Established 
1782554656727|state=Established|BIRD 2.0.8 ready. Name Proto Table State Since Info r9 BGP --- up 10:04:02.124 Established 
1782554656860|state=Established|BIRD 2.0.8 ready. Name Proto Table State Since Info r9 BGP --- up 10:04:02.124 Established 
1782554656998|state=Established|BIRD 2.0.8 ready. Name Proto Table State Since Info r9 BGP --- up 10:04:02.124 Established 
1782554657135|state=Established|BIRD 2.0.8 ready. Name Proto Table State Since Info r9 BGP --- up 10:04:02.124 Established 
1782554657268|state=Established|BIRD 2.0.8 ready. Name Proto Table State Since Info r9 BGP --- up 10:04:02.124 Established 
1782554657405|state=Established|BIRD 2.0.8 ready. Name Proto Table State Since Info r9 BGP --- up 10:04:02.124 Established 
1782554657545|state=Established|BIRD 2.0.8 ready. Name Proto Table State Since Info r9 BGP --- up 10:04:02.124 Established 
1782554657686|state=Established|BIRD 2.0.8 ready. Name Proto Table State Since Info r9 BGP --- up 10:04:02.124 Established 
1782554657823|state=Established|BIRD 2.0.8 ready. Name Proto Table State Since Info r9 BGP --- up 10:04:02.124 Established 
1782554657961|state=Established|BIRD 2.0.8 ready. Name Proto Table State Since Info r9 BGP --- up 10:04:02.124 Established 
1782554658097|state=Established|BIRD 2.0.8 ready. Name Proto Table State Since Info r9 BGP --- up 10:04:02.124 Established 
1782554658236|state=Established|BIRD 2.0.8 ready. Name Proto Table State Since Info r9 BGP --- up 10:04:02.124 Established 
1782554658369|state=Established|BIRD 2.0.8 ready. Name Proto Table State Since Info r9 BGP --- up 10:04:02.124 Established 
1782554658524|state=NotEstablished|BIRD 2.0.8 ready. Name Proto Table State Since Info r9 BGP --- start 10:04:18.487 Idle Error: Neighbor lost 
1782554658659|state=NotEstablished|BIRD 2.0.8 ready. Name Proto Table State Since Info r9 BGP --- start 10:04:18.488 Idle Error: Neighbor lost 
1782554658794|state=NotEstablished|BIRD 2.0.8 ready. Name Proto Table State Since Info r9 BGP --- start 10:04:18.488 Idle Error: Neighbor lost 
1782554658931|state=NotEstablished|BIRD 2.0.8 ready. Name Proto Table State Since Info r9 BGP --- start 10:04:18.487 Idle Error: Neighbor lost 
1782554659071|state=NotEstablished|BIRD 2.0.8 ready. Name Proto Table State Since Info r9 BGP --- start 10:04:18.488 Idle Error: Neighbor lost 
1782554659212|state=NotEstablished|BIRD 2.0.8 ready. Name Proto Table State Since Info r9 BGP --- start 10:04:18.488 Idle Error: Neighbor lost 
1782554659340|state=NotEstablished|BIRD 2.0.8 ready. Name Proto Table State Since Info r9 BGP --- start 10:04:18.488 Idle Error: Neighbor lost 
1782554659468|state=NotEstablished|BIRD 2.0.8 ready. Name Proto Table State Since Info r9 BGP --- start 10:04:18.488 Idle Error: Neighbor lost 
1782554659612|state=NotEstablished|BIRD 2.0.8 ready. Name Proto Table State Since Info r9 BGP --- start 10:04:18.488 Idle Error: Neighbor lost 
1782554659739|state=NotEstablished|BIRD 2.0.8 ready. Name Proto Table State Since Info r9 BGP --- start 10:04:18.488 Idle Error: Neighbor lost 
1782554659852|state=NotEstablished|BIRD 2.0.8 ready. Name Proto Table State Since Info r9 BGP --- start 10:04:18.487 Idle Error: Neighbor lost 
1782554659969|state=NotEstablished|BIRD 2.0.8 ready. Name Proto Table State Since Info r9 BGP --- start 10:04:18.488 Idle Error: Neighbor lost 
1782554660089|state=NotEstablished|BIRD 2.0.8 ready. Name Proto Table State Since Info r9 BGP --- start 10:04:18.488 Idle Error: Neighbor lost 
1782554660206|state=NotEstablished|BIRD 2.0.8 ready. Name Proto Table State Since Info r9 BGP --- start 10:04:18.487 Idle Error: Neighbor lost 
1782554660330|state=NotEstablished|BIRD 2.0.8 ready. Name Proto Table State Since Info r9 BGP --- start 10:04:18.487 Idle Error: Neighbor lost 
1782554660477|state=NotEstablished|BIRD 2.0.8 ready. Name Proto Table State Since Info r9 BGP --- start 10:04:18.488 Idle Error: Neighbor lost 
1782554660609|state=NotEstablished|BIRD 2.0.8 ready. Name Proto Table State Since Info r9 BGP --- start 10:04:18.487 Idle Error: Neighbor lost 
1782554660744|state=NotEstablished|BIRD 2.0.8 ready. Name Proto Table State Since Info r9 BGP --- start 10:04:18.488 Idle Error: Neighbor lost 
1782554660891|state=NotEstablished|BIRD 2.0.8 ready. Name Proto Table State Since Info r9 BGP --- start 10:04:18.488 Idle Error: Neighbor lost 
1782554661028|state=NotEstablished|BIRD 2.0.8 ready. Name Proto Table State Since Info r9 BGP --- start 10:04:18.487 Idle Error: Neighbor lost 
1782554661162|state=NotEstablished|BIRD 2.0.8 ready. Name Proto Table State Since Info r9 BGP --- start 10:04:18.488 Idle Error: Neighbor lost 
1782554661308|state=NotEstablished|BIRD 2.0.8 ready. Name Proto Table State Since Info r9 BGP --- start 10:04:18.487 Idle Error: Neighbor lost 
1782554661446|state=NotEstablished|BIRD 2.0.8 ready. Name Proto Table State Since Info r9 BGP --- start 10:04:18.488 Idle Error: Neighbor lost 
1782554661582|state=NotEstablished|BIRD 2.0.8 ready. Name Proto Table State Since Info r9 BGP --- start 10:04:18.488 Idle Error: Neighbor lost 
1782554661720|state=NotEstablished|BIRD 2.0.8 ready. Name Proto Table State Since Info r9 BGP --- start 10:04:18.487 Idle Error: Neighbor lost 
1782554661862|state=NotEstablished|BIRD 2.0.8 ready. Name Proto Table State Since Info r9 BGP --- start 10:04:18.488 Idle Error: Neighbor lost 
1782554662000|state=NotEstablished|BIRD 2.0.8 ready. Name Proto Table State Since Info r9 BGP --- start 10:04:18.487 Idle Error: Neighbor lost 
1782554662145|state=NotEstablished|BIRD 2.0.8 ready. Name Proto Table State Since Info r9 BGP --- start 10:04:18.488 Idle Error: Neighbor lost 
1782554662294|state=NotEstablished|BIRD 2.0.8 ready. Name Proto Table State Since Info r9 BGP --- start 10:04:18.488 Idle Error: Neighbor lost 
1782554662430|state=NotEstablished|BIRD 2.0.8 ready. Name Proto Table State Since Info r9 BGP --- start 10:04:18.488 Idle Error: Neighbor lost 
1782554662565|state=NotEstablished|BIRD 2.0.8 ready. Name Proto Table State Since Info r9 BGP --- start 10:04:18.487 Idle Error: Neighbor lost 
1782554662706|state=NotEstablished|BIRD 2.0.8 ready. Name Proto Table State Since Info r9 BGP --- start 10:04:18.488 Idle Error: Neighbor lost 
1782554662847|state=NotEstablished|BIRD 2.0.8 ready. Name Proto Table State Since Info r9 BGP --- start 10:04:18.487 Idle Error: Neighbor lost 
1782554662986|state=NotEstablished|BIRD 2.0.8 ready. Name Proto Table State Since Info r9 BGP --- start 10:04:18.488 Idle Error: Neighbor lost 
1782554663125|state=NotEstablished|BIRD 2.0.8 ready. Name Proto Table State Since Info r9 BGP --- start 10:04:18.487 Idle Error: Neighbor lost 
1782554663261|state=NotEstablished|BIRD 2.0.8 ready. Name Proto Table State Since Info r9 BGP --- start 10:04:18.488 Idle Error: Neighbor lost 
1782554663406|state=NotEstablished|BIRD 2.0.8 ready. Name Proto Table State Since Info r9 BGP --- start 10:04:18.487 Idle Error: Neighbor lost 
1782554663544|state=NotEstablished|BIRD 2.0.8 ready. Name Proto Table State Since Info r9 BGP --- start 10:04:18.488 Idle Error: Neighbor lost 
1782554663679|state=NotEstablished|BIRD 2.0.8 ready. Name Proto Table State Since Info r9 BGP --- start 10:04:18.487 Idle Error: Neighbor lost 
1782554663811|state=NotEstablished|BIRD 2.0.8 ready. Name Proto Table State Since Info r9 BGP --- start 10:04:18.487 Idle Error: Neighbor lost 
1782554663954|state=NotEstablished|BIRD 2.0.8 ready. Name Proto Table State Since Info r9 BGP --- start 10:04:18.487 Idle Error: Neighbor lost 
1782554664064|state=NotEstablished|BIRD 2.0.8 ready. Name Proto Table State Since Info r9 BGP --- start 10:04:18.487 Idle Error: Neighbor lost 
1782554664176|state=NotEstablished|BIRD 2.0.8 ready. Name Proto Table State Since Info r9 BGP --- start 10:04:18.487 Idle Error: Neighbor lost 
1782554664296|state=NotEstablished|BIRD 2.0.8 ready. Name Proto Table State Since Info r9 BGP --- start 10:04:18.487 Idle Error: Neighbor lost 
1782554664414|state=NotEstablished|BIRD 2.0.8 ready. Name Proto Table State Since Info r9 BGP --- start 10:04:18.488 Idle Error: Neighbor lost 
1782554664540|state=NotEstablished|BIRD 2.0.8 ready. Name Proto Table State Since Info r9 BGP --- start 10:04:18.487 Idle Error: Neighbor lost 
1782554664680|state=NotEstablished|BIRD 2.0.8 ready. Name Proto Table State Since Info r9 BGP --- start 10:04:18.488 Idle Error: Neighbor lost 
1782554664819|state=NotEstablished|BIRD 2.0.8 ready. Name Proto Table State Since Info r9 BGP --- start 10:04:18.488 Idle Error: Neighbor lost 
1782554664961|state=NotEstablished|BIRD 2.0.8 ready. Name Proto Table State Since Info r9 BGP --- start 10:04:18.487 Idle Error: Neighbor lost 
1782554665096|state=NotEstablished|BIRD 2.0.8 ready. Name Proto Table State Since Info r9 BGP --- start 10:04:18.488 Idle Error: Neighbor lost 
1782554665230|state=NotEstablished|BIRD 2.0.8 ready. Name Proto Table State Since Info r9 BGP --- start 10:04:18.487 Idle Error: Neighbor lost 
1782554665368|state=NotEstablished|BIRD 2.0.8 ready. Name Proto Table State Since Info r9 BGP --- start 10:04:18.488 Idle Error: Neighbor lost 
1782554665508|state=NotEstablished|BIRD 2.0.8 ready. Name Proto Table State Since Info r9 BGP --- start 10:04:18.487 Idle Error: Neighbor lost 
1782554665647|state=NotEstablished|BIRD 2.0.8 ready. Name Proto Table State Since Info r9 BGP --- start 10:04:18.488 Idle Error: Neighbor lost 
1782554665792|state=NotEstablished|BIRD 2.0.8 ready. Name Proto Table State Since Info r9 BGP --- start 10:04:18.487 Idle Error: Neighbor lost 
1782554665932|state=NotEstablished|BIRD 2.0.8 ready. Name Proto Table State Since Info r9 BGP --- start 10:04:18.488 Idle Error: Neighbor lost 
1782554666072|state=NotEstablished|BIRD 2.0.8 ready. Name Proto Table State Since Info r9 BGP --- start 10:04:18.488 Idle Error: Neighbor lost 
1782554666209|state=NotEstablished|BIRD 2.0.8 ready. Name Proto Table State Since Info r9 BGP --- start 10:04:18.488 Idle Error: Neighbor lost 
1782554666348|state=NotEstablished|BIRD 2.0.8 ready. Name Proto Table State Since Info r9 BGP --- start 10:04:18.488 Idle Error: Neighbor lost 
1782554666485|state=NotEstablished|BIRD 2.0.8 ready. Name Proto Table State Since Info r9 BGP --- start 10:04:18.488 Idle Error: Neighbor lost 
1782554666630|state=NotEstablished|BIRD 2.0.8 ready. Name Proto Table State Since Info r9 BGP --- start 10:04:18.488 Active Error: Neighbor lost 
1782554666770|state=NotEstablished|BIRD 2.0.8 ready. Name Proto Table State Since Info r9 BGP --- start 10:04:18.487 Active Error: Neighbor lost 
1782554666905|state=NotEstablished|BIRD 2.0.8 ready. Name Proto Table State Since Info r9 BGP --- start 10:04:18.488 Active Error: Neighbor lost 
1782554667042|state=NotEstablished|BIRD 2.0.8 ready. Name Proto Table State Since Info r9 BGP --- start 10:04:18.487 Active Error: Neighbor lost 
1782554667183|state=NotEstablished|BIRD 2.0.8 ready. Name Proto Table State Since Info r9 BGP --- start 10:04:18.488 Active Error: Neighbor lost 
1782554667319|state=NotEstablished|BIRD 2.0.8 ready. Name Proto Table State Since Info r9 BGP --- start 10:04:18.487 Active Error: Neighbor lost 
1782554667457|state=NotEstablished|BIRD 2.0.8 ready. Name Proto Table State Since Info r9 BGP --- start 10:04:18.488 Active Error: Neighbor lost 
1782554667593|state=NotEstablished|BIRD 2.0.8 ready. Name Proto Table State Since Info r9 BGP --- start 10:04:18.487 Active Error: Neighbor lost 
1782554667730|state=NotEstablished|BIRD 2.0.8 ready. Name Proto Table State Since Info r9 BGP --- start 10:04:18.487 Active Error: Neighbor lost 
1782554667865|state=NotEstablished|BIRD 2.0.8 ready. Name Proto Table State Since Info r9 BGP --- start 10:04:18.487 Active Error: Neighbor lost 
1782554667999|state=NotEstablished|BIRD 2.0.8 ready. Name Proto Table State Since Info r9 BGP --- start 10:04:18.488 Active Error: Neighbor lost 
1782554668138|state=NotEstablished|BIRD 2.0.8 ready. Name Proto Table State Since Info r9 BGP --- start 10:04:18.488 Active Error: Neighbor lost 
1782554668266|state=NotEstablished|BIRD 2.0.8 ready. Name Proto Table State Since Info r9 BGP --- start 10:04:18.488 Active Error: Neighbor lost 
1782554668395|state=NotEstablished|BIRD 2.0.8 ready. Name Proto Table State Since Info r9 BGP --- start 10:04:18.488 Active Error: Neighbor lost 
1782554668528|state=NotEstablished|BIRD 2.0.8 ready. Name Proto Table State Since Info r9 BGP --- start 10:04:18.487 Active Error: Neighbor lost 
1782554668658|state=NotEstablished|BIRD 2.0.8 ready. Name Proto Table State Since Info r9 BGP --- start 10:04:18.488 Active Error: Neighbor lost 
1782554668789|state=NotEstablished|BIRD 2.0.8 ready. Name Proto Table State Since Info r9 BGP --- start 10:04:18.488 Active Error: Neighbor lost 
1782554668924|state=NotEstablished|BIRD 2.0.8 ready. Name Proto Table State Since Info r9 BGP --- start 10:04:18.488 Active Error: Neighbor lost 
1782554669056|state=NotEstablished|BIRD 2.0.8 ready. Name Proto Table State Since Info r9 BGP --- start 10:04:18.488 Active Error: Neighbor lost 
1782554669194|state=NotEstablished|BIRD 2.0.8 ready. Name Proto Table State Since Info r9 BGP --- start 10:04:18.488 Active Error: Neighbor lost 
1782554669336|state=NotEstablished|BIRD 2.0.8 ready. Name Proto Table State Since Info r9 BGP --- start 10:04:18.488 Active Error: Neighbor lost 
1782554669468|state=NotEstablished|BIRD 2.0.8 ready. Name Proto Table State Since Info r9 BGP --- start 10:04:18.488 Active Error: Neighbor lost 
1782554669597|state=NotEstablished|BIRD 2.0.8 ready. Name Proto Table State Since Info r9 BGP --- start 10:04:18.488 Active Error: Neighbor lost 
1782554669738|state=NotEstablished|BIRD 2.0.8 ready. Name Proto Table State Since Info r9 BGP --- start 10:04:18.488 Active Error: Neighbor lost 
1782554669878|state=NotEstablished|BIRD 2.0.8 ready. Name Proto Table State Since Info r9 BGP --- start 10:04:18.487 Active Error: Neighbor lost 
1782554670009|state=NotEstablished|BIRD 2.0.8 ready. Name Proto Table State Since Info r9 BGP --- start 10:04:18.488 Active Error: Neighbor lost 
1782554670145|state=NotEstablished|BIRD 2.0.8 ready. Name Proto Table State Since Info r9 BGP --- start 10:04:18.487 Active Error: Neighbor lost 
1782554670278|state=NotEstablished|BIRD 2.0.8 ready. Name Proto Table State Since Info r9 BGP --- start 10:04:18.487 Active Error: Neighbor lost 
1782554670418|state=NotEstablished|BIRD 2.0.8 ready. Name Proto Table State Since Info r9 BGP --- start 10:04:18.487 Active Error: Neighbor lost 
1782554670561|state=NotEstablished|BIRD 2.0.8 ready. Name Proto Table State Since Info r9 BGP --- start 10:04:18.488 Active Error: Neighbor lost 
1782554670699|state=NotEstablished|BIRD 2.0.8 ready. Name Proto Table State Since Info r9 BGP --- start 10:04:18.488 Active Socket: Connection reset by peer 
1782554670834|state=NotEstablished|BIRD 2.0.8 ready. Name Proto Table State Since Info r9 BGP --- start 10:04:18.488 Active Socket: Connection reset by peer 
1782554670973|state=NotEstablished|BIRD 2.0.8 ready. Name Proto Table State Since Info r9 BGP --- start 10:04:18.488 Active Socket: Connection reset by peer 
1782554671114|state=NotEstablished|BIRD 2.0.8 ready. Name Proto Table State Since Info r9 BGP --- start 10:04:18.487 Active Socket: Connection reset by peer 
1782554671250|state=NotEstablished|BIRD 2.0.8 ready. Name Proto Table State Since Info r9 BGP --- start 10:04:18.488 Active Socket: Connection reset by peer 
1782554671387|state=NotEstablished|BIRD 2.0.8 ready. Name Proto Table State Since Info r9 BGP --- start 10:04:18.488 Active Socket: Connection reset by peer 
1782554671527|state=NotEstablished|BIRD 2.0.8 ready. Name Proto Table State Since Info r9 BGP --- start 10:04:18.488 Active Socket: Connection reset by peer 
1782554671659|state=NotEstablished|BIRD 2.0.8 ready. Name Proto Table State Since Info r9 BGP --- start 10:04:18.488 Active Socket: Connection reset by peer 
1782554671793|state=NotEstablished|BIRD 2.0.8 ready. Name Proto Table State Since Info r9 BGP --- start 10:04:18.488 Active Socket: Connection reset by peer 
1782554671932|state=NotEstablished|BIRD 2.0.8 ready. Name Proto Table State Since Info r9 BGP --- start 10:04:18.487 Active Socket: Connection reset by peer 
1782554672064|state=NotEstablished|BIRD 2.0.8 ready. Name Proto Table State Since Info r9 BGP --- start 10:04:18.488 Active Socket: Connection reset by peer 
1782554672198|state=NotEstablished|BIRD 2.0.8 ready. Name Proto Table State Since Info r9 BGP --- start 10:04:18.488 Active Socket: Connection reset by peer 
1782554672329|state=NotEstablished|BIRD 2.0.8 ready. Name Proto Table State Since Info r9 BGP --- start 10:04:18.488 Active Socket: Connection reset by peer 
1782554672461|state=NotEstablished|BIRD 2.0.8 ready. Name Proto Table State Since Info r9 BGP --- start 10:04:18.488 Active Socket: Connection reset by peer 
1782554672583|state=NotEstablished|BIRD 2.0.8 ready. Name Proto Table State Since Info r9 BGP --- start 10:04:18.488 Active Socket: Connection reset by peer 
1782554672719|state=NotEstablished|BIRD 2.0.8 ready. Name Proto Table State Since Info r9 BGP --- start 10:04:18.488 Active Socket: Connection reset by peer 
1782554672860|state=NotEstablished|BIRD 2.0.8 ready. Name Proto Table State Since Info r9 BGP --- start 10:04:18.488 Active Socket: Connection reset by peer 
1782554672986|state=NotEstablished|BIRD 2.0.8 ready. Name Proto Table State Since Info r9 BGP --- start 10:04:18.487 Active Socket: Connection reset by peer 
1782554673122|state=NotEstablished|BIRD 2.0.8 ready. Name Proto Table State Since Info r9 BGP --- start 10:04:18.488 Active Socket: Connection reset by peer 
1782554673257|state=NotEstablished|BIRD 2.0.8 ready. Name Proto Table State Since Info r9 BGP --- start 10:04:18.488 Active Socket: Connection reset by peer 
1782554673383|state=NotEstablished|BIRD 2.0.8 ready. Name Proto Table State Since Info r9 BGP --- start 10:04:18.488 Active Socket: Connection reset by peer 
1782554673516|state=NotEstablished|BIRD 2.0.8 ready. Name Proto Table State Since Info r9 BGP --- start 10:04:18.487 Active Socket: Connection reset by peer 
1782554673649|state=NotEstablished|BIRD 2.0.8 ready. Name Proto Table State Since Info r9 BGP --- start 10:04:18.488 Active Socket: Connection reset by peer 
1782554673787|state=NotEstablished|BIRD 2.0.8 ready. Name Proto Table State Since Info r9 BGP --- start 10:04:18.488 Active Socket: Connection reset by peer 
1782554673925|state=NotEstablished|BIRD 2.0.8 ready. Name Proto Table State Since Info r9 BGP --- start 10:04:18.488 Active Socket: Connection reset by peer 
1782554674057|state=NotEstablished|BIRD 2.0.8 ready. Name Proto Table State Since Info r9 BGP --- start 10:04:18.488 Active Socket: Connection reset by peer 
1782554674198|state=NotEstablished|BIRD 2.0.8 ready. Name Proto Table State Since Info r9 BGP --- start 10:04:18.488 Active Socket: Connection reset by peer 
1782554674340|state=NotEstablished|BIRD 2.0.8 ready. Name Proto Table State Since Info r9 BGP --- start 10:04:18.488 Active Socket: Connection reset by peer 
1782554674486|state=NotEstablished|BIRD 2.0.8 ready. Name Proto Table State Since Info r9 BGP --- start 10:04:18.488 Active Socket: Connection reset by peer 
1782554674633|state=NotEstablished|BIRD 2.0.8 ready. Name Proto Table State Since Info r9 BGP --- start 10:04:18.488 Active Socket: Connection reset by peer 
1782554674778|state=NotEstablished|BIRD 2.0.8 ready. Name Proto Table State Since Info r9 BGP --- start 10:04:18.488 Active Socket: Connection reset by peer 
1782554674919|state=NotEstablished|BIRD 2.0.8 ready. Name Proto Table State Since Info r9 BGP --- start 10:04:18.488 Active Socket: Connection reset by peer 
1782554675050|state=NotEstablished|BIRD 2.0.8 ready. Name Proto Table State Since Info r9 BGP --- start 10:04:18.488 Active Socket: Connection reset by peer 
1782554675188|state=NotEstablished|BIRD 2.0.8 ready. Name Proto Table State Since Info r9 BGP --- start 10:04:18.488 Active Socket: Connection reset by peer 
1782554675327|state=NotEstablished|BIRD 2.0.8 ready. Name Proto Table State Since Info r9 BGP --- start 10:04:18.488 Active Socket: Connection reset by peer 
1782554675459|state=NotEstablished|BIRD 2.0.8 ready. Name Proto Table State Since Info r9 BGP --- start 10:04:18.488 Active Socket: Connection reset by peer 
1782554675588|state=NotEstablished|BIRD 2.0.8 ready. Name Proto Table State Since Info r9 BGP --- start 10:04:18.488 Active Socket: Connection reset by peer 
1782554675719|state=NotEstablished|BIRD 2.0.8 ready. Name Proto Table State Since Info r9 BGP --- start 10:04:18.488 Active Socket: Connection reset by peer 
1782554675850|state=NotEstablished|BIRD 2.0.8 ready. Name Proto Table State Since Info r9 BGP --- start 10:04:18.488 Active Socket: Connection reset by peer 
1782554675984|state=NotEstablished|BIRD 2.0.8 ready. Name Proto Table State Since Info r9 BGP --- start 10:04:18.488 Active Socket: Connection reset by peer 
1782554676136|state=NotEstablished|BIRD 2.0.8 ready. Name Proto Table State Since Info r9 BGP --- start 10:04:18.488 Active Socket: Connection reset by peer 
1782554676268|state=NotEstablished|BIRD 2.0.8 ready. Name Proto Table State Since Info r9 BGP --- start 10:04:18.488 Active Socket: Connection reset by peer 
1782554676401|state=NotEstablished|BIRD 2.0.8 ready. Name Proto Table State Since Info r9 BGP --- start 10:04:18.488 Active Socket: Connection reset by peer 
1782554676531|state=NotEstablished|BIRD 2.0.8 ready. Name Proto Table State Since Info r9 BGP --- start 10:04:18.488 Active Socket: Connection reset by peer 
1782554676661|state=NotEstablished|BIRD 2.0.8 ready. Name Proto Table State Since Info r9 BGP --- start 10:04:18.488 Active Socket: Connection reset by peer 
1782554676798|state=NotEstablished|BIRD 2.0.8 ready. Name Proto Table State Since Info r9 BGP --- start 10:04:18.488 Active Socket: Connection reset by peer 
1782554676933|state=NotEstablished|BIRD 2.0.8 ready. Name Proto Table State Since Info r9 BGP --- start 10:04:18.488 Active Socket: Connection reset by peer 
1782554677060|state=NotEstablished|BIRD 2.0.8 ready. Name Proto Table State Since Info r9 BGP --- start 10:04:18.487 Active Socket: Connection reset by peer 
1782554677186|state=NotEstablished|BIRD 2.0.8 ready. Name Proto Table State Since Info r9 BGP --- start 10:04:18.487 Active Socket: Connection reset by peer 
1782554677312|state=NotEstablished|BIRD 2.0.8 ready. Name Proto Table State Since Info r9 BGP --- start 10:04:18.487 Active Socket: Connection reset by peer 
1782554677442|state=NotEstablished|BIRD 2.0.8 ready. Name Proto Table State Since Info r9 BGP --- start 10:04:18.488 Active Socket: Connection reset by peer 
1782554677575|state=NotEstablished|BIRD 2.0.8 ready. Name Proto Table State Since Info r9 BGP --- start 10:04:18.488 Active Socket: Connection reset by peer 
1782554677711|state=NotEstablished|BIRD 2.0.8 ready. Name Proto Table State Since Info r9 BGP --- start 10:04:18.488 Active Socket: Connection reset by peer 
1782554677849|state=NotEstablished|BIRD 2.0.8 ready. Name Proto Table State Since Info r9 BGP --- start 10:04:18.488 Active Socket: Connection reset by peer 
1782554677983|state=NotEstablished|BIRD 2.0.8 ready. Name Proto Table State Since Info r9 BGP --- start 10:04:18.488 Active Socket: Connection reset by peer 
1782554678120|state=NotEstablished|BIRD 2.0.8 ready. Name Proto Table State Since Info r9 BGP --- start 10:04:18.488 Active Socket: Connection reset by peer 
1782554678262|state=NotEstablished|BIRD 2.0.8 ready. Name Proto Table State Since Info r9 BGP --- start 10:04:18.488 Active Socket: Connection reset by peer 
1782554678405|state=NotEstablished|BIRD 2.0.8 ready. Name Proto Table State Since Info r9 BGP --- start 10:04:18.488 Active Socket: Connection reset by peer 
1782554678546|state=NotEstablished|BIRD 2.0.8 ready. Name Proto Table State Since Info r9 BGP --- start 10:04:18.488 Active Socket: Connection reset by peer 
1782554678679|state=NotEstablished|BIRD 2.0.8 ready. Name Proto Table State Since Info r9 BGP --- start 10:04:18.487 Active Socket: Connection reset by peer 
1782554678821|state=NotEstablished|BIRD 2.0.8 ready. Name Proto Table State Since Info r9 BGP --- start 10:04:18.488 Active Socket: Connection reset by peer 
1782554678962|state=NotEstablished|BIRD 2.0.8 ready. Name Proto Table State Since Info r9 BGP --- start 10:04:18.488 Active Socket: Connection reset by peer 
1782554679097|state=NotEstablished|BIRD 2.0.8 ready. Name Proto Table State Since Info r9 BGP --- start 10:04:18.488 Active Socket: Connection reset by peer 
1782554679230|state=NotEstablished|BIRD 2.0.8 ready. Name Proto Table State Since Info r9 BGP --- start 10:04:18.488 Active Socket: Connection reset by peer 
1782554679371|state=NotEstablished|BIRD 2.0.8 ready. Name Proto Table State Since Info r9 BGP --- start 10:04:18.488 Active Socket: Connection reset by peer 
1782554679508|state=NotEstablished|BIRD 2.0.8 ready. Name Proto Table State Since Info r9 BGP --- start 10:04:18.488 Active Socket: Connection reset by peer 
1782554679646|state=NotEstablished|BIRD 2.0.8 ready. Name Proto Table State Since Info r9 BGP --- start 10:04:18.488 Active Socket: Connection reset by peer 
1782554679781|state=NotEstablished|BIRD 2.0.8 ready. Name Proto Table State Since Info r9 BGP --- start 10:04:18.487 Active Socket: Connection reset by peer 
1782554679920|state=NotEstablished|BIRD 2.0.8 ready. Name Proto Table State Since Info r9 BGP --- start 10:04:18.488 Active Socket: Connection reset by peer 
1782554680056|state=NotEstablished|BIRD 2.0.8 ready. Name Proto Table State Since Info r9 BGP --- start 10:04:18.488 Active Socket: Connection reset by peer 
1782554680197|state=NotEstablished|BIRD 2.0.8 ready. Name Proto Table State Since Info r9 BGP --- start 10:04:18.488 Active Socket: Connection reset by peer 
1782554680337|state=NotEstablished|BIRD 2.0.8 ready. Name Proto Table State Since Info r9 BGP --- start 10:04:18.488 Active Socket: Connection reset by peer 
1782554680475|state=NotEstablished|BIRD 2.0.8 ready. Name Proto Table State Since Info r9 BGP --- start 10:04:18.488 Active Socket: Connection reset by peer 
1782554680613|state=NotEstablished|BIRD 2.0.8 ready. Name Proto Table State Since Info r9 BGP --- start 10:04:18.488 Active Socket: Connection reset by peer 
1782554680751|state=NotEstablished|BIRD 2.0.8 ready. Name Proto Table State Since Info r9 BGP --- start 10:04:18.488 Active Socket: Connection reset by peer 
1782554680891|state=NotEstablished|BIRD 2.0.8 ready. Name Proto Table State Since Info r9 BGP --- start 10:04:18.488 Active Socket: Connection reset by peer 
1782554681028|state=NotEstablished|BIRD 2.0.8 ready. Name Proto Table State Since Info r9 BGP --- start 10:04:18.488 Active Socket: Connection reset by peer 
1782554681164|state=NotEstablished|BIRD 2.0.8 ready. Name Proto Table State Since Info r9 BGP --- start 10:04:18.488 Active Socket: Connection reset by peer 
1782554681300|state=NotEstablished|BIRD 2.0.8 ready. Name Proto Table State Since Info r9 BGP --- start 10:04:18.488 Active Socket: Connection reset by peer 
1782554681441|state=NotEstablished|BIRD 2.0.8 ready. Name Proto Table State Since Info r9 BGP --- start 10:04:18.488 Active Socket: Connection reset by peer 
1782554681573|state=NotEstablished|BIRD 2.0.8 ready. Name Proto Table State Since Info r9 BGP --- start 10:04:18.488 Active Socket: Connection reset by peer 
1782554681707|state=NotEstablished|BIRD 2.0.8 ready. Name Proto Table State Since Info r9 BGP --- start 10:04:18.487 Active Socket: Connection reset by peer 
1782554681836|state=NotEstablished|BIRD 2.0.8 ready. Name Proto Table State Since Info r9 BGP --- start 10:04:18.488 Active Socket: Connection reset by peer 
1782554681977|state=NotEstablished|BIRD 2.0.8 ready. Name Proto Table State Since Info r9 BGP --- start 10:04:18.487 Active Socket: Connection reset by peer 
1782554682142|state=NotEstablished|BIRD 2.0.8 ready. Name Proto Table State Since Info r9 BGP --- start 10:04:18.488 Active Socket: Connection reset by peer 
1782554682275|state=NotEstablished|BIRD 2.0.8 ready. Name Proto Table State Since Info r9 BGP --- start 10:04:18.488 Active Socket: Connection reset by peer 
1782554682417|state=NotEstablished|BIRD 2.0.8 ready. Name Proto Table State Since Info r9 BGP --- start 10:04:18.488 Active Socket: Connection reset by peer 
1782554682562|state=NotEstablished|BIRD 2.0.8 ready. Name Proto Table State Since Info r9 BGP --- start 10:04:18.488 Active Socket: Connection reset by peer 
1782554682695|state=NotEstablished|BIRD 2.0.8 ready. Name Proto Table State Since Info r9 BGP --- start 10:04:18.488 Active Socket: Connection reset by peer 
1782554682821|state=NotEstablished|BIRD 2.0.8 ready. Name Proto Table State Since Info r9 BGP --- start 10:04:18.488 Active Socket: Connection reset by peer 
1782554682961|state=NotEstablished|BIRD 2.0.8 ready. Name Proto Table State Since Info r9 BGP --- start 10:04:18.488 Active Socket: Connection reset by peer 
1782554683090|state=NotEstablished|BIRD 2.0.8 ready. Name Proto Table State Since Info r9 BGP --- start 10:04:18.488 Active Socket: Connection reset by peer 
1782554683221|state=NotEstablished|BIRD 2.0.8 ready. Name Proto Table State Since Info r9 BGP --- start 10:04:18.488 Active Socket: Connection reset by peer 
1782554683354|state=NotEstablished|BIRD 2.0.8 ready. Name Proto Table State Since Info r9 BGP --- start 10:04:18.487 Active Socket: Connection reset by peer 
1782554683487|state=NotEstablished|BIRD 2.0.8 ready. Name Proto Table State Since Info r9 BGP --- start 10:04:18.488 Active Socket: Connection reset by peer 
1782554683628|state=NotEstablished|BIRD 2.0.8 ready. Name Proto Table State Since Info r9 BGP --- start 10:04:18.487 Active Socket: Connection reset by peer 
1782554683751|state=NotEstablished|BIRD 2.0.8 ready. Name Proto Table State Since Info r9 BGP --- start 10:04:18.487 Active Socket: Connection reset by peer 
1782554683874|state=NotEstablished|BIRD 2.0.8 ready. Name Proto Table State Since Info r9 BGP --- start 10:04:18.488 Active Socket: Connection reset by peer 
1782554684002|state=NotEstablished|BIRD 2.0.8 ready. Name Proto Table State Since Info r9 BGP --- start 10:04:18.488 Active Socket: Connection reset by peer 
1782554684135|state=NotEstablished|BIRD 2.0.8 ready. Name Proto Table State Since Info r9 BGP --- start 10:04:18.488 Active Socket: Connection closed 
1782554684259|state=NotEstablished|BIRD 2.0.8 ready. Name Proto Table State Since Info r9 BGP --- start 10:04:18.488 Active Socket: Connection closed 
1782554684388|state=NotEstablished|BIRD 2.0.8 ready. Name Proto Table State Since Info r9 BGP --- start 10:04:18.488 Active Socket: Connection closed 
1782554684525|state=NotEstablished|BIRD 2.0.8 ready. Name Proto Table State Since Info r9 BGP --- start 10:04:18.488 Active Socket: Connection closed 
1782554684657|state=NotEstablished|BIRD 2.0.8 ready. Name Proto Table State Since Info r9 BGP --- start 10:04:18.487 Active Socket: Connection closed 
1782554684782|state=NotEstablished|BIRD 2.0.8 ready. Name Proto Table State Since Info r9 BGP --- start 10:04:18.487 Active Socket: Connection closed 
1782554684906|state=NotEstablished|BIRD 2.0.8 ready. Name Proto Table State Since Info r9 BGP --- start 10:04:18.487 Active Socket: Connection closed 
1782554685037|state=NotEstablished|BIRD 2.0.8 ready. Name Proto Table State Since Info r9 BGP --- start 10:04:18.487 Active Socket: Connection closed 
1782554685175|state=NotEstablished|BIRD 2.0.8 ready. Name Proto Table State Since Info r9 BGP --- start 10:04:18.487 Active Socket: Connection closed 
1782554685310|state=NotEstablished|BIRD 2.0.8 ready. Name Proto Table State Since Info r9 BGP --- start 10:04:18.488 Active Socket: Connection closed 
1782554685446|state=NotEstablished|BIRD 2.0.8 ready. Name Proto Table State Since Info r9 BGP --- start 10:04:18.488 Active Socket: Connection closed 
1782554685590|state=NotEstablished|BIRD 2.0.8 ready. Name Proto Table State Since Info r9 BGP --- start 10:04:18.488 Active Socket: Connection closed 
1782554685726|state=NotEstablished|BIRD 2.0.8 ready. Name Proto Table State Since Info r9 BGP --- start 10:04:18.488 Active Socket: Connection closed 
1782554685864|state=NotEstablished|BIRD 2.0.8 ready. Name Proto Table State Since Info r9 BGP --- start 10:04:18.487 Active Socket: Connection closed 
1782554685989|state=NotEstablished|BIRD 2.0.8 ready. Name Proto Table State Since Info r9 BGP --- start 10:04:18.487 Active Socket: Connection closed 
1782554686118|state=NotEstablished|BIRD 2.0.8 ready. Name Proto Table State Since Info r9 BGP --- start 10:04:18.487 Active Socket: Connection closed 
1782554686244|state=NotEstablished|BIRD 2.0.8 ready. Name Proto Table State Since Info r9 BGP --- start 10:04:18.487 Active Socket: Connection closed 
1782554686372|state=NotEstablished|BIRD 2.0.8 ready. Name Proto Table State Since Info r9 BGP --- start 10:04:18.487 Active Socket: Connection closed 
1782554686501|state=NotEstablished|BIRD 2.0.8 ready. Name Proto Table State Since Info r9 BGP --- start 10:04:18.488 Active Socket: Connection closed 
1782554686624|state=NotEstablished|BIRD 2.0.8 ready. Name Proto Table State Since Info r9 BGP --- start 10:04:18.488 Active Socket: Connection closed 
1782554686765|state=NotEstablished|BIRD 2.0.8 ready. Name Proto Table State Since Info r9 BGP --- start 10:04:18.487 Active Socket: Connection closed 
1782554686899|state=NotEstablished|BIRD 2.0.8 ready. Name Proto Table State Since Info r9 BGP --- start 10:04:18.487 Active Socket: Connection closed 
1782554687027|state=NotEstablished|BIRD 2.0.8 ready. Name Proto Table State Since Info r9 BGP --- start 10:04:18.487 Active Socket: Connection closed 
1782554687149|state=NotEstablished|BIRD 2.0.8 ready. Name Proto Table State Since Info r9 BGP --- start 10:04:18.487 Active Socket: Connection closed 
1782554687274|state=NotEstablished|BIRD 2.0.8 ready. Name Proto Table State Since Info r9 BGP --- start 10:04:18.487 Active Socket: Connection closed 
1782554687399|state=NotEstablished|BIRD 2.0.8 ready. Name Proto Table State Since Info r9 BGP --- start 10:04:18.487 Active Socket: Connection closed 
1782554687527|state=NotEstablished|BIRD 2.0.8 ready. Name Proto Table State Since Info r9 BGP --- start 10:04:18.488 Active Socket: Connection closed 
1782554687655|state=NotEstablished|BIRD 2.0.8 ready. Name Proto Table State Since Info r9 BGP --- start 10:04:18.488 Active Socket: Connection closed 
1782554687787|state=NotEstablished|BIRD 2.0.8 ready. Name Proto Table State Since Info r9 BGP --- start 10:04:18.487 Active Socket: Connection closed 
