1782554548837|state=Established|BIRD 2.0.8 ready. Name Proto Table State Since Info r9 BGP --- up 10:02:14.432 Established 
1782554549007|state=Established|BIRD 2.0.8 ready. Name Proto Table State Since Info r9 BGP --- up 10:02:14.432 Established 
1782554549171|state=Established|BIRD 2.0.8 ready. Name Proto Table State Since Info r9 BGP --- up 10:02:14.432 Established 
1782554549307|state=Established|BIRD 2.0.8 ready. Name Proto Table State Since Info r9 BGP --- up 10:02:14.432 Established 
1782554549446|state=Established|BIRD 2.0.8 ready. Name Proto Table State Since Info r9 BGP --- up 10:02:14.432 Established 
1782554549578|state=Established|BIRD 2.0.8 ready. Name Proto Table State Since Info r9 BGP --- up 10:02:14.432 Established 
1782554549719|state=Established|BIRD 2.0.8 ready. Name Proto Table State Since Info r9 BGP --- up 10:02:14.432 Established 
1782554549861|state=Established|BIRD 2.0.8 ready. Name Proto Table State Since Info r9 BGP --- up 10:02:14.432 Established 
1782554549997|state=Established|BIRD 2.0.8 ready. Name Proto Table State Since Info r9 BGP --- up 10:02:14.432 Established 
1782554550132|state=Established|BIRD 2.0.8 ready. Name Proto Table State Since Info r9 BGP --- up 10:02:14.432 Established 
1782554550273|state=Established|BIRD 2.0.8 ready. Name Proto Table State Since Info r9 BGP --- up 10:02:14.432 Established 
1782554550410|state=Established|BIRD 2.0.8 ready. Name Proto Table State Since Info r9 BGP --- up 10:02:14.432 Established 
1782554550547|state=Established|BIRD 2.0.8 ready. Name Proto Table State Since Info r9 BGP --- up 10:02:14.432 Established 
1782554550686|state=Established|BIRD 2.0.8 ready. Name Proto Table State Since Info r9 BGP --- up 10:02:14.432 Established 
1782554550822|state=Established|BIRD 2.0.8 ready. Name Proto Table State Since Info r9 BGP --- up 10:02:14.432 Established 
1782554550961|state=Established|BIRD 2.0.8 ready. Name Proto Table State Since Info r9 BGP --- up 10:02:14.432 Established 
1782554551111|state=NotEstablished|BIRD 2.0.8 ready. Name Proto Table State Since Info r9 BGP --- start 10:02:31.031 Idle Error: Neighbor lost 
1782554551250|state=NotEstablished|BIRD 2.0.8 ready. Name Proto Table State Since Info r9 BGP --- start 10:02:31.031 Idle Error: Neighbor lost 
1782554551379|state=NotEstablished|BIRD 2.0.8 ready. Name Proto Table State Since Info r9 BGP --- start 10:02:31.031 Idle Error: Neighbor lost 
1782554551513|state=NotEstablished|BIRD 2.0.8 ready. Name Proto Table State Since Info r9 BGP --- start 10:02:31.031 Idle Error: Neighbor lost 
1782554551653|state=NotEstablished|BIRD 2.0.8 ready. Name Proto Table State Since Info r9 BGP --- start 10:02:31.031 Idle Error: Neighbor lost 
1782554551790|state=NotEstablished|BIRD 2.0.8 ready. Name Proto Table State Since Info r9 BGP --- start 10:02:31.031 Idle Error: Neighbor lost 
1782554551930|state=NotEstablished|BIRD 2.0.8 ready. Name Proto Table State Since Info r9 BGP --- start 10:02:31.031 Idle Error: Neighbor lost 
1782554552065|state=NotEstablished|BIRD 2.0.8 ready. Name Proto Table State Since Info r9 BGP --- start 10:02:31.031 Idle Error: Neighbor lost 
1782554552200|state=NotEstablished|BIRD 2.0.8 ready. Name Proto Table State Since Info r9 BGP --- start 10:02:31.031 Idle Error: Neighbor lost 
1782554552340|state=NotEstablished|BIRD 2.0.8 ready. Name Proto Table State Since Info r9 BGP --- start 10:02:31.031 Idle Error: Neighbor lost 
1782554552478|state=NotEstablished|BIRD 2.0.8 ready. Name Proto Table State Since Info r9 BGP --- start 10:02:31.031 Idle Error: Neighbor lost 
1782554552615|state=NotEstablished|BIRD 2.0.8 ready. Name Proto Table State Since Info r9 BGP --- start 10:02:31.031 Idle Error: Neighbor lost 
1782554552753|state=NotEstablished|BIRD 2.0.8 ready. Name Proto Table State Since Info r9 BGP --- start 10:02:31.031 Idle Error: Neighbor lost 
1782554552890|state=NotEstablished|BIRD 2.0.8 ready. Name Proto Table State Since Info r9 BGP --- start 10:02:31.031 Idle Error: Neighbor lost 
1782554553024|state=NotEstablished|BIRD 2.0.8 ready. Name Proto Table State Since Info r9 BGP --- start 10:02:31.031 Idle Error: Neighbor lost 
1782554553169|state=NotEstablished|BIRD 2.0.8 ready. Name Proto Table State Since Info r9 BGP --- start 10:02:31.031 Idle Error: Neighbor lost 
1782554553309|state=NotEstablished|BIRD 2.0.8 ready. Name Proto Table State Since Info r9 BGP --- start 10:02:31.031 Idle Error: Neighbor lost 
1782554553442|state=NotEstablished|BIRD 2.0.8 ready. Name Proto Table State Since Info r9 BGP --- start 10:02:31.031 Idle Error: Neighbor lost 
1782554553575|state=NotEstablished|BIRD 2.0.8 ready. Name Proto Table State Since Info r9 BGP --- start 10:02:31.031 Idle Error: Neighbor lost 
1782554553705|state=NotEstablished|BIRD 2.0.8 ready. Name Proto Table State Since Info r9 BGP --- start 10:02:31.031 Idle Error: Neighbor lost 
1782554553836|state=NotEstablished|BIRD 2.0.8 ready. Name Proto Table State Since Info r9 BGP --- start 10:02:31.031 Idle Error: Neighbor lost 
1782554553978|state=NotEstablished|BIRD 2.0.8 ready. Name Proto Table State Since Info r9 BGP --- start 10:02:31.031 Idle Error: Neighbor lost 
1782554554108|state=NotEstablished|BIRD 2.0.8 ready. Name Proto Table State Since Info r9 BGP --- start 10:02:31.031 Idle Error: Neighbor lost 
1782554554241|state=NotEstablished|BIRD 2.0.8 ready. Name Proto Table State Since Info r9 BGP --- start 10:02:31.031 Idle Error: Neighbor lost 
1782554554376|state=NotEstablished|BIRD 2.0.8 ready. Name Proto Table State Since Info r9 BGP --- start 10:02:31.031 Idle Error: Neighbor lost 
1782554554510|state=NotEstablished|BIRD 2.0.8 ready. Name Proto Table State Since Info r9 BGP --- start 10:02:31.031 Idle Error: Neighbor lost 
1782554554643|state=NotEstablished|BIRD 2.0.8 ready. Name Proto Table State Since Info r9 BGP --- start 10:02:31.031 Idle Error: Neighbor lost 
1782554554782|state=NotEstablished|BIRD 2.0.8 ready. Name Proto Table State Since Info r9 BGP --- start 10:02:31.031 Idle Error: Neighbor lost 
1782554554917|state=NotEstablished|BIRD 2.0.8 ready. Name Proto Table State Since Info r9 BGP --- start 10:02:31.031 Idle Error: Neighbor lost 
1782554555047|state=NotEstablished|BIRD 2.0.8 ready. Name Proto Table State Since Info r9 BGP --- start 10:02:31.031 Idle Error: Neighbor lost 
1782554555185|state=NotEstablished|BIRD 2.0.8 ready. Name Proto Table State Since Info r9 BGP --- start 10:02:31.031 Idle Error: Neighbor lost 
1782554555323|state=NotEstablished|BIRD 2.0.8 ready. Name Proto Table State Since Info r9 BGP --- start 10:02:31.031 Idle Error: Neighbor lost 
1782554555454|state=NotEstablished|BIRD 2.0.8 ready. Name Proto Table State Since Info r9 BGP --- start 10:02:31.031 Idle Error: Neighbor lost 
1782554555586|state=NotEstablished|BIRD 2.0.8 ready. Name Proto Table State Since Info r9 BGP --- start 10:02:31.031 Idle Error: Neighbor lost 
1782554555706|state=NotEstablished|BIRD 2.0.8 ready. Name Proto Table State Since Info r9 BGP --- start 10:02:31.031 Idle Error: Neighbor lost 
1782554555827|state=NotEstablished|BIRD 2.0.8 ready. Name Proto Table State Since Info r9 BGP --- start 10:02:31.031 Idle Error: Neighbor lost 
1782554555951|state=NotEstablished|BIRD 2.0.8 ready. Name Proto Table State Since Info r9 BGP --- start 10:02:31.031 Idle Error: Neighbor lost 
1782554556073|state=NotEstablished|BIRD 2.0.8 ready. Name Proto Table State Since Info r9 BGP --- start 10:02:31.031 Idle Error: Neighbor lost 
1782554556202|state=NotEstablished|BIRD 2.0.8 ready. Name Proto Table State Since Info r9 BGP --- start 10:02:31.031 Idle Error: Neighbor lost 
1782554556325|state=NotEstablished|BIRD 2.0.8 ready. Name Proto Table State Since Info r9 BGP --- start 10:02:31.031 Idle Error: Neighbor lost 
1782554556454|state=NotEstablished|BIRD 2.0.8 ready. Name Proto Table State Since Info r9 BGP --- start 10:02:31.031 Idle Error: Neighbor lost 
1782554556579|state=NotEstablished|BIRD 2.0.8 ready. Name Proto Table State Since Info r9 BGP --- start 10:02:31.031 Idle Error: Neighbor lost 
1782554556706|state=NotEstablished|BIRD 2.0.8 ready. Name Proto Table State Since Info r9 BGP --- start 10:02:31.031 Idle Error: Neighbor lost 
1782554556830|state=NotEstablished|BIRD 2.0.8 ready. Name Proto Table State Since Info r9 BGP --- start 10:02:31.031 Idle Error: Neighbor lost 
1782554556957|state=NotEstablished|BIRD 2.0.8 ready. Name Proto Table State Since Info r9 BGP --- start 10:02:31.031 Idle Error: Neighbor lost 
1782554557075|state=NotEstablished|BIRD 2.0.8 ready. Name Proto Table State Since Info r9 BGP --- start 10:02:31.031 Idle Error: Neighbor lost 
1782554557206|state=NotEstablished|BIRD 2.0.8 ready. Name Proto Table State Since Info r9 BGP --- start 10:02:31.031 Idle Error: Neighbor lost 
1782554557330|state=NotEstablished|BIRD 2.0.8 ready. Name Proto Table State Since Info r9 BGP --- start 10:02:31.031 Idle Error: Neighbor lost 
1782554557465|state=NotEstablished|BIRD 2.0.8 ready. Name Proto Table State Since Info r9 BGP --- start 10:02:31.031 Idle Error: Neighbor lost 
1782554557589|state=NotEstablished|BIRD 2.0.8 ready. Name Proto Table State Since Info r9 BGP --- start 10:02:31.031 Idle Error: Neighbor lost 
1782554557728|state=NotEstablished|BIRD 2.0.8 ready. Name Proto Table State Since Info r9 BGP --- start 10:02:31.031 Idle Error: Neighbor lost 
1782554557858|state=NotEstablished|BIRD 2.0.8 ready. Name Proto Table State Since Info r9 BGP --- start 10:02:31.031 Idle Error: Neighbor lost 
1782554557995|state=NotEstablished|BIRD 2.0.8 ready. Name Proto Table State Since Info r9 BGP --- start 10:02:31.031 Idle Error: Neighbor lost 
1782554558122|state=NotEstablished|BIRD 2.0.8 ready. Name Proto Table State Since Info r9 BGP --- start 10:02:31.031 Idle Error: Neighbor lost 
1782554558248|state=NotEstablished|BIRD 2.0.8 ready. Name Proto Table State Since Info r9 BGP --- start 10:02:31.031 Idle Error: Neighbor lost 
1782554558369|state=NotEstablished|BIRD 2.0.8 ready. Name Proto Table State Since Info r9 BGP --- start 10:02:31.031 Idle Error: Neighbor lost 
1782554558489|state=NotEstablished|BIRD 2.0.8 ready. Name Proto Table State Since Info r9 BGP --- start 10:02:31.031 Idle Error: Neighbor lost 
1782554558621|state=NotEstablished|BIRD 2.0.8 ready. Name Proto Table State Since Info r9 BGP --- start 10:02:31.031 Idle Error: Neighbor lost 
1782554558749|state=NotEstablished|BIRD 2.0.8 ready. Name Proto Table State Since Info r9 BGP --- start 10:02:31.031 Idle Error: Neighbor lost 
1782554558869|state=NotEstablished|BIRD 2.0.8 ready. Name Proto Table State Since Info r9 BGP --- start 10:02:31.031 Idle Error: Neighbor lost 
1782554558991|state=NotEstablished|BIRD 2.0.8 ready. Name Proto Table State Since Info r9 BGP --- start 10:02:31.031 Idle Error: Neighbor lost 
1782554559124|state=NotEstablished|BIRD 2.0.8 ready. Name Proto Table State Since Info r9 BGP --- start 10:02:31.031 Active Error: Neighbor lost 
1782554559251|state=NotEstablished|BIRD 2.0.8 ready. Name Proto Table State Since Info r9 BGP --- start 10:02:31.031 Active Error: Neighbor lost 
1782554559377|state=NotEstablished|BIRD 2.0.8 ready. Name Proto Table State Since Info r9 BGP --- start 10:02:31.031 Active Error: Neighbor lost 
1782554559506|state=NotEstablished|BIRD 2.0.8 ready. Name Proto Table State Since Info r9 BGP --- start 10:02:31.031 Active Error: Neighbor lost 
1782554559629|state=NotEstablished|BIRD 2.0.8 ready. Name Proto Table State Since Info r9 BGP --- start 10:02:31.031 Active Error: Neighbor lost 
1782554559759|state=NotEstablished|BIRD 2.0.8 ready. Name Proto Table State Since Info r9 BGP --- start 10:02:31.031 Active Error: Neighbor lost 
1782554559888|state=NotEstablished|BIRD 2.0.8 ready. Name Proto Table State Since Info r9 BGP --- start 10:02:31.031 Active Error: Neighbor lost 
1782554560013|state=NotEstablished|BIRD 2.0.8 ready. Name Proto Table State Since Info r9 BGP --- start 10:02:31.031 Active Error: Neighbor lost 
1782554560142|state=NotEstablished|BIRD 2.0.8 ready. Name Proto Table State Since Info r9 BGP --- start 10:02:31.031 Active Error: Neighbor lost 
1782554560273|state=NotEstablished|BIRD 2.0.8 ready. Name Proto Table State Since Info r9 BGP --- start 10:02:31.031 Active Error: Neighbor lost 
1782554560398|state=NotEstablished|BIRD 2.0.8 ready. Name Proto Table State Since Info r9 BGP --- start 10:02:31.031 Active Error: Neighbor lost 
1782554560524|state=NotEstablished|BIRD 2.0.8 ready. Name Proto Table State Since Info r9 BGP --- start 10:02:31.031 Active Error: Neighbor lost 
1782554560656|state=NotEstablished|BIRD 2.0.8 ready. Name Proto Table State Since Info r9 BGP --- start 10:02:31.031 Active Error: Neighbor lost 
1782554560788|state=NotEstablished|BIRD 2.0.8 ready. Name Proto Table State Since Info r9 BGP --- start 10:02:31.031 Active Error: Neighbor lost 
1782554560918|state=NotEstablished|BIRD 2.0.8 ready. Name Proto Table State Since Info r9 BGP --- start 10:02:31.031 Active Error: Neighbor lost 
1782554561047|state=NotEstablished|BIRD 2.0.8 ready. Name Proto Table State Since Info r9 BGP --- start 10:02:31.031 Active Error: Neighbor lost 
1782554561200|state=NotEstablished|BIRD 2.0.8 ready. Name Proto Table State Since Info r9 BGP --- start 10:02:31.031 Active Error: Neighbor lost 
1782554561322|state=NotEstablished|BIRD 2.0.8 ready. Name Proto Table State Since Info r9 BGP --- start 10:02:31.031 Active Error: Neighbor lost 
1782554561442|state=NotEstablished|BIRD 2.0.8 ready. Name Proto Table State Since Info r9 BGP --- start 10:02:31.031 Active Error: Neighbor lost 
1782554561564|state=NotEstablished|BIRD 2.0.8 ready. Name Proto Table State Since Info r9 BGP --- start 10:02:31.031 Active Error: Neighbor lost 
1782554561686|state=NotEstablished|BIRD 2.0.8 ready. Name Proto Table State Since Info r9 BGP --- start 10:02:31.031 Active Error: Neighbor lost 
1782554561808|state=NotEstablished|BIRD 2.0.8 ready. Name Proto Table State Since Info r9 BGP --- start 10:02:31.031 Active Error: Neighbor lost 
1782554561932|state=NotEstablished|BIRD 2.0.8 ready. Name Proto Table State Since Info r9 BGP --- start 10:02:31.031 Active Error: Neighbor lost 
1782554562058|state=NotEstablished|BIRD 2.0.8 ready. Name Proto Table State Since Info r9 BGP --- start 10:02:31.031 Active Error: Neighbor lost 
1782554562190|state=NotEstablished|BIRD 2.0.8 ready. Name Proto Table State Since Info r9 BGP --- start 10:02:31.031 Active Error: Neighbor lost 
1782554562322|state=NotEstablished|BIRD 2.0.8 ready. Name Proto Table State Since Info r9 BGP --- start 10:02:31.031 Active Error: Neighbor lost 
1782554562454|state=NotEstablished|BIRD 2.0.8 ready. Name Proto Table State Since Info r9 BGP --- start 10:02:31.031 Active Error: Neighbor lost 
1782554562580|state=NotEstablished|BIRD 2.0.8 ready. Name Proto Table State Since Info r9 BGP --- start 10:02:31.031 Active Error: Neighbor lost 
1782554562716|state=NotEstablished|BIRD 2.0.8 ready. Name Proto Table State Since Info r9 BGP --- start 10:02:31.031 Active Error: Neighbor lost 
1782554562843|state=NotEstablished|BIRD 2.0.8 ready. Name Proto Table State Since Info r9 BGP --- start 10:02:31.031 Active Error: Neighbor lost 
1782554562970|state=NotEstablished|BIRD 2.0.8 ready. Name Proto Table State Since Info r9 BGP --- start 10:02:31.031 Active Error: Neighbor lost 
1782554563103|state=NotEstablished|BIRD 2.0.8 ready. Name Proto Table State Since Info r9 BGP --- start 10:02:31.031 Active Error: Neighbor lost 
1782554563233|state=NotEstablished|BIRD 2.0.8 ready. Name Proto Table State Since Info r9 BGP --- start 10:02:31.031 Active Error: Neighbor lost 
1782554563366|state=NotEstablished|BIRD 2.0.8 ready. Name Proto Table State Since Info r9 BGP --- start 10:02:31.031 Active Error: Neighbor lost 
1782554563493|state=NotEstablished|BIRD 2.0.8 ready. Name Proto Table State Since Info r9 BGP --- start 10:02:31.031 Active Error: Neighbor lost 
1782554563617|state=NotEstablished|BIRD 2.0.8 ready. Name Proto Table State Since Info r9 BGP --- start 10:02:31.031 Active Error: Neighbor lost 
1782554563749|state=NotEstablished|BIRD 2.0.8 ready. Name Proto Table State Since Info r9 BGP --- start 10:02:31.031 Active Socket: Connection closed 
1782554563874|state=NotEstablished|BIRD 2.0.8 ready. Name Proto Table State Since Info r9 BGP --- start 10:02:31.031 Active Socket: Connection closed 
1782554564000|state=NotEstablished|BIRD 2.0.8 ready. Name Proto Table State Since Info r9 BGP --- start 10:02:31.031 Active Socket: Connection closed 
1782554564130|state=NotEstablished|BIRD 2.0.8 ready. Name Proto Table State Since Info r9 BGP --- start 10:02:31.031 Active Socket: Connection closed 
1782554564264|state=NotEstablished|BIRD 2.0.8 ready. Name Proto Table State Since Info r9 BGP --- start 10:02:31.031 Active Socket: Connection closed 
1782554564394|state=NotEstablished|BIRD 2.0.8 ready. Name Proto Table State Since Info r9 BGP --- start 10:02:31.031 Active Socket: Connection closed 
1782554564518|state=NotEstablished|BIRD 2.0.8 ready. Name Proto Table State Since Info r9 BGP --- start 10:02:31.031 Active Socket: Connection closed 
1782554564639|state=NotEstablished|BIRD 2.0.8 ready. Name Proto Table State Since Info r9 BGP --- start 10:02:31.031 Active Socket: Connection closed 
1782554564764|state=NotEstablished|BIRD 2.0.8 ready. Name Proto Table State Since Info r9 BGP --- start 10:02:31.031 Active Socket: Connection closed 
1782554564887|state=NotEstablished|BIRD 2.0.8 ready. Name Proto Table State Since Info r9 BGP --- start 10:02:31.031 Active Socket: Connection closed 
1782554565011|state=NotEstablished|BIRD 2.0.8 ready. Name Proto Table State Since Info r9 BGP --- start 10:02:31.031 Active Socket: Connection closed 
1782554565134|state=NotEstablished|BIRD 2.0.8 ready. Name Proto Table State Since Info r9 BGP --- start 10:02:31.031 Active Socket: Connection closed 
1782554565257|state=NotEstablished|BIRD 2.0.8 ready. Name Proto Table State Since Info r9 BGP --- start 10:02:31.031 Active Socket: Connection closed 
1782554565385|state=NotEstablished|BIRD 2.0.8 ready. Name Proto Table State Since Info r9 BGP --- start 10:02:31.031 Active Socket: Connection closed 
1782554565507|state=NotEstablished|BIRD 2.0.8 ready. Name Proto Table State Since Info r9 BGP --- start 10:02:31.031 Active Socket: Connection closed 
1782554565635|state=NotEstablished|BIRD 2.0.8 ready. Name Proto Table State Since Info r9 BGP --- start 10:02:31.031 Active Socket: Connection closed 
1782554565772|state=NotEstablished|BIRD 2.0.8 ready. Name Proto Table State Since Info r9 BGP --- start 10:02:31.031 Active Socket: Connection closed 
1782554565899|state=NotEstablished|BIRD 2.0.8 ready. Name Proto Table State Since Info r9 BGP --- start 10:02:31.031 Active Socket: Connection closed 
1782554566020|state=NotEstablished|BIRD 2.0.8 ready. Name Proto Table State Since Info r9 BGP --- start 10:02:31.031 Active Socket: Connection closed 
1782554566145|state=NotEstablished|BIRD 2.0.8 ready. Name Proto Table State Since Info r9 BGP --- start 10:02:31.031 Active Socket: Connection closed 
1782554566283|state=NotEstablished|BIRD 2.0.8 ready. Name Proto Table State Since Info r9 BGP --- start 10:02:31.031 Active Socket: Connection closed 
1782554566414|state=NotEstablished|BIRD 2.0.8 ready. Name Proto Table State Since Info r9 BGP --- start 10:02:31.031 Active Socket: Connection closed 
1782554566544|state=NotEstablished|BIRD 2.0.8 ready. Name Proto Table State Since Info r9 BGP --- start 10:02:31.031 Active Socket: Connection closed 
1782554566668|state=NotEstablished|BIRD 2.0.8 ready. Name Proto Table State Since Info r9 BGP --- start 10:02:31.031 Active Socket: Connection closed 
1782554566798|state=NotEstablished|BIRD 2.0.8 ready. Name Proto Table State Since Info r9 BGP --- start 10:02:31.031 Active Socket: Connection closed 
1782554566925|state=NotEstablished|BIRD 2.0.8 ready. Name Proto Table State Since Info r9 BGP --- start 10:02:31.031 Active Socket: Connection closed 
1782554567054|state=NotEstablished|BIRD 2.0.8 ready. Name Proto Table State Since Info r9 BGP --- start 10:02:31.031 Active Socket: Connection closed 
1782554567184|state=NotEstablished|BIRD 2.0.8 ready. Name Proto Table State Since Info r9 BGP --- start 10:02:31.031 Active Socket: Connection closed 
1782554567315|state=NotEstablished|BIRD 2.0.8 ready. Name Proto Table State Since Info r9 BGP --- start 10:02:31.031 Active Socket: Connection closed 
1782554567439|state=NotEstablished|BIRD 2.0.8 ready. Name Proto Table State Since Info r9 BGP --- start 10:02:31.031 Active Socket: Connection closed 
1782554567573|state=NotEstablished|BIRD 2.0.8 ready. Name Proto Table State Since Info r9 BGP --- start 10:02:31.031 Active Socket: Connection closed 
1782554567697|state=NotEstablished|BIRD 2.0.8 ready. Name Proto Table State Since Info r9 BGP --- start 10:02:31.031 Active Socket: Connection closed 
1782554567825|state=NotEstablished|BIRD 2.0.8 ready. Name Proto Table State Since Info r9 BGP --- start 10:02:31.031 Active Socket: Connection closed 
1782554567951|state=NotEstablished|BIRD 2.0.8 ready. Name Proto Table State Since Info r9 BGP --- start 10:02:31.031 Active Socket: Connection closed 
1782554568075|state=NotEstablished|BIRD 2.0.8 ready. Name Proto Table State Since Info r9 BGP --- start 10:02:31.031 Active Socket: Connection closed 
1782554568205|state=NotEstablished|BIRD 2.0.8 ready. Name Proto Table State Since Info r9 BGP --- start 10:02:31.031 Active Socket: Connection reset by peer 
1782554568336|state=NotEstablished|BIRD 2.0.8 ready. Name Proto Table State Since Info r9 BGP --- start 10:02:31.031 Active Socket: Connection reset by peer 
1782554568461|state=NotEstablished|BIRD 2.0.8 ready. Name Proto Table State Since Info r9 BGP --- start 10:02:31.031 Active Socket: Connection reset by peer 
1782554568590|state=NotEstablished|BIRD 2.0.8 ready. Name Proto Table State Since Info r9 BGP --- start 10:02:31.031 Active Socket: Connection reset by peer 
1782554568720|state=NotEstablished|BIRD 2.0.8 ready. Name Proto Table State Since Info r9 BGP --- start 10:02:31.031 Active Socket: Connection reset by peer 
1782554568844|state=NotEstablished|BIRD 2.0.8 ready. Name Proto Table State Since Info r9 BGP --- start 10:02:31.031 Active Socket: Connection reset by peer 
1782554568970|state=NotEstablished|BIRD 2.0.8 ready. Name Proto Table State Since Info r9 BGP --- start 10:02:31.031 Active Socket: Connection reset by peer 
1782554569098|state=NotEstablished|BIRD 2.0.8 ready. Name Proto Table State Since Info r9 BGP --- start 10:02:31.031 Active Socket: Connection reset by peer 
1782554569221|state=NotEstablished|BIRD 2.0.8 ready. Name Proto Table State Since Info r9 BGP --- start 10:02:31.031 Active Socket: Connection reset by peer 
1782554569346|state=NotEstablished|BIRD 2.0.8 ready. Name Proto Table State Since Info r9 BGP --- start 10:02:31.031 Active Socket: Connection reset by peer 
1782554569475|state=NotEstablished|BIRD 2.0.8 ready. Name Proto Table State Since Info r9 BGP --- start 10:02:31.031 Active Socket: Connection reset by peer 
1782554569604|state=NotEstablished|BIRD 2.0.8 ready. Name Proto Table State Since Info r9 BGP --- start 10:02:31.031 Active Socket: Connection reset by peer 
1782554569732|state=NotEstablished|BIRD 2.0.8 ready. Name Proto Table State Since Info r9 BGP --- start 10:02:31.031 Active Socket: Connection reset by peer 
1782554569857|state=NotEstablished|BIRD 2.0.8 ready. Name Proto Table State Since Info r9 BGP --- start 10:02:31.031 Active Socket: Connection reset by peer 
1782554569983|state=NotEstablished|BIRD 2.0.8 ready. Name Proto Table State Since Info r9 BGP --- start 10:02:31.031 Active Socket: Connection reset by peer 
1782554570109|state=NotEstablished|BIRD 2.0.8 ready. Name Proto Table State Since Info r9 BGP --- start 10:02:31.031 Active Socket: Connection reset by peer 
1782554570235|state=NotEstablished|BIRD 2.0.8 ready. Name Proto Table State Since Info r9 BGP --- start 10:02:31.031 Active Socket: Connection reset by peer 
1782554570365|state=NotEstablished|BIRD 2.0.8 ready. Name Proto Table State Since Info r9 BGP --- start 10:02:31.031 Active Socket: Connection reset by peer 
1782554570490|state=NotEstablished|BIRD 2.0.8 ready. Name Proto Table State Since Info r9 BGP --- start 10:02:31.031 Active Socket: Connection reset by peer 
1782554570622|state=NotEstablished|BIRD 2.0.8 ready. Name Proto Table State Since Info r9 BGP --- start 10:02:31.031 Active Socket: Connection reset by peer 
1782554570751|state=NotEstablished|BIRD 2.0.8 ready. Name Proto Table State Since Info r9 BGP --- start 10:02:31.031 Active Socket: Connection reset by peer 
1782554570879|state=NotEstablished|BIRD 2.0.8 ready. Name Proto Table State Since Info r9 BGP --- start 10:02:31.031 Active Socket: Connection reset by peer 
1782554571011|state=NotEstablished|BIRD 2.0.8 ready. Name Proto Table State Since Info r9 BGP --- start 10:02:31.031 Active Socket: Connection reset by peer 
1782554571135|state=NotEstablished|BIRD 2.0.8 ready. Name Proto Table State Since Info r9 BGP --- start 10:02:31.031 Active Socket: Connection reset by peer 
1782554571260|state=NotEstablished|BIRD 2.0.8 ready. Name Proto Table State Since Info r9 BGP --- start 10:02:31.031 Active Socket: Connection reset by peer 
1782554571389|state=NotEstablished|BIRD 2.0.8 ready. Name Proto Table State Since Info r9 BGP --- start 10:02:31.031 Active Socket: Connection reset by peer 
1782554571509|state=NotEstablished|BIRD 2.0.8 ready. Name Proto Table State Since Info r9 BGP --- start 10:02:31.031 Active Socket: Connection reset by peer 
1782554571634|state=NotEstablished|BIRD 2.0.8 ready. Name Proto Table State Since Info r9 BGP --- start 10:02:31.031 Active Socket: Connection reset by peer 
1782554571760|state=NotEstablished|BIRD 2.0.8 ready. Name Proto Table State Since Info r9 BGP --- start 10:02:31.031 Active Socket: Connection reset by peer 
1782554571882|state=NotEstablished|BIRD 2.0.8 ready. Name Proto Table State Since Info r9 BGP --- start 10:02:31.031 Active Socket: Connection reset by peer 
1782554572007|state=NotEstablished|BIRD 2.0.8 ready. Name Proto Table State Since Info r9 BGP --- start 10:02:31.031 Active Socket: Connection reset by peer 
1782554572133|state=NotEstablished|BIRD 2.0.8 ready. Name Proto Table State Since Info r9 BGP --- start 10:02:31.031 Active Socket: Connection reset by peer 
1782554572256|state=NotEstablished|BIRD 2.0.8 ready. Name Proto Table State Since Info r9 BGP --- start 10:02:31.031 Active Socket: Connection reset by peer 
1782554572377|state=NotEstablished|BIRD 2.0.8 ready. Name Proto Table State Since Info r9 BGP --- start 10:02:31.031 Active Socket: Connection reset by peer 
1782554572512|state=NotEstablished|BIRD 2.0.8 ready. Name Proto Table State Since Info r9 BGP --- start 10:02:31.031 Active Socket: Connection reset by peer 
1782554572630|state=NotEstablished|BIRD 2.0.8 ready. Name Proto Table State Since Info r9 BGP --- start 10:02:31.031 Active Socket: Connection reset by peer 
1782554572761|state=NotEstablished|BIRD 2.0.8 ready. Name Proto Table State Since Info r9 BGP --- start 10:02:31.031 Active Socket: Connection reset by peer 
1782554572884|state=NotEstablished|BIRD 2.0.8 ready. Name Proto Table State Since Info r9 BGP --- start 10:02:31.031 Active Socket: Connection reset by peer 
1782554573008|state=NotEstablished|BIRD 2.0.8 ready. Name Proto Table State Since Info r9 BGP --- start 10:02:31.031 Active Socket: Connection reset by peer 
1782554573130|state=NotEstablished|BIRD 2.0.8 ready. Name Proto Table State Since Info r9 BGP --- start 10:02:31.031 Active Socket: Connection reset by peer 
1782554573258|state=NotEstablished|BIRD 2.0.8 ready. Name Proto Table State Since Info r9 BGP --- start 10:02:31.031 Active Socket: Connection reset by peer 
1782554573382|state=NotEstablished|BIRD 2.0.8 ready. Name Proto Table State Since Info r9 BGP --- start 10:02:31.031 Active Socket: Connection reset by peer 
1782554573508|state=NotEstablished|BIRD 2.0.8 ready. Name Proto Table State Since Info r9 BGP --- start 10:02:31.031 Active Socket: Connection reset by peer 
1782554573626|state=NotEstablished|BIRD 2.0.8 ready. Name Proto Table State Since Info r9 BGP --- start 10:02:31.031 Active Socket: Connection reset by peer 
1782554573756|state=NotEstablished|BIRD 2.0.8 ready. Name Proto Table State Since Info r9 BGP --- start 10:02:31.031 Active Socket: Connection reset by peer 
1782554573877|state=NotEstablished|BIRD 2.0.8 ready. Name Proto Table State Since Info r9 BGP --- start 10:02:31.031 Active Socket: Connection reset by peer 
1782554574003|state=NotEstablished|BIRD 2.0.8 ready. Name Proto Table State Since Info r9 BGP --- start 10:02:31.031 Active Socket: Connection reset by peer 
1782554574127|state=NotEstablished|BIRD 2.0.8 ready. Name Proto Table State Since Info r9 BGP --- start 10:02:31.031 Active Socket: Connection reset by peer 
1782554574248|state=NotEstablished|BIRD 2.0.8 ready. Name Proto Table State Since Info r9 BGP --- start 10:02:31.031 Active Socket: Connection reset by peer 
1782554574373|state=NotEstablished|BIRD 2.0.8 ready. Name Proto Table State Since Info r9 BGP --- start 10:02:31.031 Active Socket: Connection reset by peer 
1782554574497|state=NotEstablished|BIRD 2.0.8 ready. Name Proto Table State Since Info r9 BGP --- start 10:02:31.031 Active Socket: Connection reset by peer 
1782554574620|state=NotEstablished|BIRD 2.0.8 ready. Name Proto Table State Since Info r9 BGP --- start 10:02:31.031 Active Socket: Connection reset by peer 
1782554574753|state=NotEstablished|BIRD 2.0.8 ready. Name Proto Table State Since Info r9 BGP --- start 10:02:31.031 Active Socket: Connection reset by peer 
1782554574875|state=NotEstablished|BIRD 2.0.8 ready. Name Proto Table State Since Info r9 BGP --- start 10:02:31.031 Active Socket: Connection reset by peer 
1782554575000|state=NotEstablished|BIRD 2.0.8 ready. Name Proto Table State Since Info r9 BGP --- start 10:02:31.031 Active Socket: Connection reset by peer 
1782554575127|state=NotEstablished|BIRD 2.0.8 ready. Name Proto Table State Since Info r9 BGP --- start 10:02:31.031 Active Socket: Connection reset by peer 
1782554575251|state=NotEstablished|BIRD 2.0.8 ready. Name Proto Table State Since Info r9 BGP --- start 10:02:31.031 Active Socket: Connection reset by peer 
1782554575372|state=NotEstablished|BIRD 2.0.8 ready. Name Proto Table State Since Info r9 BGP --- start 10:02:31.031 Active Socket: Connection reset by peer 
1782554575494|state=NotEstablished|BIRD 2.0.8 ready. Name Proto Table State Since Info r9 BGP --- start 10:02:31.031 Active Socket: Connection reset by peer 
1782554575617|state=NotEstablished|BIRD 2.0.8 ready. Name Proto Table State Since Info r9 BGP --- start 10:02:31.031 Active Socket: Connection reset by peer 
1782554575746|state=NotEstablished|BIRD 2.0.8 ready. Name Proto Table State Since Info r9 BGP --- start 10:02:31.031 Active Socket: Connection reset by peer 
1782554575870|state=NotEstablished|BIRD 2.0.8 ready. Name Proto Table State Since Info r9 BGP --- start 10:02:31.031 Active Socket: Connection reset by peer 
1782554575995|state=NotEstablished|BIRD 2.0.8 ready. Name Proto Table State Since Info r9 BGP --- start 10:02:31.031 Active Socket: Connection reset by peer 
1782554576119|state=NotEstablished|BIRD 2.0.8 ready. Name Proto Table State Since Info r9 BGP --- start 10:02:31.031 Active Socket: Connection reset by peer 
1782554576242|state=NotEstablished|BIRD 2.0.8 ready. Name Proto Table State Since Info r9 BGP --- start 10:02:31.031 Active Socket: Connection reset by peer 
1782554576366|state=NotEstablished|BIRD 2.0.8 ready. Name Proto Table State Since Info r9 BGP --- start 10:02:31.031 Active Socket: Connection reset by peer 
1782554576491|state=NotEstablished|BIRD 2.0.8 ready. Name Proto Table State Since Info r9 BGP --- start 10:02:31.031 Active Socket: Connection reset by peer 
1782554576612|state=NotEstablished|BIRD 2.0.8 ready. Name Proto Table State Since Info r9 BGP --- start 10:02:31.031 Active Socket: Connection reset by peer 
1782554576737|state=NotEstablished|BIRD 2.0.8 ready. Name Proto Table State Since Info r9 BGP --- start 10:02:31.031 Active Socket: Connection reset by peer 
1782554576862|state=NotEstablished|BIRD 2.0.8 ready. Name Proto Table State Since Info r9 BGP --- start 10:02:31.031 Active Socket: Connection reset by peer 
1782554576986|state=NotEstablished|BIRD 2.0.8 ready. Name Proto Table State Since Info r9 BGP --- start 10:02:31.031 Active Socket: Connection reset by peer 
1782554577109|state=NotEstablished|BIRD 2.0.8 ready. Name Proto Table State Since Info r9 BGP --- start 10:02:31.031 Active Socket: Connection reset by peer 
1782554577239|state=NotEstablished|BIRD 2.0.8 ready. Name Proto Table State Since Info r9 BGP --- start 10:02:31.031 Active Socket: Connection reset by peer 
1782554577366|state=NotEstablished|BIRD 2.0.8 ready. Name Proto Table State Since Info r9 BGP --- start 10:02:31.031 Active Socket: Connection reset by peer 
1782554577498|state=NotEstablished|BIRD 2.0.8 ready. Name Proto Table State Since Info r9 BGP --- start 10:02:31.031 Active Socket: Connection reset by peer 
1782554577625|state=NotEstablished|BIRD 2.0.8 ready. Name Proto Table State Since Info r9 BGP --- start 10:02:31.031 Active Socket: Connection reset by peer 
1782554577754|state=NotEstablished|BIRD 2.0.8 ready. Name Proto Table State Since Info r9 BGP --- start 10:02:31.031 Active Socket: Connection reset by peer 
1782554577885|state=NotEstablished|BIRD 2.0.8 ready. Name Proto Table State Since Info r9 BGP --- start 10:02:31.031 Active Socket: Connection reset by peer 
1782554578008|state=NotEstablished|BIRD 2.0.8 ready. Name Proto Table State Since Info r9 BGP --- start 10:02:31.031 Active Socket: Connection reset by peer 
1782554578132|state=NotEstablished|BIRD 2.0.8 ready. Name Proto Table State Since Info r9 BGP --- start 10:02:31.031 Active Socket: Connection reset by peer 
1782554578263|state=NotEstablished|BIRD 2.0.8 ready. Name Proto Table State Since Info r9 BGP --- start 10:02:31.031 Active Socket: Connection reset by peer 
1782554578391|state=NotEstablished|BIRD 2.0.8 ready. Name Proto Table State Since Info r9 BGP --- start 10:02:31.031 Active Socket: Connection reset by peer 
1782554578529|state=NotEstablished|BIRD 2.0.8 ready. Name Proto Table State Since Info r9 BGP --- start 10:02:31.031 Active Socket: Connection reset by peer 
1782554578662|state=NotEstablished|BIRD 2.0.8 ready. Name Proto Table State Since Info r9 BGP --- start 10:02:31.031 Active Socket: Connection reset by peer 
1782554578794|state=NotEstablished|BIRD 2.0.8 ready. Name Proto Table State Since Info r9 BGP --- start 10:02:31.031 Active Socket: Connection reset by peer 
1782554578928|state=NotEstablished|BIRD 2.0.8 ready. Name Proto Table State Since Info r9 BGP --- start 10:02:31.031 Active Socket: Connection reset by peer 
1782554579067|state=NotEstablished|BIRD 2.0.8 ready. Name Proto Table State Since Info r9 BGP --- start 10:02:31.031 Active Socket: Connection reset by peer 
1782554579206|state=NotEstablished|BIRD 2.0.8 ready. Name Proto Table State Since Info r9 BGP --- start 10:02:31.031 Active Socket: Connection reset by peer 
1782554579359|state=NotEstablished|BIRD 2.0.8 ready. Name Proto Table State Since Info r9 BGP --- start 10:02:31.031 Active Socket: Connection reset by peer 
1782554579497|state=NotEstablished|BIRD 2.0.8 ready. Name Proto Table State Since Info r9 BGP --- start 10:02:31.031 Active Socket: Connection reset by peer 
1782554579630|state=NotEstablished|BIRD 2.0.8 ready. Name Proto Table State Since Info r9 BGP --- start 10:02:31.031 Active Socket: Connection reset by peer 
1782554579763|state=NotEstablished|BIRD 2.0.8 ready. Name Proto Table State Since Info r9 BGP --- start 10:02:31.031 Active Socket: Connection reset by peer 
1782554579898|state=NotEstablished|BIRD 2.0.8 ready. Name Proto Table State Since Info r9 BGP --- start 10:02:31.031 Active Socket: Connection reset by peer 
1782554580031|state=NotEstablished|BIRD 2.0.8 ready. Name Proto Table State Since Info r9 BGP --- start 10:02:31.031 Active Socket: Connection reset by peer 
1782554580163|state=NotEstablished|BIRD 2.0.8 ready. Name Proto Table State Since Info r9 BGP --- start 10:02:31.031 Active Socket: Connection reset by peer 
1782554580290|state=NotEstablished|BIRD 2.0.8 ready. Name Proto Table State Since Info r9 BGP --- start 10:02:31.031 Active Socket: Connection reset by peer 
1782554580420|state=NotEstablished|BIRD 2.0.8 ready. Name Proto Table State Since Info r9 BGP --- start 10:02:31.031 Active Socket: Connection reset by peer 
