1782325426859|state=Missing|
1782325427020|state=Missing|
1782325427156|state=Missing|
1782325427301|state=Missing|
1782325427443|state=Missing|
1782325427584|state=Missing|
1782325427721|state=Missing|
1782325427863|state=Missing|
1782325428010|state=Missing|
1782325428156|state=Missing|
1782325428288|state=Missing|
1782325428426|state=Missing|
1782325428563|state=Missing|
1782325428698|state=Missing|
1782325428851|state=Missing|
1782325428960|state=Missing|
1782325429072|state=Missing|
1782325429194|state=Missing|
1782325429330|state=Missing|
1782325429483|state=Missing|
1782325429630|state=Missing|
1782325429806|state=Missing|
1782325429940|state=Missing|
1782325430073|state=Missing|
1782325430209|state=Missing|
1782325430347|state=Missing|
1782325430490|state=Missing|
1782325430630|state=Missing|
1782325430770|state=Missing|
1782325430907|state=Missing|
1782325431042|state=Missing|
1782325431184|state=Missing|
1782325431330|state=Missing|
1782325431465|state=Missing|
1782325431594|state=Missing|
1782325431732|state=Missing|
1782325431872|state=Missing|
1782325432019|state=Missing|
1782325432173|state=Missing|
1782325432314|state=Missing|
1782325432448|state=Missing|
1782325432589|state=Missing|
1782325432745|state=Missing|
1782325432862|state=Missing|
1782325432995|state=Missing|
1782325433132|state=Missing|
1782325433276|state=Missing|
1782325433408|state=Missing|
1782325433552|state=Missing|
1782325433698|state=Missing|
1782325433840|state=Missing|
1782325433981|state=Missing|
1782325434124|state=Missing|
1782325434263|state=Missing|
1782325434398|state=Missing|
1782325434543|state=Missing|
1782325434686|state=Missing|
1782325434825|state=Missing|
1782325434960|state=Missing|
1782325435106|state=Missing|
1782325435247|state=Missing|
1782325435391|state=Missing|
1782325435531|state=Missing|
1782325435674|state=Missing|
1782325435810|state=Missing|
1782325435952|state=Missing|
1782325436095|state=Missing|
1782325436232|state=Missing|
1782325436368|state=Missing|
1782325436506|state=Missing|
1782325436646|state=Missing|
1782325436791|state=Missing|
1782325436937|state=Missing|
1782325437085|state=Missing|
1782325437227|state=Missing|
1782325437363|state=Missing|
1782325437503|state=Missing|
1782325437645|state=Missing|
1782325437785|state=Missing|
1782325437918|state=Missing|
1782325438056|state=Missing|
1782325438203|state=Missing|
1782325438338|state=Missing|
1782325438481|state=Missing|
1782325438626|state=Missing|
1782325438762|state=Missing|
1782325438903|state=Missing|
1782325439038|state=Missing|
1782325439178|state=Missing|
1782325439328|state=Missing|
1782325439464|state=Missing|
1782325439609|state=Missing|
1782325439771|state=Missing|
1782325439911|state=Missing|
1782325440060|state=Missing|
1782325440204|state=Missing|
1782325440339|state=Missing|
1782325440474|state=Missing|
1782325440609|state=Missing|
1782325440750|state=Missing|
1782325440891|state=Missing|
1782325441038|state=Missing|
1782325441175|state=Missing|
1782325441313|state=Missing|
1782325441456|state=Missing|
1782325441596|state=Missing|
1782325441738|state=Missing|
1782325441880|state=Missing|
1782325442022|state=Missing|
1782325442175|state=Missing|
1782325442327|state=Missing|
1782325442467|state=Missing|
1782325442610|state=Missing|
1782325442748|state=Missing|
1782325442892|state=Missing|
1782325443024|state=Missing|
