1782330972157|state=Established|BIRD 2.0.8 ready. Name Proto Table State Since Info r9 BGP --- up 19:55:57.611 Established 
1782330972325|state=Established|BIRD 2.0.8 ready. Name Proto Table State Since Info r9 BGP --- up 19:55:57.611 Established 
1782330972461|state=Established|BIRD 2.0.8 ready. Name Proto Table State Since Info r9 BGP --- up 19:55:57.611 Established 
1782330972582|state=Established|BIRD 2.0.8 ready. Name Proto Table State Since Info r9 BGP --- up 19:55:57.611 Established 
1782330972690|state=Established|BIRD 2.0.8 ready. Name Proto Table State Since Info r9 BGP --- up 19:55:57.611 Established 
1782330972815|state=Established|BIRD 2.0.8 ready. Name Proto Table State Since Info r9 BGP --- up 19:55:57.611 Established 
1782330972921|state=Established|BIRD 2.0.8 ready. Name Proto Table State Since Info r9 BGP --- up 19:55:57.611 Established 
1782330973035|state=Established|BIRD 2.0.8 ready. Name Proto Table State Since Info r9 BGP --- up 19:55:57.611 Established 
1782330973145|state=Established|BIRD 2.0.8 ready. Name Proto Table State Since Info r9 BGP --- up 19:55:57.611 Established 
1782330973272|state=Established|BIRD 2.0.8 ready. Name Proto Table State Since Info r9 BGP --- up 19:55:57.611 Established 
1782330973379|state=Established|BIRD 2.0.8 ready. Name Proto Table State Since Info r9 BGP --- up 19:55:57.611 Established 
1782330973491|state=Established|BIRD 2.0.8 ready. Name Proto Table State Since Info r9 BGP --- up 19:55:57.611 Established 
1782330973594|state=Established|BIRD 2.0.8 ready. Name Proto Table State Since Info r9 BGP --- up 19:55:57.611 Established 
1782330973723|state=Established|BIRD 2.0.8 ready. Name Proto Table State Since Info r9 BGP --- up 19:55:57.611 Established 
1782330973878|state=Established|BIRD 2.0.8 ready. Name Proto Table State Since Info r9 BGP --- up 19:55:57.611 Established 
1782330974004|state=Established|BIRD 2.0.8 ready. Name Proto Table State Since Info r9 BGP --- up 19:55:57.611 Established 
1782330974120|state=Established|BIRD 2.0.8 ready. Name Proto Table State Since Info r9 BGP --- up 19:55:57.611 Established 
1782330974249|state=Established|BIRD 2.0.8 ready. Name Proto Table State Since Info r9 BGP --- up 19:55:57.611 Established 
1782330974355|state=NotEstablished|BIRD 2.0.8 ready. Name Proto Table State Since Info r9 BGP --- start 19:56:14.320 Idle Error: Neighbor lost 
1782330974465|state=NotEstablished|BIRD 2.0.8 ready. Name Proto Table State Since Info r9 BGP --- start 19:56:14.320 Idle Error: Neighbor lost 
1782330974573|state=NotEstablished|BIRD 2.0.8 ready. Name Proto Table State Since Info r9 BGP --- start 19:56:14.320 Idle Error: Neighbor lost 
1782330974677|state=NotEstablished|BIRD 2.0.8 ready. Name Proto Table State Since Info r9 BGP --- start 19:56:14.320 Idle Error: Neighbor lost 
1782330974780|state=NotEstablished|BIRD 2.0.8 ready. Name Proto Table State Since Info r9 BGP --- start 19:56:14.320 Idle Error: Neighbor lost 
1782330974889|state=NotEstablished|BIRD 2.0.8 ready. Name Proto Table State Since Info r9 BGP --- start 19:56:14.320 Idle Error: Neighbor lost 
1782330974993|state=NotEstablished|BIRD 2.0.8 ready. Name Proto Table State Since Info r9 BGP --- start 19:56:14.320 Idle Error: Neighbor lost 
1782330975100|state=NotEstablished|BIRD 2.0.8 ready. Name Proto Table State Since Info r9 BGP --- start 19:56:14.320 Idle Error: Neighbor lost 
1782330975234|state=NotEstablished|BIRD 2.0.8 ready. Name Proto Table State Since Info r9 BGP --- start 19:56:14.320 Idle Error: Neighbor lost 
1782330975366|state=NotEstablished|BIRD 2.0.8 ready. Name Proto Table State Since Info r9 BGP --- start 19:56:14.320 Idle Error: Neighbor lost 
1782330975489|state=NotEstablished|BIRD 2.0.8 ready. Name Proto Table State Since Info r9 BGP --- start 19:56:14.320 Idle Error: Neighbor lost 
1782330975614|state=NotEstablished|BIRD 2.0.8 ready. Name Proto Table State Since Info r9 BGP --- start 19:56:14.320 Idle Error: Neighbor lost 
1782330975739|state=NotEstablished|BIRD 2.0.8 ready. Name Proto Table State Since Info r9 BGP --- start 19:56:14.320 Idle Error: Neighbor lost 
1782330975869|state=NotEstablished|BIRD 2.0.8 ready. Name Proto Table State Since Info r9 BGP --- start 19:56:14.320 Idle Error: Neighbor lost 
1782330975998|state=NotEstablished|BIRD 2.0.8 ready. Name Proto Table State Since Info r9 BGP --- start 19:56:14.320 Idle Error: Neighbor lost 
1782330976140|state=NotEstablished|BIRD 2.0.8 ready. Name Proto Table State Since Info r9 BGP --- start 19:56:14.320 Idle Error: Neighbor lost 
1782330976270|state=NotEstablished|BIRD 2.0.8 ready. Name Proto Table State Since Info r9 BGP --- start 19:56:14.320 Idle Error: Neighbor lost 
1782330976406|state=NotEstablished|BIRD 2.0.8 ready. Name Proto Table State Since Info r9 BGP --- start 19:56:14.320 Idle Error: Neighbor lost 
1782330976542|state=NotEstablished|BIRD 2.0.8 ready. Name Proto Table State Since Info r9 BGP --- start 19:56:14.320 Idle Error: Neighbor lost 
1782330976671|state=NotEstablished|BIRD 2.0.8 ready. Name Proto Table State Since Info r9 BGP --- start 19:56:14.320 Idle Error: Neighbor lost 
1782330976803|state=NotEstablished|BIRD 2.0.8 ready. Name Proto Table State Since Info r9 BGP --- start 19:56:14.320 Idle Error: Neighbor lost 
1782330976937|state=NotEstablished|BIRD 2.0.8 ready. Name Proto Table State Since Info r9 BGP --- start 19:56:14.320 Idle Error: Neighbor lost 
1782330977076|state=NotEstablished|BIRD 2.0.8 ready. Name Proto Table State Since Info r9 BGP --- start 19:56:14.320 Idle Error: Neighbor lost 
1782330977210|state=NotEstablished|BIRD 2.0.8 ready. Name Proto Table State Since Info r9 BGP --- start 19:56:14.320 Idle Error: Neighbor lost 
1782330977346|state=NotEstablished|BIRD 2.0.8 ready. Name Proto Table State Since Info r9 BGP --- start 19:56:14.320 Idle Error: Neighbor lost 
1782330977483|state=NotEstablished|BIRD 2.0.8 ready. Name Proto Table State Since Info r9 BGP --- start 19:56:14.320 Idle Error: Neighbor lost 
1782330977621|state=NotEstablished|BIRD 2.0.8 ready. Name Proto Table State Since Info r9 BGP --- start 19:56:14.320 Idle Error: Neighbor lost 
1782330977759|state=NotEstablished|BIRD 2.0.8 ready. Name Proto Table State Since Info r9 BGP --- start 19:56:14.320 Idle Error: Neighbor lost 
1782330977882|state=NotEstablished|BIRD 2.0.8 ready. Name Proto Table State Since Info r9 BGP --- start 19:56:14.320 Idle Error: Neighbor lost 
1782330978025|state=NotEstablished|BIRD 2.0.8 ready. Name Proto Table State Since Info r9 BGP --- start 19:56:14.320 Idle Error: Neighbor lost 
1782330978159|state=NotEstablished|BIRD 2.0.8 ready. Name Proto Table State Since Info r9 BGP --- start 19:56:14.320 Idle Error: Neighbor lost 
1782330978303|state=NotEstablished|BIRD 2.0.8 ready. Name Proto Table State Since Info r9 BGP --- start 19:56:14.320 Idle Error: Neighbor lost 
1782330978449|state=NotEstablished|BIRD 2.0.8 ready. Name Proto Table State Since Info r9 BGP --- start 19:56:14.320 Idle Error: Neighbor lost 
1782330978589|state=NotEstablished|BIRD 2.0.8 ready. Name Proto Table State Since Info r9 BGP --- start 19:56:14.320 Idle Error: Neighbor lost 
1782330978727|state=NotEstablished|BIRD 2.0.8 ready. Name Proto Table State Since Info r9 BGP --- start 19:56:14.320 Idle Error: Neighbor lost 
1782330978883|state=NotEstablished|BIRD 2.0.8 ready. Name Proto Table State Since Info r9 BGP --- start 19:56:14.320 Idle Error: Neighbor lost 
1782330979021|state=NotEstablished|BIRD 2.0.8 ready. Name Proto Table State Since Info r9 BGP --- start 19:56:14.320 Idle Error: Neighbor lost 
1782330979164|state=NotEstablished|BIRD 2.0.8 ready. Name Proto Table State Since Info r9 BGP --- start 19:56:14.320 Idle Error: Neighbor lost 
1782330979303|state=NotEstablished|BIRD 2.0.8 ready. Name Proto Table State Since Info r9 BGP --- start 19:56:14.320 Idle Error: Neighbor lost 
1782330979439|state=NotEstablished|BIRD 2.0.8 ready. Name Proto Table State Since Info r9 BGP --- start 19:56:14.320 Idle Error: Neighbor lost 
1782330979564|state=NotEstablished|BIRD 2.0.8 ready. Name Proto Table State Since Info r9 BGP --- start 19:56:14.320 Idle Error: Neighbor lost 
1782330979699|state=NotEstablished|BIRD 2.0.8 ready. Name Proto Table State Since Info r9 BGP --- start 19:56:14.320 Idle Error: Neighbor lost 
1782330979836|state=NotEstablished|BIRD 2.0.8 ready. Name Proto Table State Since Info r9 BGP --- start 19:56:14.320 Idle Error: Neighbor lost 
1782330979974|state=NotEstablished|BIRD 2.0.8 ready. Name Proto Table State Since Info r9 BGP --- start 19:56:14.320 Idle Error: Neighbor lost 
1782330980117|state=NotEstablished|BIRD 2.0.8 ready. Name Proto Table State Since Info r9 BGP --- start 19:56:14.320 Idle Error: Neighbor lost 
1782330980253|state=NotEstablished|BIRD 2.0.8 ready. Name Proto Table State Since Info r9 BGP --- start 19:56:14.320 Idle Error: Neighbor lost 
1782330980392|state=NotEstablished|BIRD 2.0.8 ready. Name Proto Table State Since Info r9 BGP --- start 19:56:14.320 Idle Error: Neighbor lost 
1782330980525|state=NotEstablished|BIRD 2.0.8 ready. Name Proto Table State Since Info r9 BGP --- start 19:56:14.320 Idle Error: Neighbor lost 
1782330980656|state=NotEstablished|BIRD 2.0.8 ready. Name Proto Table State Since Info r9 BGP --- start 19:56:14.320 Idle Error: Neighbor lost 
1782330980792|state=NotEstablished|BIRD 2.0.8 ready. Name Proto Table State Since Info r9 BGP --- start 19:56:14.320 Idle Error: Neighbor lost 
1782330980927|state=NotEstablished|BIRD 2.0.8 ready. Name Proto Table State Since Info r9 BGP --- start 19:56:14.320 Idle Error: Neighbor lost 
1782330981065|state=NotEstablished|BIRD 2.0.8 ready. Name Proto Table State Since Info r9 BGP --- start 19:56:14.320 Idle Error: Neighbor lost 
1782330981195|state=NotEstablished|BIRD 2.0.8 ready. Name Proto Table State Since Info r9 BGP --- start 19:56:14.320 Idle Error: Neighbor lost 
1782330981332|state=NotEstablished|BIRD 2.0.8 ready. Name Proto Table State Since Info r9 BGP --- start 19:56:14.320 Idle Error: Neighbor lost 
1782330981469|state=NotEstablished|BIRD 2.0.8 ready. Name Proto Table State Since Info r9 BGP --- start 19:56:14.320 Idle Error: Neighbor lost 
1782330981578|state=NotEstablished|BIRD 2.0.8 ready. Name Proto Table State Since Info r9 BGP --- start 19:56:14.320 Idle Error: Neighbor lost 
1782330981702|state=NotEstablished|BIRD 2.0.8 ready. Name Proto Table State Since Info r9 BGP --- start 19:56:14.320 Idle Error: Neighbor lost 
1782330981810|state=NotEstablished|BIRD 2.0.8 ready. Name Proto Table State Since Info r9 BGP --- start 19:56:14.320 Idle Error: Neighbor lost 
1782330981932|state=NotEstablished|BIRD 2.0.8 ready. Name Proto Table State Since Info r9 BGP --- start 19:56:14.320 Idle Error: Neighbor lost 
1782330982079|state=NotEstablished|BIRD 2.0.8 ready. Name Proto Table State Since Info r9 BGP --- start 19:56:14.320 Idle Error: Neighbor lost 
1782330982206|state=NotEstablished|BIRD 2.0.8 ready. Name Proto Table State Since Info r9 BGP --- start 19:56:14.320 Idle Error: Neighbor lost 
1782330982341|state=NotEstablished|BIRD 2.0.8 ready. Name Proto Table State Since Info r9 BGP --- start 19:56:14.320 Active Error: Neighbor lost 
1782330982453|state=NotEstablished|BIRD 2.0.8 ready. Name Proto Table State Since Info r9 BGP --- start 19:56:14.320 Active Error: Neighbor lost 
1782330982556|state=NotEstablished|BIRD 2.0.8 ready. Name Proto Table State Since Info r9 BGP --- start 19:56:14.320 Active Error: Neighbor lost 
1782330982664|state=NotEstablished|BIRD 2.0.8 ready. Name Proto Table State Since Info r9 BGP --- start 19:56:14.320 Active Error: Neighbor lost 
1782330982763|state=NotEstablished|BIRD 2.0.8 ready. Name Proto Table State Since Info r9 BGP --- start 19:56:14.320 Active Error: Neighbor lost 
1782330982865|state=NotEstablished|BIRD 2.0.8 ready. Name Proto Table State Since Info r9 BGP --- start 19:56:14.320 Active Error: Neighbor lost 
1782330982967|state=NotEstablished|BIRD 2.0.8 ready. Name Proto Table State Since Info r9 BGP --- start 19:56:14.320 Active Error: Neighbor lost 
1782330983075|state=NotEstablished|BIRD 2.0.8 ready. Name Proto Table State Since Info r9 BGP --- start 19:56:14.320 Active Error: Neighbor lost 
1782330983212|state=NotEstablished|BIRD 2.0.8 ready. Name Proto Table State Since Info r9 BGP --- start 19:56:14.320 Active Error: Neighbor lost 
1782330983327|state=NotEstablished|BIRD 2.0.8 ready. Name Proto Table State Since Info r9 BGP --- start 19:56:14.320 Active Error: Neighbor lost 
1782330983432|state=NotEstablished|BIRD 2.0.8 ready. Name Proto Table State Since Info r9 BGP --- start 19:56:14.320 Active Error: Neighbor lost 
1782330983538|state=NotEstablished|BIRD 2.0.8 ready. Name Proto Table State Since Info r9 BGP --- start 19:56:14.320 Active Error: Neighbor lost 
1782330983642|state=NotEstablished|BIRD 2.0.8 ready. Name Proto Table State Since Info r9 BGP --- start 19:56:14.320 Active Error: Neighbor lost 
1782330983745|state=NotEstablished|BIRD 2.0.8 ready. Name Proto Table State Since Info r9 BGP --- start 19:56:14.320 Active Error: Neighbor lost 
1782330983859|state=NotEstablished|BIRD 2.0.8 ready. Name Proto Table State Since Info r9 BGP --- start 19:56:14.320 Active Error: Neighbor lost 
1782330983963|state=NotEstablished|BIRD 2.0.8 ready. Name Proto Table State Since Info r9 BGP --- start 19:56:14.320 Active Error: Neighbor lost 
1782330984071|state=NotEstablished|BIRD 2.0.8 ready. Name Proto Table State Since Info r9 BGP --- start 19:56:14.320 Active Error: Neighbor lost 
1782330984171|state=NotEstablished|BIRD 2.0.8 ready. Name Proto Table State Since Info r9 BGP --- start 19:56:14.320 Active Error: Neighbor lost 
1782330984276|state=NotEstablished|BIRD 2.0.8 ready. Name Proto Table State Since Info r9 BGP --- start 19:56:14.320 Active Error: Neighbor lost 
1782330984385|state=NotEstablished|BIRD 2.0.8 ready. Name Proto Table State Since Info r9 BGP --- start 19:56:14.320 Active Error: Neighbor lost 
1782330984526|state=NotEstablished|BIRD 2.0.8 ready. Name Proto Table State Since Info r9 BGP --- start 19:56:14.320 Active Error: Neighbor lost 
1782330984632|state=NotEstablished|BIRD 2.0.8 ready. Name Proto Table State Since Info r9 BGP --- start 19:56:14.320 Active Error: Neighbor lost 
1782330984733|state=NotEstablished|BIRD 2.0.8 ready. Name Proto Table State Since Info r9 BGP --- start 19:56:14.320 Active Error: Neighbor lost 
1782330984840|state=NotEstablished|BIRD 2.0.8 ready. Name Proto Table State Since Info r9 BGP --- start 19:56:14.320 Active Error: Neighbor lost 
1782330984944|state=NotEstablished|BIRD 2.0.8 ready. Name Proto Table State Since Info r9 BGP --- start 19:56:14.320 Active Error: Neighbor lost 
1782330985065|state=NotEstablished|BIRD 2.0.8 ready. Name Proto Table State Since Info r9 BGP --- start 19:56:14.320 Active Error: Neighbor lost 
1782330985173|state=NotEstablished|BIRD 2.0.8 ready. Name Proto Table State Since Info r9 BGP --- start 19:56:14.320 Active Error: Neighbor lost 
1782330985311|state=NotEstablished|BIRD 2.0.8 ready. Name Proto Table State Since Info r9 BGP --- start 19:56:14.320 Active Error: Neighbor lost 
1782330985415|state=NotEstablished|BIRD 2.0.8 ready. Name Proto Table State Since Info r9 BGP --- start 19:56:14.320 Active Error: Neighbor lost 
1782330985519|state=NotEstablished|BIRD 2.0.8 ready. Name Proto Table State Since Info r9 BGP --- start 19:56:14.320 Active Error: Neighbor lost 
1782330985650|state=NotEstablished|BIRD 2.0.8 ready. Name Proto Table State Since Info r9 BGP --- start 19:56:14.320 Active Error: Neighbor lost 
1782330985784|state=NotEstablished|BIRD 2.0.8 ready. Name Proto Table State Since Info r9 BGP --- start 19:56:14.320 Active Error: Neighbor lost 
1782330985926|state=NotEstablished|BIRD 2.0.8 ready. Name Proto Table State Since Info r9 BGP --- start 19:56:14.320 Active Error: Neighbor lost 
1782330986062|state=NotEstablished|BIRD 2.0.8 ready. Name Proto Table State Since Info r9 BGP --- start 19:56:14.320 Active Error: Neighbor lost 
1782330986193|state=NotEstablished|BIRD 2.0.8 ready. Name Proto Table State Since Info r9 BGP --- start 19:56:14.320 Active Error: Neighbor lost 
1782330986336|state=NotEstablished|BIRD 2.0.8 ready. Name Proto Table State Since Info r9 BGP --- start 19:56:14.320 Active Socket: Connection closed 
1782330986473|state=NotEstablished|BIRD 2.0.8 ready. Name Proto Table State Since Info r9 BGP --- start 19:56:14.320 Active Socket: Connection closed 
1782330986620|state=NotEstablished|BIRD 2.0.8 ready. Name Proto Table State Since Info r9 BGP --- start 19:56:14.320 Active Socket: Connection closed 
1782330986769|state=NotEstablished|BIRD 2.0.8 ready. Name Proto Table State Since Info r9 BGP --- start 19:56:14.320 Active Socket: Connection closed 
1782330986915|state=NotEstablished|BIRD 2.0.8 ready. Name Proto Table State Since Info r9 BGP --- start 19:56:14.320 Active Socket: Connection closed 
1782330987059|state=NotEstablished|BIRD 2.0.8 ready. Name Proto Table State Since Info r9 BGP --- start 19:56:14.320 Active Socket: Connection closed 
1782330987198|state=NotEstablished|BIRD 2.0.8 ready. Name Proto Table State Since Info r9 BGP --- start 19:56:14.320 Active Socket: Connection closed 
1782330987340|state=NotEstablished|BIRD 2.0.8 ready. Name Proto Table State Since Info r9 BGP --- start 19:56:14.320 Active Socket: Connection closed 
1782330987487|state=NotEstablished|BIRD 2.0.8 ready. Name Proto Table State Since Info r9 BGP --- start 19:56:14.320 Active Socket: Connection closed 
1782330987634|state=NotEstablished|BIRD 2.0.8 ready. Name Proto Table State Since Info r9 BGP --- start 19:56:14.320 Active Socket: Connection closed 
1782330987775|state=NotEstablished|BIRD 2.0.8 ready. Name Proto Table State Since Info r9 BGP --- start 19:56:14.320 Active Socket: Connection closed 
1782330987918|state=NotEstablished|BIRD 2.0.8 ready. Name Proto Table State Since Info r9 BGP --- start 19:56:14.320 Active Socket: Connection closed 
1782330988054|state=NotEstablished|BIRD 2.0.8 ready. Name Proto Table State Since Info r9 BGP --- start 19:56:14.320 Active Socket: Connection closed 
1782330988197|state=NotEstablished|BIRD 2.0.8 ready. Name Proto Table State Since Info r9 BGP --- start 19:56:14.320 Active Socket: Connection closed 
1782330988345|state=NotEstablished|BIRD 2.0.8 ready. Name Proto Table State Since Info r9 BGP --- start 19:56:14.320 Active Socket: Connection closed 
1782330988489|state=NotEstablished|BIRD 2.0.8 ready. Name Proto Table State Since Info r9 BGP --- start 19:56:14.320 Active Socket: Connection closed 
1782330988627|state=NotEstablished|BIRD 2.0.8 ready. Name Proto Table State Since Info r9 BGP --- start 19:56:14.320 Active Socket: Connection closed 
1782330988764|state=NotEstablished|BIRD 2.0.8 ready. Name Proto Table State Since Info r9 BGP --- start 19:56:14.320 Active Socket: Connection closed 
1782330988905|state=NotEstablished|BIRD 2.0.8 ready. Name Proto Table State Since Info r9 BGP --- start 19:56:14.320 Active Socket: Connection closed 
1782330989042|state=NotEstablished|BIRD 2.0.8 ready. Name Proto Table State Since Info r9 BGP --- start 19:56:14.320 Active Socket: Connection closed 
1782330989182|state=NotEstablished|BIRD 2.0.8 ready. Name Proto Table State Since Info r9 BGP --- start 19:56:14.320 Active Socket: Connection closed 
1782330989325|state=NotEstablished|BIRD 2.0.8 ready. Name Proto Table State Since Info r9 BGP --- start 19:56:14.320 Active Socket: Connection closed 
1782330989460|state=NotEstablished|BIRD 2.0.8 ready. Name Proto Table State Since Info r9 BGP --- start 19:56:14.320 Active Socket: Connection closed 
1782330989601|state=NotEstablished|BIRD 2.0.8 ready. Name Proto Table State Since Info r9 BGP --- start 19:56:14.320 Active Socket: Connection closed 
1782330989737|state=NotEstablished|BIRD 2.0.8 ready. Name Proto Table State Since Info r9 BGP --- start 19:56:14.320 Active Socket: Connection closed 
1782330989885|state=NotEstablished|BIRD 2.0.8 ready. Name Proto Table State Since Info r9 BGP --- start 19:56:14.320 Active Socket: Connection closed 
1782330990027|state=NotEstablished|BIRD 2.0.8 ready. Name Proto Table State Since Info r9 BGP --- start 19:56:14.320 Active Socket: Connection closed 
1782330990164|state=NotEstablished|BIRD 2.0.8 ready. Name Proto Table State Since Info r9 BGP --- start 19:56:14.320 Active Socket: Connection closed 
1782330990292|state=NotEstablished|BIRD 2.0.8 ready. Name Proto Table State Since Info r9 BGP --- start 19:56:14.320 Active Socket: Connection closed 
1782330990428|state=NotEstablished|BIRD 2.0.8 ready. Name Proto Table State Since Info r9 BGP --- start 19:56:14.320 Active Socket: Connection closed 
1782330990565|state=NotEstablished|BIRD 2.0.8 ready. Name Proto Table State Since Info r9 BGP --- start 19:56:14.320 Active Socket: Connection closed 
1782330990710|state=NotEstablished|BIRD 2.0.8 ready. Name Proto Table State Since Info r9 BGP --- start 19:56:14.320 Active Socket: Connection closed 
1782330990852|state=NotEstablished|BIRD 2.0.8 ready. Name Proto Table State Since Info r9 BGP --- start 19:56:14.320 Active Socket: Connection reset by peer 
1782330990992|state=NotEstablished|BIRD 2.0.8 ready. Name Proto Table State Since Info r9 BGP --- start 19:56:14.320 Active Socket: Connection reset by peer 
1782330991123|state=NotEstablished|BIRD 2.0.8 ready. Name Proto Table State Since Info r9 BGP --- start 19:56:14.320 Active Socket: Connection reset by peer 
1782330991263|state=NotEstablished|BIRD 2.0.8 ready. Name Proto Table State Since Info r9 BGP --- start 19:56:14.320 Active Socket: Connection reset by peer 
1782330991394|state=NotEstablished|BIRD 2.0.8 ready. Name Proto Table State Since Info r9 BGP --- start 19:56:14.320 Active Socket: Connection reset by peer 
1782330991535|state=NotEstablished|BIRD 2.0.8 ready. Name Proto Table State Since Info r9 BGP --- start 19:56:14.320 Active Socket: Connection reset by peer 
1782330991670|state=NotEstablished|BIRD 2.0.8 ready. Name Proto Table State Since Info r9 BGP --- start 19:56:14.320 Active Socket: Connection reset by peer 
1782330991798|state=NotEstablished|BIRD 2.0.8 ready. Name Proto Table State Since Info r9 BGP --- start 19:56:14.320 Active Socket: Connection reset by peer 
1782330991929|state=NotEstablished|BIRD 2.0.8 ready. Name Proto Table State Since Info r9 BGP --- start 19:56:14.320 Active Socket: Connection reset by peer 
1782330992034|state=NotEstablished|BIRD 2.0.8 ready. Name Proto Table State Since Info r9 BGP --- start 19:56:14.320 Active Socket: Connection reset by peer 
1782330992146|state=NotEstablished|BIRD 2.0.8 ready. Name Proto Table State Since Info r9 BGP --- start 19:56:14.320 Active Socket: Connection reset by peer 
1782330992281|state=NotEstablished|BIRD 2.0.8 ready. Name Proto Table State Since Info r9 BGP --- start 19:56:14.320 Active Socket: Connection reset by peer 
1782330992388|state=NotEstablished|BIRD 2.0.8 ready. Name Proto Table State Since Info r9 BGP --- start 19:56:14.320 Active Socket: Connection reset by peer 
1782330992522|state=NotEstablished|BIRD 2.0.8 ready. Name Proto Table State Since Info r9 BGP --- start 19:56:14.320 Active Socket: Connection reset by peer 
1782330992627|state=NotEstablished|BIRD 2.0.8 ready. Name Proto Table State Since Info r9 BGP --- start 19:56:14.320 Active Socket: Connection reset by peer 
1782330992750|state=NotEstablished|BIRD 2.0.8 ready. Name Proto Table State Since Info r9 BGP --- start 19:56:14.320 Active Socket: Connection reset by peer 
1782330992879|state=NotEstablished|BIRD 2.0.8 ready. Name Proto Table State Since Info r9 BGP --- start 19:56:14.320 Active Socket: Connection reset by peer 
1782330993002|state=NotEstablished|BIRD 2.0.8 ready. Name Proto Table State Since Info r9 BGP --- start 19:56:14.320 Active Socket: Connection reset by peer 
1782330993111|state=NotEstablished|BIRD 2.0.8 ready. Name Proto Table State Since Info r9 BGP --- start 19:56:14.320 Active Socket: Connection reset by peer 
1782330993226|state=NotEstablished|BIRD 2.0.8 ready. Name Proto Table State Since Info r9 BGP --- start 19:56:14.320 Active Socket: Connection reset by peer 
1782330993345|state=NotEstablished|BIRD 2.0.8 ready. Name Proto Table State Since Info r9 BGP --- start 19:56:14.320 Active Socket: Connection reset by peer 
1782330993448|state=NotEstablished|BIRD 2.0.8 ready. Name Proto Table State Since Info r9 BGP --- start 19:56:14.320 Active Socket: Connection reset by peer 
1782330993573|state=NotEstablished|BIRD 2.0.8 ready. Name Proto Table State Since Info r9 BGP --- start 19:56:14.320 Active Socket: Connection reset by peer 
1782330993698|state=NotEstablished|BIRD 2.0.8 ready. Name Proto Table State Since Info r9 BGP --- start 19:56:14.320 Active Socket: Connection reset by peer 
1782330993797|state=NotEstablished|BIRD 2.0.8 ready. Name Proto Table State Since Info r9 BGP --- start 19:56:14.320 Active Socket: Connection reset by peer 
1782330993897|state=NotEstablished|BIRD 2.0.8 ready. Name Proto Table State Since Info r9 BGP --- start 19:56:14.320 Active Socket: Connection reset by peer 
1782330993995|state=NotEstablished|BIRD 2.0.8 ready. Name Proto Table State Since Info r9 BGP --- start 19:56:14.320 Active Socket: Connection reset by peer 
1782330994099|state=NotEstablished|BIRD 2.0.8 ready. Name Proto Table State Since Info r9 BGP --- start 19:56:14.320 Active Socket: Connection reset by peer 
1782330994200|state=NotEstablished|BIRD 2.0.8 ready. Name Proto Table State Since Info r9 BGP --- start 19:56:14.320 Active Socket: Connection reset by peer 
1782330994298|state=NotEstablished|BIRD 2.0.8 ready. Name Proto Table State Since Info r9 BGP --- start 19:56:14.320 Active Socket: Connection reset by peer 
1782330994429|state=NotEstablished|BIRD 2.0.8 ready. Name Proto Table State Since Info r9 BGP --- start 19:56:14.320 Active Socket: Connection reset by peer 
1782330994532|state=NotEstablished|BIRD 2.0.8 ready. Name Proto Table State Since Info r9 BGP --- start 19:56:14.320 Active Socket: Connection reset by peer 
1782330994645|state=NotEstablished|BIRD 2.0.8 ready. Name Proto Table State Since Info r9 BGP --- start 19:56:14.320 Active Socket: Connection reset by peer 
1782330994750|state=NotEstablished|BIRD 2.0.8 ready. Name Proto Table State Since Info r9 BGP --- start 19:56:14.320 Active Socket: Connection reset by peer 
1782330994863|state=NotEstablished|BIRD 2.0.8 ready. Name Proto Table State Since Info r9 BGP --- start 19:56:14.320 Active Socket: Connection reset by peer 
1782330994967|state=NotEstablished|BIRD 2.0.8 ready. Name Proto Table State Since Info r9 BGP --- start 19:56:14.320 Active Socket: Connection reset by peer 
1782330995069|state=NotEstablished|BIRD 2.0.8 ready. Name Proto Table State Since Info r9 BGP --- start 19:56:14.320 Active Socket: Connection reset by peer 
1782330995182|state=NotEstablished|BIRD 2.0.8 ready. Name Proto Table State Since Info r9 BGP --- start 19:56:14.320 Active Socket: Connection closed 
1782330995313|state=NotEstablished|BIRD 2.0.8 ready. Name Proto Table State Since Info r9 BGP --- start 19:56:14.320 Active Socket: Connection closed 
1782330995419|state=NotEstablished|BIRD 2.0.8 ready. Name Proto Table State Since Info r9 BGP --- start 19:56:14.320 Active Socket: Connection closed 
1782330995522|state=NotEstablished|BIRD 2.0.8 ready. Name Proto Table State Since Info r9 BGP --- start 19:56:14.320 Active Socket: Connection closed 
1782330995625|state=NotEstablished|BIRD 2.0.8 ready. Name Proto Table State Since Info r9 BGP --- start 19:56:14.320 Active Socket: Connection closed 
1782330995733|state=NotEstablished|BIRD 2.0.8 ready. Name Proto Table State Since Info r9 BGP --- start 19:56:14.320 Active Socket: Connection closed 
1782330995847|state=NotEstablished|BIRD 2.0.8 ready. Name Proto Table State Since Info r9 BGP --- start 19:56:14.320 Active Socket: Connection closed 
1782330995984|state=NotEstablished|BIRD 2.0.8 ready. Name Proto Table State Since Info r9 BGP --- start 19:56:14.320 Active Socket: Connection closed 
1782330996119|state=NotEstablished|BIRD 2.0.8 ready. Name Proto Table State Since Info r9 BGP --- start 19:56:14.320 Active Socket: Connection closed 
1782330996250|state=NotEstablished|BIRD 2.0.8 ready. Name Proto Table State Since Info r9 BGP --- start 19:56:14.320 Active Socket: Connection closed 
1782330996388|state=NotEstablished|BIRD 2.0.8 ready. Name Proto Table State Since Info r9 BGP --- start 19:56:14.320 Active Socket: Connection closed 
1782330996532|state=NotEstablished|BIRD 2.0.8 ready. Name Proto Table State Since Info r9 BGP --- start 19:56:14.320 Active Socket: Connection closed 
1782330996676|state=NotEstablished|BIRD 2.0.8 ready. Name Proto Table State Since Info r9 BGP --- start 19:56:14.320 Active Socket: Connection closed 
1782330996824|state=NotEstablished|BIRD 2.0.8 ready. Name Proto Table State Since Info r9 BGP --- start 19:56:14.320 Active Socket: Connection closed 
1782330996969|state=NotEstablished|BIRD 2.0.8 ready. Name Proto Table State Since Info r9 BGP --- start 19:56:14.320 Active Socket: Connection closed 
1782330997109|state=NotEstablished|BIRD 2.0.8 ready. Name Proto Table State Since Info r9 BGP --- start 19:56:14.320 Active Socket: Connection closed 
1782330997247|state=NotEstablished|BIRD 2.0.8 ready. Name Proto Table State Since Info r9 BGP --- start 19:56:14.320 Active Socket: Connection closed 
1782330997392|state=NotEstablished|BIRD 2.0.8 ready. Name Proto Table State Since Info r9 BGP --- start 19:56:14.320 Active Socket: Connection closed 
1782330997541|state=NotEstablished|BIRD 2.0.8 ready. Name Proto Table State Since Info r9 BGP --- start 19:56:14.320 Active Socket: Connection closed 
1782330997679|state=NotEstablished|BIRD 2.0.8 ready. Name Proto Table State Since Info r9 BGP --- start 19:56:14.320 Active Socket: Connection closed 
1782330997815|state=NotEstablished|BIRD 2.0.8 ready. Name Proto Table State Since Info r9 BGP --- start 19:56:14.320 Active Socket: Connection closed 
1782330997950|state=NotEstablished|BIRD 2.0.8 ready. Name Proto Table State Since Info r9 BGP --- start 19:56:14.320 Active Socket: Connection closed 
1782330998096|state=NotEstablished|BIRD 2.0.8 ready. Name Proto Table State Since Info r9 BGP --- start 19:56:14.320 Active Socket: Connection closed 
1782330998250|state=NotEstablished|BIRD 2.0.8 ready. Name Proto Table State Since Info r9 BGP --- start 19:56:14.320 Active Socket: Connection closed 
1782330998399|state=NotEstablished|BIRD 2.0.8 ready. Name Proto Table State Since Info r9 BGP --- start 19:56:14.320 Active Socket: Connection closed 
1782330998549|state=NotEstablished|BIRD 2.0.8 ready. Name Proto Table State Since Info r9 BGP --- start 19:56:14.320 Active Socket: Connection closed 
1782330998688|state=NotEstablished|BIRD 2.0.8 ready. Name Proto Table State Since Info r9 BGP --- start 19:56:14.320 Active Socket: Connection closed 
1782330998829|state=NotEstablished|BIRD 2.0.8 ready. Name Proto Table State Since Info r9 BGP --- start 19:56:14.320 Active Socket: Connection closed 
1782330998966|state=NotEstablished|BIRD 2.0.8 ready. Name Proto Table State Since Info r9 BGP --- start 19:56:14.320 Active Socket: Connection closed 
1782330999102|state=NotEstablished|BIRD 2.0.8 ready. Name Proto Table State Since Info r9 BGP --- start 19:56:14.320 Active Socket: Connection closed 
1782330999236|state=NotEstablished|BIRD 2.0.8 ready. Name Proto Table State Since Info r9 BGP --- start 19:56:14.320 Active Socket: Connection closed 
1782330999377|state=NotEstablished|BIRD 2.0.8 ready. Name Proto Table State Since Info r9 BGP --- start 19:56:14.320 Active Socket: Connection closed 
1782330999522|state=NotEstablished|BIRD 2.0.8 ready. Name Proto Table State Since Info r9 BGP --- start 19:56:14.320 Active Socket: Connection closed 
1782330999660|state=NotEstablished|BIRD 2.0.8 ready. Name Proto Table State Since Info r9 BGP --- start 19:56:14.320 Active Socket: Connection closed 
1782330999803|state=NotEstablished|BIRD 2.0.8 ready. Name Proto Table State Since Info r9 BGP --- start 19:56:14.320 Active Socket: Connection closed 
1782330999952|state=NotEstablished|BIRD 2.0.8 ready. Name Proto Table State Since Info r9 BGP --- start 19:56:14.320 Active Socket: Connection closed 
1782331000088|state=NotEstablished|BIRD 2.0.8 ready. Name Proto Table State Since Info r9 BGP --- start 19:56:14.320 Active Socket: Connection closed 
1782331000222|state=NotEstablished|BIRD 2.0.8 ready. Name Proto Table State Since Info r9 BGP --- start 19:56:14.320 Active Socket: Connection closed 
1782331000366|state=NotEstablished|BIRD 2.0.8 ready. Name Proto Table State Since Info r9 BGP --- start 19:56:14.320 Active Socket: Connection closed 
1782331000508|state=NotEstablished|BIRD 2.0.8 ready. Name Proto Table State Since Info r9 BGP --- start 19:56:14.320 Active Socket: Connection closed 
1782331000655|state=NotEstablished|BIRD 2.0.8 ready. Name Proto Table State Since Info r9 BGP --- start 19:56:14.320 Active Socket: Connection closed 
1782331000801|state=NotEstablished|BIRD 2.0.8 ready. Name Proto Table State Since Info r9 BGP --- start 19:56:14.320 Active Socket: Connection closed 
1782331000936|state=NotEstablished|BIRD 2.0.8 ready. Name Proto Table State Since Info r9 BGP --- start 19:56:14.320 Active Socket: Connection closed 
1782331001073|state=NotEstablished|BIRD 2.0.8 ready. Name Proto Table State Since Info r9 BGP --- start 19:56:14.320 Active Socket: Connection closed 
1782331001210|state=NotEstablished|BIRD 2.0.8 ready. Name Proto Table State Since Info r9 BGP --- start 19:56:14.320 Active Socket: Connection closed 
1782331001353|state=NotEstablished|BIRD 2.0.8 ready. Name Proto Table State Since Info r9 BGP --- start 19:56:14.320 Active Socket: Connection closed 
1782331001497|state=NotEstablished|BIRD 2.0.8 ready. Name Proto Table State Since Info r9 BGP --- start 19:56:14.320 Active Socket: Connection closed 
1782331001639|state=NotEstablished|BIRD 2.0.8 ready. Name Proto Table State Since Info r9 BGP --- start 19:56:14.320 Active Socket: Connection closed 
1782331001769|state=NotEstablished|BIRD 2.0.8 ready. Name Proto Table State Since Info r9 BGP --- start 19:56:14.320 Active Socket: Connection closed 
1782331001908|state=NotEstablished|BIRD 2.0.8 ready. Name Proto Table State Since Info r9 BGP --- start 19:56:14.320 Active Socket: Connection closed 
1782331002030|state=NotEstablished|BIRD 2.0.8 ready. Name Proto Table State Since Info r9 BGP --- start 19:56:14.320 Active Socket: Connection closed 
1782331002177|state=NotEstablished|BIRD 2.0.8 ready. Name Proto Table State Since Info r9 BGP --- start 19:56:14.320 Active Socket: Connection closed 
1782331002326|state=NotEstablished|BIRD 2.0.8 ready. Name Proto Table State Since Info r9 BGP --- start 19:56:14.320 Active Socket: Connection closed 
1782331002434|state=NotEstablished|BIRD 2.0.8 ready. Name Proto Table State Since Info r9 BGP --- start 19:56:14.320 Active Socket: Connection closed 
1782331002547|state=NotEstablished|BIRD 2.0.8 ready. Name Proto Table State Since Info r9 BGP --- start 19:56:14.320 Active Socket: Connection closed 
1782331002659|state=NotEstablished|BIRD 2.0.8 ready. Name Proto Table State Since Info r9 BGP --- start 19:56:14.320 Active Socket: Connection closed 
1782331002773|state=NotEstablished|BIRD 2.0.8 ready. Name Proto Table State Since Info r9 BGP --- start 19:56:14.320 Active Socket: Connection closed 
1782331002909|state=NotEstablished|BIRD 2.0.8 ready. Name Proto Table State Since Info r9 BGP --- start 19:56:14.320 Active Socket: Connection closed 
1782331003021|state=NotEstablished|BIRD 2.0.8 ready. Name Proto Table State Since Info r9 BGP --- start 19:56:14.320 Active Socket: Connection closed 
1782331003156|state=NotEstablished|BIRD 2.0.8 ready. Name Proto Table State Since Info r9 BGP --- start 19:56:14.320 Active Socket: Connection closed 
1782331003270|state=NotEstablished|BIRD 2.0.8 ready. Name Proto Table State Since Info r9 BGP --- start 19:56:14.320 Active Socket: Connection closed 
1782331003379|state=NotEstablished|BIRD 2.0.8 ready. Name Proto Table State Since Info r9 BGP --- start 19:56:14.320 Active Socket: Connection closed 
1782331003489|state=NotEstablished|BIRD 2.0.8 ready. Name Proto Table State Since Info r9 BGP --- start 19:56:14.320 Active Socket: Connection closed 
