1782730407885|state=Missing|
1782730408006|state=Missing|
1782730408119|state=Missing|
1782730408231|state=Missing|
1782730408340|state=Missing|
1782730408455|state=Missing|
1782730408569|state=Missing|
1782730408682|state=Missing|
1782730408794|state=Missing|
1782730408923|state=Missing|
1782730409036|state=Missing|
1782730409153|state=Missing|
1782730409266|state=Missing|
1782730409386|state=Missing|
1782730409501|state=Missing|
1782730409622|state=Missing|
1782730409739|state=Missing|
1782730409848|state=Missing|
1782730409958|state=Missing|
1782730410074|state=Missing|
1782730410183|state=Missing|
1782730410301|state=Missing|
1782730410418|state=Missing|
1782730410536|state=Missing|
1782730410642|state=Missing|
1782730410759|state=Missing|
1782730410873|state=Missing|
1782730410983|state=Missing|
1782730411108|state=Missing|
1782730411221|state=Missing|
1782730411332|state=Missing|
1782730411455|state=Missing|
1782730411576|state=Missing|
1782730411688|state=Missing|
1782730411801|state=Missing|
1782730411915|state=Missing|
1782730412030|state=Missing|
1782730412149|state=Missing|
1782730412267|state=Missing|
1782730412387|state=Missing|
1782730412509|state=Missing|
1782730412624|state=Missing|
1782730412737|state=Missing|
1782730412846|state=Missing|
1782730412953|state=Missing|
1782730413072|state=Missing|
1782730413182|state=Missing|
1782730413294|state=Missing|
1782730413411|state=Missing|
1782730413521|state=Missing|
1782730413637|state=Missing|
1782730413750|state=Missing|
1782730413865|state=Missing|
1782730413972|state=Missing|
1782730414088|state=Missing|
1782730414208|state=Missing|
1782730414325|state=Missing|
1782730414446|state=Missing|
1782730414572|state=Missing|
1782730414687|state=Missing|
1782730414798|state=Missing|
1782730414916|state=Missing|
1782730415028|state=Missing|
1782730415150|state=Missing|
1782730415274|state=Missing|
1782730415398|state=Missing|
1782730415518|state=Missing|
1782730415639|state=Missing|
1782730415749|state=Missing|
1782730415872|state=Missing|
1782730415986|state=Missing|
1782730416106|state=Missing|
1782730416213|state=Missing|
1782730416332|state=Missing|
1782730416442|state=Missing|
1782730416553|state=Missing|
1782730416664|state=Missing|
1782730416779|state=Missing|
1782730416901|state=Missing|
1782730417009|state=Missing|
1782730417128|state=Missing|
1782730417245|state=Missing|
1782730417357|state=Missing|
1782730417490|state=Missing|
1782730417598|state=Missing|
1782730417708|state=Missing|
1782730417827|state=Missing|
1782730417943|state=Missing|
1782730418062|state=Missing|
1782730418179|state=Missing|
1782730418303|state=Missing|
1782730418414|state=Missing|
1782730418525|state=Missing|
1782730418643|state=Missing|
1782730418755|state=Missing|
1782730418865|state=Missing|
1782730418983|state=Missing|
1782730419098|state=Missing|
1782730419210|state=Missing|
1782730419332|state=Missing|
1782730419448|state=Missing|
1782730419560|state=Missing|
1782730419682|state=Missing|
1782730419791|state=Missing|
1782730419915|state=Missing|
1782730420019|state=Missing|
1782730420129|state=Missing|
1782730420240|state=Missing|
1782730420350|state=Missing|
1782730420458|state=Missing|
1782730420568|state=Missing|
1782730420687|state=Missing|
1782730420797|state=Missing|
1782730420915|state=Missing|
1782730421031|state=Missing|
1782730421159|state=Missing|
1782730421274|state=Missing|
1782730421389|state=Missing|
1782730421514|state=Missing|
1782730421629|state=Missing|
1782730421750|state=Missing|
1782730421866|state=Missing|
1782730421978|state=Missing|
1782730422097|state=Missing|
1782730422215|state=Missing|
1782730422331|state=Missing|
1782730422442|state=Missing|
1782730422565|state=Missing|
1782730422676|state=Missing|
1782730422791|state=Missing|
1782730422894|state=Missing|
1782730423012|state=Missing|
1782730423128|state=Missing|
1782730423245|state=Missing|
1782730423356|state=Missing|
1782730423470|state=Missing|
1782730423590|state=Missing|
1782730423708|state=Missing|
1782730423827|state=Missing|
1782730423943|state=Missing|
1782730424056|state=Missing|
1782730424182|state=Missing|
1782730424302|state=Missing|
1782730424416|state=Missing|
1782730424527|state=Missing|
1782730424642|state=Missing|
1782730424745|state=Missing|
1782730424867|state=Missing|
1782730424978|state=Missing|
1782730425087|state=Missing|
1782730425202|state=Missing|
1782730425310|state=Missing|
1782730425424|state=Missing|
1782730425541|state=Missing|
1782730425653|state=Missing|
1782730425770|state=Missing|
1782730425887|state=Missing|
1782730425998|state=Missing|
1782730426115|state=Missing|
1782730426230|state=Missing|
1782730426347|state=Missing|
1782730426456|state=Missing|
1782730426569|state=Missing|
1782730426698|state=Missing|
1782730426817|state=Missing|
1782730426928|state=Missing|
1782730427041|state=Missing|
1782730427161|state=Missing|
1782730427272|state=Missing|
1782730427382|state=Missing|
1782730427495|state=Missing|
1782730427614|state=Missing|
1782730427737|state=Missing|
1782730427848|state=Missing|
1782730427961|state=Missing|
1782730428074|state=Missing|
1782730428190|state=Missing|
1782730428332|state=Missing|
1782730428449|state=Missing|
1782730428564|state=Missing|
1782730428678|state=Missing|
1782730428785|state=Missing|
1782730428905|state=Missing|
1782730429026|state=Missing|
1782730429142|state=Missing|
1782730429254|state=Missing|
1782730429366|state=Missing|
1782730429480|state=Missing|
1782730429596|state=Missing|
1782730429710|state=Missing|
1782730429828|state=Missing|
1782730429943|state=Missing|
1782730430057|state=Missing|
1782730430178|state=Missing|
1782730430298|state=Missing|
1782730430419|state=Missing|
1782730430525|state=Missing|
1782730430635|state=Missing|
1782730430740|state=Missing|
1782730430856|state=Missing|
1782730430965|state=Missing|
1782730431071|state=Missing|
1782730431186|state=Missing|
1782730431299|state=Missing|
1782730431418|state=Missing|
1782730431530|state=Missing|
1782730431637|state=Missing|
1782730431760|state=Missing|
1782730431874|state=Missing|
1782730431977|state=Missing|
1782730432081|state=Missing|
1782730432193|state=Missing|
1782730432299|state=Missing|
1782730432414|state=Missing|
1782730432525|state=Missing|
1782730432634|state=Missing|
1782730432752|state=Missing|
1782730432855|state=Missing|
1782730432962|state=Missing|
1782730433062|state=Missing|
1782730433171|state=Missing|
1782730433287|state=Missing|
1782730433396|state=Missing|
1782730433508|state=Missing|
1782730433621|state=Missing|
1782730433733|state=Missing|
1782730433840|state=Missing|
1782730433944|state=Missing|
1782730434044|state=Missing|
1782730434159|state=Missing|
1782730434277|state=Missing|
1782730434389|state=Missing|
1782730434501|state=Missing|
1782730434614|state=Missing|
1782730434732|state=Missing|
1782730434846|state=Missing|
1782730434961|state=Missing|
1782730435073|state=Missing|
1782730435200|state=Missing|
1782730435313|state=Missing|
1782730435428|state=Missing|
1782730435553|state=Missing|
1782730435662|state=Missing|
1782730435777|state=Missing|
1782730435894|state=Missing|
1782730436014|state=Missing|
1782730436139|state=Missing|
1782730436250|state=Missing|
1782730436361|state=Missing|
1782730436474|state=Missing|
1782730436594|state=Missing|
1782730436703|state=Missing|
1782730436816|state=Missing|
1782730436930|state=Missing|
1782730437049|state=Missing|
1782730437161|state=Missing|
1782730437275|state=Missing|
1782730437387|state=Missing|
1782730437508|state=Missing|
1782730437620|state=Missing|
1782730437741|state=Missing|
1782730437848|state=Missing|
1782730437961|state=Missing|
1782730438074|state=Missing|
1782730438196|state=Missing|
1782730438307|state=Missing|
1782730438430|state=Missing|
1782730438547|state=Missing|
1782730438661|state=Missing|
1782730438773|state=Missing|
1782730438882|state=Missing|
1782730438999|state=Missing|
1782730439117|state=Missing|
1782730439227|state=Missing|
1782730439335|state=Missing|
1782730439444|state=Missing|
1782730439564|state=Missing|
1782730439680|state=Missing|
1782730439790|state=Missing|
1782730439899|state=Missing|
1782730440017|state=Missing|
1782730440130|state=Missing|
1782730440260|state=Missing|
1782730440381|state=Missing|
1782730440496|state=Missing|
1782730440601|state=Missing|
1782730440708|state=Missing|
1782730440824|state=Missing|
1782730440936|state=Missing|
1782730441052|state=Missing|
1782730441167|state=Missing|
1782730441285|state=Missing|
