1782325510887|state=Missing|
1782325511049|state=Missing|
1782325511196|state=Missing|
1782325511339|state=Missing|
1782325511473|state=Missing|
1782325511609|state=Missing|
1782325511748|state=Missing|
1782325511885|state=Missing|
1782325512022|state=Missing|
1782325512160|state=Missing|
1782325512302|state=Missing|
1782325512438|state=Missing|
1782325512589|state=Missing|
1782325512731|state=Missing|
1782325512866|state=Missing|
1782325513003|state=Missing|
1782325513141|state=Missing|
1782325513278|state=Missing|
1782325513421|state=Missing|
1782325513559|state=Missing|
1782325513698|state=Missing|
1782325513858|state=Missing|
1782325514004|state=Missing|
1782325514141|state=Missing|
1782325514282|state=Missing|
1782325514425|state=Missing|
1782325514569|state=Missing|
1782325514736|state=Missing|
1782325514875|state=Missing|
1782325515017|state=Missing|
1782325515166|state=Missing|
1782325515314|state=Missing|
1782325515445|state=Missing|
1782325515582|state=Missing|
1782325515717|state=Missing|
1782325515858|state=Missing|
1782325516001|state=Missing|
1782325516136|state=Missing|
1782325516274|state=Missing|
1782325516413|state=Missing|
1782325516554|state=Missing|
1782325516698|state=Missing|
1782325516836|state=Missing|
1782325516981|state=Missing|
1782325517117|state=Missing|
1782325517255|state=Missing|
1782325517388|state=Missing|
1782325517525|state=Missing|
1782325517669|state=Missing|
1782325517809|state=Missing|
1782325517945|state=Missing|
1782325518089|state=Missing|
1782325518222|state=Missing|
1782325518371|state=Missing|
1782325518517|state=Missing|
1782325518654|state=Missing|
1782325518786|state=Missing|
1782325518923|state=Missing|
1782325519061|state=Missing|
1782325519202|state=Missing|
1782325519354|state=Missing|
1782325519493|state=Missing|
1782325519634|state=Missing|
1782325519772|state=Missing|
1782325519910|state=Missing|
1782325520052|state=Missing|
1782325520228|state=Missing|
1782325520367|state=Missing|
1782325520503|state=Missing|
1782325520643|state=Missing|
1782325520788|state=Missing|
1782325520930|state=Missing|
1782325521078|state=Missing|
1782325521220|state=Missing|
1782325521357|state=Missing|
1782325521498|state=Missing|
1782325521635|state=Missing|
1782325521776|state=Missing|
1782325521920|state=Missing|
1782325522059|state=Missing|
1782325522191|state=Missing|
1782325522333|state=Missing|
1782325522472|state=Missing|
1782325522610|state=Missing|
1782325522747|state=Missing|
1782325522887|state=Missing|
1782325523024|state=Missing|
1782325523167|state=Missing|
1782325523316|state=Missing|
1782325523450|state=Missing|
1782325523590|state=Missing|
1782325523730|state=Missing|
1782325523871|state=Missing|
1782325524013|state=Missing|
1782325524159|state=Missing|
1782325524301|state=Missing|
1782325524437|state=Missing|
1782325524575|state=Missing|
1782325524718|state=Missing|
1782325524862|state=Missing|
1782325525002|state=Missing|
1782325525137|state=Missing|
1782325525284|state=Missing|
1782325525422|state=Missing|
1782325525559|state=Missing|
1782325525705|state=Missing|
1782325525846|state=Missing|
1782325525987|state=Missing|
1782325526126|state=Missing|
1782325526272|state=Missing|
1782325526415|state=Missing|
1782325526558|state=Missing|
1782325526704|state=Missing|
1782325526841|state=Missing|
1782325526974|state=Missing|
1782325527117|state=Missing|
