1782407302752|state=Missing|
1782407302908|state=Missing|
1782407303028|state=Missing|
1782407303165|state=Missing|
1782407303305|state=Missing|
1782407303440|state=Missing|
1782407303572|state=Missing|
1782407303704|state=Missing|
1782407303836|state=Missing|
1782407303969|state=Missing|
1782407304097|state=Missing|
1782407304235|state=Missing|
1782407304368|state=Missing|
1782407304508|state=Missing|
1782407304641|state=Missing|
1782407304773|state=Missing|
1782407304912|state=Missing|
1782407305043|state=Missing|
1782407305177|state=Missing|
1782407305311|state=Missing|
1782407305443|state=Missing|
1782407305573|state=Missing|
1782407305709|state=Missing|
1782407305839|state=Missing|
1782407305978|state=Missing|
1782407306109|state=Missing|
1782407306238|state=Missing|
1782407306369|state=Missing|
1782407306498|state=Missing|
1782407306630|state=Missing|
1782407306764|state=Missing|
1782407306893|state=Missing|
1782407307019|state=Missing|
1782407307156|state=Missing|
1782407307289|state=Missing|
1782407307416|state=Missing|
1782407307552|state=Missing|
1782407307683|state=Missing|
1782407307817|state=Missing|
1782407307951|state=Missing|
1782407308077|state=Missing|
1782407308204|state=Missing|
1782407308330|state=Missing|
1782407308460|state=Missing|
1782407308592|state=Missing|
1782407308726|state=Missing|
1782407308864|state=Missing|
1782407308997|state=Missing|
1782407309129|state=Missing|
1782407309263|state=Missing|
1782407309400|state=Missing|
1782407309530|state=Missing|
1782407309665|state=Missing|
1782407309791|state=Missing|
1782407309919|state=Missing|
1782407310053|state=Missing|
1782407310190|state=Missing|
1782407310320|state=Missing|
1782407310448|state=Missing|
1782407310571|state=Missing|
1782407310693|state=Missing|
1782407310826|state=Missing|
1782407310959|state=Missing|
1782407311093|state=Missing|
1782407311226|state=Missing|
1782407311357|state=Missing|
1782407311481|state=Missing|
1782407311615|state=Missing|
1782407311741|state=Missing|
1782407311868|state=Missing|
1782407311992|state=Missing|
1782407312125|state=Missing|
1782407312260|state=Missing|
1782407312390|state=Missing|
1782407312522|state=Missing|
1782407312655|state=Missing|
1782407312785|state=Missing|
1782407312922|state=Missing|
1782407313060|state=Missing|
1782407313196|state=Missing|
1782407313331|state=Missing|
1782407313463|state=Missing|
1782407313599|state=Missing|
1782407313729|state=Missing|
1782407313862|state=Missing|
1782407313993|state=Missing|
1782407314126|state=Missing|
1782407314253|state=Missing|
1782407314390|state=Missing|
1782407314521|state=Missing|
1782407314658|state=Missing|
1782407314797|state=Missing|
1782407314930|state=Missing|
1782407315062|state=Missing|
1782407315193|state=Missing|
1782407315326|state=Missing|
1782407315456|state=Missing|
1782407315591|state=Missing|
1782407315730|state=Missing|
1782407315860|state=Missing|
1782407315989|state=Missing|
1782407316122|state=Missing|
1782407316255|state=Missing|
1782407316384|state=Missing|
1782407316524|state=Missing|
1782407316663|state=Missing|
1782407316799|state=Missing|
1782407316939|state=Missing|
1782407317065|state=Missing|
1782407317194|state=Missing|
1782407317361|state=Missing|
1782407317501|state=Missing|
1782407317640|state=Missing|
1782407317775|state=Missing|
1782407317908|state=Missing|
1782407318046|state=Missing|
1782407318178|state=Missing|
1782407318314|state=Missing|
1782407318445|state=Missing|
1782407318573|state=Missing|
1782407318709|state=Missing|
1782407318841|state=Missing|
1782407318977|state=Missing|
1782407319109|state=Missing|
1782407319238|state=Missing|
1782407319374|state=Missing|
1782407319510|state=Missing|
1782407319642|state=Missing|
1782407319780|state=Missing|
1782407319910|state=Missing|
1782407320044|state=Missing|
1782407320180|state=Missing|
1782407320313|state=Missing|
1782407320444|state=Missing|
1782407320582|state=Missing|
1782407320710|state=Missing|
1782407320842|state=Missing|
1782407320973|state=Missing|
1782407321103|state=Missing|
1782407321229|state=Missing|
1782407321364|state=Missing|
1782407321496|state=Missing|
1782407321624|state=Missing|
1782407321757|state=Missing|
1782407321887|state=Missing|
1782407322022|state=Missing|
1782407322152|state=Missing|
1782407322278|state=Missing|
1782407322407|state=Missing|
1782407322542|state=Missing|
1782407322683|state=Missing|
1782407322817|state=Missing|
1782407322953|state=Missing|
1782407323085|state=Missing|
1782407323224|state=Missing|
1782407323353|state=Missing|
1782407323486|state=Missing|
1782407323619|state=Missing|
1782407323758|state=Missing|
1782407323886|state=Missing|
1782407324014|state=Missing|
1782407324146|state=Missing|
1782407324280|state=Missing|
1782407324418|state=Missing|
1782407324553|state=Missing|
1782407324683|state=Missing|
1782407324821|state=Missing|
1782407324959|state=Missing|
1782407325092|state=Missing|
1782407325219|state=Missing|
1782407325348|state=Missing|
1782407325482|state=Missing|
1782407325609|state=Missing|
1782407325741|state=Missing|
1782407325874|state=Missing|
1782407325999|state=Missing|
1782407326132|state=Missing|
1782407326262|state=Missing|
1782407326388|state=Missing|
1782407326524|state=Missing|
1782407326655|state=Missing|
1782407326785|state=Missing|
1782407326912|state=Missing|
1782407327040|state=Missing|
1782407327167|state=Missing|
1782407327303|state=Missing|
1782407327434|state=Missing|
1782407327562|state=Missing|
1782407327694|state=Missing|
1782407327829|state=Missing|
1782407327962|state=Missing|
1782407328087|state=Missing|
1782407328213|state=Missing|
1782407328345|state=Missing|
1782407328476|state=Missing|
1782407328605|state=Missing|
1782407328734|state=Missing|
1782407328860|state=Missing|
1782407328986|state=Missing|
1782407329109|state=Missing|
1782407329243|state=Missing|
1782407329365|state=Missing|
1782407329493|state=Missing|
1782407329616|state=Missing|
1782407329750|state=Missing|
1782407329878|state=Missing|
1782407329998|state=Missing|
1782407330134|state=Missing|
1782407330256|state=Missing|
1782407330386|state=Missing|
1782407330510|state=Missing|
1782407330640|state=Missing|
1782407330774|state=Missing|
1782407330899|state=Missing|
1782407331032|state=Missing|
1782407331160|state=Missing|
1782407331293|state=Missing|
1782407331423|state=Missing|
1782407331556|state=Missing|
1782407331712|state=Missing|
1782407331842|state=Missing|
1782407331979|state=Missing|
1782407332105|state=Missing|
1782407332228|state=Missing|
1782407332358|state=Missing|
1782407332490|state=Missing|
1782407332623|state=Missing|
1782407332755|state=Missing|
1782407332884|state=Missing|
1782407333016|state=Missing|
1782407333152|state=Missing|
1782407333280|state=Missing|
1782407333409|state=Missing|
1782407333546|state=Missing|
1782407333676|state=Missing|
1782407333810|state=Missing|
1782407333943|state=Missing|
1782407334083|state=Missing|
