1782562709200|state=Missing|
1782562709364|state=Missing|
1782562709502|state=Missing|
1782562709646|state=Missing|
1782562709784|state=Missing|
1782562709920|state=Missing|
1782562710073|state=Missing|
1782562710205|state=Missing|
1782562710345|state=Missing|
1782562710479|state=Missing|
1782562710625|state=Missing|
1782562710760|state=Missing|
1782562710896|state=Missing|
1782562711042|state=Missing|
1782562711174|state=Missing|
1782562711318|state=Missing|
1782562711456|state=Missing|
1782562711595|state=Missing|
1782562711728|state=Missing|
1782562711860|state=Missing|
1782562711992|state=Missing|
1782562712130|state=Missing|
1782562712268|state=Missing|
1782562712410|state=Missing|
1782562712538|state=Missing|
1782562712676|state=Missing|
1782562712808|state=Missing|
1782562712946|state=Missing|
1782562713091|state=Missing|
1782562713229|state=Missing|
1782562713364|state=Missing|
1782562713497|state=Missing|
1782562713632|state=Missing|
1782562713767|state=Missing|
1782562713900|state=Missing|
1782562714044|state=Missing|
1782562714181|state=Missing|
1782562714320|state=Missing|
1782562714455|state=Missing|
1782562714591|state=Missing|
1782562714723|state=Missing|
1782562714861|state=Missing|
1782562715007|state=Missing|
1782562715144|state=Missing|
1782562715284|state=Missing|
1782562715425|state=Missing|
1782562715564|state=Missing|
1782562715709|state=Missing|
1782562715847|state=Missing|
1782562715984|state=Missing|
1782562716125|state=Missing|
1782562716260|state=Missing|
1782562716395|state=Missing|
1782562716534|state=Missing|
1782562716667|state=Missing|
1782562716801|state=Missing|
1782562716936|state=Missing|
1782562717070|state=Missing|
1782562717205|state=Missing|
1782562717351|state=Missing|
1782562717482|state=Missing|
1782562717619|state=Missing|
1782562717758|state=Missing|
1782562717903|state=Missing|
1782562718040|state=Missing|
1782562718178|state=Missing|
1782562718310|state=Missing|
1782562718432|state=Missing|
1782562718557|state=Missing|
1782562718683|state=Missing|
1782562718799|state=Missing|
1782562718913|state=Missing|
1782562719050|state=Missing|
1782562719186|state=Missing|
1782562719320|state=Missing|
1782562719457|state=Missing|
1782562719597|state=Missing|
1782562719727|state=Missing|
1782562719869|state=Missing|
1782562720007|state=Missing|
1782562720140|state=Missing|
1782562720277|state=Missing|
1782562720413|state=Missing|
1782562720550|state=Missing|
1782562720683|state=Missing|
1782562720827|state=Missing|
1782562720969|state=Missing|
1782562721104|state=Missing|
1782562721248|state=Missing|
1782562721381|state=Missing|
1782562721514|state=Missing|
1782562721650|state=Missing|
1782562721789|state=Missing|
1782562721924|state=Missing|
1782562722059|state=Missing|
1782562722196|state=Missing|
1782562722330|state=Missing|
1782562722467|state=Missing|
1782562722606|state=Missing|
1782562722749|state=Missing|
1782562722887|state=Missing|
1782562723019|state=Missing|
1782562723161|state=Missing|
1782562723293|state=Missing|
1782562723431|state=Missing|
1782562723570|state=Missing|
1782562723691|state=Missing|
1782562723806|state=Missing|
1782562723919|state=Missing|
1782562724035|state=Missing|
1782562724166|state=Missing|
1782562724307|state=Missing|
1782562724438|state=Missing|
1782562724575|state=Missing|
1782562724705|state=Missing|
1782562724842|state=Missing|
1782562724981|state=Missing|
1782562725119|state=Missing|
1782562725254|state=Missing|
1782562725396|state=Missing|
1782562725533|state=Missing|
